03/26/2025 20:33:02 Mitteleuropäische Normalzeit : Information : Local timezone is (UTC+01:00) Mitteleuropäische Zeit (Wien)
03/26/2025 20:33:02 Mitteleuropäische Normalzeit : Information : Added local RPC method "getPipe" -> Microsoft.VisualStudio.Utilities.ServiceBroker.GlobalBrokeredServiceContainer+View.GetPipeAsync(ServiceMoniker, ServiceActivationOptions, CancellationToken) (Microsoft.VisualStudio.Utilities.ServiceBroker.GlobalBrokeredServiceContainer+View)
03/26/2025 20:33:02 Mitteleuropäische Normalzeit : Information : Added local RPC method "getProxy" -> Microsoft.VisualStudio.Utilities.ServiceBroker.GlobalBrokeredServiceContainer+View.GetProxyAsync(ServiceRpcDescriptor, ServiceActivationOptions, CancellationToken) (Microsoft.VisualStudio.Utilities.ServiceBroker.GlobalBrokeredServiceContainer+View)
03/26/2025 20:33:02 Mitteleuropäische Normalzeit : Information : Added local RPC method "handshake" -> Microsoft.VisualStudio.Utilities.ServiceBroker.GlobalBrokeredServiceContainer+View.HandshakeAsync(ServiceBrokerClientMetadata, CancellationToken) (Microsoft.VisualStudio.Utilities.ServiceBroker.GlobalBrokeredServiceContainer+View)
03/26/2025 20:33:02 Mitteleuropäische Normalzeit : Information : Added local RPC method "requestServiceChannel" -> Microsoft.VisualStudio.Utilities.ServiceBroker.GlobalBrokeredServiceContainer+View.RequestServiceChannelAsync(ServiceMoniker, ServiceActivationOptions, CancellationToken) (Microsoft.VisualStudio.Utilities.ServiceBroker.GlobalBrokeredServiceContainer+View)
03/26/2025 20:33:02 Mitteleuropäische Normalzeit : Information : Added local RPC method "cancelServiceRequest" -> Microsoft.VisualStudio.Utilities.ServiceBroker.GlobalBrokeredServiceContainer+View.CancelServiceRequestAsync(Guid) (Microsoft.VisualStudio.Utilities.ServiceBroker.GlobalBrokeredServiceContainer+View)
03/26/2025 20:33:02 Mitteleuropäische Normalzeit : Information : Added local RPC method "getPipe" -> Microsoft.VisualStudio.Utilities.ServiceBroker.GlobalBrokeredServiceContainer+View.GetPipeAsync(ServiceMoniker, ServiceActivationOptions, CancellationToken) (Microsoft.VisualStudio.Utilities.ServiceBroker.GlobalBrokeredServiceContainer+View)
03/26/2025 20:33:02 Mitteleuropäische Normalzeit : Information : Added local RPC method "getProxy" -> Microsoft.VisualStudio.Utilities.ServiceBroker.GlobalBrokeredServiceContainer+View.GetProxyAsync(ServiceRpcDescriptor, ServiceActivationOptions, CancellationToken) (Microsoft.VisualStudio.Utilities.ServiceBroker.GlobalBrokeredServiceContainer+View)
03/26/2025 20:33:02 Mitteleuropäische Normalzeit : Information : Added local RPC method "handshake" -> Microsoft.VisualStudio.Utilities.ServiceBroker.GlobalBrokeredServiceContainer+View.HandshakeAsync(ServiceBrokerClientMetadata, CancellationToken) (Microsoft.VisualStudio.Utilities.ServiceBroker.GlobalBrokeredServiceContainer+View)
03/26/2025 20:33:02 Mitteleuropäische Normalzeit : Information : Added local RPC method "requestServiceChannel" -> Microsoft.VisualStudio.Utilities.ServiceBroker.GlobalBrokeredServiceContainer+View.RequestServiceChannelAsync(ServiceMoniker, ServiceActivationOptions, CancellationToken) (Microsoft.VisualStudio.Utilities.ServiceBroker.GlobalBrokeredServiceContainer+View)
03/26/2025 20:33:02 Mitteleuropäische Normalzeit : Information : Added local RPC method "cancelServiceRequest" -> Microsoft.VisualStudio.Utilities.ServiceBroker.GlobalBrokeredServiceContainer+View.CancelServiceRequestAsync(Guid) (Microsoft.VisualStudio.Utilities.ServiceBroker.GlobalBrokeredServiceContainer+View)
03/26/2025 20:33:02 Mitteleuropäische Normalzeit: Information : 2 :Listening for events from Microsoft.VisualStudio.Utilities.ServiceBroker.GlobalBrokeredServiceContainer+View.AvailabilityChanged to raise notification.
03/26/2025 20:33:02 Mitteleuropäische Normalzeit: Information : 3 :Listening started.
03/26/2025 20:33:02 Mitteleuropäische Normalzeit: Information : 7 :{"id":2,"method":"handshake"}
03/26/2025 20:33:02 Mitteleuropäische Normalzeit: Information : 6 :Received request "2" for method "handshake".
03/26/2025 20:33:02 Mitteleuropäische Normalzeit: Information : 9 :Invoking Microsoft.VisualStudio.Utilities.ServiceBroker.GlobalBrokeredServiceContainer+View.HandshakeAsync(ServiceBrokerClientMetadata, CancellationToken)
03/26/2025 20:33:02 Mitteleuropäische Normalzeit : Start : handshake
03/26/2025 20:33:02 Mitteleuropäische Normalzeit : Stop : handshake
03/26/2025 20:33:02 Mitteleuropäische Normalzeit: Information : 8 :{"id":2}
03/26/2025 20:33:02 Mitteleuropäische Normalzeit: Information : 7 :{"id":3,"method":"requestServiceChannel"}
03/26/2025 20:33:02 Mitteleuropäische Normalzeit: Information : 6 :Received request "3" for method "requestServiceChannel".
03/26/2025 20:33:02 Mitteleuropäische Normalzeit: Information : 9 :Invoking Microsoft.VisualStudio.Utilities.ServiceBroker.GlobalBrokeredServiceContainer+View.RequestServiceChannelAsync(ServiceMoniker, ServiceActivationOptions, CancellationToken)
03/26/2025 20:33:02 Mitteleuropäische Normalzeit : Start : requestServiceChannel
03/26/2025 20:33:02 Mitteleuropäische Normalzeit : Stop : requestServiceChannel
03/26/2025 20:33:02 Mitteleuropäische Normalzeit: Information : 8 :{"id":3}
03/26/2025 20:33:02 Mitteleuropäische Normalzeit: Information : 7 :{"id":4,"method":"requestServiceChannel"}
03/26/2025 20:33:02 Mitteleuropäische Normalzeit: Information : 6 :Received request "4" for method "requestServiceChannel".
03/26/2025 20:33:02 Mitteleuropäische Normalzeit: Information : 9 :Invoking Microsoft.VisualStudio.Utilities.ServiceBroker.GlobalBrokeredServiceContainer+View.RequestServiceChannelAsync(ServiceMoniker, ServiceActivationOptions, CancellationToken)
03/26/2025 20:33:02 Mitteleuropäische Normalzeit : Transfer : Transfer, relatedActivityId=84c4175f-1487-44f3-be75-2724a8f81256
03/26/2025 20:33:02 Mitteleuropäische Normalzeit : Start : requestServiceChannel
03/26/2025 20:33:02 Mitteleuropäische Normalzeit: Information : 7 :{"id":5,"method":"requestServiceChannel"}
03/26/2025 20:33:02 Mitteleuropäische Normalzeit: Information : 6 :Received request "5" for method "requestServiceChannel".
03/26/2025 20:33:02 Mitteleuropäische Normalzeit: Information : 9 :Invoking Microsoft.VisualStudio.Utilities.ServiceBroker.GlobalBrokeredServiceContainer+View.RequestServiceChannelAsync(ServiceMoniker, ServiceActivationOptions, CancellationToken)
03/26/2025 20:33:02 Mitteleuropäische Normalzeit : Transfer : Transfer, relatedActivityId=9f78d039-98af-4a7d-8280-985e65e2c683
03/26/2025 20:33:02 Mitteleuropäische Normalzeit : Start : requestServiceChannel
03/26/2025 20:33:02 Mitteleuropäische Normalzeit : Stop : requestServiceChannel
03/26/2025 20:33:02 Mitteleuropäische Normalzeit : Transfer : Transfer, relatedActivityId=3d6ac53f-068e-4679-ae12-0cdfc390c7eb
03/26/2025 20:33:02 Mitteleuropäische Normalzeit: Information : 8 :{"id":4}
03/26/2025 20:33:02 Mitteleuropäische Normalzeit : Stop : requestServiceChannel
03/26/2025 20:33:02 Mitteleuropäische Normalzeit : Transfer : Transfer, relatedActivityId=6fc907ee-5424-4d50-a735-b2baf68fe1fd
03/26/2025 20:33:02 Mitteleuropäische Normalzeit: Information : 8 :{"id":5}
