02/17/2025 12:34:53 Mitteleuropäische Normalzeit : Information : Local timezone is (UTC+01:00) Mitteleuropäische Zeit (Wien)
02/17/2025 12:34:53 Mitteleuropäische Normalzeit : Information : Started controller with command line /Users/MacBook/.vscode/extensions/ms-dotnettools.csdevkit-1.16.6-darwin-arm64/components/vs-green-server/platforms/darwin-arm64/node_modules/@microsoft/servicehub-controller-net60.darwin-arm64/Microsoft.ServiceHub.Controller 0c137b3e3b /ControllerCooldownTimeout:30000 /TelemetrySession:{"TelemetryLevel":"all","IsOptedIn":false,"HostName":"Default","AppInsightsInstrumentationKey":null,"AsimovInstrumentationKey":null,"CollectorApiKey":"0c6ae279ed8443289764825290e4f9e2-1a736e7c-1324-4338-be46-fc2a58ae4d14-7255","AppId":1010,"UserId":"d025fecc-e95a-469f-b8bf-8b0860300ee1","Id":"101ff17c-f187-4bcb-b1fc-e1c8dc82e5431739792083330","ProcessStartTime":133842656903530012,"SkuName":null,"VSExeVersion":null,"BucketFiltersToEnableWatsonForFaults":[],"BucketFiltersToAddDumpsToFaults":[]}
02/17/2025 12:34:53 Mitteleuropäische Normalzeit : Information : Acquiring single controller instance mutex with name '226057612-ServiceHubControllerSingleInstanceMutex'
02/17/2025 12:34:53 Mitteleuropäische Normalzeit : Information : Acquired single controller instance mutex with name '226057612-ServiceHubControllerSingleInstanceMutex'
02/17/2025 12:34:53 Mitteleuropäische Normalzeit : Information : Controller cooldown timeout is set to 30000ms
02/17/2025 12:34:53 Mitteleuropäische Normalzeit : Information : Starting server 'hubController' at 'net.pipe://0c137b3e3b' (at '/Users/MacBook/.ServiceHub/0c137b3e3b/0c137b3e3b').
02/17/2025 12:34:53 Mitteleuropäische Normalzeit : Information : Successfully started server on pipe 0c137b3e3b
02/17/2025 12:34:53 Mitteleuropäische Normalzeit : Information : Triggered controller shutdown timer process.
02/17/2025 12:34:53 Mitteleuropäische Normalzeit : Information : Client connected to controller
02/17/2025 12:34:54 Mitteleuropäische Normalzeit : Information : Client connected to controller
02/17/2025 12:34:54 Mitteleuropäische Normalzeit : Information : Client connected to controller
02/17/2025 12:34:54 Mitteleuropäische Normalzeit : Information : Microsoft.ServiceHub.Controller.HubController read: end of stream
02/17/2025 12:34:54 Mitteleuropäische Normalzeit : Information : Microsoft.ServiceHub.Controller.HubController read: end of stream
02/17/2025 12:34:54 Mitteleuropäische Normalzeit : Information : Microsoft.ServiceHub.Controller.HubController read: Content-Length: 109

{"jsonrpc":"2.0","id":2,"method":"UpdateClientInfoAsync","params":[{"clientName":"VsHubClient","pid":10540}]}
02/17/2025 12:34:54 Mitteleuropäische Normalzeit : Information : JsonRpc disconnected due to RemotePartyTerminated. Reached end of stream.
02/17/2025 12:34:54 Mitteleuropäische Normalzeit : Information : JsonRpc disconnected due to RemotePartyTerminated. Reached end of stream.
02/17/2025 12:34:54 Mitteleuropäische Normalzeit : Information : Starting server 'clientWatch' at 'net.pipe://105556B411' (at '/Users/MacBook/.ServiceHub/0c137b3e3b/105556B411').
02/17/2025 12:34:54 Mitteleuropäische Normalzeit : Information : Microsoft.ServiceHub.Controller.HubController write: Content-Length: 443

{"jsonrpc":"2.0","id":2,"result":{"ClientWatchServerName":"net.pipe://105556B411","ControllerConfig":{"Executable":"/Users/MacBook/.vscode/extensions/ms-dotnettools.csdevkit-1.16.6-darwin-arm64/components/vs-green-server/platforms/darwin-arm64/node_modules/@microsoft/servicehub-controller-net60.darwin-arm64/Microsoft.ServiceHub.Controller","Args":["0c137b3e3b"],"PipeName":"0c137b3e3b"},"HostsConfig":{"RootDir":".","AppConfigFallback":""}}}
02/17/2025 12:34:54 Mitteleuropäische Normalzeit : Information : External client connect to client watch
02/17/2025 12:34:54 Mitteleuropäische Normalzeit : Information : Microsoft.ServiceHub.Controller.HubController read: end of stream
02/17/2025 12:34:54 Mitteleuropäische Normalzeit : Information : JsonRpc disconnected due to RemotePartyTerminated. Reached end of stream.
02/17/2025 12:34:54 Mitteleuropäische Normalzeit : Information : External client disconnected from client watch.
02/17/2025 12:34:54 Mitteleuropäische Normalzeit : Information : Starting fast shutdown
02/17/2025 12:34:54 Mitteleuropäische Normalzeit : Information : Stopping the location service server.
02/17/2025 12:34:54 Mitteleuropäische Normalzeit : Information : Exiting hub controller.
02/17/2025 12:34:54 Mitteleuropäische Normalzeit : Information : Releasing single controller instance mutex.
02/17/2025 12:34:54 Mitteleuropäische Normalzeit : Information : All hosts have exited.
02/17/2025 12:34:54 Mitteleuropäische Normalzeit : Information : Controller terminating with exit code '0'.
