03/02/2025 09:37:09 Mitteleuropäische Normalzeit : Information : Local timezone is (UTC+01:00) Mitteleuropäische Zeit (Wien)
03/02/2025 09:37:09 Mitteleuropäische Normalzeit : Information : Added local RPC method "getPipe" -> Microsoft.VisualStudio.Utilities.ServiceBroker.GlobalBrokeredServiceContainer+View.GetPipeAsync(ServiceMoniker, ServiceActivationOptions, CancellationToken) (Microsoft.VisualStudio.Utilities.ServiceBroker.GlobalBrokeredServiceContainer+View)
03/02/2025 09:37:09 Mitteleuropäische Normalzeit : Information : Added local RPC method "getProxy" -> Microsoft.VisualStudio.Utilities.ServiceBroker.GlobalBrokeredServiceContainer+View.GetProxyAsync(ServiceRpcDescriptor, ServiceActivationOptions, CancellationToken) (Microsoft.VisualStudio.Utilities.ServiceBroker.GlobalBrokeredServiceContainer+View)
03/02/2025 09:37:09 Mitteleuropäische Normalzeit : Information : Added local RPC method "handshake" -> Microsoft.VisualStudio.Utilities.ServiceBroker.GlobalBrokeredServiceContainer+View.HandshakeAsync(ServiceBrokerClientMetadata, CancellationToken) (Microsoft.VisualStudio.Utilities.ServiceBroker.GlobalBrokeredServiceContainer+View)
03/02/2025 09:37:09 Mitteleuropäische Normalzeit : Information : Added local RPC method "requestServiceChannel" -> Microsoft.VisualStudio.Utilities.ServiceBroker.GlobalBrokeredServiceContainer+View.RequestServiceChannelAsync(ServiceMoniker, ServiceActivationOptions, CancellationToken) (Microsoft.VisualStudio.Utilities.ServiceBroker.GlobalBrokeredServiceContainer+View)
03/02/2025 09:37:09 Mitteleuropäische Normalzeit : Information : Added local RPC method "cancelServiceRequest" -> Microsoft.VisualStudio.Utilities.ServiceBroker.GlobalBrokeredServiceContainer+View.CancelServiceRequestAsync(Guid) (Microsoft.VisualStudio.Utilities.ServiceBroker.GlobalBrokeredServiceContainer+View)
03/02/2025 09:37:09 Mitteleuropäische Normalzeit : Information : Added local RPC method "getPipe" -> Microsoft.VisualStudio.Utilities.ServiceBroker.GlobalBrokeredServiceContainer+View.GetPipeAsync(ServiceMoniker, ServiceActivationOptions, CancellationToken) (Microsoft.VisualStudio.Utilities.ServiceBroker.GlobalBrokeredServiceContainer+View)
03/02/2025 09:37:09 Mitteleuropäische Normalzeit : Information : Added local RPC method "getProxy" -> Microsoft.VisualStudio.Utilities.ServiceBroker.GlobalBrokeredServiceContainer+View.GetProxyAsync(ServiceRpcDescriptor, ServiceActivationOptions, CancellationToken) (Microsoft.VisualStudio.Utilities.ServiceBroker.GlobalBrokeredServiceContainer+View)
03/02/2025 09:37:09 Mitteleuropäische Normalzeit : Information : Added local RPC method "handshake" -> Microsoft.VisualStudio.Utilities.ServiceBroker.GlobalBrokeredServiceContainer+View.HandshakeAsync(ServiceBrokerClientMetadata, CancellationToken) (Microsoft.VisualStudio.Utilities.ServiceBroker.GlobalBrokeredServiceContainer+View)
03/02/2025 09:37:09 Mitteleuropäische Normalzeit : Information : Added local RPC method "requestServiceChannel" -> Microsoft.VisualStudio.Utilities.ServiceBroker.GlobalBrokeredServiceContainer+View.RequestServiceChannelAsync(ServiceMoniker, ServiceActivationOptions, CancellationToken) (Microsoft.VisualStudio.Utilities.ServiceBroker.GlobalBrokeredServiceContainer+View)
03/02/2025 09:37:09 Mitteleuropäische Normalzeit : Information : Added local RPC method "cancelServiceRequest" -> Microsoft.VisualStudio.Utilities.ServiceBroker.GlobalBrokeredServiceContainer+View.CancelServiceRequestAsync(Guid) (Microsoft.VisualStudio.Utilities.ServiceBroker.GlobalBrokeredServiceContainer+View)
03/02/2025 09:37:09 Mitteleuropäische Normalzeit: Information : 2 :Listening for events from Microsoft.VisualStudio.Utilities.ServiceBroker.GlobalBrokeredServiceContainer+View.AvailabilityChanged to raise notification.
03/02/2025 09:37:09 Mitteleuropäische Normalzeit: Information : 3 :Listening started.
03/02/2025 09:37:09 Mitteleuropäische Normalzeit: Information : 7 :{"id":2,"method":"handshake"}
03/02/2025 09:37:09 Mitteleuropäische Normalzeit: Information : 6 :Received request "2" for method "handshake".
03/02/2025 09:37:09 Mitteleuropäische Normalzeit: Information : 9 :Invoking Microsoft.VisualStudio.Utilities.ServiceBroker.GlobalBrokeredServiceContainer+View.HandshakeAsync(ServiceBrokerClientMetadata, CancellationToken)
03/02/2025 09:37:09 Mitteleuropäische Normalzeit : Start : handshake
03/02/2025 09:37:09 Mitteleuropäische Normalzeit : Stop : handshake
03/02/2025 09:37:09 Mitteleuropäische Normalzeit: Information : 8 :{"id":2}
03/02/2025 09:37:09 Mitteleuropäische Normalzeit: Information : 7 :{"id":3,"method":"requestServiceChannel"}
03/02/2025 09:37:09 Mitteleuropäische Normalzeit: Information : 6 :Received request "3" for method "requestServiceChannel".
03/02/2025 09:37:09 Mitteleuropäische Normalzeit: Information : 9 :Invoking Microsoft.VisualStudio.Utilities.ServiceBroker.GlobalBrokeredServiceContainer+View.RequestServiceChannelAsync(ServiceMoniker, ServiceActivationOptions, CancellationToken)
03/02/2025 09:37:09 Mitteleuropäische Normalzeit : Start : requestServiceChannel
03/02/2025 09:37:09 Mitteleuropäische Normalzeit : Stop : requestServiceChannel
03/02/2025 09:37:09 Mitteleuropäische Normalzeit: Information : 8 :{"id":3}
03/02/2025 09:37:09 Mitteleuropäische Normalzeit: Information : 7 :{"id":4,"method":"requestServiceChannel"}
03/02/2025 09:37:09 Mitteleuropäische Normalzeit: Information : 6 :Received request "4" for method "requestServiceChannel".
03/02/2025 09:37:09 Mitteleuropäische Normalzeit: Information : 9 :Invoking Microsoft.VisualStudio.Utilities.ServiceBroker.GlobalBrokeredServiceContainer+View.RequestServiceChannelAsync(ServiceMoniker, ServiceActivationOptions, CancellationToken)
03/02/2025 09:37:09 Mitteleuropäische Normalzeit : Start : requestServiceChannel
03/02/2025 09:37:09 Mitteleuropäische Normalzeit: Information : 7 :{"id":5,"method":"requestServiceChannel"}
03/02/2025 09:37:09 Mitteleuropäische Normalzeit: Information : 6 :Received request "5" for method "requestServiceChannel".
03/02/2025 09:37:09 Mitteleuropäische Normalzeit: Information : 9 :Invoking Microsoft.VisualStudio.Utilities.ServiceBroker.GlobalBrokeredServiceContainer+View.RequestServiceChannelAsync(ServiceMoniker, ServiceActivationOptions, CancellationToken)
03/02/2025 09:37:09 Mitteleuropäische Normalzeit : Start : requestServiceChannel
03/02/2025 09:37:09 Mitteleuropäische Normalzeit : Stop : requestServiceChannel
03/02/2025 09:37:09 Mitteleuropäische Normalzeit: Information : 8 :{"id":4}
03/02/2025 09:37:09 Mitteleuropäische Normalzeit : Stop : requestServiceChannel
03/02/2025 09:37:09 Mitteleuropäische Normalzeit: Information : 8 :{"id":5}
03/02/2025 09:37:10 Mitteleuropäische Normalzeit: Information : 7 :{"id":6,"method":"requestServiceChannel"}
03/02/2025 09:37:10 Mitteleuropäische Normalzeit: Information : 6 :Received request "6" for method "requestServiceChannel".
03/02/2025 09:37:10 Mitteleuropäische Normalzeit: Information : 9 :Invoking Microsoft.VisualStudio.Utilities.ServiceBroker.GlobalBrokeredServiceContainer+View.RequestServiceChannelAsync(ServiceMoniker, ServiceActivationOptions, CancellationToken)
03/02/2025 09:37:10 Mitteleuropäische Normalzeit : Start : requestServiceChannel
03/02/2025 09:37:10 Mitteleuropäische Normalzeit : Stop : requestServiceChannel
03/02/2025 09:37:10 Mitteleuropäische Normalzeit: Information : 8 :{"id":6}
03/02/2025 09:37:10 Mitteleuropäische Normalzeit: Information : 7 :{"id":7,"method":"requestServiceChannel"}
03/02/2025 09:37:10 Mitteleuropäische Normalzeit: Information : 6 :Received request "7" for method "requestServiceChannel".
03/02/2025 09:37:10 Mitteleuropäische Normalzeit: Information : 9 :Invoking Microsoft.VisualStudio.Utilities.ServiceBroker.GlobalBrokeredServiceContainer+View.RequestServiceChannelAsync(ServiceMoniker, ServiceActivationOptions, CancellationToken)
03/02/2025 09:37:10 Mitteleuropäische Normalzeit : Start : requestServiceChannel
03/02/2025 09:37:10 Mitteleuropäische Normalzeit : Stop : requestServiceChannel
03/02/2025 09:37:10 Mitteleuropäische Normalzeit: Information : 8 :{"id":7}
03/02/2025 09:37:10 Mitteleuropäische Normalzeit: Information : 7 :{"id":8,"method":"requestServiceChannel"}
03/02/2025 09:37:10 Mitteleuropäische Normalzeit: Information : 6 :Received request "8" for method "requestServiceChannel".
03/02/2025 09:37:10 Mitteleuropäische Normalzeit: Information : 9 :Invoking Microsoft.VisualStudio.Utilities.ServiceBroker.GlobalBrokeredServiceContainer+View.RequestServiceChannelAsync(ServiceMoniker, ServiceActivationOptions, CancellationToken)
03/02/2025 09:37:10 Mitteleuropäische Normalzeit : Transfer : Transfer, relatedActivityId=5aa0058d-3d9b-4294-bb72-ce793fa9b870
03/02/2025 09:37:10 Mitteleuropäische Normalzeit : Start : requestServiceChannel
03/02/2025 09:37:10 Mitteleuropäische Normalzeit : Stop : requestServiceChannel
03/02/2025 09:37:10 Mitteleuropäische Normalzeit : Transfer : Transfer, relatedActivityId=e3294ba2-2dc8-46ec-9363-c96bb17379d3
03/02/2025 09:37:10 Mitteleuropäische Normalzeit: Information : 8 :{"id":8}
03/02/2025 09:37:12 Mitteleuropäische Normalzeit: Information : 7 :{"id":9,"method":"requestServiceChannel"}
03/02/2025 09:37:12 Mitteleuropäische Normalzeit: Information : 6 :Received request "9" for method "requestServiceChannel".
03/02/2025 09:37:12 Mitteleuropäische Normalzeit: Information : 9 :Invoking Microsoft.VisualStudio.Utilities.ServiceBroker.GlobalBrokeredServiceContainer+View.RequestServiceChannelAsync(ServiceMoniker, ServiceActivationOptions, CancellationToken)
03/02/2025 09:37:12 Mitteleuropäische Normalzeit : Start : requestServiceChannel
03/02/2025 09:37:12 Mitteleuropäische Normalzeit : Stop : requestServiceChannel
03/02/2025 09:37:12 Mitteleuropäische Normalzeit: Information : 8 :{"id":9}
03/02/2025 09:37:12 Mitteleuropäische Normalzeit: Information : 7 :{"id":10,"method":"requestServiceChannel"}
03/02/2025 09:37:12 Mitteleuropäische Normalzeit: Information : 6 :Received request "10" for method "requestServiceChannel".
03/02/2025 09:37:12 Mitteleuropäische Normalzeit: Information : 9 :Invoking Microsoft.VisualStudio.Utilities.ServiceBroker.GlobalBrokeredServiceContainer+View.RequestServiceChannelAsync(ServiceMoniker, ServiceActivationOptions, CancellationToken)
03/02/2025 09:37:12 Mitteleuropäische Normalzeit : Start : requestServiceChannel
03/02/2025 09:37:12 Mitteleuropäische Normalzeit: Information : 7 :{"id":11,"method":"requestServiceChannel"}
03/02/2025 09:37:12 Mitteleuropäische Normalzeit: Information : 6 :Received request "11" for method "requestServiceChannel".
03/02/2025 09:37:12 Mitteleuropäische Normalzeit: Information : 9 :Invoking Microsoft.VisualStudio.Utilities.ServiceBroker.GlobalBrokeredServiceContainer+View.RequestServiceChannelAsync(ServiceMoniker, ServiceActivationOptions, CancellationToken)
03/02/2025 09:37:12 Mitteleuropäische Normalzeit : Start : requestServiceChannel
03/02/2025 09:37:12 Mitteleuropäische Normalzeit : Stop : requestServiceChannel
03/02/2025 09:37:12 Mitteleuropäische Normalzeit: Information : 8 :{"id":11}
03/02/2025 09:37:12 Mitteleuropäische Normalzeit : Stop : requestServiceChannel
03/02/2025 09:37:12 Mitteleuropäische Normalzeit: Information : 8 :{"id":10}
03/02/2025 09:37:13 Mitteleuropäische Normalzeit: Information : 7 :{"id":12,"method":"requestServiceChannel"}
03/02/2025 09:37:13 Mitteleuropäische Normalzeit: Information : 6 :Received request "12" for method "requestServiceChannel".
03/02/2025 09:37:13 Mitteleuropäische Normalzeit: Information : 9 :Invoking Microsoft.VisualStudio.Utilities.ServiceBroker.GlobalBrokeredServiceContainer+View.RequestServiceChannelAsync(ServiceMoniker, ServiceActivationOptions, CancellationToken)
03/02/2025 09:37:13 Mitteleuropäische Normalzeit : Start : requestServiceChannel
03/02/2025 09:37:13 Mitteleuropäische Normalzeit : Stop : requestServiceChannel
03/02/2025 09:37:13 Mitteleuropäische Normalzeit: Information : 8 :{"id":12}
03/02/2025 09:37:14 Mitteleuropäische Normalzeit: Information : 7 :{"id":13,"method":"requestServiceChannel"}
03/02/2025 09:37:14 Mitteleuropäische Normalzeit: Information : 6 :Received request "13" for method "requestServiceChannel".
03/02/2025 09:37:14 Mitteleuropäische Normalzeit: Information : 9 :Invoking Microsoft.VisualStudio.Utilities.ServiceBroker.GlobalBrokeredServiceContainer+View.RequestServiceChannelAsync(ServiceMoniker, ServiceActivationOptions, CancellationToken)
03/02/2025 09:37:14 Mitteleuropäische Normalzeit : Start : requestServiceChannel
03/02/2025 09:37:14 Mitteleuropäische Normalzeit : Stop : requestServiceChannel
03/02/2025 09:37:14 Mitteleuropäische Normalzeit: Information : 8 :{"id":13}
