02/14/2025 14:11:01 Mitteleuropäische Normalzeit : Information : Local timezone is (UTC+01:00) Mitteleuropäische Zeit (Wien)
02/14/2025 14:11:01 Mitteleuropäische Normalzeit : Information : Service Hub .NET service module host started. Host id: dotnet.projectSystem$C94B8CFE-E3FD-4BAF-A941-2866DBB566FE. Controller pipe: net.pipe://677655F5D7. PID: 67802
02/14/2025 14:11:01 Mitteleuropäische Normalzeit : Information : hubHostClr read: Content-Length: 116

{"jsonrpc":"2.0","id":2,"method":"InitializeHostAsync","params":[{"HostsRootDirectory":".","AppConfigFallback":""}]}
02/14/2025 14:11:02 Mitteleuropäische Normalzeit : Information : hubHostClr write: Content-Length: 93

{"jsonrpc":"2.0","id":2,"result":"dotnet.projectSystem$C94B8CFE-E3FD-4BAF-A941-2866DBB566FE"}
02/14/2025 14:11:02 Mitteleuropäische Normalzeit : Information : hubHostClr read: Content-Length: 1056

{"jsonrpc":"2.0","id":3,"method":"StartServiceAsync","params":[{"name":"Microsoft.VisualStudio.ProjectSystem.Query.Remoting.QueryExecutionService","host":"dotnet.projectSystem","hostId":"C94B8CFE-E3FD-4BAF-A941-2866DBB566FE","serviceBaseDirectory":"/Users/MacBook/.vscode/extensions/ms-dotnettools.csdevkit-1.16.6-darwin-arm64/components/CPS/platforms/darwin-arm64/node_modules/@microsoft/visualstudio-projectsystem-server.darwin-arm64","entryPoint":{"assemblyPath":"/Users/MacBook/.vscode/extensions/ms-dotnettools.csdevkit-1.16.6-darwin-arm64/components/CPS/platforms/darwin-arm64/node_modules/@microsoft/visualstudio-projectsystem-server.darwin-arm64/Microsoft.VisualStudio.ProjectSystem.Server.Implementation.dll","fullClassName":"Microsoft.VisualStudio.ProjectSystem.Server.QueryExecutionServiceFactory"}},{"ActivationArguments":{"__servicehub__ServiceHubRemoteServiceBrokerPipeName":"/Users/MacBook/.ServiceHub/dcb6bdec4e/a6bae7b6af","__servicehub__RequestedServiceVersion":"0.3"},"ClientCredentials":{},"ClientCulture":"de","ClientUICulture":"de"}]}Content-Length: 991

{"jsonrpc":"2.0","id":4,"method":"StartServiceAsync","params":[{"name":"Microsoft.VisualStudio.LaunchConfigurationService","host":"dotnet.projectSystem","hostId":"C94B8CFE-E3FD-4BAF-A941-2866DBB566FE","serviceBaseDirectory":"/Users/MacBook/.vscode/extensions/ms-dotnettools.csdevkit-1.16.6-darwin-arm64/components/CPS/platforms/darwin-arm64/node_modules/@microsoft/visualstudio-projectsystem-server.darwin-arm64","entryPoint":{"assemblyPath":"/Users/MacBook/.vscode/extensions/ms-dotnettools.csdevkit-1.16.6-darwin-arm64/components/CPS/platforms/darwin-arm64/node_modules/@microsoft/visualstudio-projectsystem-server.darwin-arm64/Microsoft.VisualStudio.ProjectSystem.Server.Implementation.dll","fullClassName":"Microsoft.VisualStudio.ProjectSystem.Server.LaunchConfigurationServiceFactory"}},{"ActivationArguments":{"__servicehub__ServiceHubRemoteServiceBrokerPipeName":"/Users/MacBook/.ServiceHub/dcb6bdec4e/75ee65a1db"},"ClientCredentials":{},"ClientCulture":"de","ClientUICulture":"de"}]}Content-Length: 1037

{"jsonrpc":"2.0","id":5,"method":"StartServiceAsync","params":[{"name":"Microsoft.VisualStudio.ProjectSystem.ProjectTreeProvider","host":"dotnet.projectSystem","hostId":"C94B8CFE-E3FD-4BAF-A941-2866DBB566FE","serviceBaseDirectory":"/Users/MacBook/.vscode/extensions/ms-dotnettools.csdevkit-1.16.6-darwin-arm64/components/CPS/platforms/darwin-arm64/node_modules/@microsoft/visualstudio-projectsystem-server.darwin-arm64","entryPoint":{"assemblyPath":"/Users/MacBook/.vscode/extensions/ms-dotnettools.csdevkit-1.16.6-darwin-arm64/components/CPS/platforms/darwin-arm64/node_modules/@microsoft/visualstudio-projectsystem-server.darwin-arm64/Microsoft.VisualStudio.ProjectSystem.Server.Implementation.dll","fullClassName":"Microsoft.VisualStudio.ProjectSystem.Server.ProjectTreeProviderFactory"}},{"ActivationArguments":{"__servicehub__ServiceHubRemoteServiceBrokerPipeName":"/Users/MacBook/.ServiceHub/dcb6bdec4e/97660cdbe9","__servicehub__RequestedServiceVersion":"0.1"},"ClientCredentials":{},"ClientCulture":"de","ClientUICulture":"de"}]}Content-Length: 1067

{"jsonrpc":"2.0","id":6,"method":"StartServiceAsync","params":[{"name":"Microsoft.VisualStudio.ProjectSystem.ProjectInitializationStatusService","host":"dotnet.projectSystem","hostId":"C94B8CFE-E3FD-4BAF-A941-2866DBB566FE","serviceBaseDirectory":"/Users/MacBook/.vscode/extensions/ms-dotnettools.csdevkit-1.16.6-darwin-arm64/components/CPS/platforms/darwin-arm64/node_modules/@microsoft/visualstudio-projectsystem-server.darwin-arm64","entryPoint":{"assemblyPath":"/Users/MacBook/.vscode/extensions/ms-dotnettools.csdevkit-1.16.6-darwin-arm64/components/CPS/platforms/darwin-arm64/node_modules/@microsoft/visualstudio-projectsystem-server.darwin-arm64/Microsoft.VisualStudio.ProjectSystem.Server.Implementation.dll","fullClassName":"Microsoft.VisualStudio.ProjectSystem.Server.ProjectInitializationStatusServiceFactory"}},{"ActivationArguments":{"__servicehub__ServiceHubRemoteServiceBrokerPipeName":"/Users/MacBook/.
02/14/2025 14:11:02 Mitteleuropäische Normalzeit : Information : CLR host received start request for service 'Microsoft.VisualStudio.ProjectSystem.Query.Remoting.QueryExecutionService'
02/14/2025 14:11:02 Mitteleuropäische Normalzeit : Information : hubHostClr read: ServiceHub/dcb6bdec4e/b52b6f696c","__servicehub__RequestedServiceVersion":"0.1"},"ClientCredentials":{},"ClientCulture":"de","ClientUICulture":"de"}]}
02/14/2025 14:11:02 Mitteleuropäische Normalzeit : Information : Loading service module assembly '/Users/MacBook/.vscode/extensions/ms-dotnettools.csdevkit-1.16.6-darwin-arm64/components/CPS/platforms/darwin-arm64/node_modules/@microsoft/visualstudio-projectsystem-server.darwin-arm64/Microsoft.VisualStudio.ProjectSystem.Server.Implementation.dll' from '/Users/MacBook/.vscode/extensions/ms-dotnettools.csdevkit-1.16.6-darwin-arm64/components/CPS/platforms/darwin-arm64/node_modules/@microsoft/visualstudio-projectsystem-server.darwin-arm64'
02/14/2025 14:11:02 Mitteleuropäische Normalzeit : Information : Starting service module 'Microsoft.VisualStudio.ProjectSystem.Query.Remoting.QueryExecutionService'. Class: Microsoft.VisualStudio.ProjectSystem.Server.QueryExecutionServiceFactory, Supported Version: 
02/14/2025 14:11:02 Mitteleuropäische Normalzeit : Information : Started service 'Microsoft.VisualStudio.ProjectSystem.Query.Remoting.QueryExecutionService'. Pipe name: /Users/MacBook/.ServiceHub/dcb6bdec4e/dafb08c04d, Supported Version: 
02/14/2025 14:11:02 Mitteleuropäische Normalzeit : Information : CLR host received start request for service 'Microsoft.VisualStudio.LaunchConfigurationService'
02/14/2025 14:11:02 Mitteleuropäische Normalzeit : Information : Loading service module assembly '/Users/MacBook/.vscode/extensions/ms-dotnettools.csdevkit-1.16.6-darwin-arm64/components/CPS/platforms/darwin-arm64/node_modules/@microsoft/visualstudio-projectsystem-server.darwin-arm64/Microsoft.VisualStudio.ProjectSystem.Server.Implementation.dll' from '/Users/MacBook/.vscode/extensions/ms-dotnettools.csdevkit-1.16.6-darwin-arm64/components/CPS/platforms/darwin-arm64/node_modules/@microsoft/visualstudio-projectsystem-server.darwin-arm64'
02/14/2025 14:11:02 Mitteleuropäische Normalzeit : Information : Starting service module 'Microsoft.VisualStudio.LaunchConfigurationService'. Class: Microsoft.VisualStudio.ProjectSystem.Server.LaunchConfigurationServiceFactory, Supported Version: 
02/14/2025 14:11:02 Mitteleuropäische Normalzeit : Information : Started service 'Microsoft.VisualStudio.LaunchConfigurationService'. Pipe name: /Users/MacBook/.ServiceHub/dcb6bdec4e/7240291f2f, Supported Version: 
02/14/2025 14:11:02 Mitteleuropäische Normalzeit : Information : CLR host received start request for service 'Microsoft.VisualStudio.ProjectSystem.ProjectTreeProvider'
02/14/2025 14:11:02 Mitteleuropäische Normalzeit : Information : Loading service module assembly '/Users/MacBook/.vscode/extensions/ms-dotnettools.csdevkit-1.16.6-darwin-arm64/components/CPS/platforms/darwin-arm64/node_modules/@microsoft/visualstudio-projectsystem-server.darwin-arm64/Microsoft.VisualStudio.ProjectSystem.Server.Implementation.dll' from '/Users/MacBook/.vscode/extensions/ms-dotnettools.csdevkit-1.16.6-darwin-arm64/components/CPS/platforms/darwin-arm64/node_modules/@microsoft/visualstudio-projectsystem-server.darwin-arm64'
02/14/2025 14:11:02 Mitteleuropäische Normalzeit : Information : Starting service module 'Microsoft.VisualStudio.ProjectSystem.ProjectTreeProvider'. Class: Microsoft.VisualStudio.ProjectSystem.Server.ProjectTreeProviderFactory, Supported Version: 
02/14/2025 14:11:02 Mitteleuropäische Normalzeit : Information : Started service 'Microsoft.VisualStudio.ProjectSystem.ProjectTreeProvider'. Pipe name: /Users/MacBook/.ServiceHub/dcb6bdec4e/777b67a7fb, Supported Version: 
02/14/2025 14:11:02 Mitteleuropäische Normalzeit : Information : CLR host received start request for service 'Microsoft.VisualStudio.ProjectSystem.ProjectInitializationStatusService'
02/14/2025 14:11:02 Mitteleuropäische Normalzeit : Information : Loading service module assembly '/Users/MacBook/.vscode/extensions/ms-dotnettools.csdevkit-1.16.6-darwin-arm64/components/CPS/platforms/darwin-arm64/node_modules/@microsoft/visualstudio-projectsystem-server.darwin-arm64/Microsoft.VisualStudio.ProjectSystem.Server.Implementation.dll' from '/Users/MacBook/.vscode/extensions/ms-dotnettools.csdevkit-1.16.6-darwin-arm64/components/CPS/platforms/darwin-arm64/node_modules/@microsoft/visualstudio-projectsystem-server.darwin-arm64'
02/14/2025 14:11:02 Mitteleuropäische Normalzeit : Information : Starting service module 'Microsoft.VisualStudio.ProjectSystem.ProjectInitializationStatusService'. Class: Microsoft.VisualStudio.ProjectSystem.Server.ProjectInitializationStatusServiceFactory, Supported Version: 
02/14/2025 14:11:02 Mitteleuropäische Normalzeit : Information : Started service 'Microsoft.VisualStudio.ProjectSystem.ProjectInitializationStatusService'. Pipe name: /Users/MacBook/.ServiceHub/dcb6bdec4e/60931d7156, Supported Version: 
02/14/2025 14:11:02 Mitteleuropäische Normalzeit : Information : hubHostClr write: Content-Length: 84

{"jsonrpc":"2.0","id":3,"result":"/Users/MacBook/.ServiceHub/dcb6bdec4e/dafb08c04d"}Content-Length: 84

{"jsonrpc":"2.0","id":4,"result":"/Users/MacBook/.ServiceHub/dcb6bdec4e/7240291f2f"}Content-Length: 84

{"jsonrpc":"2.0","id":5,"result":"/Users/MacBook/.ServiceHub/dcb6bdec4e/777b67a7fb"}Content-Length: 84

{"jsonrpc":"2.0","id":6,"result":"/Users/MacBook/.ServiceHub/dcb6bdec4e/60931d7156"}
02/14/2025 14:11:02 Mitteleuropäische Normalzeit : Information : A new client connected to CLR service module 'Microsoft.VisualStudio.LaunchConfigurationService'
02/14/2025 14:11:02 Mitteleuropäische Normalzeit : Information : A new client connected to CLR service module 'Microsoft.VisualStudio.ProjectSystem.ProjectTreeProvider'
02/14/2025 14:11:02 Mitteleuropäische Normalzeit : Information : Found FactoryVersion=Version2 for service : Microsoft.VisualStudio.LaunchConfigurationService.
02/14/2025 14:11:02 Mitteleuropäische Normalzeit : Information : Service 'Microsoft.VisualStudio.ProjectSystem.Server.LaunchConfigurationServiceFactory' implements IServiceHubServiceFactory. Creating factory instance and caching it.
02/14/2025 14:11:02 Mitteleuropäische Normalzeit : Information : hubHostClr write: Content-Length: 124

{"jsonrpc":"2.0","method":"HostServicesStartedAsync","params":["dotnet.projectSystem$C94B8CFE-E3FD-4BAF-A941-2866DBB566FE"]}
02/14/2025 14:11:02 Mitteleuropäische Normalzeit : Information : Found FactoryVersion=Version2 for service : Microsoft.VisualStudio.ProjectSystem.ProjectTreeProvider.
02/14/2025 14:11:02 Mitteleuropäische Normalzeit : Information : Service 'Microsoft.VisualStudio.ProjectSystem.Server.ProjectTreeProviderFactory' implements IServiceHubServiceFactory. Creating factory instance and caching it.
02/14/2025 14:11:02 Mitteleuropäische Normalzeit : Information : A new client connected to CLR service module 'Microsoft.VisualStudio.ProjectSystem.ProjectInitializationStatusService'
02/14/2025 14:11:02 Mitteleuropäische Normalzeit : Information : Found FactoryVersion=Version2 for service : Microsoft.VisualStudio.ProjectSystem.ProjectInitializationStatusService.
02/14/2025 14:11:02 Mitteleuropäische Normalzeit : Information : Service 'Microsoft.VisualStudio.ProjectSystem.Server.ProjectInitializationStatusServiceFactory' implements IServiceHubServiceFactory. Creating factory instance and caching it.
02/14/2025 14:11:02 Mitteleuropäische Normalzeit : Information : A new client connected to CLR service module 'Microsoft.VisualStudio.ProjectSystem.Query.Remoting.QueryExecutionService'
02/14/2025 14:11:02 Mitteleuropäische Normalzeit : Information : Found FactoryVersion=Version2 for service : Microsoft.VisualStudio.ProjectSystem.Query.Remoting.QueryExecutionService.
02/14/2025 14:11:02 Mitteleuropäische Normalzeit : Information : Service 'Microsoft.VisualStudio.ProjectSystem.Server.QueryExecutionServiceFactory' implements IServiceHubServiceFactory. Creating factory instance and caching it.
02/14/2025 14:11:02 Mitteleuropäische Normalzeit : Information : Creating service Microsoft.VisualStudio.ProjectSystem.Server.ProjectTreeProviderFactory from factory with FactoryVersion=Version2 and ClientRequestedVersion=0.1.
02/14/2025 14:11:02 Mitteleuropäische Normalzeit : Information : Creating service Microsoft.VisualStudio.ProjectSystem.Server.ProjectInitializationStatusServiceFactory from factory with FactoryVersion=Version2 and ClientRequestedVersion=0.1.
02/14/2025 14:11:02 Mitteleuropäische Normalzeit : Information : Creating service Microsoft.VisualStudio.ProjectSystem.Server.LaunchConfigurationServiceFactory from factory with FactoryVersion=Version2 and ClientRequestedVersion=.
02/14/2025 14:11:02 Mitteleuropäische Normalzeit : Information : Creating service Microsoft.VisualStudio.ProjectSystem.Server.QueryExecutionServiceFactory from factory with FactoryVersion=Version2 and ClientRequestedVersion=0.3.
02/14/2025 14:11:02 Mitteleuropäische Normalzeit : Information : Setting up RPC connection for service 'Microsoft.VisualStudio.ProjectSystem.Server.QueryExecutionServiceFactory' from factory
02/14/2025 14:11:02 Mitteleuropäische Normalzeit : Information : Setting up RPC connection for service 'Microsoft.VisualStudio.ProjectSystem.Server.LaunchConfigurationServiceFactory' from factory
02/14/2025 14:11:02 Mitteleuropäische Normalzeit : Information : Setting up RPC connection for service 'Microsoft.VisualStudio.ProjectSystem.Server.ProjectInitializationStatusServiceFactory' from factory
02/14/2025 14:11:02 Mitteleuropäische Normalzeit : Information : Setting up RPC connection for service 'Microsoft.VisualStudio.ProjectSystem.Server.ProjectTreeProviderFactory' from factory
02/14/2025 14:11:02 Mitteleuropäische Normalzeit : Information : hubHostClr read: Content-Length: 1056

{"jsonrpc":"2.0","id":7,"method":"StartServiceAsync","params":[{"name":"Microsoft.VisualStudio.ProjectSystem.Query.Remoting.QueryExecutionService","host":"dotnet.projectSystem","hostId":"C94B8CFE-E3FD-4BAF-A941-2866DBB566FE","serviceBaseDirectory":"/Users/MacBook/.vscode/extensions/ms-dotnettools.csdevkit-1.16.6-darwin-arm64/components/CPS/platforms/darwin-arm64/node_modules/@microsoft/visualstudio-projectsystem-server.darwin-arm64","entryPoint":{"assemblyPath":"/Users/MacBook/.vscode/extensions/ms-dotnettools.csdevkit-1.16.6-darwin-arm64/components/CPS/platforms/darwin-arm64/node_modules/@microsoft/visualstudio-projectsystem-server.darwin-arm64/Microsoft.VisualStudio.ProjectSystem.Server.Implementation.dll","fullClassName":"Microsoft.VisualStudio.ProjectSystem.Server.QueryExecutionServiceFactory"}},{"ActivationArguments":{"__servicehub__ServiceHubRemoteServiceBrokerPipeName":"/Users/MacBook/.ServiceHub/dcb6bdec4e/07e8ca2685","__servicehub__RequestedServiceVersion":"0.3"},"ClientCredentials":{},"ClientCulture":"de","ClientUICulture":"de"}]}
02/14/2025 14:11:02 Mitteleuropäische Normalzeit : Information : CLR host received start request for service 'Microsoft.VisualStudio.ProjectSystem.Query.Remoting.QueryExecutionService'
02/14/2025 14:11:02 Mitteleuropäische Normalzeit : Information : Loading service module assembly '/Users/MacBook/.vscode/extensions/ms-dotnettools.csdevkit-1.16.6-darwin-arm64/components/CPS/platforms/darwin-arm64/node_modules/@microsoft/visualstudio-projectsystem-server.darwin-arm64/Microsoft.VisualStudio.ProjectSystem.Server.Implementation.dll' from '/Users/MacBook/.vscode/extensions/ms-dotnettools.csdevkit-1.16.6-darwin-arm64/components/CPS/platforms/darwin-arm64/node_modules/@microsoft/visualstudio-projectsystem-server.darwin-arm64'
02/14/2025 14:11:02 Mitteleuropäische Normalzeit : Information : Starting service module 'Microsoft.VisualStudio.ProjectSystem.Query.Remoting.QueryExecutionService'. Class: Microsoft.VisualStudio.ProjectSystem.Server.QueryExecutionServiceFactory, Supported Version: 
02/14/2025 14:11:02 Mitteleuropäische Normalzeit : Information : Started service 'Microsoft.VisualStudio.ProjectSystem.Query.Remoting.QueryExecutionService'. Pipe name: /Users/MacBook/.ServiceHub/dcb6bdec4e/f12972e530, Supported Version: 
02/14/2025 14:11:02 Mitteleuropäische Normalzeit : Information : hubHostClr write: Content-Length: 84

{"jsonrpc":"2.0","id":7,"result":"/Users/MacBook/.ServiceHub/dcb6bdec4e/f12972e530"}
02/14/2025 14:11:02 Mitteleuropäische Normalzeit : Information : A new client connected to CLR service module 'Microsoft.VisualStudio.ProjectSystem.Query.Remoting.QueryExecutionService'
02/14/2025 14:11:02 Mitteleuropäische Normalzeit : Information : Found IServiceHubServiceFactory in cache. Creating instance from the factory.
02/14/2025 14:11:02 Mitteleuropäische Normalzeit : Information : Creating service Microsoft.VisualStudio.ProjectSystem.Server.QueryExecutionServiceFactory from factory with FactoryVersion=Version2 and ClientRequestedVersion=0.3.
02/14/2025 14:11:02 Mitteleuropäische Normalzeit : Information : Setting up RPC connection for service 'Microsoft.VisualStudio.ProjectSystem.Server.QueryExecutionServiceFactory' from factory
02/14/2025 14:11:02 Mitteleuropäische Normalzeit : Information : hubHostClr read: Content-Length: 1035

{"jsonrpc":"2.0","id":8,"method":"StartServiceAsync","params":[{"name":"Microsoft.VisualStudio.ProjectSystem.CompositionService","host":"dotnet.projectSystem","hostId":"C94B8CFE-E3FD-4BAF-A941-2866DBB566FE","serviceBaseDirectory":"/Users/MacBook/.vscode/extensions/ms-dotnettools.csdevkit-1.16.6-darwin-arm64/components/CPS/platforms/darwin-arm64/node_modules/@microsoft/visualstudio-projectsystem-server.darwin-arm64","entryPoint":{"assemblyPath":"/Users/MacBook/.vscode/extensions/ms-dotnettools.csdevkit-1.16.6-darwin-arm64/components/CPS/platforms/darwin-arm64/node_modules/@microsoft/visualstudio-projectsystem-server.darwin-arm64/Microsoft.VisualStudio.ProjectSystem.Server.Implementation.dll","fullClassName":"Microsoft.VisualStudio.ProjectSystem.Server.CompositionServiceFactory"}},{"ActivationArguments":{"__servicehub__ServiceHubRemoteServiceBrokerPipeName":"/Users/MacBook/.ServiceHub/dcb6bdec4e/e46ee957b5","__servicehub__RequestedServiceVersion":"0.1"},"ClientCredentials":{},"ClientCulture":"de","ClientUICulture":"de"}]}
02/14/2025 14:11:02 Mitteleuropäische Normalzeit : Information : CLR host received start request for service 'Microsoft.VisualStudio.ProjectSystem.CompositionService'
02/14/2025 14:11:02 Mitteleuropäische Normalzeit : Information : Loading service module assembly '/Users/MacBook/.vscode/extensions/ms-dotnettools.csdevkit-1.16.6-darwin-arm64/components/CPS/platforms/darwin-arm64/node_modules/@microsoft/visualstudio-projectsystem-server.darwin-arm64/Microsoft.VisualStudio.ProjectSystem.Server.Implementation.dll' from '/Users/MacBook/.vscode/extensions/ms-dotnettools.csdevkit-1.16.6-darwin-arm64/components/CPS/platforms/darwin-arm64/node_modules/@microsoft/visualstudio-projectsystem-server.darwin-arm64'
02/14/2025 14:11:02 Mitteleuropäische Normalzeit : Information : Starting service module 'Microsoft.VisualStudio.ProjectSystem.CompositionService'. Class: Microsoft.VisualStudio.ProjectSystem.Server.CompositionServiceFactory, Supported Version: 
02/14/2025 14:11:02 Mitteleuropäische Normalzeit : Information : Started service 'Microsoft.VisualStudio.ProjectSystem.CompositionService'. Pipe name: /Users/MacBook/.ServiceHub/dcb6bdec4e/ee4ea551e9, Supported Version: 
02/14/2025 14:11:02 Mitteleuropäische Normalzeit : Information : hubHostClr write: Content-Length: 84

{"jsonrpc":"2.0","id":8,"result":"/Users/MacBook/.ServiceHub/dcb6bdec4e/ee4ea551e9"}
02/14/2025 14:11:02 Mitteleuropäische Normalzeit : Information : A new client connected to CLR service module 'Microsoft.VisualStudio.ProjectSystem.CompositionService'
02/14/2025 14:11:02 Mitteleuropäische Normalzeit : Information : Found FactoryVersion=Version2 for service : Microsoft.VisualStudio.ProjectSystem.CompositionService.
02/14/2025 14:11:02 Mitteleuropäische Normalzeit : Information : Service 'Microsoft.VisualStudio.ProjectSystem.Server.CompositionServiceFactory' implements IServiceHubServiceFactory. Creating factory instance and caching it.
02/14/2025 14:11:02 Mitteleuropäische Normalzeit : Information : Creating service Microsoft.VisualStudio.ProjectSystem.Server.CompositionServiceFactory from factory with FactoryVersion=Version2 and ClientRequestedVersion=0.1.
02/14/2025 14:11:02 Mitteleuropäische Normalzeit : Information : Setting up RPC connection for service 'Microsoft.VisualStudio.ProjectSystem.Server.CompositionServiceFactory' from factory
02/14/2025 14:11:03 Mitteleuropäische Normalzeit : Information : Completed RPC connection setup for service 'Microsoft.VisualStudio.ProjectSystem.Server.CompositionServiceFactory' from factory
02/14/2025 14:11:03 Mitteleuropäische Normalzeit : Information : Completed RPC connection setup for service 'Microsoft.VisualStudio.ProjectSystem.Server.ProjectInitializationStatusServiceFactory' from factory
02/14/2025 14:11:03 Mitteleuropäische Normalzeit : Information : Completed RPC connection setup for service 'Microsoft.VisualStudio.ProjectSystem.Server.ProjectTreeProviderFactory' from factory
02/14/2025 14:11:03 Mitteleuropäische Normalzeit : Information : Completed RPC connection setup for service 'Microsoft.VisualStudio.ProjectSystem.Server.LaunchConfigurationServiceFactory' from factory
02/14/2025 14:11:03 Mitteleuropäische Normalzeit : Information : Completed RPC connection setup for service 'Microsoft.VisualStudio.ProjectSystem.Server.QueryExecutionServiceFactory' from factory
02/14/2025 14:11:03 Mitteleuropäische Normalzeit : Information : Completed RPC connection setup for service 'Microsoft.VisualStudio.ProjectSystem.Server.QueryExecutionServiceFactory' from factory
02/14/2025 14:11:03 Mitteleuropäische Normalzeit : Information : Checking if 'Microsoft.VisualStudio.ProjectSystem.Server.CompositionServiceFactory' implements Microsoft.VisualStudio.Threading.IAsyncDisposable.
02/14/2025 14:11:03 Mitteleuropäische Normalzeit : Information : Checking if 'Microsoft.VisualStudio.ProjectSystem.Server.CompositionServiceFactory' implements System.IAsyncDisposable.
02/14/2025 14:11:03 Mitteleuropäische Normalzeit : Information : Checking if 'Microsoft.VisualStudio.ProjectSystem.Server.CompositionServiceFactory' implements System.IDisposable.
02/14/2025 14:11:03 Mitteleuropäische Normalzeit : Information : hubHostClr read: Content-Length: 1036

{"jsonrpc":"2.0","id":9,"method":"StartServiceAsync","params":[{"name":"Microsoft.VisualStudio.CpsProjectIconSourceService","host":"dotnet.projectSystem","hostId":"C94B8CFE-E3FD-4BAF-A941-2866DBB566FE","serviceBaseDirectory":"/Users/MacBook/.vscode/extensions/ms-dotnettools.csdevkit-1.16.6-darwin-arm64/components/CPS/platforms/darwin-arm64/node_modules/@microsoft/visualstudio-projectsystem-server.darwin-arm64","entryPoint":{"assemblyPath":"/Users/MacBook/.vscode/extensions/ms-dotnettools.csdevkit-1.16.6-darwin-arm64/components/CPS/platforms/darwin-arm64/node_modules/@microsoft/visualstudio-projectsystem-server.darwin-arm64/Microsoft.VisualStudio.ProjectSystem.Server.Implementation.dll","fullClassName":"Microsoft.VisualStudio.ProjectSystem.Server.ProjectIconSourceServiceFactory"}},{"ActivationArguments":{"__servicehub__ServiceHubRemoteServiceBrokerPipeName":"/Users/MacBook/.ServiceHub/dcb6bdec4e/9763aadb59","__servicehub__RequestedServiceVersion":"0.1"},"ClientCredentials":{},"ClientCulture":"de","ClientUICulture":"de"}]}
02/14/2025 14:11:03 Mitteleuropäische Normalzeit : Information : CLR host received start request for service 'Microsoft.VisualStudio.CpsProjectIconSourceService'
02/14/2025 14:11:03 Mitteleuropäische Normalzeit : Information : Loading service module assembly '/Users/MacBook/.vscode/extensions/ms-dotnettools.csdevkit-1.16.6-darwin-arm64/components/CPS/platforms/darwin-arm64/node_modules/@microsoft/visualstudio-projectsystem-server.darwin-arm64/Microsoft.VisualStudio.ProjectSystem.Server.Implementation.dll' from '/Users/MacBook/.vscode/extensions/ms-dotnettools.csdevkit-1.16.6-darwin-arm64/components/CPS/platforms/darwin-arm64/node_modules/@microsoft/visualstudio-projectsystem-server.darwin-arm64'
02/14/2025 14:11:03 Mitteleuropäische Normalzeit : Information : Starting service module 'Microsoft.VisualStudio.CpsProjectIconSourceService'. Class: Microsoft.VisualStudio.ProjectSystem.Server.ProjectIconSourceServiceFactory, Supported Version: 
02/14/2025 14:11:03 Mitteleuropäische Normalzeit : Information : Started service 'Microsoft.VisualStudio.CpsProjectIconSourceService'. Pipe name: /Users/MacBook/.ServiceHub/dcb6bdec4e/515dc3b567, Supported Version: 
02/14/2025 14:11:03 Mitteleuropäische Normalzeit : Information : hubHostClr write: Content-Length: 84

{"jsonrpc":"2.0","id":9,"result":"/Users/MacBook/.ServiceHub/dcb6bdec4e/515dc3b567"}
02/14/2025 14:11:03 Mitteleuropäische Normalzeit : Information : A new client connected to CLR service module 'Microsoft.VisualStudio.CpsProjectIconSourceService'
02/14/2025 14:11:03 Mitteleuropäische Normalzeit : Information : Found FactoryVersion=Version2 for service : Microsoft.VisualStudio.CpsProjectIconSourceService.
02/14/2025 14:11:03 Mitteleuropäische Normalzeit : Information : Service 'Microsoft.VisualStudio.ProjectSystem.Server.ProjectIconSourceServiceFactory' implements IServiceHubServiceFactory. Creating factory instance and caching it.
02/14/2025 14:11:03 Mitteleuropäische Normalzeit : Information : Creating service Microsoft.VisualStudio.ProjectSystem.Server.ProjectIconSourceServiceFactory from factory with FactoryVersion=Version2 and ClientRequestedVersion=0.1.
02/14/2025 14:11:03 Mitteleuropäische Normalzeit : Information : Setting up RPC connection for service 'Microsoft.VisualStudio.ProjectSystem.Server.ProjectIconSourceServiceFactory' from factory
02/14/2025 14:11:03 Mitteleuropäische Normalzeit : Information : Completed RPC connection setup for service 'Microsoft.VisualStudio.ProjectSystem.Server.ProjectIconSourceServiceFactory' from factory
02/14/2025 14:11:04 Mitteleuropäische Normalzeit : Information : hubHostClr read: Content-Length: 1068

{"jsonrpc":"2.0","id":10,"method":"StartServiceAsync","params":[{"name":"Microsoft.VisualStudio.ProjectSystem.ProjectInitializationStatusService","host":"dotnet.projectSystem","hostId":"C94B8CFE-E3FD-4BAF-A941-2866DBB566FE","serviceBaseDirectory":"/Users/MacBook/.vscode/extensions/ms-dotnettools.csdevkit-1.16.6-darwin-arm64/components/CPS/platforms/darwin-arm64/node_modules/@microsoft/visualstudio-projectsystem-server.darwin-arm64","entryPoint":{"assemblyPath":"/Users/MacBook/.vscode/extensions/ms-dotnettools.csdevkit-1.16.6-darwin-arm64/components/CPS/platforms/darwin-arm64/node_modules/@microsoft/visualstudio-projectsystem-server.darwin-arm64/Microsoft.VisualStudio.ProjectSystem.Server.Implementation.dll","fullClassName":"Microsoft.VisualStudio.ProjectSystem.Server.ProjectInitializationStatusServiceFactory"}},{"ActivationArguments":{"__servicehub__ServiceHubRemoteServiceBrokerPipeName":"/Users/MacBook/.ServiceHub/dcb6bdec4e/43900bc94f","__servicehub__RequestedServiceVersion":"0.1"},"ClientCredentials":{},"ClientCulture":"de","ClientUICulture":"de"}]}
02/14/2025 14:11:04 Mitteleuropäische Normalzeit : Information : CLR host received start request for service 'Microsoft.VisualStudio.ProjectSystem.ProjectInitializationStatusService'
02/14/2025 14:11:04 Mitteleuropäische Normalzeit : Information : Loading service module assembly '/Users/MacBook/.vscode/extensions/ms-dotnettools.csdevkit-1.16.6-darwin-arm64/components/CPS/platforms/darwin-arm64/node_modules/@microsoft/visualstudio-projectsystem-server.darwin-arm64/Microsoft.VisualStudio.ProjectSystem.Server.Implementation.dll' from '/Users/MacBook/.vscode/extensions/ms-dotnettools.csdevkit-1.16.6-darwin-arm64/components/CPS/platforms/darwin-arm64/node_modules/@microsoft/visualstudio-projectsystem-server.darwin-arm64'
02/14/2025 14:11:04 Mitteleuropäische Normalzeit : Information : Starting service module 'Microsoft.VisualStudio.ProjectSystem.ProjectInitializationStatusService'. Class: Microsoft.VisualStudio.ProjectSystem.Server.ProjectInitializationStatusServiceFactory, Supported Version: 
02/14/2025 14:11:04 Mitteleuropäische Normalzeit : Information : Started service 'Microsoft.VisualStudio.ProjectSystem.ProjectInitializationStatusService'. Pipe name: /Users/MacBook/.ServiceHub/dcb6bdec4e/df5ec5573b, Supported Version: 
02/14/2025 14:11:04 Mitteleuropäische Normalzeit : Information : hubHostClr write: Content-Length: 85

{"jsonrpc":"2.0","id":10,"result":"/Users/MacBook/.ServiceHub/dcb6bdec4e/df5ec5573b"}
02/14/2025 14:11:04 Mitteleuropäische Normalzeit : Information : A new client connected to CLR service module 'Microsoft.VisualStudio.ProjectSystem.ProjectInitializationStatusService'
02/14/2025 14:11:04 Mitteleuropäische Normalzeit : Information : Found IServiceHubServiceFactory in cache. Creating instance from the factory.
02/14/2025 14:11:04 Mitteleuropäische Normalzeit : Information : Creating service Microsoft.VisualStudio.ProjectSystem.Server.ProjectInitializationStatusServiceFactory from factory with FactoryVersion=Version2 and ClientRequestedVersion=0.1.
02/14/2025 14:11:04 Mitteleuropäische Normalzeit : Information : Setting up RPC connection for service 'Microsoft.VisualStudio.ProjectSystem.Server.ProjectInitializationStatusServiceFactory' from factory
02/14/2025 14:11:05 Mitteleuropäische Normalzeit : Information : Completed RPC connection setup for service 'Microsoft.VisualStudio.ProjectSystem.Server.ProjectInitializationStatusServiceFactory' from factory
02/16/2025 10:42:06 Mitteleuropäische Normalzeit : Information : hubHostClr read: Content-Length: 992

{"jsonrpc":"2.0","id":11,"method":"StartServiceAsync","params":[{"name":"Microsoft.VisualStudio.LaunchConfigurationService","host":"dotnet.projectSystem","hostId":"C94B8CFE-E3FD-4BAF-A941-2866DBB566FE","serviceBaseDirectory":"/Users/MacBook/.vscode/extensions/ms-dotnettools.csdevkit-1.16.6-darwin-arm64/components/CPS/platforms/darwin-arm64/node_modules/@microsoft/visualstudio-projectsystem-server.darwin-arm64","entryPoint":{"assemblyPath":"/Users/MacBook/.vscode/extensions/ms-dotnettools.csdevkit-1.16.6-darwin-arm64/components/CPS/platforms/darwin-arm64/node_modules/@microsoft/visualstudio-projectsystem-server.darwin-arm64/Microsoft.VisualStudio.ProjectSystem.Server.Implementation.dll","fullClassName":"Microsoft.VisualStudio.ProjectSystem.Server.LaunchConfigurationServiceFactory"}},{"ActivationArguments":{"__servicehub__ServiceHubRemoteServiceBrokerPipeName":"/Users/MacBook/.ServiceHub/dcb6bdec4e/a63d888615"},"ClientCredentials":{},"ClientCulture":"de","ClientUICulture":"de"}]}
02/16/2025 10:42:06 Mitteleuropäische Normalzeit : Information : CLR host received start request for service 'Microsoft.VisualStudio.LaunchConfigurationService'
02/16/2025 10:42:06 Mitteleuropäische Normalzeit : Information : Loading service module assembly '/Users/MacBook/.vscode/extensions/ms-dotnettools.csdevkit-1.16.6-darwin-arm64/components/CPS/platforms/darwin-arm64/node_modules/@microsoft/visualstudio-projectsystem-server.darwin-arm64/Microsoft.VisualStudio.ProjectSystem.Server.Implementation.dll' from '/Users/MacBook/.vscode/extensions/ms-dotnettools.csdevkit-1.16.6-darwin-arm64/components/CPS/platforms/darwin-arm64/node_modules/@microsoft/visualstudio-projectsystem-server.darwin-arm64'
02/16/2025 10:42:06 Mitteleuropäische Normalzeit : Information : Starting service module 'Microsoft.VisualStudio.LaunchConfigurationService'. Class: Microsoft.VisualStudio.ProjectSystem.Server.LaunchConfigurationServiceFactory, Supported Version: 
02/16/2025 10:42:06 Mitteleuropäische Normalzeit : Information : Started service 'Microsoft.VisualStudio.LaunchConfigurationService'. Pipe name: /Users/MacBook/.ServiceHub/dcb6bdec4e/45ae3c01a5, Supported Version: 
02/16/2025 10:42:06 Mitteleuropäische Normalzeit : Information : hubHostClr write: Content-Length: 85

{"jsonrpc":"2.0","id":11,"result":"/Users/MacBook/.ServiceHub/dcb6bdec4e/45ae3c01a5"}
02/16/2025 10:42:06 Mitteleuropäische Normalzeit : Information : A new client connected to CLR service module 'Microsoft.VisualStudio.LaunchConfigurationService'
02/16/2025 10:42:06 Mitteleuropäische Normalzeit : Information : Found IServiceHubServiceFactory in cache. Creating instance from the factory.
02/16/2025 10:42:06 Mitteleuropäische Normalzeit : Information : Creating service Microsoft.VisualStudio.ProjectSystem.Server.LaunchConfigurationServiceFactory from factory with FactoryVersion=Version2 and ClientRequestedVersion=.
02/16/2025 10:42:06 Mitteleuropäische Normalzeit : Information : Setting up RPC connection for service 'Microsoft.VisualStudio.ProjectSystem.Server.LaunchConfigurationServiceFactory' from factory
02/16/2025 10:42:06 Mitteleuropäische Normalzeit : Information : Completed RPC connection setup for service 'Microsoft.VisualStudio.ProjectSystem.Server.LaunchConfigurationServiceFactory' from factory
02/16/2025 10:42:08 Mitteleuropäische Normalzeit : Information : Checking if 'Microsoft.VisualStudio.ProjectSystem.Server.LaunchConfigurationServiceFactory' implements Microsoft.VisualStudio.Threading.IAsyncDisposable.
02/16/2025 10:42:08 Mitteleuropäische Normalzeit : Information : Checking if 'Microsoft.VisualStudio.ProjectSystem.Server.LaunchConfigurationServiceFactory' implements System.IAsyncDisposable.
02/16/2025 10:42:08 Mitteleuropäische Normalzeit : Information : Checking if 'Microsoft.VisualStudio.ProjectSystem.Server.LaunchConfigurationServiceFactory' implements System.IDisposable.
02/16/2025 10:42:08 Mitteleuropäische Normalzeit : Information : Checking if 'Microsoft.VisualStudio.ProjectSystem.Server.ProjectTreeProviderFactory' implements Microsoft.VisualStudio.Threading.IAsyncDisposable.
02/16/2025 10:42:08 Mitteleuropäische Normalzeit : Information : Checking if 'Microsoft.VisualStudio.ProjectSystem.Server.ProjectTreeProviderFactory' implements System.IAsyncDisposable.
02/16/2025 10:42:08 Mitteleuropäische Normalzeit : Information : Checking if 'Microsoft.VisualStudio.ProjectSystem.Server.ProjectTreeProviderFactory' implements System.IDisposable.
02/16/2025 10:42:08 Mitteleuropäische Normalzeit : Information : Checking if 'Microsoft.VisualStudio.ProjectSystem.Server.ProjectInitializationStatusServiceFactory' implements Microsoft.VisualStudio.Threading.IAsyncDisposable.
02/16/2025 10:42:08 Mitteleuropäische Normalzeit : Information : Checking if 'Microsoft.VisualStudio.ProjectSystem.Server.ProjectInitializationStatusServiceFactory' implements System.IAsyncDisposable.
02/16/2025 10:42:08 Mitteleuropäische Normalzeit : Information : Checking if 'Microsoft.VisualStudio.ProjectSystem.Server.ProjectInitializationStatusServiceFactory' implements System.IDisposable.
02/16/2025 10:42:08 Mitteleuropäische Normalzeit : Information : hubHostClr read: Content-Length: 58

{"jsonrpc":"2.0","id":12,"method":"ExitAsync","params":[]}
02/16/2025 10:42:08 Mitteleuropäische Normalzeit : Information : Exit command received. Exiting CLR host
02/16/2025 10:42:08 Mitteleuropäische Normalzeit : Information : hubHostClr write: Content-Length: 39

{"jsonrpc":"2.0","id":12,"result":null}
02/16/2025 10:42:08 Mitteleuropäische Normalzeit : Information : hubHostClr JSON RPC has been disposed
02/16/2025 10:42:08 Mitteleuropäische Normalzeit : Information : hubHostClr read: end of stream
02/16/2025 10:42:08 Mitteleuropäische Normalzeit : Information : Checking if 'Microsoft.VisualStudio.ProjectSystem.Server.QueryExecutionServiceFactory' implements Microsoft.VisualStudio.Threading.IAsyncDisposable.
02/16/2025 10:42:08 Mitteleuropäische Normalzeit : Information : Checking if 'Microsoft.VisualStudio.ProjectSystem.Server.ProjectIconSourceServiceFactory' implements Microsoft.VisualStudio.Threading.IAsyncDisposable.
02/16/2025 10:42:08 Mitteleuropäische Normalzeit : Information : Checking if 'Microsoft.VisualStudio.ProjectSystem.Server.QueryExecutionServiceFactory' implements System.IAsyncDisposable.
02/16/2025 10:42:08 Mitteleuropäische Normalzeit : Information : Checking if 'Microsoft.VisualStudio.ProjectSystem.Server.QueryExecutionServiceFactory' implements System.IDisposable.
02/16/2025 10:42:08 Mitteleuropäische Normalzeit : Information : Checking if 'Microsoft.VisualStudio.ProjectSystem.Server.ProjectIconSourceServiceFactory' implements System.IAsyncDisposable.
02/16/2025 10:42:08 Mitteleuropäische Normalzeit : Information : Checking if 'Microsoft.VisualStudio.ProjectSystem.Server.ProjectIconSourceServiceFactory' implements System.IDisposable.
02/16/2025 10:42:08 Mitteleuropäische Normalzeit : Information : Checking if 'Microsoft.VisualStudio.ProjectSystem.Server.QueryExecutionServiceFactory' implements Microsoft.VisualStudio.Threading.IAsyncDisposable.
02/16/2025 10:42:08 Mitteleuropäische Normalzeit : Information : Checking if 'Microsoft.VisualStudio.ProjectSystem.Server.QueryExecutionServiceFactory' implements System.IAsyncDisposable.
02/16/2025 10:42:08 Mitteleuropäische Normalzeit : Information : Checking if 'Microsoft.VisualStudio.ProjectSystem.Server.QueryExecutionServiceFactory' implements System.IDisposable.
