02/14/2025 14:11:02 Mitteleuropäische Normalzeit : Information : Local timezone is (UTC+01:00) Mitteleuropäische Zeit (Wien)
02/14/2025 14:11:02 Mitteleuropäische Normalzeit : Information : Added local RPC method "getPipe" -> Microsoft.VisualStudio.Utilities.ServiceBroker.GlobalBrokeredServiceContainer+View.GetPipeAsync(ServiceMoniker, ServiceActivationOptions, CancellationToken) (Microsoft.VisualStudio.Utilities.ServiceBroker.GlobalBrokeredServiceContainer+View)
02/14/2025 14:11:02 Mitteleuropäische Normalzeit : Information : Added local RPC method "getProxy" -> Microsoft.VisualStudio.Utilities.ServiceBroker.GlobalBrokeredServiceContainer+View.GetProxyAsync(ServiceRpcDescriptor, ServiceActivationOptions, CancellationToken) (Microsoft.VisualStudio.Utilities.ServiceBroker.GlobalBrokeredServiceContainer+View)
02/14/2025 14:11:02 Mitteleuropäische Normalzeit : Information : Added local RPC method "handshake" -> Microsoft.VisualStudio.Utilities.ServiceBroker.GlobalBrokeredServiceContainer+View.HandshakeAsync(ServiceBrokerClientMetadata, CancellationToken) (Microsoft.VisualStudio.Utilities.ServiceBroker.GlobalBrokeredServiceContainer+View)
02/14/2025 14:11:02 Mitteleuropäische Normalzeit : Information : Added local RPC method "requestServiceChannel" -> Microsoft.VisualStudio.Utilities.ServiceBroker.GlobalBrokeredServiceContainer+View.RequestServiceChannelAsync(ServiceMoniker, ServiceActivationOptions, CancellationToken) (Microsoft.VisualStudio.Utilities.ServiceBroker.GlobalBrokeredServiceContainer+View)
02/14/2025 14:11:02 Mitteleuropäische Normalzeit : Information : Added local RPC method "cancelServiceRequest" -> Microsoft.VisualStudio.Utilities.ServiceBroker.GlobalBrokeredServiceContainer+View.CancelServiceRequestAsync(Guid) (Microsoft.VisualStudio.Utilities.ServiceBroker.GlobalBrokeredServiceContainer+View)
02/14/2025 14:11:02 Mitteleuropäische Normalzeit : Information : Added local RPC method "getPipe" -> Microsoft.VisualStudio.Utilities.ServiceBroker.GlobalBrokeredServiceContainer+View.GetPipeAsync(ServiceMoniker, ServiceActivationOptions, CancellationToken) (Microsoft.VisualStudio.Utilities.ServiceBroker.GlobalBrokeredServiceContainer+View)
02/14/2025 14:11:02 Mitteleuropäische Normalzeit : Information : Added local RPC method "getProxy" -> Microsoft.VisualStudio.Utilities.ServiceBroker.GlobalBrokeredServiceContainer+View.GetProxyAsync(ServiceRpcDescriptor, ServiceActivationOptions, CancellationToken) (Microsoft.VisualStudio.Utilities.ServiceBroker.GlobalBrokeredServiceContainer+View)
02/14/2025 14:11:02 Mitteleuropäische Normalzeit : Information : Added local RPC method "handshake" -> Microsoft.VisualStudio.Utilities.ServiceBroker.GlobalBrokeredServiceContainer+View.HandshakeAsync(ServiceBrokerClientMetadata, CancellationToken) (Microsoft.VisualStudio.Utilities.ServiceBroker.GlobalBrokeredServiceContainer+View)
02/14/2025 14:11:02 Mitteleuropäische Normalzeit : Information : Added local RPC method "requestServiceChannel" -> Microsoft.VisualStudio.Utilities.ServiceBroker.GlobalBrokeredServiceContainer+View.RequestServiceChannelAsync(ServiceMoniker, ServiceActivationOptions, CancellationToken) (Microsoft.VisualStudio.Utilities.ServiceBroker.GlobalBrokeredServiceContainer+View)
02/14/2025 14:11:02 Mitteleuropäische Normalzeit : Information : Added local RPC method "cancelServiceRequest" -> Microsoft.VisualStudio.Utilities.ServiceBroker.GlobalBrokeredServiceContainer+View.CancelServiceRequestAsync(Guid) (Microsoft.VisualStudio.Utilities.ServiceBroker.GlobalBrokeredServiceContainer+View)
02/14/2025 14:11:02 Mitteleuropäische Normalzeit: Information : 2 :Listening for events from Microsoft.VisualStudio.Utilities.ServiceBroker.GlobalBrokeredServiceContainer+View.AvailabilityChanged to raise notification.
02/14/2025 14:11:02 Mitteleuropäische Normalzeit: Information : 3 :Listening started.
02/14/2025 14:11:02 Mitteleuropäische Normalzeit: Information : 7 :{"id":2,"method":"handshake"}
02/14/2025 14:11:02 Mitteleuropäische Normalzeit: Information : 6 :Received request "2" for method "handshake".
02/14/2025 14:11:02 Mitteleuropäische Normalzeit: Information : 9 :Invoking Microsoft.VisualStudio.Utilities.ServiceBroker.GlobalBrokeredServiceContainer+View.HandshakeAsync(ServiceBrokerClientMetadata, CancellationToken)
02/14/2025 14:11:02 Mitteleuropäische Normalzeit : Start : handshake
02/14/2025 14:11:02 Mitteleuropäische Normalzeit : Stop : handshake
02/14/2025 14:11:02 Mitteleuropäische Normalzeit: Information : 8 :{"id":2}
02/14/2025 14:11:02 Mitteleuropäische Normalzeit: Information : 7 :{"id":3,"method":"requestServiceChannel"}
02/14/2025 14:11:02 Mitteleuropäische Normalzeit: Information : 6 :Received request "3" for method "requestServiceChannel".
02/14/2025 14:11:02 Mitteleuropäische Normalzeit: Information : 9 :Invoking Microsoft.VisualStudio.Utilities.ServiceBroker.GlobalBrokeredServiceContainer+View.RequestServiceChannelAsync(ServiceMoniker, ServiceActivationOptions, CancellationToken)
02/14/2025 14:11:02 Mitteleuropäische Normalzeit : Start : requestServiceChannel
02/14/2025 14:11:02 Mitteleuropäische Normalzeit : Stop : requestServiceChannel
02/14/2025 14:11:02 Mitteleuropäische Normalzeit: Information : 8 :{"id":3}
02/14/2025 14:11:02 Mitteleuropäische Normalzeit: Information : 7 :{"id":4,"method":"requestServiceChannel"}
02/14/2025 14:11:02 Mitteleuropäische Normalzeit: Information : 6 :Received request "4" for method "requestServiceChannel".
02/14/2025 14:11:02 Mitteleuropäische Normalzeit: Information : 9 :Invoking Microsoft.VisualStudio.Utilities.ServiceBroker.GlobalBrokeredServiceContainer+View.RequestServiceChannelAsync(ServiceMoniker, ServiceActivationOptions, CancellationToken)
02/14/2025 14:11:02 Mitteleuropäische Normalzeit : Start : requestServiceChannel
02/14/2025 14:11:02 Mitteleuropäische Normalzeit: Information : 7 :{"id":5,"method":"requestServiceChannel"}
02/14/2025 14:11:02 Mitteleuropäische Normalzeit: Information : 6 :Received request "5" for method "requestServiceChannel".
02/14/2025 14:11:02 Mitteleuropäische Normalzeit: Information : 9 :Invoking Microsoft.VisualStudio.Utilities.ServiceBroker.GlobalBrokeredServiceContainer+View.RequestServiceChannelAsync(ServiceMoniker, ServiceActivationOptions, CancellationToken)
02/14/2025 14:11:02 Mitteleuropäische Normalzeit : Start : requestServiceChannel
02/14/2025 14:11:02 Mitteleuropäische Normalzeit : Stop : requestServiceChannel
02/14/2025 14:11:02 Mitteleuropäische Normalzeit: Information : 8 :{"id":4}
02/14/2025 14:11:02 Mitteleuropäische Normalzeit : Stop : requestServiceChannel
02/14/2025 14:11:02 Mitteleuropäische Normalzeit: Information : 8 :{"id":5}
02/14/2025 14:11:03 Mitteleuropäische Normalzeit: Information : 7 :{"id":6,"method":"requestServiceChannel"}
02/14/2025 14:11:03 Mitteleuropäische Normalzeit: Information : 6 :Received request "6" for method "requestServiceChannel".
02/14/2025 14:11:03 Mitteleuropäische Normalzeit: Information : 9 :Invoking Microsoft.VisualStudio.Utilities.ServiceBroker.GlobalBrokeredServiceContainer+View.RequestServiceChannelAsync(ServiceMoniker, ServiceActivationOptions, CancellationToken)
02/14/2025 14:11:03 Mitteleuropäische Normalzeit : Start : requestServiceChannel
02/14/2025 14:11:03 Mitteleuropäische Normalzeit: Information : 7 :{"id":7,"method":"requestServiceChannel"}
02/14/2025 14:11:03 Mitteleuropäische Normalzeit: Information : 6 :Received request "7" for method "requestServiceChannel".
02/14/2025 14:11:03 Mitteleuropäische Normalzeit : Stop : requestServiceChannel
02/14/2025 14:11:03 Mitteleuropäische Normalzeit: Information : 9 :Invoking Microsoft.VisualStudio.Utilities.ServiceBroker.GlobalBrokeredServiceContainer+View.RequestServiceChannelAsync(ServiceMoniker, ServiceActivationOptions, CancellationToken)
02/14/2025 14:11:03 Mitteleuropäische Normalzeit: Information : 8 :{"id":6}
02/14/2025 14:11:03 Mitteleuropäische Normalzeit : Start : requestServiceChannel
02/14/2025 14:11:03 Mitteleuropäische Normalzeit : Stop : requestServiceChannel
02/14/2025 14:11:03 Mitteleuropäische Normalzeit: Information : 8 :{"id":7}
02/14/2025 14:11:03 Mitteleuropäische Normalzeit: Information : 7 :{"id":8,"method":"requestServiceChannel"}
02/14/2025 14:11:03 Mitteleuropäische Normalzeit: Information : 6 :Received request "8" for method "requestServiceChannel".
02/14/2025 14:11:03 Mitteleuropäische Normalzeit: Information : 9 :Invoking Microsoft.VisualStudio.Utilities.ServiceBroker.GlobalBrokeredServiceContainer+View.RequestServiceChannelAsync(ServiceMoniker, ServiceActivationOptions, CancellationToken)
02/14/2025 14:11:03 Mitteleuropäische Normalzeit : Transfer : Transfer, relatedActivityId=2545a8fb-e305-4d08-89ad-0f68b3a1b4ac
02/14/2025 14:11:03 Mitteleuropäische Normalzeit : Start : requestServiceChannel
02/14/2025 14:11:03 Mitteleuropäische Normalzeit : Stop : requestServiceChannel
02/14/2025 14:11:03 Mitteleuropäische Normalzeit : Transfer : Transfer, relatedActivityId=527a671f-2d29-49ae-b864-a775aca7c81d
02/14/2025 14:11:03 Mitteleuropäische Normalzeit: Information : 8 :{"id":8}
02/14/2025 14:11:04 Mitteleuropäische Normalzeit: Information : 7 :{"id":9,"method":"requestServiceChannel"}
02/14/2025 14:11:04 Mitteleuropäische Normalzeit: Information : 6 :Received request "9" for method "requestServiceChannel".
02/14/2025 14:11:04 Mitteleuropäische Normalzeit: Information : 9 :Invoking Microsoft.VisualStudio.Utilities.ServiceBroker.GlobalBrokeredServiceContainer+View.RequestServiceChannelAsync(ServiceMoniker, ServiceActivationOptions, CancellationToken)
02/14/2025 14:11:04 Mitteleuropäische Normalzeit : Start : requestServiceChannel
02/14/2025 14:11:04 Mitteleuropäische Normalzeit : Stop : requestServiceChannel
02/14/2025 14:11:04 Mitteleuropäische Normalzeit: Information : 8 :{"id":9}
02/14/2025 14:11:04 Mitteleuropäische Normalzeit: Information : 7 :{"id":10,"method":"requestServiceChannel"}
02/14/2025 14:11:04 Mitteleuropäische Normalzeit: Information : 6 :Received request "10" for method "requestServiceChannel".
02/14/2025 14:11:04 Mitteleuropäische Normalzeit: Information : 9 :Invoking Microsoft.VisualStudio.Utilities.ServiceBroker.GlobalBrokeredServiceContainer+View.RequestServiceChannelAsync(ServiceMoniker, ServiceActivationOptions, CancellationToken)
02/14/2025 14:11:04 Mitteleuropäische Normalzeit : Start : requestServiceChannel
02/14/2025 14:11:05 Mitteleuropäische Normalzeit: Information : 7 :{"id":11,"method":"requestServiceChannel"}
02/14/2025 14:11:05 Mitteleuropäische Normalzeit: Information : 6 :Received request "11" for method "requestServiceChannel".
02/14/2025 14:11:05 Mitteleuropäische Normalzeit: Information : 9 :Invoking Microsoft.VisualStudio.Utilities.ServiceBroker.GlobalBrokeredServiceContainer+View.RequestServiceChannelAsync(ServiceMoniker, ServiceActivationOptions, CancellationToken)
02/14/2025 14:11:05 Mitteleuropäische Normalzeit : Start : requestServiceChannel
02/14/2025 14:11:05 Mitteleuropäische Normalzeit : Stop : requestServiceChannel
02/14/2025 14:11:05 Mitteleuropäische Normalzeit: Information : 8 :{"id":11}
02/14/2025 14:11:05 Mitteleuropäische Normalzeit : Stop : requestServiceChannel
02/14/2025 14:11:05 Mitteleuropäische Normalzeit: Information : 8 :{"id":10}
02/14/2025 14:11:06 Mitteleuropäische Normalzeit: Information : 7 :{"id":12,"method":"requestServiceChannel"}
02/14/2025 14:11:06 Mitteleuropäische Normalzeit: Information : 6 :Received request "12" for method "requestServiceChannel".
02/14/2025 14:11:06 Mitteleuropäische Normalzeit: Information : 9 :Invoking Microsoft.VisualStudio.Utilities.ServiceBroker.GlobalBrokeredServiceContainer+View.RequestServiceChannelAsync(ServiceMoniker, ServiceActivationOptions, CancellationToken)
02/14/2025 14:11:06 Mitteleuropäische Normalzeit : Start : requestServiceChannel
02/14/2025 14:11:06 Mitteleuropäische Normalzeit : Stop : requestServiceChannel
02/14/2025 14:11:06 Mitteleuropäische Normalzeit: Information : 8 :{"id":12}
02/14/2025 14:11:06 Mitteleuropäische Normalzeit: Information : 7 :{"id":13,"method":"requestServiceChannel"}
02/14/2025 14:11:06 Mitteleuropäische Normalzeit: Information : 6 :Received request "13" for method "requestServiceChannel".
02/14/2025 14:11:06 Mitteleuropäische Normalzeit: Information : 9 :Invoking Microsoft.VisualStudio.Utilities.ServiceBroker.GlobalBrokeredServiceContainer+View.RequestServiceChannelAsync(ServiceMoniker, ServiceActivationOptions, CancellationToken)
02/14/2025 14:11:06 Mitteleuropäische Normalzeit : Start : requestServiceChannel
02/14/2025 14:11:06 Mitteleuropäische Normalzeit : Stop : requestServiceChannel
02/14/2025 14:11:06 Mitteleuropäische Normalzeit: Information : 8 :{"id":13}
