03/22/2025 16:12:55 Mitteleuropäische Normalzeit : Information : Local timezone is (UTC+01:00) Mitteleuropäische Zeit (Wien)
03/22/2025 16:12:55 Mitteleuropäische Normalzeit : Information : Added local RPC method "getPipe" -> Microsoft.VisualStudio.Utilities.ServiceBroker.GlobalBrokeredServiceContainer+View.GetPipeAsync(ServiceMoniker, ServiceActivationOptions, CancellationToken) (Microsoft.VisualStudio.Utilities.ServiceBroker.GlobalBrokeredServiceContainer+View)
03/22/2025 16:12:55 Mitteleuropäische Normalzeit : Information : Added local RPC method "getProxy" -> Microsoft.VisualStudio.Utilities.ServiceBroker.GlobalBrokeredServiceContainer+View.GetProxyAsync(ServiceRpcDescriptor, ServiceActivationOptions, CancellationToken) (Microsoft.VisualStudio.Utilities.ServiceBroker.GlobalBrokeredServiceContainer+View)
03/22/2025 16:12:55 Mitteleuropäische Normalzeit : Information : Added local RPC method "handshake" -> Microsoft.VisualStudio.Utilities.ServiceBroker.GlobalBrokeredServiceContainer+View.HandshakeAsync(ServiceBrokerClientMetadata, CancellationToken) (Microsoft.VisualStudio.Utilities.ServiceBroker.GlobalBrokeredServiceContainer+View)
03/22/2025 16:12:55 Mitteleuropäische Normalzeit : Information : Added local RPC method "requestServiceChannel" -> Microsoft.VisualStudio.Utilities.ServiceBroker.GlobalBrokeredServiceContainer+View.RequestServiceChannelAsync(ServiceMoniker, ServiceActivationOptions, CancellationToken) (Microsoft.VisualStudio.Utilities.ServiceBroker.GlobalBrokeredServiceContainer+View)
03/22/2025 16:12:55 Mitteleuropäische Normalzeit : Information : Added local RPC method "cancelServiceRequest" -> Microsoft.VisualStudio.Utilities.ServiceBroker.GlobalBrokeredServiceContainer+View.CancelServiceRequestAsync(Guid) (Microsoft.VisualStudio.Utilities.ServiceBroker.GlobalBrokeredServiceContainer+View)
03/22/2025 16:12:55 Mitteleuropäische Normalzeit : Information : Added local RPC method "getPipe" -> Microsoft.VisualStudio.Utilities.ServiceBroker.GlobalBrokeredServiceContainer+View.GetPipeAsync(ServiceMoniker, ServiceActivationOptions, CancellationToken) (Microsoft.VisualStudio.Utilities.ServiceBroker.GlobalBrokeredServiceContainer+View)
03/22/2025 16:12:55 Mitteleuropäische Normalzeit : Information : Added local RPC method "getProxy" -> Microsoft.VisualStudio.Utilities.ServiceBroker.GlobalBrokeredServiceContainer+View.GetProxyAsync(ServiceRpcDescriptor, ServiceActivationOptions, CancellationToken) (Microsoft.VisualStudio.Utilities.ServiceBroker.GlobalBrokeredServiceContainer+View)
03/22/2025 16:12:55 Mitteleuropäische Normalzeit : Information : Added local RPC method "handshake" -> Microsoft.VisualStudio.Utilities.ServiceBroker.GlobalBrokeredServiceContainer+View.HandshakeAsync(ServiceBrokerClientMetadata, CancellationToken) (Microsoft.VisualStudio.Utilities.ServiceBroker.GlobalBrokeredServiceContainer+View)
03/22/2025 16:12:55 Mitteleuropäische Normalzeit : Information : Added local RPC method "requestServiceChannel" -> Microsoft.VisualStudio.Utilities.ServiceBroker.GlobalBrokeredServiceContainer+View.RequestServiceChannelAsync(ServiceMoniker, ServiceActivationOptions, CancellationToken) (Microsoft.VisualStudio.Utilities.ServiceBroker.GlobalBrokeredServiceContainer+View)
03/22/2025 16:12:55 Mitteleuropäische Normalzeit : Information : Added local RPC method "cancelServiceRequest" -> Microsoft.VisualStudio.Utilities.ServiceBroker.GlobalBrokeredServiceContainer+View.CancelServiceRequestAsync(Guid) (Microsoft.VisualStudio.Utilities.ServiceBroker.GlobalBrokeredServiceContainer+View)
03/22/2025 16:12:55 Mitteleuropäische Normalzeit: Information : 2 :Listening for events from Microsoft.VisualStudio.Utilities.ServiceBroker.GlobalBrokeredServiceContainer+View.AvailabilityChanged to raise notification.
03/22/2025 16:12:55 Mitteleuropäische Normalzeit: Information : 3 :Listening started.
03/22/2025 16:12:55 Mitteleuropäische Normalzeit: Information : 7 :{"id":2,"method":"handshake"}
03/22/2025 16:12:55 Mitteleuropäische Normalzeit: Information : 6 :Received request "2" for method "handshake".
03/22/2025 16:12:55 Mitteleuropäische Normalzeit: Information : 9 :Invoking Microsoft.VisualStudio.Utilities.ServiceBroker.GlobalBrokeredServiceContainer+View.HandshakeAsync(ServiceBrokerClientMetadata, CancellationToken)
03/22/2025 16:12:55 Mitteleuropäische Normalzeit : Start : handshake
03/22/2025 16:12:55 Mitteleuropäische Normalzeit : Stop : handshake
03/22/2025 16:12:55 Mitteleuropäische Normalzeit: Information : 8 :{"id":2}
03/22/2025 16:12:55 Mitteleuropäische Normalzeit: Information : 7 :{"id":3,"method":"requestServiceChannel"}
03/22/2025 16:12:55 Mitteleuropäische Normalzeit: Information : 6 :Received request "3" for method "requestServiceChannel".
03/22/2025 16:12:55 Mitteleuropäische Normalzeit: Information : 9 :Invoking Microsoft.VisualStudio.Utilities.ServiceBroker.GlobalBrokeredServiceContainer+View.RequestServiceChannelAsync(ServiceMoniker, ServiceActivationOptions, CancellationToken)
03/22/2025 16:12:55 Mitteleuropäische Normalzeit : Start : requestServiceChannel
03/22/2025 16:12:55 Mitteleuropäische Normalzeit : Stop : requestServiceChannel
03/22/2025 16:12:55 Mitteleuropäische Normalzeit: Information : 8 :{"id":3}
03/22/2025 16:12:55 Mitteleuropäische Normalzeit: Information : 7 :{"id":4,"method":"requestServiceChannel"}
03/22/2025 16:12:55 Mitteleuropäische Normalzeit: Information : 6 :Received request "4" for method "requestServiceChannel".
03/22/2025 16:12:55 Mitteleuropäische Normalzeit: Information : 9 :Invoking Microsoft.VisualStudio.Utilities.ServiceBroker.GlobalBrokeredServiceContainer+View.RequestServiceChannelAsync(ServiceMoniker, ServiceActivationOptions, CancellationToken)
03/22/2025 16:12:55 Mitteleuropäische Normalzeit : Transfer : Transfer, relatedActivityId=2cb7189b-111f-4ea9-ae15-10ba43c8602b
03/22/2025 16:12:55 Mitteleuropäische Normalzeit : Start : requestServiceChannel
03/22/2025 16:12:55 Mitteleuropäische Normalzeit : Stop : requestServiceChannel
03/22/2025 16:12:55 Mitteleuropäische Normalzeit : Transfer : Transfer, relatedActivityId=f564036d-6d90-4d92-850c-8fc2663cb682
03/22/2025 16:12:55 Mitteleuropäische Normalzeit: Information : 8 :{"id":4}
03/22/2025 16:12:55 Mitteleuropäische Normalzeit: Information : 7 :{"id":5,"method":"requestServiceChannel"}
03/22/2025 16:12:55 Mitteleuropäische Normalzeit: Information : 6 :Received request "5" for method "requestServiceChannel".
03/22/2025 16:12:55 Mitteleuropäische Normalzeit: Information : 9 :Invoking Microsoft.VisualStudio.Utilities.ServiceBroker.GlobalBrokeredServiceContainer+View.RequestServiceChannelAsync(ServiceMoniker, ServiceActivationOptions, CancellationToken)
03/22/2025 16:12:55 Mitteleuropäische Normalzeit : Transfer : Transfer, relatedActivityId=8e3f50a0-f7c1-4322-ab07-6acfa42b3c80
03/22/2025 16:12:55 Mitteleuropäische Normalzeit : Start : requestServiceChannel
03/22/2025 16:12:55 Mitteleuropäische Normalzeit : Stop : requestServiceChannel
03/22/2025 16:12:55 Mitteleuropäische Normalzeit : Transfer : Transfer, relatedActivityId=f564036d-6d90-4d92-850c-8fc2663cb682
03/22/2025 16:12:55 Mitteleuropäische Normalzeit: Information : 8 :{"id":5}
