03/22/2025 15:14:31 Mitteleuropäische Normalzeit : Information : Local timezone is (UTC+01:00) Mitteleuropäische Zeit (Wien)
03/22/2025 15:14:31 Mitteleuropäische Normalzeit : Information : Added local RPC method "getPipe" -> Microsoft.VisualStudio.Utilities.ServiceBroker.GlobalBrokeredServiceContainer+View.GetPipeAsync(ServiceMoniker, ServiceActivationOptions, CancellationToken) (Microsoft.VisualStudio.Utilities.ServiceBroker.GlobalBrokeredServiceContainer+View)
03/22/2025 15:14:31 Mitteleuropäische Normalzeit : Information : Added local RPC method "getProxy" -> Microsoft.VisualStudio.Utilities.ServiceBroker.GlobalBrokeredServiceContainer+View.GetProxyAsync(ServiceRpcDescriptor, ServiceActivationOptions, CancellationToken) (Microsoft.VisualStudio.Utilities.ServiceBroker.GlobalBrokeredServiceContainer+View)
03/22/2025 15:14:31 Mitteleuropäische Normalzeit : Information : Added local RPC method "handshake" -> Microsoft.VisualStudio.Utilities.ServiceBroker.GlobalBrokeredServiceContainer+View.HandshakeAsync(ServiceBrokerClientMetadata, CancellationToken) (Microsoft.VisualStudio.Utilities.ServiceBroker.GlobalBrokeredServiceContainer+View)
03/22/2025 15:14:31 Mitteleuropäische Normalzeit : Information : Added local RPC method "requestServiceChannel" -> Microsoft.VisualStudio.Utilities.ServiceBroker.GlobalBrokeredServiceContainer+View.RequestServiceChannelAsync(ServiceMoniker, ServiceActivationOptions, CancellationToken) (Microsoft.VisualStudio.Utilities.ServiceBroker.GlobalBrokeredServiceContainer+View)
03/22/2025 15:14:31 Mitteleuropäische Normalzeit : Information : Added local RPC method "cancelServiceRequest" -> Microsoft.VisualStudio.Utilities.ServiceBroker.GlobalBrokeredServiceContainer+View.CancelServiceRequestAsync(Guid) (Microsoft.VisualStudio.Utilities.ServiceBroker.GlobalBrokeredServiceContainer+View)
03/22/2025 15:14:31 Mitteleuropäische Normalzeit : Information : Added local RPC method "getPipe" -> Microsoft.VisualStudio.Utilities.ServiceBroker.GlobalBrokeredServiceContainer+View.GetPipeAsync(ServiceMoniker, ServiceActivationOptions, CancellationToken) (Microsoft.VisualStudio.Utilities.ServiceBroker.GlobalBrokeredServiceContainer+View)
03/22/2025 15:14:31 Mitteleuropäische Normalzeit : Information : Added local RPC method "getProxy" -> Microsoft.VisualStudio.Utilities.ServiceBroker.GlobalBrokeredServiceContainer+View.GetProxyAsync(ServiceRpcDescriptor, ServiceActivationOptions, CancellationToken) (Microsoft.VisualStudio.Utilities.ServiceBroker.GlobalBrokeredServiceContainer+View)
03/22/2025 15:14:31 Mitteleuropäische Normalzeit : Information : Added local RPC method "handshake" -> Microsoft.VisualStudio.Utilities.ServiceBroker.GlobalBrokeredServiceContainer+View.HandshakeAsync(ServiceBrokerClientMetadata, CancellationToken) (Microsoft.VisualStudio.Utilities.ServiceBroker.GlobalBrokeredServiceContainer+View)
03/22/2025 15:14:31 Mitteleuropäische Normalzeit : Information : Added local RPC method "requestServiceChannel" -> Microsoft.VisualStudio.Utilities.ServiceBroker.GlobalBrokeredServiceContainer+View.RequestServiceChannelAsync(ServiceMoniker, ServiceActivationOptions, CancellationToken) (Microsoft.VisualStudio.Utilities.ServiceBroker.GlobalBrokeredServiceContainer+View)
03/22/2025 15:14:31 Mitteleuropäische Normalzeit : Information : Added local RPC method "cancelServiceRequest" -> Microsoft.VisualStudio.Utilities.ServiceBroker.GlobalBrokeredServiceContainer+View.CancelServiceRequestAsync(Guid) (Microsoft.VisualStudio.Utilities.ServiceBroker.GlobalBrokeredServiceContainer+View)
03/22/2025 15:14:31 Mitteleuropäische Normalzeit: Information : 2 :Listening for events from Microsoft.VisualStudio.Utilities.ServiceBroker.GlobalBrokeredServiceContainer+View.AvailabilityChanged to raise notification.
03/22/2025 15:14:31 Mitteleuropäische Normalzeit: Information : 3 :Listening started.
03/22/2025 15:14:31 Mitteleuropäische Normalzeit: Information : 7 :{"id":2,"method":"handshake"}
03/22/2025 15:14:31 Mitteleuropäische Normalzeit: Information : 6 :Received request "2" for method "handshake".
03/22/2025 15:14:31 Mitteleuropäische Normalzeit: Information : 9 :Invoking Microsoft.VisualStudio.Utilities.ServiceBroker.GlobalBrokeredServiceContainer+View.HandshakeAsync(ServiceBrokerClientMetadata, CancellationToken)
03/22/2025 15:14:31 Mitteleuropäische Normalzeit : Start : handshake
03/22/2025 15:14:31 Mitteleuropäische Normalzeit : Stop : handshake
03/22/2025 15:14:31 Mitteleuropäische Normalzeit: Information : 8 :{"id":2}
03/22/2025 15:14:31 Mitteleuropäische Normalzeit: Information : 7 :{"id":3,"method":"requestServiceChannel"}
03/22/2025 15:14:31 Mitteleuropäische Normalzeit: Information : 6 :Received request "3" for method "requestServiceChannel".
03/22/2025 15:14:31 Mitteleuropäische Normalzeit: Information : 9 :Invoking Microsoft.VisualStudio.Utilities.ServiceBroker.GlobalBrokeredServiceContainer+View.RequestServiceChannelAsync(ServiceMoniker, ServiceActivationOptions, CancellationToken)
03/22/2025 15:14:31 Mitteleuropäische Normalzeit : Start : requestServiceChannel
03/22/2025 15:14:31 Mitteleuropäische Normalzeit : Stop : requestServiceChannel
03/22/2025 15:14:31 Mitteleuropäische Normalzeit: Information : 8 :{"id":3}
03/22/2025 15:14:31 Mitteleuropäische Normalzeit: Information : 7 :{"id":4,"method":"requestServiceChannel"}
03/22/2025 15:14:31 Mitteleuropäische Normalzeit: Information : 6 :Received request "4" for method "requestServiceChannel".
03/22/2025 15:14:31 Mitteleuropäische Normalzeit: Information : 9 :Invoking Microsoft.VisualStudio.Utilities.ServiceBroker.GlobalBrokeredServiceContainer+View.RequestServiceChannelAsync(ServiceMoniker, ServiceActivationOptions, CancellationToken)
03/22/2025 15:14:31 Mitteleuropäische Normalzeit : Transfer : Transfer, relatedActivityId=5ec814f3-20ff-4959-8dcd-2e281ebebe21
03/22/2025 15:14:31 Mitteleuropäische Normalzeit : Start : requestServiceChannel
03/22/2025 15:14:31 Mitteleuropäische Normalzeit : Stop : requestServiceChannel
03/22/2025 15:14:31 Mitteleuropäische Normalzeit : Transfer : Transfer, relatedActivityId=7b3abb2a-97da-4c2f-9152-2655609b79ca
03/22/2025 15:14:31 Mitteleuropäische Normalzeit: Information : 8 :{"id":4}
03/22/2025 15:14:31 Mitteleuropäische Normalzeit: Information : 7 :{"id":5,"method":"requestServiceChannel"}
03/22/2025 15:14:31 Mitteleuropäische Normalzeit: Information : 6 :Received request "5" for method "requestServiceChannel".
03/22/2025 15:14:31 Mitteleuropäische Normalzeit: Information : 9 :Invoking Microsoft.VisualStudio.Utilities.ServiceBroker.GlobalBrokeredServiceContainer+View.RequestServiceChannelAsync(ServiceMoniker, ServiceActivationOptions, CancellationToken)
03/22/2025 15:14:31 Mitteleuropäische Normalzeit : Transfer : Transfer, relatedActivityId=bb8dc581-3e97-49e2-be16-4f1c9e29d11b
03/22/2025 15:14:31 Mitteleuropäische Normalzeit : Start : requestServiceChannel
03/22/2025 15:14:31 Mitteleuropäische Normalzeit : Stop : requestServiceChannel
03/22/2025 15:14:31 Mitteleuropäische Normalzeit : Transfer : Transfer, relatedActivityId=7b3abb2a-97da-4c2f-9152-2655609b79ca
03/22/2025 15:14:31 Mitteleuropäische Normalzeit: Information : 8 :{"id":5}
