03/22/2025 12:44:43 Mitteleuropäische Normalzeit : Information : Local timezone is (UTC+01:00) Mitteleuropäische Zeit (Wien)
03/22/2025 12:44:45 Mitteleuropäische Normalzeit : Information : VsHubClient-hubController write: Content-Length: 109

{"jsonrpc":"2.0","id":2,"method":"UpdateClientInfoAsync","params":[{"clientName":"VsHubClient","pid":66610}]}
03/22/2025 12:44:46 Mitteleuropäische Normalzeit : Information : VsHubClient-hubController read: Content-Length: 443

{"jsonrpc":"2.0","id":2,"result":{"ClientWatchServerName":"net.pipe://66625F3118","ControllerConfig":{"Executable":"/Users/MacBook/.vscode/extensions/ms-dotnettools.csdevkit-1.16.6-darwin-arm64/components/vs-green-server/platforms/darwin-arm64/node_modules/@microsoft/servicehub-controller-net60.darwin-arm64/Microsoft.ServiceHub.Controller","Args":["74903abc6a"],"PipeName":"74903abc6a"},"HostsConfig":{"RootDir":".","AppConfigFallback":""}}}
03/22/2025 12:44:46 Mitteleuropäische Normalzeit : Information : Connected to Hub Controller's client watch 'net.pipe://66625F3118
03/22/2025 12:44:46 Mitteleuropäische Normalzeit : Information : VsHubClient-hubController write: Content-Length: 109

{"jsonrpc":"2.0","id":2,"method":"UpdateClientInfoAsync","params":[{"clientName":"VsHubClient","pid":66610}]}
03/22/2025 12:44:46 Mitteleuropäische Normalzeit : Information : VsHubClient-hubController read: Content-Length: 443

{"jsonrpc":"2.0","id":2,"result":{"ClientWatchServerName":"net.pipe://66625F3118","ControllerConfig":{"Executable":"/Users/MacBook/.vscode/extensions/ms-dotnettools.csdevkit-1.16.6-darwin-arm64/components/vs-green-server/platforms/darwin-arm64/node_modules/@microsoft/servicehub-controller-net60.darwin-arm64/Microsoft.ServiceHub.Controller","Args":["74903abc6a"],"PipeName":"74903abc6a"},"HostsConfig":{"RootDir":".","AppConfigFallback":""}}}
03/22/2025 12:44:46 Mitteleuropäische Normalzeit : Information : VsHubClient-hubController write: Content-Length: 16418


03/22/2025 12:44:46 Mitteleuropäische Normalzeit : Information : VsHubClient-hubController write: {"jsonrpc":"2.0","id":3,"method":"RegisterServicesAsync","params":[{"Microsoft.VisualStudio.CpsProjectIconSourceService":{"host":"dotnet.projectSystem","hostId":"C94B8CFE-E3FD-4BAF-A941-2866DBB566FE","serviceBaseDirectory":"/Users/MacBook/.vscode/extensions/ms-dotnettools.csdevkit-1.16.6-darwin-arm64/components/CPS/platforms/darwin-arm64/node_modules/@microsoft/visualstudio-projectsystem-server.darwin-arm64","entryPoint":{"assemblyPath":"/Users/MacBook/.vscode/extensions/ms-dotnettools.csdevkit-1.16.6-darwin-arm64/components/CPS/platforms/darwin-arm64/node_modules/@microsoft/visualstudio-projectsystem-server.darwin-arm64/Microsoft.VisualStudio.ProjectSystem.Server.Implementation.dll","fullClassName":"Microsoft.VisualStudio.ProjectSystem.Server.ProjectIconSourceServiceFactory"}},"Microsoft.VisualStudio.LaunchConfigurationService":{"host":"dotnet.projectSystem","hostId":"C94B8CFE-E3FD-4BAF-A941-2866DBB566FE","serviceBaseDirectory":"/Users/MacBook/.vscode/extensions/ms-dotnettools.csdevkit-1.16.6-darwin-arm64/components/CPS/platforms/darwin-arm64/node_modules/@microsoft/visualstudio-projectsystem-server.darwin-arm64","entryPoint":{"assemblyPath":"/Users/MacBook/.vscode/extensions/ms-dotnettools.csdevkit-1.16.6-darwin-arm64/components/CPS/platforms/darwin-arm64/node_modules/@microsoft/visualstudio-projectsystem-server.darwin-arm64/Microsoft.VisualStudio.ProjectSystem.Server.Implementation.dll","fullClassName":"Microsoft.VisualStudio.ProjectSystem.Server.LaunchConfigurationServiceFactory"}},"Microsoft.VisualStudio.ProjectSystem.CompositionService":{"host":"dotnet.projectSystem","hostId":"C94B8CFE-E3FD-4BAF-A941-2866DBB566FE","serviceBaseDirectory":"/Users/MacBook/.vscode/extensions/ms-dotnettools.csdevkit-1.16.6-darwin-arm64/components/CPS/platforms/darwin-arm64/node_modules/@microsoft/visualstudio-projectsystem-server.darwin-arm64","entryPoint":{"assemblyPath":"/Users/MacBook/.vscode/extensions/ms-dotnettools.csdevkit-1.16.6-darwin-arm64/components/CPS/platforms/darwin-arm64/node_modules/@microsoft/visualstudio-projectsystem-server.darwin-arm64/Microsoft.VisualStudio.ProjectSystem.Server.Implementation.dll","fullClassName":"Microsoft.VisualStudio.ProjectSystem.Server.CompositionServiceFactory"}},"Microsoft.VisualStudio.ProjectSystem.ProjectInitializationStatusService":{"host":"dotnet.projectSystem","hostId":"C94B8CFE-E3FD-4BAF-A941-2866DBB566FE","serviceBaseDirectory":"/Users/MacBook/.vscode/extensions/ms-dotnettools.csdevkit-1.16.6-darwin-arm64/components/CPS/platforms/darwin-arm64/node_modules/@microsoft/visualstudio-projectsystem-server.darwin-arm64","entryPoint":{"assemblyPath":"/Users/MacBook/.vscode/extensions/ms-dotnettools.csdevkit-1.16.6-darwin-arm64/components/CPS/platforms/darwin-arm64/node_modules/@microsoft/visualstudio-projectsystem-server.darwin-arm64/Microsoft.VisualStudio.ProjectSystem.Server.Implementation.dll","fullClassName":"Microsoft.VisualStudio.ProjectSystem.Server.ProjectInitializationStatusServiceFactory"}},"Microsoft.VisualStudio.ProjectSystem.ProjectTreeProvider":{"host":"dotnet.projectSystem","hostId":"C94B8CFE-E3FD-4BAF-A941-2866DBB566FE","serviceBaseDirectory":"/Users/MacBook/.vscode/extensions/ms-dotnettools.csdevkit-1.16.6-darwin-arm64/components/CPS/platforms/darwin-arm64/node_modules/@microsoft/visualstudio-projectsystem-server.darwin-arm64","entryPoint":{"assemblyPath":"/Users/MacBook/.vscode/extensions/ms-dotnettools.csdevkit-1.16.6-darwin-arm64/components/CPS/platforms/darwin-arm64/node_modules/@microsoft/visualstudio-projectsystem-server.darwin-arm64/Microsoft.VisualStudio.ProjectSystem.Server.Implementation.dll","fullClassName":"Microsoft.VisualStudio.ProjectSystem.Server.ProjectTreeProviderFactory"}},"Microsoft.VisualStudio.ProjectSystem.Query.Remoting.QueryExecutionService":{"host":"dotnet.projectSystem","hostId":"C94B8CFE-E3FD-4BAF-A941-2866DBB566FE","serviceBaseDirectory":"/Users/MacBook/.vscode/extensions/ms-dotnettools.csdevkit-1.16.6-darwin-arm64/components/CPS/platforms/darwin-arm64/node_modules/@microsoft/visualstudio-projectsystem-server.darwin-arm64","entryPoint":{"assemblyPath":"/Users/MacBook/.vscode/extensions/ms-dotnettools.csdevkit-1.16.6-darwin-arm64/components/CPS/platforms/darwin-arm64/node_modules/@microsoft/visualstudio-projectsystem-server.darwin-arm64/Microsoft.VisualStudio.ProjectSystem.Server.Implementation.dll","fullClassName":"Microsoft.VisualStudio.ProjectSystem.Server.QueryExecutionServiceFactory"}},"Microsoft.VisualStudio.Debugger.AspireSessionSynchronizeService":{"host":"dotnet","hostId":"C94B8CFE-E3FD-4BAF-A941-2866DBB566FE","serviceBaseDirectory":"/Users/MacBook/.vscode/extensions/ms-dotnettools.csdevkit-1.16.6-darwin-arm64/components/VSDebugCore/platforms/darwin-arm64/node_modules/@microsoft/visualstudio-debugger-devkit.darwin-arm64","entryPoint":{"assemblyPath":"/Users/MacBook/.vscode/extensions/ms-dotnettools.csdevkit-1.16.6-darwin-arm64/components/VSDebugCore/platforms/darwin-arm64/node_modules/@microsoft/visualstudio-debugger-devkit.darwin-arm64/Microsoft.VisualStudio.Debugger.DevKit.dll","fullClassName":"Microsoft.VisualStudio.Debugger.AspireSessionSynchronizeService+Factory"}},"Microsoft.VisualStudio.Debugger.GenericHotReloadAgentManagerService":{"host":"dotnet","hostId":"C94B8CFE-E3FD-4BAF-A941-2866DBB566FE","serviceBaseDirectory":"/Users/MacBook/.vscode/extensions/ms-dotnettools.csdevkit-1.16.6-darwin-arm64/components/VSDebugCore/platforms/darwin-arm64/node_modules/@microsoft/visualstudio-debugger-devkit.darwin-arm64","entryPoint":{"assemblyPath":"/Users/MacBook/.vscode/extensions/ms-dotnettools.csdevkit-1.16.6-darwin-arm64/components/VSDebugCore/platforms/darwin-arm64/node_modules/@microsoft/visualstudio-debugger-devkit.darwin-arm64/Microsoft.VisualStudio.Debugger.DevKit.dll","fullClassName":"Microsoft.VisualStudio.Debugger.GenericHotReloadAgentManagerService+Factory"}},"Microsoft.VisualStudio.Debugger.HotReloadClientService":{"host":"dotnet","hostId":"C94B8CFE-E3FD-4BAF-A941-2866DBB566FE","serviceBaseDirectory":"/Users/MacBook/.vscode/extensions/ms-dotnettools.csdevkit-1.16.6-darwin-arm64/components/VSDebugCore/platforms/darwin-arm64/node_modules/@microsoft/visualstudio-debugger-devkit.darwin-arm64","entryPoint":{"assemblyPath":"/Users/MacBook/.vscode/extensions/ms-dotnettools.csdevkit-1.16.6-darwin-arm64/components/VSDebugCore/platforms/darwin-arm64/node_modules/@microsoft/visualstudio-debugger-devkit.darwin-arm64/Microsoft.VisualStudio.Debugger.DevKit.dll","fullClassName":"Microsoft.VisualStudio.Debugger.HotReloadClientService+Factory"}},"Microsoft.VisualStudio.Debugger.HotReloadSessionNotificationService":{"host":"dotnet","hostId":"C94B8CFE-E3FD-4BAF-A941-2866DBB566FE","serviceBaseDirectory":"/Users/MacBook/.vscode/extensions/ms-dotnettools.csdevkit-1.16.6-darwin-arm64/components/VSDebugCore/platforms/darwin-arm64/node_modules/@microsoft/visualstudio-debugger-devkit.darwin-arm64","entryPoint":{"assemblyPath":"/Users/MacBook/.vscode/extensions/ms-dotnettools.csdevkit-1.16.6-darwin-arm64/components/VSDebugCore/platforms/darwin-arm64/node_modules/@microsoft/visualstudio-debugger-devkit.darwin-arm64/Microsoft.VisualStudio.Debugger.DevKit.dll","fullClassName":"Microsoft.VisualStudio.Debugger.HotReloadSessionNotificationService+Factory"}},"Microsoft.VisualStudio.Debugger.ManagedEditAndContinueCsDevKitEngineService2":{"host":"dotnet","hostId":"C94B8CFE-E3FD-4BAF-A941-2866DBB566FE","serviceBaseDirectory":"/Users/MacBook/.vscode/extensions/ms-dotnettools.csdevkit-1.16.6-darwin-arm64/components/VSDebugCore/platforms/darwin-arm64/node_modules/@microsoft/visualstudio-debugger-devkit.darwin-arm64","entryPoint":{"assemblyPath":"/Users/MacBook/.vscode/extensions/ms-dotnettools.csdevkit-1.16.6-darwin-arm64/components/VSDebugCore/platforms/darwin-arm64/node_modules/@microsoft/visualstudio-debugger-devkit.darwin-arm64/Microsoft.VisualStudio.Debugger.DevKit.dll","fullClassName":"Microsoft.VisualStudio.Debugger.ManagedEditAndContinueCsDevKitEngineService+Factory"}},"Microsoft.VisualStudio.Debugger.ManagedEditAndContinueRemoteDebuggerService2":{"host":"dotnet","hostId":"C94B8CFE-E3FD-4BAF-A941-2866DBB566FE","serviceBaseDirectory":"/Users/MacBook/.vscode/extensions/ms-dotnettools.csdevkit-1.16.6-darwin-arm64/components/VSDebugCore/platforms/darwin-arm64/node_modules/@microsoft/visualstudio-debugger-devkit.darwin-arm64","entryPoint":{"assemblyPath":"/Users/MacBook/.vscode/extensions/ms-dotnettools.csdevkit-1.16.6-darwin-arm64/components/VSDebugCore/platforms/darwin-arm64/node_modules/@microsoft/visualstudio-debugger-devkit.darwin-arm64/Microsoft.VisualStudio.Debugger.DevKit.dll","fullClassName":"Microsoft.VisualStudio.Debugger.ManagedEditAndContinueRemoteDebuggerService+Factory"}},"Microsoft.VisualStudio.Debugger.ManagedHotReloadAgentManagerService":{"host":"dotnet","hostId":"C94B8CFE-E3FD-4BAF-A941-2866DBB566FE","serviceBaseDirectory":"/Users/MacBook/.vscode/extensions/ms-dotnettools.csdevkit-1.16.6-darwin-arm64/components/VSDebugCore/platforms/darwin-arm64/node_modules/@microsoft/visualstudio-debugger-devkit.darwin-arm64","entryPoint":{"assemblyPath":"/Users/MacBook/.vscode/extensions/ms-dotnettools.csdevkit-1.16.6-darwin-arm64/components/VSDebugCore/platforms/darwin-arm64/node_modules/@microsoft/visualstudio-debugger-devkit.darwin-arm64/Microsoft.VisualStudio.Debugger.DevKit.dll","fullClassName":"Microsoft.VisualStudio.Debugger.ManagedHotReloadAgentManagerService+Factory"}},"Microsoft.VisualStudio.Debugger.ManagedHotReloadService":{"host":"dotnet","hostId":"C94B8CFE-E3FD-4BAF-A941-2866DBB566FE","serviceBaseDirectory":"/Users/MacBook/.vscode/extensions/ms-dotnettools.csdevkit-1.16.6-darwin-arm64/components/VSDebugCore/platforms/darwin-arm64/node_modules/@microsoft/visualstudio-debugger-devkit.darwin-arm64","entryPoint":{"assemblyPath":"/Users/MacBook/.vscode/extensions/ms-dotnettools.csdevkit-1.16.6-darwin-arm64/components/VSDebugCore/platforms/darwin-arm64/node_modules/@microsoft/visualstudio-debugger-devkit.darwin-arm64/Microsoft.VisualStudio.Debugger.DevKit.dll","fullClassName":"Microsoft.VisualStudio.Debugger.ManagedHotReloadService+Factory"}},"Microsoft.VisualStudio.Debugger.SourceLinkService":{"host":"dotnet","hostId":"C94B8CFE-E3FD-4BAF-A941-2866DBB566FE","serviceBaseDirectory":"/Users/MacBook/.vscode/extensions/ms-dotnettools.csdevkit-1.16.6-darwin-arm64/components/VSDebugCore/platforms/darwin-arm64/node_modules/@microsoft/visualstudio-debugger-devkit.darwin-arm64","entryPoint":{"assemblyPath":"/Users/MacBook/.vscode/extensions/ms-dotnettools.csdevkit-1.16.6-darwin-arm64/components/VSDebugCore/platforms/darwin-arm64/node_modules/@microsoft/visualstudio-debugger-devkit.darwin-arm64/Microsoft.VisualStudio.Debugger.DevKit.dll","fullClassName":"Microsoft.VisualStudio.Debugger.SourceLinkService+Factory"}},"Microsoft.VisualStudio.Debugger.SymbolLocatorService":{"host":"dotnet","hostId":"C94B8CFE-E3FD-4BAF-A941-2866DBB566FE","serviceBaseDirectory":"/Users/MacBook/.vscode/extensions/ms-dotnettools.csdevkit-1.16.6-darwin-arm64/components/VSDebugCore/platforms/darwin-arm64/node_modules/@microsoft/visualstudio-debugger-devkit.darwin-arm64","entryPoint":{"assemblyPath":"/Users/MacBook/.vscode/extensions/ms-dotnettools.csdevkit-1.16.6-darwin-arm64/components/VSDebugCore/platforms/darwin-arm64/node_modules/@microsoft/visualstudio-debugger-devkit.darwin-arm64/Microsoft.VisualStudio.Debugger.DevKit.dll","fullClassName":"Microsoft.VisualStudio.Debugger.BrokeredServices.SymbolLocator.SymbolLocatorService+Factory"}},"Microsoft.VisualStudio.TestWindow.VSCode.ProjectSystemProvider.Service":{"host":"dotnet","hostId":"C94B8CFE-E3FD-4BAF-A941-2866DBB566FE","serviceBaseDirectory":"/Users/MacBook/.vscode/extensions/ms-dotnettools.csdevkit-1.16.6-darwin-arm64/components/VSUnitTesting/platforms/darwin-arm64/node_modules/@microsoft/visualstudio-testwindow-vscode-service.darwin-arm64","entryPoint":{"assemblyPath":"/Users/MacBook/.vscode/extensions/ms-dotnettools.csdevkit-1.16.6-darwin-arm64/components/VSUnitTesting/platforms/darwin-arm64/node_modules/@microsoft/visualstudio-testwindow-vscode-service.darwin-arm64/Microsoft.VisualStudio.TestWindow.VSCode.Service.dll","fullClassName":"Microsoft.VisualStudio.TestWindow.VSCode.ProjectSystemProvider.Service.ProjectSystemProviderServiceFactory"}},"Microsoft.VisualStudio.TestWindow.VSCode.Service":{"host":"dotnet","hostId":"C94B8CFE-E3FD-4BAF-A941-2866DBB566FE","serviceBaseDirectory":"/Users/MacBook/.vscode/extensions/ms-dotnettools.csdevkit-1.16.6-darwin-arm64/components/VSUnitTesting/platforms/darwin-arm64/node_modules/@microsoft/visualstudio-testwindow-vscode-service.darwin-arm64","entryPoint":{"assemblyPath":"/Users/MacBook/.vscode/extensions/ms-dotnettools.csdevkit-1.16.6-darwin-arm64/components/VSUnitTesting/platforms/darwin-arm64/node_modules/@microsoft/visualstudio-testwindow-vscode-service.darwin-arm64/Microsoft.VisualStudio.TestWindow.VSCode.Service.dll","fullClassName":"Microsoft.VisualStudio.TestWindow.VSCode.Service.TestWindowVSCodeServiceFactory"}},"Microsoft.VisualStudio.AspireServer":{"host":"dotnet.aspireServer","hostId":"C94B8CFE-E3FD-4BAF-A941-2866DBB566FE","serviceBaseDirectory":"/Users/MacBook/.vscode/extensions/ms-dotnettools.csdevkit-1.16.6-darwin-arm64/components/WebTools/node_modules/@microsoft/vscode.webtools/Services","entryPoint":{"assemblyPath":"/Users/MacBook/.vscode/extensions/ms-dotnettools.csdevkit-1.16.6-darwin-arm64/components/WebTools/node_modules/@microsoft/vscode.webtools/Services/Microsoft.WebTools.AspireServer.dll","fullClassName":"Microsoft.WebTools.AspireServer.ServiceFactory"}},"Microsoft.VisualStudio.Debugger.AspireService":{"host":"dotnet.projectSystem","hostId":"C94B8CFE-E3FD-4BAF-A941-2866DBB566FE","serviceBaseDirectory":"/Users/MacBook/.vscode/extensions/ms-dotnettools.csdevkit-1.16.6-darwin-arm64/components/WebTools/node_modules/@microsoft/vscode.webtools/Services","entryPoint":{"assemblyPath":"/Users/MacBook/.vscode/extensions/ms-dotnettools.csdevkit-1.16.6-darwin-arm64/components/WebTools/node_modules/@microsoft/vscode.webtools/Services/Microsoft.WebTools.Aspire.VSCode.Services.dll","fullClassName":"Microsoft.WebTools.Aspire.VSCode.Services.ServiceFactory"},"friendServices":["Microsoft.VisualStudio.ProjectSystem.CompositionService"]},"Microsoft.VisualStudio.ProjectSystem.DebugTargetFrameworkService":{"host":"dotnet.projectSystem","hostId":"C94B8CFE-E3FD-4BAF-A941-2866DBB566FE","serviceBaseDirectory":"/Users/MacBook/.vscode/extensions/ms-dotnettools.csdevkit-1.16.6-darwin-arm64/components/dotnet-project-system-vscode/node_modules/@microsoft/vscode.projectsystem.managed/Services","entryPoint":{"assemblyPath":"/Users/MacBook/.vscode/extensions/ms-dotnettools.csdevkit-1.16.6-darwin-arm64/components/dotnet-project-system-vscode/node_modules/@microsoft/vscode.projectsystem.managed/Services/Microsoft.ProjectSystem.Managed.VSCode.Services.dll","fullClassName":"Microsoft.VisualStudio.ProjectSystem.Services.DebugTargetFrameworkServiceFactory"},"friendServices":["Microsoft.VisualStudio.ProjectSystem.CompositionService"]},"Microsoft.VisualStudio.ProjectQueryTestService":{"host":"dotnet","hostId":"C94B8CFE-E3FD-4BAF-A941-2866DBB566FE","serviceBaseDirectory":"/Users/MacBook/.vscode/extensions/ms-dotnettools.csdevkit-1.16.6-darwin-arm64/components/vs-green-server/platforms/darwin-arm64/node_modules/@microsoft/visualstudio-server-samples-sayhello.darwin-arm64","entryPoint":{"assemblyPath":"/Users/MacBook/.vscode/extensions/ms-dotnettools.csdevkit-1.16.6-darwin-arm64/components/vs-green-server/platforms/darwin-arm64/node_modules/@microsoft/visualstudio-server-samples-sayhello.darwin-arm64/Microsoft.VisualStudio.Samples.SayHello.dll","fullClassName":"Microsoft.VisualStudio.Samples.SayHello.ProjectQueryTestServiceFactory"}},"helloServiceHubDotNetHost":{"host":"dotnet","hostId":"C94B8CFE-E3FD-4BAF-A941-2866DBB566FE","serviceBaseDirectory":"/Users/MacBook/.vscode/extensions/ms-dotnettools.csdevkit-1.16.6-darwin-arm64/components/vs-green-server/platforms/darwin-arm64/node_modules/@microsoft/visualstudio-server-samples-sayhello.darwin-arm64","entryPoint":{"assemblyPath":"/Users/MacBook/.vscode/extensions/ms-dotnettools.csdevkit-1.16.6-darwin-arm64/components/vs-green-server/platforms/darwin-arm64/node_modules/@microsoft/visualstudio-server-samples-sayhello.darwin-arm64/Microsoft.VisualStudio.Samples.SayHello.dll","fullClassName":"Microsoft.VisualStudio.Samples.SayHello.HelloWorldFactory"}}}]}
03/22/2025 12:44:46 Mitteleuropäische Normalzeit : Information : VsHubClient-hubController read: Content-Length: 38

{"jsonrpc":"2.0","id":3,"result":null}
03/22/2025 12:44:46 Mitteleuropäische Normalzeit : Information : VsHubClient-hubController write: Content-Length: 327

{"jsonrpc":"2.0","id":4,"method":"requestServiceChannel","params":[{"Name":"Microsoft.VisualStudio.LaunchConfigurationService"},{"ActivationArguments":{"__servicehub__ServiceHubRemoteServiceBrokerPipeName":"/Users/MacBook/.ServiceHub/74903abc6a/8be726759a"},"ClientCredentials":{},"ClientCulture":"de","ClientUICulture":"de"}]}
03/22/2025 12:44:46 Mitteleuropäische Normalzeit : Information : VsHubClient-hubController write: Content-Length: 342

{"jsonrpc":"2.0","id":3,"method":"requestServiceChannel","params":[{"Name":"Microsoft.VisualStudio.TestWindow.VSCode.Service","Version":"0.1"},{"ActivationArguments":{"__servicehub__ServiceHubRemoteServiceBrokerPipeName":"/Users/MacBook/.ServiceHub/74903abc6a/e18ec78ac9"},"ClientCredentials":{},"ClientCulture":"de","ClientUICulture":"de"}]}Content-Length: 350

{"jsonrpc":"2.0","id":5,"method":"requestServiceChannel","params":[{"Name":"Microsoft.VisualStudio.ProjectSystem.ProjectTreeProvider","Version":"0.1"},{"ActivationArguments":{"__servicehub__ServiceHubRemoteServiceBrokerPipeName":"/Users/MacBook/.ServiceHub/74903abc6a/75cf12a754"},"ClientCredentials":{},"ClientCulture":"de","ClientUICulture":"de"}]}
03/22/2025 12:44:46 Mitteleuropäische Normalzeit : Information : VsHubClient-hubController write: Content-Length: 367

{"jsonrpc":"2.0","id":6,"method":"requestServiceChannel","params":[{"Name":"Microsoft.VisualStudio.Debugger.HotReloadSessionNotificationService","Version":"0.1"},{"ActivationArguments":{"__servicehub__ServiceHubRemoteServiceBrokerPipeName":"/Users/MacBook/.ServiceHub/74903abc6a/9d4211e30c"},"ClientCredentials":{},"ClientCulture":"de-AT","ClientUICulture":"en-US"}]}
03/22/2025 12:44:46 Mitteleuropäische Normalzeit : Information : VsHubClient-hubController write: Content-Length: 365

{"jsonrpc":"2.0","id":7,"method":"requestServiceChannel","params":[{"Name":"Microsoft.VisualStudio.ProjectSystem.ProjectInitializationStatusService","Version":"0.1"},{"ActivationArguments":{"__servicehub__ServiceHubRemoteServiceBrokerPipeName":"/Users/MacBook/.ServiceHub/74903abc6a/255005f781"},"ClientCredentials":{},"ClientCulture":"de","ClientUICulture":"de"}]}
03/22/2025 12:44:47 Mitteleuropäische Normalzeit : Information : VsHubClient-hubController read: Content-Length: 164

{"jsonrpc":"2.0","id":3,"result":{"RequestId":"d1976381-3ef0-4401-8c52-9280d0d2b9f4","PipeName":"/Users/MacBook/.ServiceHub/74903abc6a/f25e3eae02","IsEmpty":false}}Content-Length: 164

{"jsonrpc":"2.0","id":6,"result":{"RequestId":"959e8e8b-b9c2-41d4-b1e6-ffcf3db3b3a7","PipeName":"/Users/MacBook/.ServiceHub/74903abc6a/b3c8afe740","IsEmpty":false}}
03/22/2025 12:44:47 Mitteleuropäische Normalzeit : Information : Disposing ServiceBroker server '/Users/MacBook/.ServiceHub/74903abc6a/9d4211e30c'.
03/22/2025 12:44:47 Mitteleuropäische Normalzeit : Information : Disposing ServiceBroker server '/Users/MacBook/.ServiceHub/74903abc6a/e18ec78ac9'.
03/22/2025 12:44:47 Mitteleuropäische Normalzeit : Information : Microsoft.VisualStudio.TestWindow.VSCode.Service-RemoteServiceBrokerServer read: Content-Length: 194

{"jsonrpc":"2.0","id":2,"method":"handshake","params":[{"supportedConnections":"IpcPipe","localServiceHost":{"operatingSystem":2,"processArchitecture":3,"runtime":2,"runtimeVersion":"8.0.11"}}]}
03/22/2025 12:44:47 Mitteleuropäische Normalzeit : Information : Microsoft.VisualStudio.Debugger.HotReloadSessionNotificationService-RemoteServiceBrokerServer read: Content-Length: 194

{"jsonrpc":"2.0","id":2,"method":"handshake","params":[{"supportedConnections":"IpcPipe","localServiceHost":{"operatingSystem":2,"processArchitecture":3,"runtime":2,"runtimeVersion":"8.0.11"}}]}
03/22/2025 12:44:47 Mitteleuropäische Normalzeit : Information : Microsoft.VisualStudio.Debugger.HotReloadSessionNotificationService-RemoteServiceBrokerServer write: Content-Length: 38

{"jsonrpc":"2.0","id":2,"result":null}
03/22/2025 12:44:47 Mitteleuropäische Normalzeit : Information : Microsoft.VisualStudio.TestWindow.VSCode.Service-RemoteServiceBrokerServer write: Content-Length: 38

{"jsonrpc":"2.0","id":2,"result":null}
03/22/2025 12:44:48 Mitteleuropäische Normalzeit : Information : Microsoft.VisualStudio.Debugger.HotReloadSessionNotificationService-RemoteServiceBrokerServer read: Content-Length: 183

{"jsonrpc":"2.0","id":3,"method":"requestServiceChannel","params":[{"name":"Microsoft.ServiceHub.Framework.AuthorizationService"},{"clientCulture":"de-AT","clientUICulture":"en-US"}]}
03/22/2025 12:44:48 Mitteleuropäische Normalzeit : Information : Microsoft.VisualStudio.TestWindow.VSCode.Service-RemoteServiceBrokerServer read: Content-Length: 177

{"jsonrpc":"2.0","id":3,"method":"requestServiceChannel","params":[{"name":"Microsoft.ServiceHub.Framework.AuthorizationService"},{"clientCulture":"de","clientUICulture":"de"}]}
03/22/2025 12:44:48 Mitteleuropäische Normalzeit : Information : VsHubClient-hubController read: Content-Length: 164

{"jsonrpc":"2.0","id":4,"result":{"RequestId":"5829b3c7-1141-445d-a97b-463dd3c736ed","PipeName":"/Users/MacBook/.ServiceHub/74903abc6a/c90b9ecf9d","IsEmpty":false}}Content-Length: 164

{"jsonrpc":"2.0","id":5,"result":{"RequestId":"e3464cae-a2ef-456c-a44d-be5af02af95b","PipeName":"/Users/MacBook/.ServiceHub/74903abc6a/15da694dbf","IsEmpty":false}}Content-Length: 164

{"jsonrpc":"2.0","id":7,"result":{"RequestId":"c980135b-0176-402d-9714-babe39416216","PipeName":"/Users/MacBook/.ServiceHub/74903abc6a/db49c2f7f4","IsEmpty":false}}
03/22/2025 12:44:48 Mitteleuropäische Normalzeit : Information : Microsoft.VisualStudio.Debugger.HotReloadSessionNotificationService-RemoteServiceBrokerServer write: Content-Length: 181

{"jsonrpc":"2.0","id":3,"result":{"requestId":"f4edae38-56eb-43e4-87b8-895188acb77f","pipeName":"/var/folders/3l/2l1z4wws21v3mv848wtg85jc0000gn/T/24a670df58984cb1b520df4132cac77f"}}
03/22/2025 12:44:48 Mitteleuropäische Normalzeit : Information : Microsoft.VisualStudio.TestWindow.VSCode.Service-RemoteServiceBrokerServer write: Content-Length: 181

{"jsonrpc":"2.0","id":3,"result":{"requestId":"b1fd050c-5fa9-4ffb-9edc-10b995ae3264","pipeName":"/var/folders/3l/2l1z4wws21v3mv848wtg85jc0000gn/T/0e4d6329d96d40c78005f3fe0b24b9a6"}}
03/22/2025 12:44:48 Mitteleuropäische Normalzeit : Information : Disposing ServiceBroker server '/Users/MacBook/.ServiceHub/74903abc6a/8be726759a'.
03/22/2025 12:44:48 Mitteleuropäische Normalzeit : Information : Disposing ServiceBroker server '/Users/MacBook/.ServiceHub/74903abc6a/75cf12a754'.
03/22/2025 12:44:48 Mitteleuropäische Normalzeit : Information : Disposing ServiceBroker server '/Users/MacBook/.ServiceHub/74903abc6a/255005f781'.
03/22/2025 12:44:48 Mitteleuropäische Normalzeit : Information : Microsoft.VisualStudio.LaunchConfigurationService-RemoteServiceBrokerServer read: Content-Length: 193

{"jsonrpc":"2.0","id":2,"method":"handshake","params":[{"supportedConnections":"IpcPipe","localServiceHost":{"operatingSystem":2,"processArchitecture":3,"runtime":2,"runtimeVersion":"9.0.1"}}]}
03/22/2025 12:44:48 Mitteleuropäische Normalzeit : Information : Microsoft.VisualStudio.ProjectSystem.ProjectInitializationStatusService-RemoteServiceBrokerServer read: Content-Length: 193

{"jsonrpc":"2.0","id":2,"method":"handshake","params":[{"supportedConnections":"IpcPipe","localServiceHost":{"operatingSystem":2,"processArchitecture":3,"runtime":2,"runtimeVersion":"9.0.1"}}]}
03/22/2025 12:44:48 Mitteleuropäische Normalzeit : Information : Microsoft.VisualStudio.ProjectSystem.ProjectTreeProvider-RemoteServiceBrokerServer read: Content-Length: 193

{"jsonrpc":"2.0","id":2,"method":"handshake","params":[{"supportedConnections":"IpcPipe","localServiceHost":{"operatingSystem":2,"processArchitecture":3,"runtime":2,"runtimeVersion":"9.0.1"}}]}
03/22/2025 12:44:48 Mitteleuropäische Normalzeit : Information : Microsoft.VisualStudio.LaunchConfigurationService-RemoteServiceBrokerServer write: Content-Length: 38

{"jsonrpc":"2.0","id":2,"result":null}
03/22/2025 12:44:48 Mitteleuropäische Normalzeit : Information : Microsoft.VisualStudio.ProjectSystem.ProjectInitializationStatusService-RemoteServiceBrokerServer write: Content-Length: 38

{"jsonrpc":"2.0","id":2,"result":null}
03/22/2025 12:44:48 Mitteleuropäische Normalzeit : Information : Microsoft.VisualStudio.ProjectSystem.ProjectTreeProvider-RemoteServiceBrokerServer write: Content-Length: 38

{"jsonrpc":"2.0","id":2,"result":null}
03/22/2025 12:44:48 Mitteleuropäische Normalzeit : Information : VsHubClient-hubController write: Content-Length: 364

{"jsonrpc":"2.0","id":8,"method":"requestServiceChannel","params":[{"Name":"Microsoft.VisualStudio.TestWindow.VSCode.ProjectSystemProvider.Service","Version":"0.1"},{"ActivationArguments":{"__servicehub__ServiceHubRemoteServiceBrokerPipeName":"/Users/MacBook/.ServiceHub/74903abc6a/dc58dc2de2"},"ClientCredentials":{},"ClientCulture":"de","ClientUICulture":"de"}]}
03/22/2025 12:44:48 Mitteleuropäische Normalzeit : Information : VsHubClient-hubController read: Content-Length: 164

{"jsonrpc":"2.0","id":8,"result":{"RequestId":"ec871cb6-c974-4092-ad3b-59441dd83999","PipeName":"/Users/MacBook/.ServiceHub/74903abc6a/4bbba97979","IsEmpty":false}}
03/22/2025 12:44:48 Mitteleuropäische Normalzeit : Information : Microsoft.VisualStudio.ProjectSystem.ProjectTreeProvider-RemoteServiceBrokerServer read: Content-Length: 177

{"jsonrpc":"2.0","id":3,"method":"requestServiceChannel","params":[{"name":"Microsoft.ServiceHub.Framework.AuthorizationService"},{"clientCulture":"de","clientUICulture":"de"}]}
03/22/2025 12:44:48 Mitteleuropäische Normalzeit : Information : Microsoft.VisualStudio.LaunchConfigurationService-RemoteServiceBrokerServer read: Content-Length: 177

{"jsonrpc":"2.0","id":3,"method":"requestServiceChannel","params":[{"name":"Microsoft.ServiceHub.Framework.AuthorizationService"},{"clientCulture":"de","clientUICulture":"de"}]}
03/22/2025 12:44:48 Mitteleuropäische Normalzeit : Information : Microsoft.VisualStudio.ProjectSystem.ProjectInitializationStatusService-RemoteServiceBrokerServer read: Content-Length: 177

{"jsonrpc":"2.0","id":3,"method":"requestServiceChannel","params":[{"name":"Microsoft.ServiceHub.Framework.AuthorizationService"},{"clientCulture":"de","clientUICulture":"de"}]}
03/22/2025 12:44:48 Mitteleuropäische Normalzeit : Information : Microsoft.VisualStudio.ProjectSystem.ProjectTreeProvider-RemoteServiceBrokerServer write: Content-Length: 181

{"jsonrpc":"2.0","id":3,"result":{"requestId":"fe50f72f-bcc8-4b9a-b598-a0b5d51dc7bb","pipeName":"/var/folders/3l/2l1z4wws21v3mv848wtg85jc0000gn/T/56698b52ae4c4726b84f0edc24f811dd"}}
03/22/2025 12:44:48 Mitteleuropäische Normalzeit : Information : Disposing ServiceBroker server '/Users/MacBook/.ServiceHub/74903abc6a/dc58dc2de2'.
03/22/2025 12:44:48 Mitteleuropäische Normalzeit : Information : Microsoft.VisualStudio.ProjectSystem.ProjectInitializationStatusService-RemoteServiceBrokerServer write: Content-Length: 181

{"jsonrpc":"2.0","id":3,"result":{"requestId":"6adaf032-dcab-483a-976b-a1b0bb349ec1","pipeName":"/var/folders/3l/2l1z4wws21v3mv848wtg85jc0000gn/T/8fc04492e33c4d39a8ca577ebe426a7b"}}
03/22/2025 12:44:48 Mitteleuropäische Normalzeit : Information : Microsoft.VisualStudio.LaunchConfigurationService-RemoteServiceBrokerServer write: Content-Length: 181

{"jsonrpc":"2.0","id":3,"result":{"requestId":"e58b9ebc-8a3d-4707-acd6-1458fbad6574","pipeName":"/var/folders/3l/2l1z4wws21v3mv848wtg85jc0000gn/T/7ca30b31451d43cd9a7e7b102b16ccab"}}
03/22/2025 12:44:48 Mitteleuropäische Normalzeit : Information : Microsoft.VisualStudio.TestWindow.VSCode.ProjectSystemProvider.Service-RemoteServiceBrokerServer read: Content-Length: 194

{"jsonrpc":"2.0","id":2,"method":"handshake","params":[{"supportedConnections":"IpcPipe","localServiceHost":{"operatingSystem":2,"processArchitecture":3,"runtime":2,"runtimeVersion":"8.0.11"}}]}
03/22/2025 12:44:48 Mitteleuropäische Normalzeit : Information : Microsoft.VisualStudio.TestWindow.VSCode.ProjectSystemProvider.Service-RemoteServiceBrokerServer write: Content-Length: 38

{"jsonrpc":"2.0","id":2,"result":null}
03/22/2025 12:44:48 Mitteleuropäische Normalzeit : Information : Microsoft.VisualStudio.TestWindow.VSCode.ProjectSystemProvider.Service-RemoteServiceBrokerServer read: Content-Length: 177

{"jsonrpc":"2.0","id":3,"method":"requestServiceChannel","params":[{"name":"Microsoft.ServiceHub.Framework.AuthorizationService"},{"clientCulture":"de","clientUICulture":"de"}]}
03/22/2025 12:44:48 Mitteleuropäische Normalzeit : Information : Microsoft.VisualStudio.TestWindow.VSCode.ProjectSystemProvider.Service-RemoteServiceBrokerServer write: Content-Length: 181

{"jsonrpc":"2.0","id":3,"result":{"requestId":"962c4a92-51af-4750-87d6-90d70c311207","pipeName":"/var/folders/3l/2l1z4wws21v3mv848wtg85jc0000gn/T/9011733de77741c0997968654f5b9ed9"}}
03/22/2025 12:44:48 Mitteleuropäische Normalzeit : Information : Microsoft.VisualStudio.LaunchConfigurationService-RemoteServiceBrokerServer read: Content-Length: 197

{"jsonrpc":"2.0","id":4,"method":"requestServiceChannel","params":[{"name":"Microsoft.VisualStudio.ProjectSystem.CompositionService","version":"0.1"},{"clientCulture":"de","clientUICulture":"de"}]}
03/22/2025 12:44:48 Mitteleuropäische Normalzeit : Information : VsHubClient-hubController write: Content-Length: 349

{"jsonrpc":"2.0","id":9,"method":"requestServiceChannel","params":[{"Name":"Microsoft.VisualStudio.ProjectSystem.CompositionService","Version":"0.1"},{"ActivationArguments":{"__servicehub__ServiceHubRemoteServiceBrokerPipeName":"/Users/MacBook/.ServiceHub/74903abc6a/3b025f0d9f"},"ClientCredentials":{},"ClientCulture":"de","ClientUICulture":"de"}]}
03/22/2025 12:44:48 Mitteleuropäische Normalzeit : Information : VsHubClient-hubController read: Content-Length: 164

{"jsonrpc":"2.0","id":9,"result":{"RequestId":"faa13c26-d005-4f12-aba1-08fa18e7ad12","PipeName":"/Users/MacBook/.ServiceHub/74903abc6a/fdca799973","IsEmpty":false}}
03/22/2025 12:44:48 Mitteleuropäische Normalzeit : Information : Microsoft.VisualStudio.LaunchConfigurationService-RemoteServiceBrokerServer write: Content-Length: 148

{"jsonrpc":"2.0","id":4,"result":{"requestId":"faa13c26-d005-4f12-aba1-08fa18e7ad12","pipeName":"/Users/MacBook/.ServiceHub/74903abc6a/fdca799973"}}
03/22/2025 12:44:48 Mitteleuropäische Normalzeit : Information : Disposing ServiceBroker server '/Users/MacBook/.ServiceHub/74903abc6a/3b025f0d9f'.
03/22/2025 12:44:48 Mitteleuropäische Normalzeit : Information : Microsoft.VisualStudio.ProjectSystem.CompositionService-RemoteServiceBrokerServer read: Content-Length: 193

{"jsonrpc":"2.0","id":2,"method":"handshake","params":[{"supportedConnections":"IpcPipe","localServiceHost":{"operatingSystem":2,"processArchitecture":3,"runtime":2,"runtimeVersion":"9.0.1"}}]}
03/22/2025 12:44:48 Mitteleuropäische Normalzeit : Information : Microsoft.VisualStudio.TestWindow.VSCode.ProjectSystemProvider.Service-RemoteServiceBrokerServer read: Content-Length: 287

{"jsonrpc":"2.0","id":4,"method":"requestServiceChannel","params":[{"name":"Microsoft.VisualStudio.ProjectSystem.Query.Remoting.QueryExecutionService","version":"0.3"},{"clientCulture":"de","clientUICulture":"de"}],"traceparent":"00-2309c8cffae54244a20468e29b865f4e-68e3e05277cca045-00"}
03/22/2025 12:44:48 Mitteleuropäische Normalzeit : Information : Microsoft.VisualStudio.ProjectSystem.CompositionService-RemoteServiceBrokerServer write: Content-Length: 38

{"jsonrpc":"2.0","id":2,"result":null}
03/22/2025 12:44:48 Mitteleuropäische Normalzeit : Information : VsHubClient-hubController write: Content-Length: 368

{"jsonrpc":"2.0","id":10,"method":"requestServiceChannel","params":[{"Name":"Microsoft.VisualStudio.ProjectSystem.Query.Remoting.QueryExecutionService","Version":"0.3"},{"ActivationArguments":{"__servicehub__ServiceHubRemoteServiceBrokerPipeName":"/Users/MacBook/.ServiceHub/74903abc6a/5d6cff2999"},"ClientCredentials":{},"ClientCulture":"de","ClientUICulture":"de"}]}
03/22/2025 12:44:48 Mitteleuropäische Normalzeit : Information : VsHubClient-hubController read: Content-Length: 165

{"jsonrpc":"2.0","id":10,"result":{"RequestId":"1720144f-19c8-479e-85d6-3d6326f5f960","PipeName":"/Users/MacBook/.ServiceHub/74903abc6a/248ec57fd2","IsEmpty":false}}
03/22/2025 12:44:48 Mitteleuropäische Normalzeit : Information : Microsoft.VisualStudio.ProjectSystem.CompositionService-RemoteServiceBrokerServer read: Content-Length: 177

{"jsonrpc":"2.0","id":3,"method":"requestServiceChannel","params":[{"name":"Microsoft.ServiceHub.Framework.AuthorizationService"},{"clientCulture":"de","clientUICulture":"de"}]}
03/22/2025 12:44:48 Mitteleuropäische Normalzeit : Information : Microsoft.VisualStudio.TestWindow.VSCode.ProjectSystemProvider.Service-RemoteServiceBrokerServer write: Content-Length: 148

{"jsonrpc":"2.0","id":4,"result":{"requestId":"1720144f-19c8-479e-85d6-3d6326f5f960","pipeName":"/Users/MacBook/.ServiceHub/74903abc6a/248ec57fd2"}}
03/22/2025 12:44:48 Mitteleuropäische Normalzeit : Information : Disposing ServiceBroker server '/Users/MacBook/.ServiceHub/74903abc6a/5d6cff2999'.
03/22/2025 12:44:48 Mitteleuropäische Normalzeit : Information : Microsoft.VisualStudio.ProjectSystem.Query.Remoting.QueryExecutionService-RemoteServiceBrokerServer read: Content-Length: 193

{"jsonrpc":"2.0","id":2,"method":"handshake","params":[{"supportedConnections":"IpcPipe","localServiceHost":{"operatingSystem":2,"processArchitecture":3,"runtime":2,"runtimeVersion":"9.0.1"}}]}
03/22/2025 12:44:48 Mitteleuropäische Normalzeit : Information : Microsoft.VisualStudio.ProjectSystem.CompositionService-RemoteServiceBrokerServer write: Content-Length: 181

{"jsonrpc":"2.0","id":3,"result":{"requestId":"10c70fad-be25-4944-b956-860ca12b05f4","pipeName":"/var/folders/3l/2l1z4wws21v3mv848wtg85jc0000gn/T/aef7619b98d145bb9b51e53f89a84b34"}}
03/22/2025 12:44:48 Mitteleuropäische Normalzeit : Information : Microsoft.VisualStudio.ProjectSystem.Query.Remoting.QueryExecutionService-RemoteServiceBrokerServer write: Content-Length: 38

{"jsonrpc":"2.0","id":2,"result":null}
03/22/2025 12:44:48 Mitteleuropäische Normalzeit : Information : Microsoft.VisualStudio.ProjectSystem.Query.Remoting.QueryExecutionService-RemoteServiceBrokerServer read: Content-Length: 177

{"jsonrpc":"2.0","id":3,"method":"requestServiceChannel","params":[{"name":"Microsoft.ServiceHub.Framework.AuthorizationService"},{"clientCulture":"de","clientUICulture":"de"}]}
03/22/2025 12:44:48 Mitteleuropäische Normalzeit : Information : Microsoft.VisualStudio.ProjectSystem.Query.Remoting.QueryExecutionService-RemoteServiceBrokerServer write: Content-Length: 181

{"jsonrpc":"2.0","id":3,"result":{"requestId":"ebb0ac03-5743-49de-a6c1-2913efd44243","pipeName":"/var/folders/3l/2l1z4wws21v3mv848wtg85jc0000gn/T/29b81c62a3604cd581bfa666e1a72fc4"}}
03/22/2025 12:44:48 Mitteleuropäische Normalzeit : Information : Microsoft.VisualStudio.ProjectSystem.CompositionService-RemoteServiceBrokerServer read: Content-Length: 188

{"jsonrpc":"2.0","id":4,"method":"requestServiceChannel","params":[{"name":"Microsoft.VisualStudio.ComponentExportsService","version":"0.1"},{"clientCulture":"de","clientUICulture":"de"}]}
03/22/2025 12:44:48 Mitteleuropäische Normalzeit : Information : Microsoft.VisualStudio.ProjectSystem.CompositionService-RemoteServiceBrokerServer read: Content-Length: 191

{"jsonrpc":"2.0","id":5,"method":"requestServiceChannel","params":[{"name":"Microsoft.VisualStudio.NoDelay.EnvironmentService","version":"0.1"},{"clientCulture":"de","clientUICulture":"de"}]}
03/22/2025 12:44:48 Mitteleuropäische Normalzeit : Information : Microsoft.VisualStudio.ProjectSystem.CompositionService-RemoteServiceBrokerServer write: Content-Length: 181

{"jsonrpc":"2.0","id":4,"result":{"requestId":"b5fd0681-7667-4f86-b17e-72608e74bca2","pipeName":"/var/folders/3l/2l1z4wws21v3mv848wtg85jc0000gn/T/53c1edf1dc454f4599f8dde35ff649a7"}}
03/22/2025 12:44:48 Mitteleuropäische Normalzeit : Information : Microsoft.VisualStudio.ProjectSystem.CompositionService-RemoteServiceBrokerServer write: Content-Length: 181

{"jsonrpc":"2.0","id":5,"result":{"requestId":"9034f3ec-996b-4095-bb36-80f156f331c2","pipeName":"/var/folders/3l/2l1z4wws21v3mv848wtg85jc0000gn/T/44989f7c6fa6437688f2b1109b4d35ed"}}
03/22/2025 12:44:49 Mitteleuropäische Normalzeit : Information : Microsoft.VisualStudio.ProjectSystem.CompositionService-RemoteServiceBrokerServer read: Content-Length: 198

{"jsonrpc":"2.0","id":6,"method":"requestServiceChannel","params":[{"name":"Microsoft.VisualStudio.ActiveDocumentsInformationService","version":"0.1"},{"clientCulture":"de","clientUICulture":"de"}]}
03/22/2025 12:44:49 Mitteleuropäische Normalzeit : Information : Microsoft.VisualStudio.ProjectSystem.CompositionService-RemoteServiceBrokerServer write: Content-Length: 181

{"jsonrpc":"2.0","id":6,"result":{"requestId":"c36fadee-47d6-4f47-8ff6-a81f5af34121","pipeName":"/var/folders/3l/2l1z4wws21v3mv848wtg85jc0000gn/T/51fe0b0855044472bc1d1b9f91f13bc2"}}
03/22/2025 12:44:49 Mitteleuropäische Normalzeit : Information : Microsoft.VisualStudio.ProjectSystem.CompositionService-RemoteServiceBrokerServer read: Content-Length: 236

{"jsonrpc":"2.0","id":7,"method":"requestServiceChannel","params":[{"name":"Microsoft.VisualStudio.NuGetSolutionRestoreService","version":"0.1"},{"activationArguments":{"needEvents":"True"},"clientCulture":"de","clientUICulture":"de"}]}
03/22/2025 12:44:49 Mitteleuropäische Normalzeit : Information : Microsoft.VisualStudio.ProjectSystem.CompositionService-RemoteServiceBrokerServer write: Content-Length: 181

{"jsonrpc":"2.0","id":7,"result":{"requestId":"6daeb1e5-8611-4a48-ba8b-ffc0fbb4e1ac","pipeName":"/var/folders/3l/2l1z4wws21v3mv848wtg85jc0000gn/T/43cb5b812bb442a6b95db931f6860bc9"}}
03/22/2025 12:44:49 Mitteleuropäische Normalzeit : Information : Microsoft.VisualStudio.ProjectSystem.CompositionService-RemoteServiceBrokerServer read: Content-Length: 264

{"jsonrpc":"2.0","id":8,"method":"requestServiceChannel","params":[{"name":"Microsoft.VisualStudio.CpsProjectIconSourceService","version":"0.1"},{"clientCulture":"de","clientUICulture":"de"}],"traceparent":"00-82b09e86892f494d924e2b20f4b1706a-0680ada8e8490942-00"}
03/22/2025 12:44:49 Mitteleuropäische Normalzeit : Information : VsHubClient-hubController write: Content-Length: 345

{"jsonrpc":"2.0","id":11,"method":"requestServiceChannel","params":[{"Name":"Microsoft.VisualStudio.CpsProjectIconSourceService","Version":"0.1"},{"ActivationArguments":{"__servicehub__ServiceHubRemoteServiceBrokerPipeName":"/Users/MacBook/.ServiceHub/74903abc6a/2fa6fb4449"},"ClientCredentials":{},"ClientCulture":"de","ClientUICulture":"de"}]}
03/22/2025 12:44:49 Mitteleuropäische Normalzeit : Information : VsHubClient-hubController read: Content-Length: 165

{"jsonrpc":"2.0","id":11,"result":{"RequestId":"1808259f-043c-4de2-8788-51b9f2d6bc64","PipeName":"/Users/MacBook/.ServiceHub/74903abc6a/02245159cc","IsEmpty":false}}
03/22/2025 12:44:49 Mitteleuropäische Normalzeit : Information : Microsoft.VisualStudio.ProjectSystem.CompositionService-RemoteServiceBrokerServer write: Content-Length: 148

{"jsonrpc":"2.0","id":8,"result":{"requestId":"1808259f-043c-4de2-8788-51b9f2d6bc64","pipeName":"/Users/MacBook/.ServiceHub/74903abc6a/02245159cc"}}
03/22/2025 12:44:49 Mitteleuropäische Normalzeit : Information : Disposing ServiceBroker server '/Users/MacBook/.ServiceHub/74903abc6a/2fa6fb4449'.
03/22/2025 12:44:49 Mitteleuropäische Normalzeit : Information : Microsoft.VisualStudio.CpsProjectIconSourceService-RemoteServiceBrokerServer read: Content-Length: 193

{"jsonrpc":"2.0","id":2,"method":"handshake","params":[{"supportedConnections":"IpcPipe","localServiceHost":{"operatingSystem":2,"processArchitecture":3,"runtime":2,"runtimeVersion":"9.0.1"}}]}
03/22/2025 12:44:49 Mitteleuropäische Normalzeit : Information : Microsoft.VisualStudio.CpsProjectIconSourceService-RemoteServiceBrokerServer write: Content-Length: 38

{"jsonrpc":"2.0","id":2,"result":null}
03/22/2025 12:44:49 Mitteleuropäische Normalzeit : Information : Microsoft.VisualStudio.CpsProjectIconSourceService-RemoteServiceBrokerServer read: Content-Length: 177

{"jsonrpc":"2.0","id":3,"method":"requestServiceChannel","params":[{"name":"Microsoft.ServiceHub.Framework.AuthorizationService"},{"clientCulture":"de","clientUICulture":"de"}]}
03/22/2025 12:44:49 Mitteleuropäische Normalzeit : Information : Microsoft.VisualStudio.CpsProjectIconSourceService-RemoteServiceBrokerServer write: Content-Length: 181

{"jsonrpc":"2.0","id":3,"result":{"requestId":"8919ab76-9ac7-45b5-9459-9e7e90f52d8c","pipeName":"/var/folders/3l/2l1z4wws21v3mv848wtg85jc0000gn/T/6d94656f89814b20a112d950944e7a8b"}}
03/22/2025 12:44:50 Mitteleuropäische Normalzeit : Information : Microsoft.VisualStudio.ProjectSystem.CompositionService-RemoteServiceBrokerServer read: Content-Length: 191

{"jsonrpc":"2.0","id":9,"method":"requestServiceChannel","params":[{"name":"Microsoft.VisualStudio.NoDelay.EnvironmentService","version":"0.1"},{"clientCulture":"de","clientUICulture":"de"}]}
03/22/2025 12:44:50 Mitteleuropäische Normalzeit : Information : Microsoft.VisualStudio.ProjectSystem.CompositionService-RemoteServiceBrokerServer write: Content-Length: 181

{"jsonrpc":"2.0","id":9,"result":{"requestId":"0e9cb0e1-d84a-4707-8e00-5fb07adb4c9e","pipeName":"/var/folders/3l/2l1z4wws21v3mv848wtg85jc0000gn/T/aed82af8412a43629a4e760da466887b"}}
03/22/2025 12:44:50 Mitteleuropäische Normalzeit : Information : Microsoft.VisualStudio.ProjectSystem.CompositionService-RemoteServiceBrokerServer read: Content-Length: 197

{"jsonrpc":"2.0","id":10,"method":"requestServiceChannel","params":[{"name":"Microsoft.VisualStudio.LanguageServices.WorkspaceProjectFactoryService"},{"clientCulture":"de","clientUICulture":"de"}]}
03/22/2025 12:44:50 Mitteleuropäische Normalzeit : Information : VsHubClient-hubController write: Content-Length: 366

{"jsonrpc":"2.0","id":12,"method":"requestServiceChannel","params":[{"Name":"Microsoft.VisualStudio.ProjectSystem.ProjectInitializationStatusService","Version":"0.1"},{"ActivationArguments":{"__servicehub__ServiceHubRemoteServiceBrokerPipeName":"/Users/MacBook/.ServiceHub/74903abc6a/5b6f09334b"},"ClientCredentials":{},"ClientCulture":"de","ClientUICulture":"de"}]}
03/22/2025 12:44:50 Mitteleuropäische Normalzeit : Information : VsHubClient-hubController read: Content-Length: 165

{"jsonrpc":"2.0","id":12,"result":{"RequestId":"9bca8f55-c511-42d7-9630-cfccb9c63bdc","PipeName":"/Users/MacBook/.ServiceHub/74903abc6a/74c3771e19","IsEmpty":false}}
03/22/2025 12:44:50 Mitteleuropäische Normalzeit : Information : Disposing ServiceBroker server '/Users/MacBook/.ServiceHub/74903abc6a/5b6f09334b'.
03/22/2025 12:44:50 Mitteleuropäische Normalzeit : Information : Microsoft.VisualStudio.ProjectSystem.ProjectInitializationStatusService-RemoteServiceBrokerServer read: Content-Length: 193

{"jsonrpc":"2.0","id":2,"method":"handshake","params":[{"supportedConnections":"IpcPipe","localServiceHost":{"operatingSystem":2,"processArchitecture":3,"runtime":2,"runtimeVersion":"9.0.1"}}]}
03/22/2025 12:44:50 Mitteleuropäische Normalzeit : Information : Microsoft.VisualStudio.ProjectSystem.ProjectInitializationStatusService-RemoteServiceBrokerServer write: Content-Length: 38

{"jsonrpc":"2.0","id":2,"result":null}
03/22/2025 12:44:50 Mitteleuropäische Normalzeit : Information : Microsoft.VisualStudio.ProjectSystem.CompositionService-RemoteServiceBrokerServer read: Content-Length: 179

{"jsonrpc":"2.0","id":11,"method":"requestServiceChannel","params":[{"name":"Microsoft.VisualStudio.OptionService","version":"0.1"},{"clientCulture":"de","clientUICulture":"de"}]}
03/22/2025 12:44:50 Mitteleuropäische Normalzeit : Information : Microsoft.VisualStudio.ProjectSystem.ProjectInitializationStatusService-RemoteServiceBrokerServer read: Content-Length: 177

{"jsonrpc":"2.0","id":3,"method":"requestServiceChannel","params":[{"name":"Microsoft.ServiceHub.Framework.AuthorizationService"},{"clientCulture":"de","clientUICulture":"de"}]}
03/22/2025 12:44:50 Mitteleuropäische Normalzeit : Information : Microsoft.VisualStudio.ProjectSystem.CompositionService-RemoteServiceBrokerServer write: Content-Length: 182

{"jsonrpc":"2.0","id":11,"result":{"requestId":"ff67eeee-c09a-44d3-9d9a-0cadbd435787","pipeName":"/var/folders/3l/2l1z4wws21v3mv848wtg85jc0000gn/T/287795234dfa4b8486804d599fef7c21"}}
03/22/2025 12:44:50 Mitteleuropäische Normalzeit : Information : Microsoft.VisualStudio.ProjectSystem.ProjectInitializationStatusService-RemoteServiceBrokerServer write: Content-Length: 181

{"jsonrpc":"2.0","id":3,"result":{"requestId":"6d071eee-9a6d-444b-8d9a-828402da81dc","pipeName":"/var/folders/3l/2l1z4wws21v3mv848wtg85jc0000gn/T/1d2d18c9d00744009992c7031e9c208d"}}
03/22/2025 12:44:50 Mitteleuropäische Normalzeit : Information : Microsoft.VisualStudio.ProjectSystem.CompositionService-RemoteServiceBrokerServer write: Content-Length: 182

{"jsonrpc":"2.0","id":10,"result":{"requestId":"f019491d-609b-4ae2-9f86-f67f726438d6","pipeName":"/var/folders/3l/2l1z4wws21v3mv848wtg85jc0000gn/T/be3b69692e1649999d9acd29bb2f0325"}}
03/22/2025 12:44:51 Mitteleuropäische Normalzeit : Information : Microsoft.VisualStudio.ProjectSystem.CompositionService-RemoteServiceBrokerServer read: Content-Length: 193

{"jsonrpc":"2.0","id":12,"method":"requestServiceChannel","params":[{"name":"Microsoft.VisualStudio.NuGetSolutionRestoreService","version":"0.1"},{"clientCulture":"de","clientUICulture":"de"}]}
03/22/2025 12:44:51 Mitteleuropäische Normalzeit : Information : Microsoft.VisualStudio.ProjectSystem.CompositionService-RemoteServiceBrokerServer write: Content-Length: 182

{"jsonrpc":"2.0","id":12,"result":{"requestId":"b0c055e8-6453-4126-a060-237ccbb0b8ef","pipeName":"/var/folders/3l/2l1z4wws21v3mv848wtg85jc0000gn/T/18283ac58bf441b0a53007a3c837b91e"}}
03/22/2025 12:44:52 Mitteleuropäische Normalzeit : Information : Microsoft.VisualStudio.ProjectSystem.CompositionService-RemoteServiceBrokerServer read: Content-Length: 244

{"jsonrpc":"2.0","id":13,"method":"requestServiceChannel","params":[{"name":"Microsoft.VisualStudio.LogOutputChannelService","version":"0.1"},{"activationArguments":{"outputChannelName":"Projects"},"clientCulture":"de","clientUICulture":"de"}]}
03/22/2025 12:44:52 Mitteleuropäische Normalzeit : Information : Microsoft.VisualStudio.ProjectSystem.CompositionService-RemoteServiceBrokerServer write: Content-Length: 182

{"jsonrpc":"2.0","id":13,"result":{"requestId":"8882cc51-f352-47c0-9ed3-d703dd8b17bc","pipeName":"/var/folders/3l/2l1z4wws21v3mv848wtg85jc0000gn/T/058295bc528e4d6882a1e05f04de8ef3"}}
03/22/2025 12:49:07 Mitteleuropäische Normalzeit : Information : VsHubClient-hubController write: Content-Length: 368

{"jsonrpc":"2.0","id":13,"method":"requestServiceChannel","params":[{"Name":"Microsoft.VisualStudio.ProjectSystem.Query.Remoting.QueryExecutionService","Version":"0.3"},{"ActivationArguments":{"__servicehub__ServiceHubRemoteServiceBrokerPipeName":"/Users/MacBook/.ServiceHub/74903abc6a/6cc05463fc"},"ClientCredentials":{},"ClientCulture":"de","ClientUICulture":"de"}]}
03/22/2025 12:49:07 Mitteleuropäische Normalzeit : Information : VsHubClient-hubController read: Content-Length: 165

{"jsonrpc":"2.0","id":13,"result":{"RequestId":"b84aeddd-ef20-4d6a-b608-6e154c8999cf","PipeName":"/Users/MacBook/.ServiceHub/74903abc6a/eadfe6d042","IsEmpty":false}}
03/22/2025 12:49:07 Mitteleuropäische Normalzeit : Information : Disposing ServiceBroker server '/Users/MacBook/.ServiceHub/74903abc6a/6cc05463fc'.
03/22/2025 12:49:07 Mitteleuropäische Normalzeit : Information : Microsoft.VisualStudio.ProjectSystem.Query.Remoting.QueryExecutionService-RemoteServiceBrokerServer read: Content-Length: 193

{"jsonrpc":"2.0","id":2,"method":"handshake","params":[{"supportedConnections":"IpcPipe","localServiceHost":{"operatingSystem":2,"processArchitecture":3,"runtime":2,"runtimeVersion":"9.0.1"}}]}
03/22/2025 12:49:07 Mitteleuropäische Normalzeit : Information : Microsoft.VisualStudio.ProjectSystem.Query.Remoting.QueryExecutionService-RemoteServiceBrokerServer write: Content-Length: 38

{"jsonrpc":"2.0","id":2,"result":null}
03/22/2025 12:49:07 Mitteleuropäische Normalzeit : Information : Microsoft.VisualStudio.ProjectSystem.Query.Remoting.QueryExecutionService-RemoteServiceBrokerServer read: Content-Length: 177

{"jsonrpc":"2.0","id":3,"method":"requestServiceChannel","params":[{"name":"Microsoft.ServiceHub.Framework.AuthorizationService"},{"clientCulture":"de","clientUICulture":"de"}]}
03/22/2025 12:49:07 Mitteleuropäische Normalzeit : Information : Microsoft.VisualStudio.ProjectSystem.Query.Remoting.QueryExecutionService-RemoteServiceBrokerServer write: Content-Length: 181

{"jsonrpc":"2.0","id":3,"result":{"requestId":"4a2205f2-bb09-4e09-8df0-8679adbe79ed","pipeName":"/var/folders/3l/2l1z4wws21v3mv848wtg85jc0000gn/T/6af50b625d844be09e610a53d20fae4b"}}
03/22/2025 15:14:31 Mitteleuropäische Normalzeit : Information : VsHubClient-hubController write: Content-Length: 353

{"jsonrpc":"2.0","id":14,"method":"requestServiceChannel","params":[{"Name":"Microsoft.VisualStudio.Debugger.SymbolLocatorService","Version":"0.1"},{"ActivationArguments":{"__servicehub__ServiceHubRemoteServiceBrokerPipeName":"/Users/MacBook/.ServiceHub/74903abc6a/f8c2e3244a"},"ClientCredentials":{},"ClientCulture":"de-AT","ClientUICulture":"en-US"}]}
03/22/2025 15:14:31 Mitteleuropäische Normalzeit : Information : VsHubClient-hubController read: Content-Length: 165

{"jsonrpc":"2.0","id":14,"result":{"RequestId":"35a60cdb-6a57-4408-b279-fef91e708a0e","PipeName":"/Users/MacBook/.ServiceHub/74903abc6a/21eb180151","IsEmpty":false}}
03/22/2025 15:14:31 Mitteleuropäische Normalzeit : Information : Disposing ServiceBroker server '/Users/MacBook/.ServiceHub/74903abc6a/f8c2e3244a'.
03/22/2025 15:14:31 Mitteleuropäische Normalzeit : Information : Microsoft.VisualStudio.Debugger.SymbolLocatorService-RemoteServiceBrokerServer read: Content-Length: 194

{"jsonrpc":"2.0","id":2,"method":"handshake","params":[{"supportedConnections":"IpcPipe","localServiceHost":{"operatingSystem":2,"processArchitecture":3,"runtime":2,"runtimeVersion":"8.0.11"}}]}
03/22/2025 15:14:31 Mitteleuropäische Normalzeit : Information : Microsoft.VisualStudio.Debugger.SymbolLocatorService-RemoteServiceBrokerServer write: Content-Length: 38

{"jsonrpc":"2.0","id":2,"result":null}
03/22/2025 15:14:31 Mitteleuropäische Normalzeit : Information : Microsoft.VisualStudio.Debugger.SymbolLocatorService-RemoteServiceBrokerServer read: Content-Length: 183

{"jsonrpc":"2.0","id":3,"method":"requestServiceChannel","params":[{"name":"Microsoft.ServiceHub.Framework.AuthorizationService"},{"clientCulture":"de-AT","clientUICulture":"en-US"}]}
03/22/2025 15:14:31 Mitteleuropäische Normalzeit : Information : Microsoft.VisualStudio.Debugger.SymbolLocatorService-RemoteServiceBrokerServer write: Content-Length: 181

{"jsonrpc":"2.0","id":3,"result":{"requestId":"e8415aad-0659-4c7f-bb98-01c388dfb29e","pipeName":"/var/folders/3l/2l1z4wws21v3mv848wtg85jc0000gn/T/a742edd6bc2e4ed0869c89649270c3ad"}}
03/22/2025 15:14:31 Mitteleuropäische Normalzeit : Information : Microsoft.VisualStudio.Debugger.SymbolLocatorService-RemoteServiceBrokerServer read: Content-Length: 256

{"jsonrpc":"2.0","id":4,"method":"requestServiceChannel","params":[{"name":"Microsoft.VisualStudio.OptionService","version":"0.1"},{"clientCulture":"de-AT","clientUICulture":"en-US"}],"traceparent":"00-2abb3a7bda972f4c91522655609b79ca-c60f18c25d67f446-00"}
03/22/2025 15:14:31 Mitteleuropäische Normalzeit : Information : Microsoft.VisualStudio.Debugger.SymbolLocatorService-RemoteServiceBrokerServer write: Content-Length: 181

{"jsonrpc":"2.0","id":4,"result":{"requestId":"ccb38827-90d9-40c3-9e13-8504e4410ccf","pipeName":"/var/folders/3l/2l1z4wws21v3mv848wtg85jc0000gn/T/77954599d932456c8540e5cc1adc3fbe"}}
03/22/2025 15:14:31 Mitteleuropäische Normalzeit : Information : Microsoft.VisualStudio.Debugger.SymbolLocatorService-RemoteServiceBrokerServer read: Content-Length: 329

{"jsonrpc":"2.0","id":5,"method":"requestServiceChannel","params":[{"name":"Microsoft.VisualStudio.LogOutputChannelService","version":"0.1"},{"activationArguments":{"outputChannelName":"C# SymbolLocator"},"clientCulture":"de-AT","clientUICulture":"en-US"}],"traceparent":"00-2abb3a7bda972f4c91522655609b79ca-a4d9a825957a2b4f-00"}
03/22/2025 15:14:31 Mitteleuropäische Normalzeit : Information : Microsoft.VisualStudio.Debugger.SymbolLocatorService-RemoteServiceBrokerServer write: Content-Length: 181

{"jsonrpc":"2.0","id":5,"result":{"requestId":"9512df6c-42af-4923-99d9-dddf713794ff","pipeName":"/var/folders/3l/2l1z4wws21v3mv848wtg85jc0000gn/T/0e775d94cc1f4b938c580cbdea7ecafe"}}
03/22/2025 15:14:31 Mitteleuropäische Normalzeit : Information : VsHubClient-hubController write: Content-Length: 350

{"jsonrpc":"2.0","id":15,"method":"requestServiceChannel","params":[{"Name":"Microsoft.VisualStudio.Debugger.SourceLinkService","Version":"0.1"},{"ActivationArguments":{"__servicehub__ServiceHubRemoteServiceBrokerPipeName":"/Users/MacBook/.ServiceHub/74903abc6a/58f56a349d"},"ClientCredentials":{},"ClientCulture":"de-AT","ClientUICulture":"en-US"}]}
03/22/2025 15:14:31 Mitteleuropäische Normalzeit : Information : VsHubClient-hubController read: Content-Length: 165

{"jsonrpc":"2.0","id":15,"result":{"RequestId":"45a2d0b8-0b34-43a1-84dd-0696dc9a80a1","PipeName":"/Users/MacBook/.ServiceHub/74903abc6a/4d7628feb9","IsEmpty":false}}
03/22/2025 15:14:31 Mitteleuropäische Normalzeit : Information : Disposing ServiceBroker server '/Users/MacBook/.ServiceHub/74903abc6a/58f56a349d'.
03/22/2025 15:14:31 Mitteleuropäische Normalzeit : Information : Microsoft.VisualStudio.Debugger.SourceLinkService-RemoteServiceBrokerServer read: Content-Length: 194

{"jsonrpc":"2.0","id":2,"method":"handshake","params":[{"supportedConnections":"IpcPipe","localServiceHost":{"operatingSystem":2,"processArchitecture":3,"runtime":2,"runtimeVersion":"8.0.11"}}]}
03/22/2025 15:14:31 Mitteleuropäische Normalzeit : Information : Microsoft.VisualStudio.Debugger.SourceLinkService-RemoteServiceBrokerServer write: Content-Length: 38

{"jsonrpc":"2.0","id":2,"result":null}
03/22/2025 15:14:31 Mitteleuropäische Normalzeit : Information : Microsoft.VisualStudio.Debugger.SourceLinkService-RemoteServiceBrokerServer read: Content-Length: 183

{"jsonrpc":"2.0","id":3,"method":"requestServiceChannel","params":[{"name":"Microsoft.ServiceHub.Framework.AuthorizationService"},{"clientCulture":"de-AT","clientUICulture":"en-US"}]}
03/22/2025 15:14:31 Mitteleuropäische Normalzeit : Information : Microsoft.VisualStudio.Debugger.SourceLinkService-RemoteServiceBrokerServer write: Content-Length: 181

{"jsonrpc":"2.0","id":3,"result":{"requestId":"be5a4fe6-fdb2-4316-b5e2-9c70536d1bf1","pipeName":"/var/folders/3l/2l1z4wws21v3mv848wtg85jc0000gn/T/80512d2b159b4e48ba69468e1a703355"}}
03/22/2025 15:14:31 Mitteleuropäische Normalzeit : Information : Microsoft.VisualStudio.Debugger.SourceLinkService-RemoteServiceBrokerServer read: Content-Length: 256

{"jsonrpc":"2.0","id":4,"method":"requestServiceChannel","params":[{"name":"Microsoft.VisualStudio.OptionService","version":"0.1"},{"clientCulture":"de-AT","clientUICulture":"en-US"}],"traceparent":"00-cca0cfb84df67c4fb8909c8fcb67c558-147486408b7b7f4b-00"}
03/22/2025 15:14:31 Mitteleuropäische Normalzeit : Information : Microsoft.VisualStudio.Debugger.SourceLinkService-RemoteServiceBrokerServer write: Content-Length: 181

{"jsonrpc":"2.0","id":4,"result":{"requestId":"9c762105-95ff-4cdc-a49b-f635e756fdca","pipeName":"/var/folders/3l/2l1z4wws21v3mv848wtg85jc0000gn/T/1d26368e472940b9b785043bf515fca8"}}
03/22/2025 15:50:49 Mitteleuropäische Normalzeit : Information : VsHubClient-hubController write: Content-Length: 353

{"jsonrpc":"2.0","id":16,"method":"requestServiceChannel","params":[{"Name":"Microsoft.VisualStudio.Debugger.SymbolLocatorService","Version":"0.1"},{"ActivationArguments":{"__servicehub__ServiceHubRemoteServiceBrokerPipeName":"/Users/MacBook/.ServiceHub/74903abc6a/69ee9755de"},"ClientCredentials":{},"ClientCulture":"de-AT","ClientUICulture":"en-US"}]}
03/22/2025 15:50:49 Mitteleuropäische Normalzeit : Information : VsHubClient-hubController read: Content-Length: 165

{"jsonrpc":"2.0","id":16,"result":{"RequestId":"759f9528-19d1-48d6-a769-709f442d9b0a","PipeName":"/Users/MacBook/.ServiceHub/74903abc6a/090685bfaa","IsEmpty":false}}
03/22/2025 15:50:49 Mitteleuropäische Normalzeit : Information : Disposing ServiceBroker server '/Users/MacBook/.ServiceHub/74903abc6a/69ee9755de'.
03/22/2025 15:50:49 Mitteleuropäische Normalzeit : Information : Microsoft.VisualStudio.Debugger.SymbolLocatorService-RemoteServiceBrokerServer read: Content-Length: 194

{"jsonrpc":"2.0","id":2,"method":"handshake","params":[{"supportedConnections":"IpcPipe","localServiceHost":{"operatingSystem":2,"processArchitecture":3,"runtime":2,"runtimeVersion":"8.0.11"}}]}
03/22/2025 15:50:49 Mitteleuropäische Normalzeit : Information : Microsoft.VisualStudio.Debugger.SymbolLocatorService-RemoteServiceBrokerServer write: Content-Length: 38

{"jsonrpc":"2.0","id":2,"result":null}
03/22/2025 15:50:49 Mitteleuropäische Normalzeit : Information : Microsoft.VisualStudio.Debugger.SymbolLocatorService-RemoteServiceBrokerServer read: Content-Length: 183

{"jsonrpc":"2.0","id":3,"method":"requestServiceChannel","params":[{"name":"Microsoft.ServiceHub.Framework.AuthorizationService"},{"clientCulture":"de-AT","clientUICulture":"en-US"}]}
03/22/2025 15:50:49 Mitteleuropäische Normalzeit : Information : Microsoft.VisualStudio.Debugger.SymbolLocatorService-RemoteServiceBrokerServer write: Content-Length: 181

{"jsonrpc":"2.0","id":3,"result":{"requestId":"44952223-ecb9-4431-90f9-4dc7c0ab06bd","pipeName":"/var/folders/3l/2l1z4wws21v3mv848wtg85jc0000gn/T/e7e75fbfb5504d2180beb85e1eff479b"}}
03/22/2025 15:50:49 Mitteleuropäische Normalzeit : Information : Microsoft.VisualStudio.Debugger.SymbolLocatorService-RemoteServiceBrokerServer read: Content-Length: 256

{"jsonrpc":"2.0","id":4,"method":"requestServiceChannel","params":[{"name":"Microsoft.VisualStudio.OptionService","version":"0.1"},{"clientCulture":"de-AT","clientUICulture":"en-US"}],"traceparent":"00-f04a64990e9a8d42a993391045d93b6c-829e9176dcf8a845-00"}
03/22/2025 15:50:49 Mitteleuropäische Normalzeit : Information : Microsoft.VisualStudio.Debugger.SymbolLocatorService-RemoteServiceBrokerServer write: Content-Length: 181

{"jsonrpc":"2.0","id":4,"result":{"requestId":"6d312d56-e9a9-4dd3-bda6-115c5c739e0f","pipeName":"/var/folders/3l/2l1z4wws21v3mv848wtg85jc0000gn/T/8ca844ace7f1424ab2d6d3382a6f72dd"}}
03/22/2025 15:50:49 Mitteleuropäische Normalzeit : Information : VsHubClient-hubController write: Content-Length: 353

{"jsonrpc":"2.0","id":17,"method":"requestServiceChannel","params":[{"Name":"Microsoft.VisualStudio.Debugger.SymbolLocatorService","Version":"0.1"},{"ActivationArguments":{"__servicehub__ServiceHubRemoteServiceBrokerPipeName":"/Users/MacBook/.ServiceHub/74903abc6a/9b4573d6d0"},"ClientCredentials":{},"ClientCulture":"de-AT","ClientUICulture":"en-US"}]}
03/22/2025 15:50:49 Mitteleuropäische Normalzeit : Information : VsHubClient-hubController read: Content-Length: 165

{"jsonrpc":"2.0","id":17,"result":{"RequestId":"ca65e692-ff3b-4bd0-9e47-fc6ff1d1e157","PipeName":"/Users/MacBook/.ServiceHub/74903abc6a/45e856597d","IsEmpty":false}}
03/22/2025 15:50:49 Mitteleuropäische Normalzeit : Information : Disposing ServiceBroker server '/Users/MacBook/.ServiceHub/74903abc6a/9b4573d6d0'.
03/22/2025 15:50:49 Mitteleuropäische Normalzeit : Information : Microsoft.VisualStudio.Debugger.SymbolLocatorService-RemoteServiceBrokerServer read: Content-Length: 194

{"jsonrpc":"2.0","id":2,"method":"handshake","params":[{"supportedConnections":"IpcPipe","localServiceHost":{"operatingSystem":2,"processArchitecture":3,"runtime":2,"runtimeVersion":"8.0.11"}}]}
03/22/2025 15:50:49 Mitteleuropäische Normalzeit : Information : Microsoft.VisualStudio.Debugger.SymbolLocatorService-RemoteServiceBrokerServer write: Content-Length: 38

{"jsonrpc":"2.0","id":2,"result":null}
03/22/2025 15:50:49 Mitteleuropäische Normalzeit : Information : Microsoft.VisualStudio.Debugger.SymbolLocatorService-RemoteServiceBrokerServer read: Content-Length: 183

{"jsonrpc":"2.0","id":3,"method":"requestServiceChannel","params":[{"name":"Microsoft.ServiceHub.Framework.AuthorizationService"},{"clientCulture":"de-AT","clientUICulture":"en-US"}]}
03/22/2025 15:50:49 Mitteleuropäische Normalzeit : Information : Microsoft.VisualStudio.Debugger.SymbolLocatorService-RemoteServiceBrokerServer write: Content-Length: 181

{"jsonrpc":"2.0","id":3,"result":{"requestId":"9baebc3b-82a1-4ee4-93ee-520b88cc1982","pipeName":"/var/folders/3l/2l1z4wws21v3mv848wtg85jc0000gn/T/5f40a477b6094363b3680b624bb7d87b"}}
03/22/2025 15:50:49 Mitteleuropäische Normalzeit : Information : Microsoft.VisualStudio.Debugger.SymbolLocatorService-RemoteServiceBrokerServer read: Content-Length: 256

{"jsonrpc":"2.0","id":4,"method":"requestServiceChannel","params":[{"name":"Microsoft.VisualStudio.OptionService","version":"0.1"},{"clientCulture":"de-AT","clientUICulture":"en-US"}],"traceparent":"00-19e92b7b01ae1442aab9a83ba378c0e9-8e0f3304b5f58745-00"}
03/22/2025 15:50:49 Mitteleuropäische Normalzeit : Information : Microsoft.VisualStudio.Debugger.SymbolLocatorService-RemoteServiceBrokerServer write: Content-Length: 181

{"jsonrpc":"2.0","id":4,"result":{"requestId":"bd7fc196-bdba-48c3-9ae0-c16bc0f331ff","pipeName":"/var/folders/3l/2l1z4wws21v3mv848wtg85jc0000gn/T/d30e7d820e824c9a9ce02e9bd565ccbf"}}
03/22/2025 15:50:49 Mitteleuropäische Normalzeit : Information : Microsoft.VisualStudio.Debugger.SymbolLocatorService-RemoteServiceBrokerServer read: Content-Length: 329

{"jsonrpc":"2.0","id":5,"method":"requestServiceChannel","params":[{"name":"Microsoft.VisualStudio.LogOutputChannelService","version":"0.1"},{"activationArguments":{"outputChannelName":"C# SymbolLocator"},"clientCulture":"de-AT","clientUICulture":"en-US"}],"traceparent":"00-19e92b7b01ae1442aab9a83ba378c0e9-a4a64ed902e50942-00"}
03/22/2025 15:50:49 Mitteleuropäische Normalzeit : Information : Microsoft.VisualStudio.Debugger.SymbolLocatorService-RemoteServiceBrokerServer write: Content-Length: 181

{"jsonrpc":"2.0","id":5,"result":{"requestId":"00dd0783-a708-42b7-8476-5e33b6518290","pipeName":"/var/folders/3l/2l1z4wws21v3mv848wtg85jc0000gn/T/32bf6e7770984cb385eaf5a552ba9fb0"}}
03/22/2025 16:12:55 Mitteleuropäische Normalzeit : Information : VsHubClient-hubController write: Content-Length: 353

{"jsonrpc":"2.0","id":18,"method":"requestServiceChannel","params":[{"Name":"Microsoft.VisualStudio.Debugger.SymbolLocatorService","Version":"0.1"},{"ActivationArguments":{"__servicehub__ServiceHubRemoteServiceBrokerPipeName":"/Users/MacBook/.ServiceHub/74903abc6a/3f90198daa"},"ClientCredentials":{},"ClientCulture":"de-AT","ClientUICulture":"en-US"}]}
03/22/2025 16:12:55 Mitteleuropäische Normalzeit : Information : VsHubClient-hubController read: Content-Length: 165

{"jsonrpc":"2.0","id":18,"result":{"RequestId":"50604ee8-c4b4-435a-8b08-77983d0b6aed","PipeName":"/Users/MacBook/.ServiceHub/74903abc6a/72a071e98b","IsEmpty":false}}
03/22/2025 16:12:55 Mitteleuropäische Normalzeit : Information : Disposing ServiceBroker server '/Users/MacBook/.ServiceHub/74903abc6a/3f90198daa'.
03/22/2025 16:12:55 Mitteleuropäische Normalzeit : Information : Microsoft.VisualStudio.Debugger.SymbolLocatorService-RemoteServiceBrokerServer read: Content-Length: 194

{"jsonrpc":"2.0","id":2,"method":"handshake","params":[{"supportedConnections":"IpcPipe","localServiceHost":{"operatingSystem":2,"processArchitecture":3,"runtime":2,"runtimeVersion":"8.0.11"}}]}
03/22/2025 16:12:55 Mitteleuropäische Normalzeit : Information : Microsoft.VisualStudio.Debugger.SymbolLocatorService-RemoteServiceBrokerServer write: Content-Length: 38

{"jsonrpc":"2.0","id":2,"result":null}
03/22/2025 16:12:55 Mitteleuropäische Normalzeit : Information : Microsoft.VisualStudio.Debugger.SymbolLocatorService-RemoteServiceBrokerServer read: Content-Length: 183

{"jsonrpc":"2.0","id":3,"method":"requestServiceChannel","params":[{"name":"Microsoft.ServiceHub.Framework.AuthorizationService"},{"clientCulture":"de-AT","clientUICulture":"en-US"}]}
03/22/2025 16:12:55 Mitteleuropäische Normalzeit : Information : Microsoft.VisualStudio.Debugger.SymbolLocatorService-RemoteServiceBrokerServer write: Content-Length: 181

{"jsonrpc":"2.0","id":3,"result":{"requestId":"535296ef-a8ef-4587-aa74-4bad1dcef2bc","pipeName":"/var/folders/3l/2l1z4wws21v3mv848wtg85jc0000gn/T/b9af89c3a4944d038d70f4d3fcc1defe"}}
03/22/2025 16:12:55 Mitteleuropäische Normalzeit : Information : Microsoft.VisualStudio.Debugger.SymbolLocatorService-RemoteServiceBrokerServer read: Content-Length: 256

{"jsonrpc":"2.0","id":4,"method":"requestServiceChannel","params":[{"name":"Microsoft.VisualStudio.OptionService","version":"0.1"},{"clientCulture":"de-AT","clientUICulture":"en-US"}],"traceparent":"00-6d0364f5906d924d850c8fc2663cb682-bd3887029466704f-00"}
03/22/2025 16:12:55 Mitteleuropäische Normalzeit : Information : Microsoft.VisualStudio.Debugger.SymbolLocatorService-RemoteServiceBrokerServer write: Content-Length: 181

{"jsonrpc":"2.0","id":4,"result":{"requestId":"4c6c7e07-fc2b-4cb4-b7bf-68d98280a7dd","pipeName":"/var/folders/3l/2l1z4wws21v3mv848wtg85jc0000gn/T/a19bdb745768463fb18fb0c49178b767"}}
03/22/2025 16:12:55 Mitteleuropäische Normalzeit : Information : Microsoft.VisualStudio.Debugger.SymbolLocatorService-RemoteServiceBrokerServer read: Content-Length: 329

{"jsonrpc":"2.0","id":5,"method":"requestServiceChannel","params":[{"name":"Microsoft.VisualStudio.LogOutputChannelService","version":"0.1"},{"activationArguments":{"outputChannelName":"C# SymbolLocator"},"clientCulture":"de-AT","clientUICulture":"en-US"}],"traceparent":"00-6d0364f5906d924d850c8fc2663cb682-ea5f61c89dec8544-00"}
03/22/2025 16:12:55 Mitteleuropäische Normalzeit : Information : Microsoft.VisualStudio.Debugger.SymbolLocatorService-RemoteServiceBrokerServer write: Content-Length: 181

{"jsonrpc":"2.0","id":5,"result":{"requestId":"bcaaa095-e928-45cc-a906-6ae808880b48","pipeName":"/var/folders/3l/2l1z4wws21v3mv848wtg85jc0000gn/T/26ea4de4b69b400393c94f2dd938b155"}}
03/22/2025 16:12:55 Mitteleuropäische Normalzeit : Information : VsHubClient-hubController write: Content-Length: 350

{"jsonrpc":"2.0","id":19,"method":"requestServiceChannel","params":[{"Name":"Microsoft.VisualStudio.Debugger.SourceLinkService","Version":"0.1"},{"ActivationArguments":{"__servicehub__ServiceHubRemoteServiceBrokerPipeName":"/Users/MacBook/.ServiceHub/74903abc6a/5abd9d3166"},"ClientCredentials":{},"ClientCulture":"de-AT","ClientUICulture":"en-US"}]}
03/22/2025 16:12:55 Mitteleuropäische Normalzeit : Information : VsHubClient-hubController read: Content-Length: 165

{"jsonrpc":"2.0","id":19,"result":{"RequestId":"6517eb73-2703-4540-9775-212655c5227c","PipeName":"/Users/MacBook/.ServiceHub/74903abc6a/f7005cb4b8","IsEmpty":false}}
03/22/2025 16:12:55 Mitteleuropäische Normalzeit : Information : Disposing ServiceBroker server '/Users/MacBook/.ServiceHub/74903abc6a/5abd9d3166'.
03/22/2025 16:12:55 Mitteleuropäische Normalzeit : Information : Microsoft.VisualStudio.Debugger.SourceLinkService-RemoteServiceBrokerServer read: Content-Length: 194

{"jsonrpc":"2.0","id":2,"method":"handshake","params":[{"supportedConnections":"IpcPipe","localServiceHost":{"operatingSystem":2,"processArchitecture":3,"runtime":2,"runtimeVersion":"8.0.11"}}]}
03/22/2025 16:12:55 Mitteleuropäische Normalzeit : Information : Microsoft.VisualStudio.Debugger.SourceLinkService-RemoteServiceBrokerServer write: Content-Length: 38

{"jsonrpc":"2.0","id":2,"result":null}
03/22/2025 16:12:55 Mitteleuropäische Normalzeit : Information : Microsoft.VisualStudio.Debugger.SourceLinkService-RemoteServiceBrokerServer read: Content-Length: 183

{"jsonrpc":"2.0","id":3,"method":"requestServiceChannel","params":[{"name":"Microsoft.ServiceHub.Framework.AuthorizationService"},{"clientCulture":"de-AT","clientUICulture":"en-US"}]}
03/22/2025 16:12:55 Mitteleuropäische Normalzeit : Information : Microsoft.VisualStudio.Debugger.SourceLinkService-RemoteServiceBrokerServer write: Content-Length: 181

{"jsonrpc":"2.0","id":3,"result":{"requestId":"df215dac-8196-4f89-9391-70bcd925b235","pipeName":"/var/folders/3l/2l1z4wws21v3mv848wtg85jc0000gn/T/39fd36307e314d158da1b305c54748bb"}}
03/22/2025 16:12:55 Mitteleuropäische Normalzeit : Information : Microsoft.VisualStudio.Debugger.SourceLinkService-RemoteServiceBrokerServer read: Content-Length: 256

{"jsonrpc":"2.0","id":4,"method":"requestServiceChannel","params":[{"name":"Microsoft.VisualStudio.OptionService","version":"0.1"},{"clientCulture":"de-AT","clientUICulture":"en-US"}],"traceparent":"00-699cd821f77eed46be304b6b58650661-30ccd3939959024a-00"}
03/22/2025 16:12:55 Mitteleuropäische Normalzeit : Information : Microsoft.VisualStudio.Debugger.SourceLinkService-RemoteServiceBrokerServer write: Content-Length: 181

{"jsonrpc":"2.0","id":4,"result":{"requestId":"a721c41f-b7a6-45b3-a6e7-ded3eef08295","pipeName":"/var/folders/3l/2l1z4wws21v3mv848wtg85jc0000gn/T/634cd3082fa743429b869515b98dd948"}}
03/22/2025 20:43:23 Mitteleuropäische Normalzeit : Information : VsHubClient-hubController write: Content-Length: 328

{"jsonrpc":"2.0","id":20,"method":"requestServiceChannel","params":[{"Name":"Microsoft.VisualStudio.LaunchConfigurationService"},{"ActivationArguments":{"__servicehub__ServiceHubRemoteServiceBrokerPipeName":"/Users/MacBook/.ServiceHub/74903abc6a/f853686fd6"},"ClientCredentials":{},"ClientCulture":"de","ClientUICulture":"de"}]}
03/22/2025 20:43:23 Mitteleuropäische Normalzeit : Information : VsHubClient-hubController read: Content-Length: 165

{"jsonrpc":"2.0","id":20,"result":{"RequestId":"6c9c3c21-88b9-40dd-a12a-7b46cea72efa","PipeName":"/Users/MacBook/.ServiceHub/74903abc6a/cc6e7e9c8e","IsEmpty":false}}
03/22/2025 20:43:23 Mitteleuropäische Normalzeit : Information : Disposing ServiceBroker server '/Users/MacBook/.ServiceHub/74903abc6a/f853686fd6'.
03/22/2025 20:43:23 Mitteleuropäische Normalzeit : Information : Microsoft.VisualStudio.LaunchConfigurationService-RemoteServiceBrokerServer read: Content-Length: 193

{"jsonrpc":"2.0","id":2,"method":"handshake","params":[{"supportedConnections":"IpcPipe","localServiceHost":{"operatingSystem":2,"processArchitecture":3,"runtime":2,"runtimeVersion":"9.0.1"}}]}
03/22/2025 20:43:23 Mitteleuropäische Normalzeit : Information : Microsoft.VisualStudio.LaunchConfigurationService-RemoteServiceBrokerServer write: Content-Length: 38

{"jsonrpc":"2.0","id":2,"result":null}
03/22/2025 20:43:23 Mitteleuropäische Normalzeit : Information : Microsoft.VisualStudio.LaunchConfigurationService-RemoteServiceBrokerServer read: Content-Length: 177

{"jsonrpc":"2.0","id":3,"method":"requestServiceChannel","params":[{"name":"Microsoft.ServiceHub.Framework.AuthorizationService"},{"clientCulture":"de","clientUICulture":"de"}]}
03/22/2025 20:43:23 Mitteleuropäische Normalzeit : Information : Microsoft.VisualStudio.LaunchConfigurationService-RemoteServiceBrokerServer write: Content-Length: 181

{"jsonrpc":"2.0","id":3,"result":{"requestId":"4b0c2fbb-a59d-4621-80cd-83fc64302e01","pipeName":"/var/folders/3l/2l1z4wws21v3mv848wtg85jc0000gn/T/ae5e90bafbbf4cc1923b6dc455f4f000"}}
03/22/2025 20:43:23 Mitteleuropäische Normalzeit : Information : VsHubClient-hubController JSON RPC has been disposed
03/22/2025 20:43:23 Mitteleuropäische Normalzeit : Information : VsHubClient-hubController read: end of stream
03/22/2025 20:43:23 Mitteleuropäische Normalzeit : Information : Microsoft.VisualStudio.ProjectSystem.Query.Remoting.QueryExecutionService-RemoteServiceBrokerServer read: end of stream
03/22/2025 20:43:23 Mitteleuropäische Normalzeit : Information : Microsoft.VisualStudio.TestWindow.VSCode.Service-RemoteServiceBrokerServer read: end of stream
