01/18/2025 22:22:23 Mitteleuropäische Normalzeit : Information : Local timezone is (UTC+01:00) Mitteleuropäische Zeit (Wien)
01/18/2025 22:22:23 Mitteleuropäische Normalzeit : Information : Added local RPC method "getPipe" -> Microsoft.VisualStudio.Utilities.ServiceBroker.GlobalBrokeredServiceContainer+View.GetPipeAsync(ServiceMoniker, ServiceActivationOptions, CancellationToken) (Microsoft.VisualStudio.Utilities.ServiceBroker.GlobalBrokeredServiceContainer+View)
01/18/2025 22:22:23 Mitteleuropäische Normalzeit : Information : Added local RPC method "getProxy" -> Microsoft.VisualStudio.Utilities.ServiceBroker.GlobalBrokeredServiceContainer+View.GetProxyAsync(ServiceRpcDescriptor, ServiceActivationOptions, CancellationToken) (Microsoft.VisualStudio.Utilities.ServiceBroker.GlobalBrokeredServiceContainer+View)
01/18/2025 22:22:23 Mitteleuropäische Normalzeit : Information : Added local RPC method "handshake" -> Microsoft.VisualStudio.Utilities.ServiceBroker.GlobalBrokeredServiceContainer+View.HandshakeAsync(ServiceBrokerClientMetadata, CancellationToken) (Microsoft.VisualStudio.Utilities.ServiceBroker.GlobalBrokeredServiceContainer+View)
01/18/2025 22:22:23 Mitteleuropäische Normalzeit : Information : Added local RPC method "requestServiceChannel" -> Microsoft.VisualStudio.Utilities.ServiceBroker.GlobalBrokeredServiceContainer+View.RequestServiceChannelAsync(ServiceMoniker, ServiceActivationOptions, CancellationToken) (Microsoft.VisualStudio.Utilities.ServiceBroker.GlobalBrokeredServiceContainer+View)
01/18/2025 22:22:23 Mitteleuropäische Normalzeit : Information : Added local RPC method "cancelServiceRequest" -> Microsoft.VisualStudio.Utilities.ServiceBroker.GlobalBrokeredServiceContainer+View.CancelServiceRequestAsync(Guid) (Microsoft.VisualStudio.Utilities.ServiceBroker.GlobalBrokeredServiceContainer+View)
01/18/2025 22:22:23 Mitteleuropäische Normalzeit : Information : Added local RPC method "getPipe" -> Microsoft.VisualStudio.Utilities.ServiceBroker.GlobalBrokeredServiceContainer+View.GetPipeAsync(ServiceMoniker, ServiceActivationOptions, CancellationToken) (Microsoft.VisualStudio.Utilities.ServiceBroker.GlobalBrokeredServiceContainer+View)
01/18/2025 22:22:23 Mitteleuropäische Normalzeit : Information : Added local RPC method "getProxy" -> Microsoft.VisualStudio.Utilities.ServiceBroker.GlobalBrokeredServiceContainer+View.GetProxyAsync(ServiceRpcDescriptor, ServiceActivationOptions, CancellationToken) (Microsoft.VisualStudio.Utilities.ServiceBroker.GlobalBrokeredServiceContainer+View)
01/18/2025 22:22:23 Mitteleuropäische Normalzeit : Information : Added local RPC method "handshake" -> Microsoft.VisualStudio.Utilities.ServiceBroker.GlobalBrokeredServiceContainer+View.HandshakeAsync(ServiceBrokerClientMetadata, CancellationToken) (Microsoft.VisualStudio.Utilities.ServiceBroker.GlobalBrokeredServiceContainer+View)
01/18/2025 22:22:23 Mitteleuropäische Normalzeit : Information : Added local RPC method "requestServiceChannel" -> Microsoft.VisualStudio.Utilities.ServiceBroker.GlobalBrokeredServiceContainer+View.RequestServiceChannelAsync(ServiceMoniker, ServiceActivationOptions, CancellationToken) (Microsoft.VisualStudio.Utilities.ServiceBroker.GlobalBrokeredServiceContainer+View)
01/18/2025 22:22:23 Mitteleuropäische Normalzeit : Information : Added local RPC method "cancelServiceRequest" -> Microsoft.VisualStudio.Utilities.ServiceBroker.GlobalBrokeredServiceContainer+View.CancelServiceRequestAsync(Guid) (Microsoft.VisualStudio.Utilities.ServiceBroker.GlobalBrokeredServiceContainer+View)
01/18/2025 22:22:23 Mitteleuropäische Normalzeit: Information : 2 :Listening for events from Microsoft.VisualStudio.Utilities.ServiceBroker.GlobalBrokeredServiceContainer+View.AvailabilityChanged to raise notification.
01/18/2025 22:22:23 Mitteleuropäische Normalzeit: Information : 3 :Listening started.
01/18/2025 22:22:23 Mitteleuropäische Normalzeit: Information : 7 :{"id":2,"method":"handshake"}
01/18/2025 22:22:23 Mitteleuropäische Normalzeit: Information : 6 :Received request "2" for method "handshake".
01/18/2025 22:22:23 Mitteleuropäische Normalzeit: Information : 9 :Invoking Microsoft.VisualStudio.Utilities.ServiceBroker.GlobalBrokeredServiceContainer+View.HandshakeAsync(ServiceBrokerClientMetadata, CancellationToken)
01/18/2025 22:22:23 Mitteleuropäische Normalzeit : Start : handshake
01/18/2025 22:22:23 Mitteleuropäische Normalzeit : Stop : handshake
01/18/2025 22:22:23 Mitteleuropäische Normalzeit: Information : 8 :{"id":2}
01/18/2025 22:22:23 Mitteleuropäische Normalzeit: Information : 7 :{"id":3,"method":"requestServiceChannel"}
01/18/2025 22:22:23 Mitteleuropäische Normalzeit: Information : 6 :Received request "3" for method "requestServiceChannel".
01/18/2025 22:22:23 Mitteleuropäische Normalzeit: Information : 9 :Invoking Microsoft.VisualStudio.Utilities.ServiceBroker.GlobalBrokeredServiceContainer+View.RequestServiceChannelAsync(ServiceMoniker, ServiceActivationOptions, CancellationToken)
01/18/2025 22:22:23 Mitteleuropäische Normalzeit : Start : requestServiceChannel
01/18/2025 22:22:23 Mitteleuropäische Normalzeit : Stop : requestServiceChannel
01/18/2025 22:22:23 Mitteleuropäische Normalzeit: Information : 8 :{"id":3}
01/18/2025 22:22:23 Mitteleuropäische Normalzeit: Information : 7 :{"id":4,"method":"requestServiceChannel"}
01/18/2025 22:22:23 Mitteleuropäische Normalzeit: Information : 6 :Received request "4" for method "requestServiceChannel".
01/18/2025 22:22:23 Mitteleuropäische Normalzeit: Information : 9 :Invoking Microsoft.VisualStudio.Utilities.ServiceBroker.GlobalBrokeredServiceContainer+View.RequestServiceChannelAsync(ServiceMoniker, ServiceActivationOptions, CancellationToken)
01/18/2025 22:22:23 Mitteleuropäische Normalzeit : Transfer : Transfer, relatedActivityId=989f534c-2280-404f-804b-41ee58c86db5
01/18/2025 22:22:23 Mitteleuropäische Normalzeit : Start : requestServiceChannel
01/18/2025 22:22:23 Mitteleuropäische Normalzeit : Stop : requestServiceChannel
01/18/2025 22:22:23 Mitteleuropäische Normalzeit : Transfer : Transfer, relatedActivityId=584682dc-4e92-4ace-a409-b7864382826f
01/18/2025 22:22:23 Mitteleuropäische Normalzeit: Information : 8 :{"id":4}
