01/17/2025 23:02:28 Mitteleuropäische Normalzeit : Information : Local timezone is (UTC+01:00) Mitteleuropäische Zeit (Wien)
01/17/2025 23:02:28 Mitteleuropäische Normalzeit : Information : Added local RPC method "getPipe" -> Microsoft.VisualStudio.Utilities.ServiceBroker.GlobalBrokeredServiceContainer+View.GetPipeAsync(ServiceMoniker, ServiceActivationOptions, CancellationToken) (Microsoft.VisualStudio.Utilities.ServiceBroker.GlobalBrokeredServiceContainer+View)
01/17/2025 23:02:28 Mitteleuropäische Normalzeit : Information : Added local RPC method "getProxy" -> Microsoft.VisualStudio.Utilities.ServiceBroker.GlobalBrokeredServiceContainer+View.GetProxyAsync(ServiceRpcDescriptor, ServiceActivationOptions, CancellationToken) (Microsoft.VisualStudio.Utilities.ServiceBroker.GlobalBrokeredServiceContainer+View)
01/17/2025 23:02:28 Mitteleuropäische Normalzeit : Information : Added local RPC method "handshake" -> Microsoft.VisualStudio.Utilities.ServiceBroker.GlobalBrokeredServiceContainer+View.HandshakeAsync(ServiceBrokerClientMetadata, CancellationToken) (Microsoft.VisualStudio.Utilities.ServiceBroker.GlobalBrokeredServiceContainer+View)
01/17/2025 23:02:28 Mitteleuropäische Normalzeit : Information : Added local RPC method "requestServiceChannel" -> Microsoft.VisualStudio.Utilities.ServiceBroker.GlobalBrokeredServiceContainer+View.RequestServiceChannelAsync(ServiceMoniker, ServiceActivationOptions, CancellationToken) (Microsoft.VisualStudio.Utilities.ServiceBroker.GlobalBrokeredServiceContainer+View)
01/17/2025 23:02:28 Mitteleuropäische Normalzeit : Information : Added local RPC method "cancelServiceRequest" -> Microsoft.VisualStudio.Utilities.ServiceBroker.GlobalBrokeredServiceContainer+View.CancelServiceRequestAsync(Guid) (Microsoft.VisualStudio.Utilities.ServiceBroker.GlobalBrokeredServiceContainer+View)
01/17/2025 23:02:28 Mitteleuropäische Normalzeit : Information : Added local RPC method "getPipe" -> Microsoft.VisualStudio.Utilities.ServiceBroker.GlobalBrokeredServiceContainer+View.GetPipeAsync(ServiceMoniker, ServiceActivationOptions, CancellationToken) (Microsoft.VisualStudio.Utilities.ServiceBroker.GlobalBrokeredServiceContainer+View)
01/17/2025 23:02:28 Mitteleuropäische Normalzeit : Information : Added local RPC method "getProxy" -> Microsoft.VisualStudio.Utilities.ServiceBroker.GlobalBrokeredServiceContainer+View.GetProxyAsync(ServiceRpcDescriptor, ServiceActivationOptions, CancellationToken) (Microsoft.VisualStudio.Utilities.ServiceBroker.GlobalBrokeredServiceContainer+View)
01/17/2025 23:02:28 Mitteleuropäische Normalzeit : Information : Added local RPC method "handshake" -> Microsoft.VisualStudio.Utilities.ServiceBroker.GlobalBrokeredServiceContainer+View.HandshakeAsync(ServiceBrokerClientMetadata, CancellationToken) (Microsoft.VisualStudio.Utilities.ServiceBroker.GlobalBrokeredServiceContainer+View)
01/17/2025 23:02:28 Mitteleuropäische Normalzeit : Information : Added local RPC method "requestServiceChannel" -> Microsoft.VisualStudio.Utilities.ServiceBroker.GlobalBrokeredServiceContainer+View.RequestServiceChannelAsync(ServiceMoniker, ServiceActivationOptions, CancellationToken) (Microsoft.VisualStudio.Utilities.ServiceBroker.GlobalBrokeredServiceContainer+View)
01/17/2025 23:02:28 Mitteleuropäische Normalzeit : Information : Added local RPC method "cancelServiceRequest" -> Microsoft.VisualStudio.Utilities.ServiceBroker.GlobalBrokeredServiceContainer+View.CancelServiceRequestAsync(Guid) (Microsoft.VisualStudio.Utilities.ServiceBroker.GlobalBrokeredServiceContainer+View)
01/17/2025 23:02:28 Mitteleuropäische Normalzeit: Information : 2 :Listening for events from Microsoft.VisualStudio.Utilities.ServiceBroker.GlobalBrokeredServiceContainer+View.AvailabilityChanged to raise notification.
01/17/2025 23:02:28 Mitteleuropäische Normalzeit: Information : 3 :Listening started.
01/17/2025 23:02:28 Mitteleuropäische Normalzeit: Information : 7 :{"id":2,"method":"handshake"}
01/17/2025 23:02:28 Mitteleuropäische Normalzeit: Information : 6 :Received request "2" for method "handshake".
01/17/2025 23:02:28 Mitteleuropäische Normalzeit: Information : 9 :Invoking Microsoft.VisualStudio.Utilities.ServiceBroker.GlobalBrokeredServiceContainer+View.HandshakeAsync(ServiceBrokerClientMetadata, CancellationToken)
01/17/2025 23:02:28 Mitteleuropäische Normalzeit : Start : handshake
01/17/2025 23:02:28 Mitteleuropäische Normalzeit : Stop : handshake
01/17/2025 23:02:28 Mitteleuropäische Normalzeit: Information : 8 :{"id":2}
01/17/2025 23:02:28 Mitteleuropäische Normalzeit: Information : 7 :{"id":3,"method":"requestServiceChannel"}
01/17/2025 23:02:28 Mitteleuropäische Normalzeit: Information : 6 :Received request "3" for method "requestServiceChannel".
01/17/2025 23:02:28 Mitteleuropäische Normalzeit: Information : 9 :Invoking Microsoft.VisualStudio.Utilities.ServiceBroker.GlobalBrokeredServiceContainer+View.RequestServiceChannelAsync(ServiceMoniker, ServiceActivationOptions, CancellationToken)
01/17/2025 23:02:28 Mitteleuropäische Normalzeit : Start : requestServiceChannel
01/17/2025 23:02:28 Mitteleuropäische Normalzeit : Stop : requestServiceChannel
01/17/2025 23:02:28 Mitteleuropäische Normalzeit: Information : 8 :{"id":3}
01/17/2025 23:02:28 Mitteleuropäische Normalzeit: Information : 7 :{"id":4,"method":"requestServiceChannel"}
01/17/2025 23:02:28 Mitteleuropäische Normalzeit: Information : 6 :Received request "4" for method "requestServiceChannel".
01/17/2025 23:02:28 Mitteleuropäische Normalzeit: Information : 9 :Invoking Microsoft.VisualStudio.Utilities.ServiceBroker.GlobalBrokeredServiceContainer+View.RequestServiceChannelAsync(ServiceMoniker, ServiceActivationOptions, CancellationToken)
01/17/2025 23:02:28 Mitteleuropäische Normalzeit : Transfer : Transfer, relatedActivityId=192676f5-cd2b-4f52-9f8b-e037a8f1e974
01/17/2025 23:02:28 Mitteleuropäische Normalzeit : Start : requestServiceChannel
01/17/2025 23:02:28 Mitteleuropäische Normalzeit : Stop : requestServiceChannel
01/17/2025 23:02:28 Mitteleuropäische Normalzeit : Transfer : Transfer, relatedActivityId=34bd7bab-0c74-455e-aa47-8f2f98c99a61
01/17/2025 23:02:28 Mitteleuropäische Normalzeit: Information : 8 :{"id":4}
