01/17/2025 21:46:03 Mitteleuropäische Normalzeit : Information : Local timezone is (UTC+01:00) Mitteleuropäische Zeit (Wien)
01/17/2025 21:46:03 Mitteleuropäische Normalzeit : Information : Added local RPC method "getPipe" -> Microsoft.VisualStudio.Utilities.ServiceBroker.GlobalBrokeredServiceContainer+View.GetPipeAsync(ServiceMoniker, ServiceActivationOptions, CancellationToken) (Microsoft.VisualStudio.Utilities.ServiceBroker.GlobalBrokeredServiceContainer+View)
01/17/2025 21:46:03 Mitteleuropäische Normalzeit : Information : Added local RPC method "getProxy" -> Microsoft.VisualStudio.Utilities.ServiceBroker.GlobalBrokeredServiceContainer+View.GetProxyAsync(ServiceRpcDescriptor, ServiceActivationOptions, CancellationToken) (Microsoft.VisualStudio.Utilities.ServiceBroker.GlobalBrokeredServiceContainer+View)
01/17/2025 21:46:03 Mitteleuropäische Normalzeit : Information : Added local RPC method "handshake" -> Microsoft.VisualStudio.Utilities.ServiceBroker.GlobalBrokeredServiceContainer+View.HandshakeAsync(ServiceBrokerClientMetadata, CancellationToken) (Microsoft.VisualStudio.Utilities.ServiceBroker.GlobalBrokeredServiceContainer+View)
01/17/2025 21:46:03 Mitteleuropäische Normalzeit : Information : Added local RPC method "requestServiceChannel" -> Microsoft.VisualStudio.Utilities.ServiceBroker.GlobalBrokeredServiceContainer+View.RequestServiceChannelAsync(ServiceMoniker, ServiceActivationOptions, CancellationToken) (Microsoft.VisualStudio.Utilities.ServiceBroker.GlobalBrokeredServiceContainer+View)
01/17/2025 21:46:03 Mitteleuropäische Normalzeit : Information : Added local RPC method "cancelServiceRequest" -> Microsoft.VisualStudio.Utilities.ServiceBroker.GlobalBrokeredServiceContainer+View.CancelServiceRequestAsync(Guid) (Microsoft.VisualStudio.Utilities.ServiceBroker.GlobalBrokeredServiceContainer+View)
01/17/2025 21:46:03 Mitteleuropäische Normalzeit : Information : Added local RPC method "getPipe" -> Microsoft.VisualStudio.Utilities.ServiceBroker.GlobalBrokeredServiceContainer+View.GetPipeAsync(ServiceMoniker, ServiceActivationOptions, CancellationToken) (Microsoft.VisualStudio.Utilities.ServiceBroker.GlobalBrokeredServiceContainer+View)
01/17/2025 21:46:03 Mitteleuropäische Normalzeit : Information : Added local RPC method "getProxy" -> Microsoft.VisualStudio.Utilities.ServiceBroker.GlobalBrokeredServiceContainer+View.GetProxyAsync(ServiceRpcDescriptor, ServiceActivationOptions, CancellationToken) (Microsoft.VisualStudio.Utilities.ServiceBroker.GlobalBrokeredServiceContainer+View)
01/17/2025 21:46:03 Mitteleuropäische Normalzeit : Information : Added local RPC method "handshake" -> Microsoft.VisualStudio.Utilities.ServiceBroker.GlobalBrokeredServiceContainer+View.HandshakeAsync(ServiceBrokerClientMetadata, CancellationToken) (Microsoft.VisualStudio.Utilities.ServiceBroker.GlobalBrokeredServiceContainer+View)
01/17/2025 21:46:03 Mitteleuropäische Normalzeit : Information : Added local RPC method "requestServiceChannel" -> Microsoft.VisualStudio.Utilities.ServiceBroker.GlobalBrokeredServiceContainer+View.RequestServiceChannelAsync(ServiceMoniker, ServiceActivationOptions, CancellationToken) (Microsoft.VisualStudio.Utilities.ServiceBroker.GlobalBrokeredServiceContainer+View)
01/17/2025 21:46:03 Mitteleuropäische Normalzeit : Information : Added local RPC method "cancelServiceRequest" -> Microsoft.VisualStudio.Utilities.ServiceBroker.GlobalBrokeredServiceContainer+View.CancelServiceRequestAsync(Guid) (Microsoft.VisualStudio.Utilities.ServiceBroker.GlobalBrokeredServiceContainer+View)
01/17/2025 21:46:03 Mitteleuropäische Normalzeit: Information : 2 :Listening for events from Microsoft.VisualStudio.Utilities.ServiceBroker.GlobalBrokeredServiceContainer+View.AvailabilityChanged to raise notification.
01/17/2025 21:46:03 Mitteleuropäische Normalzeit: Information : 3 :Listening started.
01/17/2025 21:46:03 Mitteleuropäische Normalzeit: Information : 7 :{"id":2,"method":"handshake"}
01/17/2025 21:46:03 Mitteleuropäische Normalzeit: Information : 6 :Received request "2" for method "handshake".
01/17/2025 21:46:03 Mitteleuropäische Normalzeit: Information : 9 :Invoking Microsoft.VisualStudio.Utilities.ServiceBroker.GlobalBrokeredServiceContainer+View.HandshakeAsync(ServiceBrokerClientMetadata, CancellationToken)
01/17/2025 21:46:03 Mitteleuropäische Normalzeit : Start : handshake
01/17/2025 21:46:03 Mitteleuropäische Normalzeit : Stop : handshake
01/17/2025 21:46:03 Mitteleuropäische Normalzeit: Information : 8 :{"id":2}
01/17/2025 21:46:03 Mitteleuropäische Normalzeit: Information : 7 :{"id":3,"method":"requestServiceChannel"}
01/17/2025 21:46:03 Mitteleuropäische Normalzeit: Information : 6 :Received request "3" for method "requestServiceChannel".
01/17/2025 21:46:03 Mitteleuropäische Normalzeit: Information : 9 :Invoking Microsoft.VisualStudio.Utilities.ServiceBroker.GlobalBrokeredServiceContainer+View.RequestServiceChannelAsync(ServiceMoniker, ServiceActivationOptions, CancellationToken)
01/17/2025 21:46:03 Mitteleuropäische Normalzeit : Start : requestServiceChannel
01/17/2025 21:46:03 Mitteleuropäische Normalzeit : Stop : requestServiceChannel
01/17/2025 21:46:03 Mitteleuropäische Normalzeit: Information : 8 :{"id":3}
01/17/2025 21:46:04 Mitteleuropäische Normalzeit: Information : 7 :{"id":4,"method":"requestServiceChannel"}
01/17/2025 21:46:04 Mitteleuropäische Normalzeit: Information : 6 :Received request "4" for method "requestServiceChannel".
01/17/2025 21:46:04 Mitteleuropäische Normalzeit: Information : 9 :Invoking Microsoft.VisualStudio.Utilities.ServiceBroker.GlobalBrokeredServiceContainer+View.RequestServiceChannelAsync(ServiceMoniker, ServiceActivationOptions, CancellationToken)
01/17/2025 21:46:04 Mitteleuropäische Normalzeit : Transfer : Transfer, relatedActivityId=dd347503-d2e4-4bd5-b358-d166a8c78ce0
01/17/2025 21:46:04 Mitteleuropäische Normalzeit : Start : requestServiceChannel
01/17/2025 21:46:04 Mitteleuropäische Normalzeit : Stop : requestServiceChannel
01/17/2025 21:46:04 Mitteleuropäische Normalzeit : Transfer : Transfer, relatedActivityId=cb13e630-b6b6-4b03-8388-7c4be45c4187
01/17/2025 21:46:04 Mitteleuropäische Normalzeit: Information : 8 :{"id":4}
01/17/2025 21:46:04 Mitteleuropäische Normalzeit: Information : 7 :{"id":5,"method":"requestServiceChannel"}
01/17/2025 21:46:04 Mitteleuropäische Normalzeit: Information : 6 :Received request "5" for method "requestServiceChannel".
01/17/2025 21:46:04 Mitteleuropäische Normalzeit: Information : 9 :Invoking Microsoft.VisualStudio.Utilities.ServiceBroker.GlobalBrokeredServiceContainer+View.RequestServiceChannelAsync(ServiceMoniker, ServiceActivationOptions, CancellationToken)
01/17/2025 21:46:04 Mitteleuropäische Normalzeit : Transfer : Transfer, relatedActivityId=05107625-2956-425f-9f16-c768dfd266f0
01/17/2025 21:46:04 Mitteleuropäische Normalzeit : Start : requestServiceChannel
01/17/2025 21:46:04 Mitteleuropäische Normalzeit : Stop : requestServiceChannel
01/17/2025 21:46:04 Mitteleuropäische Normalzeit : Transfer : Transfer, relatedActivityId=cb13e630-b6b6-4b03-8388-7c4be45c4187
01/17/2025 21:46:04 Mitteleuropäische Normalzeit: Information : 8 :{"id":5}
