01/18/2025 22:27:13 Mitteleuropäische Normalzeit : Information : Local timezone is (UTC+01:00) Mitteleuropäische Zeit (Wien)
01/18/2025 22:27:13 Mitteleuropäische Normalzeit : Information : Added local RPC method "getPipe" -> Microsoft.VisualStudio.Utilities.ServiceBroker.GlobalBrokeredServiceContainer+View.GetPipeAsync(ServiceMoniker, ServiceActivationOptions, CancellationToken) (Microsoft.VisualStudio.Utilities.ServiceBroker.GlobalBrokeredServiceContainer+View)
01/18/2025 22:27:13 Mitteleuropäische Normalzeit : Information : Added local RPC method "getProxy" -> Microsoft.VisualStudio.Utilities.ServiceBroker.GlobalBrokeredServiceContainer+View.GetProxyAsync(ServiceRpcDescriptor, ServiceActivationOptions, CancellationToken) (Microsoft.VisualStudio.Utilities.ServiceBroker.GlobalBrokeredServiceContainer+View)
01/18/2025 22:27:13 Mitteleuropäische Normalzeit : Information : Added local RPC method "handshake" -> Microsoft.VisualStudio.Utilities.ServiceBroker.GlobalBrokeredServiceContainer+View.HandshakeAsync(ServiceBrokerClientMetadata, CancellationToken) (Microsoft.VisualStudio.Utilities.ServiceBroker.GlobalBrokeredServiceContainer+View)
01/18/2025 22:27:13 Mitteleuropäische Normalzeit : Information : Added local RPC method "requestServiceChannel" -> Microsoft.VisualStudio.Utilities.ServiceBroker.GlobalBrokeredServiceContainer+View.RequestServiceChannelAsync(ServiceMoniker, ServiceActivationOptions, CancellationToken) (Microsoft.VisualStudio.Utilities.ServiceBroker.GlobalBrokeredServiceContainer+View)
01/18/2025 22:27:13 Mitteleuropäische Normalzeit : Information : Added local RPC method "cancelServiceRequest" -> Microsoft.VisualStudio.Utilities.ServiceBroker.GlobalBrokeredServiceContainer+View.CancelServiceRequestAsync(Guid) (Microsoft.VisualStudio.Utilities.ServiceBroker.GlobalBrokeredServiceContainer+View)
01/18/2025 22:27:13 Mitteleuropäische Normalzeit : Information : Added local RPC method "getPipe" -> Microsoft.VisualStudio.Utilities.ServiceBroker.GlobalBrokeredServiceContainer+View.GetPipeAsync(ServiceMoniker, ServiceActivationOptions, CancellationToken) (Microsoft.VisualStudio.Utilities.ServiceBroker.GlobalBrokeredServiceContainer+View)
01/18/2025 22:27:13 Mitteleuropäische Normalzeit : Information : Added local RPC method "getProxy" -> Microsoft.VisualStudio.Utilities.ServiceBroker.GlobalBrokeredServiceContainer+View.GetProxyAsync(ServiceRpcDescriptor, ServiceActivationOptions, CancellationToken) (Microsoft.VisualStudio.Utilities.ServiceBroker.GlobalBrokeredServiceContainer+View)
01/18/2025 22:27:13 Mitteleuropäische Normalzeit : Information : Added local RPC method "handshake" -> Microsoft.VisualStudio.Utilities.ServiceBroker.GlobalBrokeredServiceContainer+View.HandshakeAsync(ServiceBrokerClientMetadata, CancellationToken) (Microsoft.VisualStudio.Utilities.ServiceBroker.GlobalBrokeredServiceContainer+View)
01/18/2025 22:27:13 Mitteleuropäische Normalzeit : Information : Added local RPC method "requestServiceChannel" -> Microsoft.VisualStudio.Utilities.ServiceBroker.GlobalBrokeredServiceContainer+View.RequestServiceChannelAsync(ServiceMoniker, ServiceActivationOptions, CancellationToken) (Microsoft.VisualStudio.Utilities.ServiceBroker.GlobalBrokeredServiceContainer+View)
01/18/2025 22:27:13 Mitteleuropäische Normalzeit : Information : Added local RPC method "cancelServiceRequest" -> Microsoft.VisualStudio.Utilities.ServiceBroker.GlobalBrokeredServiceContainer+View.CancelServiceRequestAsync(Guid) (Microsoft.VisualStudio.Utilities.ServiceBroker.GlobalBrokeredServiceContainer+View)
01/18/2025 22:27:13 Mitteleuropäische Normalzeit: Information : 2 :Listening for events from Microsoft.VisualStudio.Utilities.ServiceBroker.GlobalBrokeredServiceContainer+View.AvailabilityChanged to raise notification.
01/18/2025 22:27:13 Mitteleuropäische Normalzeit: Information : 3 :Listening started.
01/18/2025 22:27:13 Mitteleuropäische Normalzeit: Information : 7 :{"id":2,"method":"handshake"}
01/18/2025 22:27:13 Mitteleuropäische Normalzeit: Information : 6 :Received request "2" for method "handshake".
01/18/2025 22:27:13 Mitteleuropäische Normalzeit: Information : 9 :Invoking Microsoft.VisualStudio.Utilities.ServiceBroker.GlobalBrokeredServiceContainer+View.HandshakeAsync(ServiceBrokerClientMetadata, CancellationToken)
01/18/2025 22:27:13 Mitteleuropäische Normalzeit : Start : handshake
01/18/2025 22:27:13 Mitteleuropäische Normalzeit : Stop : handshake
01/18/2025 22:27:13 Mitteleuropäische Normalzeit: Information : 8 :{"id":2}
01/18/2025 22:27:13 Mitteleuropäische Normalzeit: Information : 7 :{"id":3,"method":"requestServiceChannel"}
01/18/2025 22:27:13 Mitteleuropäische Normalzeit: Information : 6 :Received request "3" for method "requestServiceChannel".
01/18/2025 22:27:13 Mitteleuropäische Normalzeit: Information : 9 :Invoking Microsoft.VisualStudio.Utilities.ServiceBroker.GlobalBrokeredServiceContainer+View.RequestServiceChannelAsync(ServiceMoniker, ServiceActivationOptions, CancellationToken)
01/18/2025 22:27:13 Mitteleuropäische Normalzeit : Start : requestServiceChannel
01/18/2025 22:27:13 Mitteleuropäische Normalzeit : Stop : requestServiceChannel
01/18/2025 22:27:13 Mitteleuropäische Normalzeit: Information : 8 :{"id":3}
01/18/2025 22:27:13 Mitteleuropäische Normalzeit: Information : 7 :{"id":4,"method":"requestServiceChannel"}
01/18/2025 22:27:13 Mitteleuropäische Normalzeit: Information : 6 :Received request "4" for method "requestServiceChannel".
01/18/2025 22:27:13 Mitteleuropäische Normalzeit: Information : 9 :Invoking Microsoft.VisualStudio.Utilities.ServiceBroker.GlobalBrokeredServiceContainer+View.RequestServiceChannelAsync(ServiceMoniker, ServiceActivationOptions, CancellationToken)
01/18/2025 22:27:14 Mitteleuropäische Normalzeit : Transfer : Transfer, relatedActivityId=e7ca5d66-5b57-45af-bcca-e6a9f0e0576c
01/18/2025 22:27:14 Mitteleuropäische Normalzeit : Start : requestServiceChannel
01/18/2025 22:27:14 Mitteleuropäische Normalzeit : Stop : requestServiceChannel
01/18/2025 22:27:14 Mitteleuropäische Normalzeit : Transfer : Transfer, relatedActivityId=2373f613-b24b-4bec-9949-a392e698be3b
01/18/2025 22:27:14 Mitteleuropäische Normalzeit: Information : 8 :{"id":4}
