01/17/2025 23:03:06 Mitteleuropäische Normalzeit : Information : Local timezone is (UTC+01:00) Mitteleuropäische Zeit (Wien)
01/17/2025 23:03:06 Mitteleuropäische Normalzeit : Information : Added local RPC method "getPipe" -> Microsoft.VisualStudio.Utilities.ServiceBroker.GlobalBrokeredServiceContainer+View.GetPipeAsync(ServiceMoniker, ServiceActivationOptions, CancellationToken) (Microsoft.VisualStudio.Utilities.ServiceBroker.GlobalBrokeredServiceContainer+View)
01/17/2025 23:03:06 Mitteleuropäische Normalzeit : Information : Added local RPC method "getProxy" -> Microsoft.VisualStudio.Utilities.ServiceBroker.GlobalBrokeredServiceContainer+View.GetProxyAsync(ServiceRpcDescriptor, ServiceActivationOptions, CancellationToken) (Microsoft.VisualStudio.Utilities.ServiceBroker.GlobalBrokeredServiceContainer+View)
01/17/2025 23:03:06 Mitteleuropäische Normalzeit : Information : Added local RPC method "handshake" -> Microsoft.VisualStudio.Utilities.ServiceBroker.GlobalBrokeredServiceContainer+View.HandshakeAsync(ServiceBrokerClientMetadata, CancellationToken) (Microsoft.VisualStudio.Utilities.ServiceBroker.GlobalBrokeredServiceContainer+View)
01/17/2025 23:03:06 Mitteleuropäische Normalzeit : Information : Added local RPC method "requestServiceChannel" -> Microsoft.VisualStudio.Utilities.ServiceBroker.GlobalBrokeredServiceContainer+View.RequestServiceChannelAsync(ServiceMoniker, ServiceActivationOptions, CancellationToken) (Microsoft.VisualStudio.Utilities.ServiceBroker.GlobalBrokeredServiceContainer+View)
01/17/2025 23:03:06 Mitteleuropäische Normalzeit : Information : Added local RPC method "cancelServiceRequest" -> Microsoft.VisualStudio.Utilities.ServiceBroker.GlobalBrokeredServiceContainer+View.CancelServiceRequestAsync(Guid) (Microsoft.VisualStudio.Utilities.ServiceBroker.GlobalBrokeredServiceContainer+View)
01/17/2025 23:03:06 Mitteleuropäische Normalzeit : Information : Added local RPC method "getPipe" -> Microsoft.VisualStudio.Utilities.ServiceBroker.GlobalBrokeredServiceContainer+View.GetPipeAsync(ServiceMoniker, ServiceActivationOptions, CancellationToken) (Microsoft.VisualStudio.Utilities.ServiceBroker.GlobalBrokeredServiceContainer+View)
01/17/2025 23:03:06 Mitteleuropäische Normalzeit : Information : Added local RPC method "getProxy" -> Microsoft.VisualStudio.Utilities.ServiceBroker.GlobalBrokeredServiceContainer+View.GetProxyAsync(ServiceRpcDescriptor, ServiceActivationOptions, CancellationToken) (Microsoft.VisualStudio.Utilities.ServiceBroker.GlobalBrokeredServiceContainer+View)
01/17/2025 23:03:06 Mitteleuropäische Normalzeit : Information : Added local RPC method "handshake" -> Microsoft.VisualStudio.Utilities.ServiceBroker.GlobalBrokeredServiceContainer+View.HandshakeAsync(ServiceBrokerClientMetadata, CancellationToken) (Microsoft.VisualStudio.Utilities.ServiceBroker.GlobalBrokeredServiceContainer+View)
01/17/2025 23:03:06 Mitteleuropäische Normalzeit : Information : Added local RPC method "requestServiceChannel" -> Microsoft.VisualStudio.Utilities.ServiceBroker.GlobalBrokeredServiceContainer+View.RequestServiceChannelAsync(ServiceMoniker, ServiceActivationOptions, CancellationToken) (Microsoft.VisualStudio.Utilities.ServiceBroker.GlobalBrokeredServiceContainer+View)
01/17/2025 23:03:06 Mitteleuropäische Normalzeit : Information : Added local RPC method "cancelServiceRequest" -> Microsoft.VisualStudio.Utilities.ServiceBroker.GlobalBrokeredServiceContainer+View.CancelServiceRequestAsync(Guid) (Microsoft.VisualStudio.Utilities.ServiceBroker.GlobalBrokeredServiceContainer+View)
01/17/2025 23:03:06 Mitteleuropäische Normalzeit: Information : 2 :Listening for events from Microsoft.VisualStudio.Utilities.ServiceBroker.GlobalBrokeredServiceContainer+View.AvailabilityChanged to raise notification.
01/17/2025 23:03:06 Mitteleuropäische Normalzeit: Information : 3 :Listening started.
01/17/2025 23:03:06 Mitteleuropäische Normalzeit: Information : 7 :{"id":2,"method":"handshake"}
01/17/2025 23:03:06 Mitteleuropäische Normalzeit: Information : 6 :Received request "2" for method "handshake".
01/17/2025 23:03:06 Mitteleuropäische Normalzeit: Information : 9 :Invoking Microsoft.VisualStudio.Utilities.ServiceBroker.GlobalBrokeredServiceContainer+View.HandshakeAsync(ServiceBrokerClientMetadata, CancellationToken)
01/17/2025 23:03:06 Mitteleuropäische Normalzeit : Start : handshake
01/17/2025 23:03:06 Mitteleuropäische Normalzeit : Stop : handshake
01/17/2025 23:03:06 Mitteleuropäische Normalzeit: Information : 8 :{"id":2}
01/17/2025 23:03:06 Mitteleuropäische Normalzeit: Information : 7 :{"id":3,"method":"requestServiceChannel"}
01/17/2025 23:03:06 Mitteleuropäische Normalzeit: Information : 6 :Received request "3" for method "requestServiceChannel".
01/17/2025 23:03:06 Mitteleuropäische Normalzeit: Information : 9 :Invoking Microsoft.VisualStudio.Utilities.ServiceBroker.GlobalBrokeredServiceContainer+View.RequestServiceChannelAsync(ServiceMoniker, ServiceActivationOptions, CancellationToken)
01/17/2025 23:03:06 Mitteleuropäische Normalzeit : Start : requestServiceChannel
01/17/2025 23:03:06 Mitteleuropäische Normalzeit : Stop : requestServiceChannel
01/17/2025 23:03:06 Mitteleuropäische Normalzeit: Information : 8 :{"id":3}
01/17/2025 23:03:06 Mitteleuropäische Normalzeit: Information : 7 :{"id":4,"method":"requestServiceChannel"}
01/17/2025 23:03:06 Mitteleuropäische Normalzeit: Information : 6 :Received request "4" for method "requestServiceChannel".
01/17/2025 23:03:06 Mitteleuropäische Normalzeit: Information : 9 :Invoking Microsoft.VisualStudio.Utilities.ServiceBroker.GlobalBrokeredServiceContainer+View.RequestServiceChannelAsync(ServiceMoniker, ServiceActivationOptions, CancellationToken)
01/17/2025 23:03:06 Mitteleuropäische Normalzeit : Transfer : Transfer, relatedActivityId=e23ec473-7c52-406e-add7-c143fc9f20b3
01/17/2025 23:03:06 Mitteleuropäische Normalzeit : Start : requestServiceChannel
01/17/2025 23:03:06 Mitteleuropäische Normalzeit: Information : 7 :{"id":5,"method":"requestServiceChannel"}
01/17/2025 23:03:06 Mitteleuropäische Normalzeit: Information : 6 :Received request "5" for method "requestServiceChannel".
01/17/2025 23:03:06 Mitteleuropäische Normalzeit: Information : 9 :Invoking Microsoft.VisualStudio.Utilities.ServiceBroker.GlobalBrokeredServiceContainer+View.RequestServiceChannelAsync(ServiceMoniker, ServiceActivationOptions, CancellationToken)
01/17/2025 23:03:06 Mitteleuropäische Normalzeit : Transfer : Transfer, relatedActivityId=efae880b-75b4-4313-8fce-d0f0b19b1cd8
01/17/2025 23:03:06 Mitteleuropäische Normalzeit : Start : requestServiceChannel
01/17/2025 23:03:06 Mitteleuropäische Normalzeit : Stop : requestServiceChannel
01/17/2025 23:03:06 Mitteleuropäische Normalzeit : Transfer : Transfer, relatedActivityId=1757b337-88be-4c0c-ab8f-300f7803a44a
01/17/2025 23:03:06 Mitteleuropäische Normalzeit: Information : 8 :{"id":4}
01/17/2025 23:03:06 Mitteleuropäische Normalzeit : Stop : requestServiceChannel
01/17/2025 23:03:06 Mitteleuropäische Normalzeit : Transfer : Transfer, relatedActivityId=cada1e07-b7fa-4ff7-8196-23d8f1e228c3
01/17/2025 23:03:06 Mitteleuropäische Normalzeit: Information : 8 :{"id":5}
