01/18/2025 22:27:14 Mitteleuropäische Normalzeit : Information : Local timezone is (UTC+01:00) Mitteleuropäische Zeit (Wien)
01/18/2025 22:27:14 Mitteleuropäische Normalzeit : Information : Added local RPC method "getPipe" -> Microsoft.VisualStudio.Utilities.ServiceBroker.GlobalBrokeredServiceContainer+View.GetPipeAsync(ServiceMoniker, ServiceActivationOptions, CancellationToken) (Microsoft.VisualStudio.Utilities.ServiceBroker.GlobalBrokeredServiceContainer+View)
01/18/2025 22:27:14 Mitteleuropäische Normalzeit : Information : Added local RPC method "getProxy" -> Microsoft.VisualStudio.Utilities.ServiceBroker.GlobalBrokeredServiceContainer+View.GetProxyAsync(ServiceRpcDescriptor, ServiceActivationOptions, CancellationToken) (Microsoft.VisualStudio.Utilities.ServiceBroker.GlobalBrokeredServiceContainer+View)
01/18/2025 22:27:14 Mitteleuropäische Normalzeit : Information : Added local RPC method "handshake" -> Microsoft.VisualStudio.Utilities.ServiceBroker.GlobalBrokeredServiceContainer+View.HandshakeAsync(ServiceBrokerClientMetadata, CancellationToken) (Microsoft.VisualStudio.Utilities.ServiceBroker.GlobalBrokeredServiceContainer+View)
01/18/2025 22:27:14 Mitteleuropäische Normalzeit : Information : Added local RPC method "requestServiceChannel" -> Microsoft.VisualStudio.Utilities.ServiceBroker.GlobalBrokeredServiceContainer+View.RequestServiceChannelAsync(ServiceMoniker, ServiceActivationOptions, CancellationToken) (Microsoft.VisualStudio.Utilities.ServiceBroker.GlobalBrokeredServiceContainer+View)
01/18/2025 22:27:14 Mitteleuropäische Normalzeit : Information : Added local RPC method "cancelServiceRequest" -> Microsoft.VisualStudio.Utilities.ServiceBroker.GlobalBrokeredServiceContainer+View.CancelServiceRequestAsync(Guid) (Microsoft.VisualStudio.Utilities.ServiceBroker.GlobalBrokeredServiceContainer+View)
01/18/2025 22:27:14 Mitteleuropäische Normalzeit : Information : Added local RPC method "getPipe" -> Microsoft.VisualStudio.Utilities.ServiceBroker.GlobalBrokeredServiceContainer+View.GetPipeAsync(ServiceMoniker, ServiceActivationOptions, CancellationToken) (Microsoft.VisualStudio.Utilities.ServiceBroker.GlobalBrokeredServiceContainer+View)
01/18/2025 22:27:14 Mitteleuropäische Normalzeit : Information : Added local RPC method "getProxy" -> Microsoft.VisualStudio.Utilities.ServiceBroker.GlobalBrokeredServiceContainer+View.GetProxyAsync(ServiceRpcDescriptor, ServiceActivationOptions, CancellationToken) (Microsoft.VisualStudio.Utilities.ServiceBroker.GlobalBrokeredServiceContainer+View)
01/18/2025 22:27:14 Mitteleuropäische Normalzeit : Information : Added local RPC method "handshake" -> Microsoft.VisualStudio.Utilities.ServiceBroker.GlobalBrokeredServiceContainer+View.HandshakeAsync(ServiceBrokerClientMetadata, CancellationToken) (Microsoft.VisualStudio.Utilities.ServiceBroker.GlobalBrokeredServiceContainer+View)
01/18/2025 22:27:14 Mitteleuropäische Normalzeit : Information : Added local RPC method "requestServiceChannel" -> Microsoft.VisualStudio.Utilities.ServiceBroker.GlobalBrokeredServiceContainer+View.RequestServiceChannelAsync(ServiceMoniker, ServiceActivationOptions, CancellationToken) (Microsoft.VisualStudio.Utilities.ServiceBroker.GlobalBrokeredServiceContainer+View)
01/18/2025 22:27:14 Mitteleuropäische Normalzeit : Information : Added local RPC method "cancelServiceRequest" -> Microsoft.VisualStudio.Utilities.ServiceBroker.GlobalBrokeredServiceContainer+View.CancelServiceRequestAsync(Guid) (Microsoft.VisualStudio.Utilities.ServiceBroker.GlobalBrokeredServiceContainer+View)
01/18/2025 22:27:14 Mitteleuropäische Normalzeit: Information : 2 :Listening for events from Microsoft.VisualStudio.Utilities.ServiceBroker.GlobalBrokeredServiceContainer+View.AvailabilityChanged to raise notification.
01/18/2025 22:27:14 Mitteleuropäische Normalzeit: Information : 3 :Listening started.
01/18/2025 22:27:14 Mitteleuropäische Normalzeit: Information : 7 :{"id":2,"method":"handshake"}
01/18/2025 22:27:14 Mitteleuropäische Normalzeit: Information : 6 :Received request "2" for method "handshake".
01/18/2025 22:27:14 Mitteleuropäische Normalzeit: Information : 9 :Invoking Microsoft.VisualStudio.Utilities.ServiceBroker.GlobalBrokeredServiceContainer+View.HandshakeAsync(ServiceBrokerClientMetadata, CancellationToken)
01/18/2025 22:27:14 Mitteleuropäische Normalzeit : Start : handshake
01/18/2025 22:27:14 Mitteleuropäische Normalzeit : Stop : handshake
01/18/2025 22:27:14 Mitteleuropäische Normalzeit: Information : 8 :{"id":2}
01/18/2025 22:27:14 Mitteleuropäische Normalzeit: Information : 7 :{"id":3,"method":"requestServiceChannel"}
01/18/2025 22:27:14 Mitteleuropäische Normalzeit: Information : 6 :Received request "3" for method "requestServiceChannel".
01/18/2025 22:27:14 Mitteleuropäische Normalzeit: Information : 9 :Invoking Microsoft.VisualStudio.Utilities.ServiceBroker.GlobalBrokeredServiceContainer+View.RequestServiceChannelAsync(ServiceMoniker, ServiceActivationOptions, CancellationToken)
01/18/2025 22:27:14 Mitteleuropäische Normalzeit : Start : requestServiceChannel
01/18/2025 22:27:14 Mitteleuropäische Normalzeit : Stop : requestServiceChannel
01/18/2025 22:27:14 Mitteleuropäische Normalzeit: Information : 8 :{"id":3}
01/18/2025 22:27:14 Mitteleuropäische Normalzeit: Information : 7 :{"id":4,"method":"requestServiceChannel"}
01/18/2025 22:27:14 Mitteleuropäische Normalzeit: Information : 6 :Received request "4" for method "requestServiceChannel".
01/18/2025 22:27:14 Mitteleuropäische Normalzeit: Information : 9 :Invoking Microsoft.VisualStudio.Utilities.ServiceBroker.GlobalBrokeredServiceContainer+View.RequestServiceChannelAsync(ServiceMoniker, ServiceActivationOptions, CancellationToken)
01/18/2025 22:27:14 Mitteleuropäische Normalzeit : Transfer : Transfer, relatedActivityId=75d9b7f1-8df4-4865-ba4a-35000a0d842b
01/18/2025 22:27:14 Mitteleuropäische Normalzeit : Start : requestServiceChannel
01/18/2025 22:27:14 Mitteleuropäische Normalzeit: Information : 7 :{"id":5,"method":"requestServiceChannel"}
01/18/2025 22:27:14 Mitteleuropäische Normalzeit: Information : 6 :Received request "5" for method "requestServiceChannel".
01/18/2025 22:27:14 Mitteleuropäische Normalzeit: Information : 9 :Invoking Microsoft.VisualStudio.Utilities.ServiceBroker.GlobalBrokeredServiceContainer+View.RequestServiceChannelAsync(ServiceMoniker, ServiceActivationOptions, CancellationToken)
01/18/2025 22:27:14 Mitteleuropäische Normalzeit : Transfer : Transfer, relatedActivityId=d25ddc87-a06c-4e45-bdef-03767d7ea588
01/18/2025 22:27:14 Mitteleuropäische Normalzeit : Start : requestServiceChannel
01/18/2025 22:27:14 Mitteleuropäische Normalzeit : Stop : requestServiceChannel
01/18/2025 22:27:14 Mitteleuropäische Normalzeit : Transfer : Transfer, relatedActivityId=592fd322-91ad-4f27-8221-2425a28bdc18
01/18/2025 22:27:14 Mitteleuropäische Normalzeit: Information : 8 :{"id":4}
01/18/2025 22:27:14 Mitteleuropäische Normalzeit : Stop : requestServiceChannel
01/18/2025 22:27:14 Mitteleuropäische Normalzeit : Transfer : Transfer, relatedActivityId=da004dd9-4f05-4ec7-b150-a8b2e9bb6646
01/18/2025 22:27:14 Mitteleuropäische Normalzeit: Information : 8 :{"id":5}
