02/10/2025 21:55:09 Mitteleuropäische Normalzeit : Information : Local timezone is (UTC+01:00) Mitteleuropäische Zeit (Wien)
02/10/2025 21:55:09 Mitteleuropäische Normalzeit : Information : Added local RPC method "Dispose" -> Microsoft.VisualStudio.ProjectSystem.Query.Remoting.QueryExecutionService.Dispose() (Microsoft.VisualStudio.ProjectSystem.Query.Remoting.QueryExecutionService)
02/10/2025 21:55:09 Mitteleuropäische Normalzeit : Information : Added local RPC method "GetServiceIdentityAsync" -> Microsoft.VisualStudio.ProjectSystem.Query.Remoting.QueryExecutionService.GetServiceIdentityAsync(CancellationToken) (Microsoft.VisualStudio.ProjectSystem.Query.Remoting.QueryExecutionService)
02/10/2025 21:55:09 Mitteleuropäische Normalzeit : Information : Added local RPC method "ExecuteQueryAsync" -> Microsoft.VisualStudio.ProjectSystem.Query.Remoting.QueryExecutionService.ExecuteQueryAsync(String, CancellationToken) (Microsoft.VisualStudio.ProjectSystem.Query.Remoting.QueryExecutionService)
02/10/2025 21:55:09 Mitteleuropäische Normalzeit : Information : Added local RPC method "ExecuteRemoteExecutableAsync" -> Microsoft.VisualStudio.ProjectSystem.Query.Remoting.QueryExecutionService.ExecuteRemoteExecutableAsync(String, CancellationToken) (Microsoft.VisualStudio.ProjectSystem.Query.Remoting.QueryExecutionService)
02/10/2025 21:55:09 Mitteleuropäische Normalzeit : Information : Added local RPC method "SubscribeQueryResultsAsync" -> Microsoft.VisualStudio.ProjectSystem.Query.Remoting.QueryExecutionService.SubscribeQueryResultsAsync(String, IObserver`1, CancellationToken) (Microsoft.VisualStudio.ProjectSystem.Query.Remoting.QueryExecutionService)
02/10/2025 21:55:09 Mitteleuropäische Normalzeit : Information : Added local RPC method "TrackQueryUpdatesAsync" -> Microsoft.VisualStudio.ProjectSystem.Query.Remoting.QueryExecutionService.TrackQueryUpdatesAsync(String, IObserver`1, CancellationToken) (Microsoft.VisualStudio.ProjectSystem.Query.Remoting.QueryExecutionService)
02/10/2025 21:55:09 Mitteleuropäische Normalzeit : Information : Added local RPC method "QueryAsync" -> Microsoft.VisualStudio.ProjectSystem.Query.Remoting.QueryExecutionService.QueryAsync(String, CancellationToken) (Microsoft.VisualStudio.ProjectSystem.Query.Remoting.QueryExecutionService)
02/10/2025 21:55:09 Mitteleuropäische Normalzeit : Information : Added local RPC method "GetServiceIdentity" -> Microsoft.VisualStudio.ProjectSystem.Query.Remoting.QueryExecutionService.GetServiceIdentityAsync(CancellationToken) (Microsoft.VisualStudio.ProjectSystem.Query.Remoting.QueryExecutionService)
02/10/2025 21:55:09 Mitteleuropäische Normalzeit : Information : Added local RPC method "ExecuteQuery" -> Microsoft.VisualStudio.ProjectSystem.Query.Remoting.QueryExecutionService.ExecuteQueryAsync(String, CancellationToken) (Microsoft.VisualStudio.ProjectSystem.Query.Remoting.QueryExecutionService)
02/10/2025 21:55:09 Mitteleuropäische Normalzeit : Information : Added local RPC method "ExecuteRemoteExecutable" -> Microsoft.VisualStudio.ProjectSystem.Query.Remoting.QueryExecutionService.ExecuteRemoteExecutableAsync(String, CancellationToken) (Microsoft.VisualStudio.ProjectSystem.Query.Remoting.QueryExecutionService)
02/10/2025 21:55:09 Mitteleuropäische Normalzeit : Information : Added local RPC method "SubscribeQueryResults" -> Microsoft.VisualStudio.ProjectSystem.Query.Remoting.QueryExecutionService.SubscribeQueryResultsAsync(String, IObserver`1, CancellationToken) (Microsoft.VisualStudio.ProjectSystem.Query.Remoting.QueryExecutionService)
02/10/2025 21:55:09 Mitteleuropäische Normalzeit : Information : Added local RPC method "TrackQueryUpdates" -> Microsoft.VisualStudio.ProjectSystem.Query.Remoting.QueryExecutionService.TrackQueryUpdatesAsync(String, IObserver`1, CancellationToken) (Microsoft.VisualStudio.ProjectSystem.Query.Remoting.QueryExecutionService)
02/10/2025 21:55:09 Mitteleuropäische Normalzeit : Information : Added local RPC method "Query" -> Microsoft.VisualStudio.ProjectSystem.Query.Remoting.QueryExecutionService.QueryAsync(String, CancellationToken) (Microsoft.VisualStudio.ProjectSystem.Query.Remoting.QueryExecutionService)
02/10/2025 21:55:09 Mitteleuropäische Normalzeit: Information : 3 :Listening started.
02/10/2025 21:55:10 Mitteleuropäische Normalzeit : Information : Microsoft.VisualStudio.ProjectSystem.Query.Remoting.QueryExecutionService read: end of stream
02/10/2025 21:55:10 Mitteleuropäische Normalzeit : Information : Waiting for 'Microsoft.VisualStudio.ProjectSystem.Query.Remoting.QueryExecutionService' instance to complete its completionTask.
02/10/2025 21:55:10 Mitteleuropäische Normalzeit: Information : 13 :Connection closing (RemotePartyTerminated: Das Ende des Datenstroms wurde erreicht.). 
02/10/2025 21:55:10 Mitteleuropäische Normalzeit : Information : Disposed 'Microsoft.VisualStudio.ProjectSystem.Query.Remoting.QueryExecutionService' via 'completionTask' method.
02/10/2025 21:55:10 Mitteleuropäische Normalzeit : Information : Finishing shutting down service: Microsoft.VisualStudio.ProjectSystem.Query.Remoting.QueryExecutionService.
