02/16/2025 10:51:01 Mitteleuropäische Normalzeit : Information : Local timezone is (UTC+01:00) Mitteleuropäische Zeit (Wien)
02/16/2025 10:51:02 Mitteleuropäische Normalzeit : Information : VsHubClient-hubController write: Content-Length: 109

{"jsonrpc":"2.0","id":2,"method":"UpdateClientInfoAsync","params":[{"clientName":"VsHubClient","pid":73876}]}
02/16/2025 10:51:03 Mitteleuropäische Normalzeit : Information : VsHubClient-hubController read: Content-Length: 443

{"jsonrpc":"2.0","id":2,"result":{"ClientWatchServerName":"net.pipe://7388868E55","ControllerConfig":{"Executable":"/Users/MacBook/.vscode/extensions/ms-dotnettools.csdevkit-1.16.6-darwin-arm64/components/vs-green-server/platforms/darwin-arm64/node_modules/@microsoft/servicehub-controller-net60.darwin-arm64/Microsoft.ServiceHub.Controller","Args":["496eb9f550"],"PipeName":"496eb9f550"},"HostsConfig":{"RootDir":".","AppConfigFallback":""}}}
02/16/2025 10:51:03 Mitteleuropäische Normalzeit : Information : Connected to Hub Controller's client watch 'net.pipe://7388868E55
02/16/2025 10:51:03 Mitteleuropäische Normalzeit : Information : VsHubClient-hubController write: Content-Length: 109

{"jsonrpc":"2.0","id":2,"method":"UpdateClientInfoAsync","params":[{"clientName":"VsHubClient","pid":73876}]}
02/16/2025 10:51:03 Mitteleuropäische Normalzeit : Information : VsHubClient-hubController read: Content-Length: 443

{"jsonrpc":"2.0","id":2,"result":{"ClientWatchServerName":"net.pipe://7388868E55","ControllerConfig":{"Executable":"/Users/MacBook/.vscode/extensions/ms-dotnettools.csdevkit-1.16.6-darwin-arm64/components/vs-green-server/platforms/darwin-arm64/node_modules/@microsoft/servicehub-controller-net60.darwin-arm64/Microsoft.ServiceHub.Controller","Args":["496eb9f550"],"PipeName":"496eb9f550"},"HostsConfig":{"RootDir":".","AppConfigFallback":""}}}
02/16/2025 10:51:03 Mitteleuropäische Normalzeit : Information : VsHubClient-hubController write: Content-Length: 16418


02/16/2025 10:51:03 Mitteleuropäische Normalzeit : Information : VsHubClient-hubController write: {"jsonrpc":"2.0","id":3,"method":"RegisterServicesAsync","params":[{"Microsoft.VisualStudio.CpsProjectIconSourceService":{"host":"dotnet.projectSystem","hostId":"C94B8CFE-E3FD-4BAF-A941-2866DBB566FE","serviceBaseDirectory":"/Users/MacBook/.vscode/extensions/ms-dotnettools.csdevkit-1.16.6-darwin-arm64/components/CPS/platforms/darwin-arm64/node_modules/@microsoft/visualstudio-projectsystem-server.darwin-arm64","entryPoint":{"assemblyPath":"/Users/MacBook/.vscode/extensions/ms-dotnettools.csdevkit-1.16.6-darwin-arm64/components/CPS/platforms/darwin-arm64/node_modules/@microsoft/visualstudio-projectsystem-server.darwin-arm64/Microsoft.VisualStudio.ProjectSystem.Server.Implementation.dll","fullClassName":"Microsoft.VisualStudio.ProjectSystem.Server.ProjectIconSourceServiceFactory"}},"Microsoft.VisualStudio.LaunchConfigurationService":{"host":"dotnet.projectSystem","hostId":"C94B8CFE-E3FD-4BAF-A941-2866DBB566FE","serviceBaseDirectory":"/Users/MacBook/.vscode/extensions/ms-dotnettools.csdevkit-1.16.6-darwin-arm64/components/CPS/platforms/darwin-arm64/node_modules/@microsoft/visualstudio-projectsystem-server.darwin-arm64","entryPoint":{"assemblyPath":"/Users/MacBook/.vscode/extensions/ms-dotnettools.csdevkit-1.16.6-darwin-arm64/components/CPS/platforms/darwin-arm64/node_modules/@microsoft/visualstudio-projectsystem-server.darwin-arm64/Microsoft.VisualStudio.ProjectSystem.Server.Implementation.dll","fullClassName":"Microsoft.VisualStudio.ProjectSystem.Server.LaunchConfigurationServiceFactory"}},"Microsoft.VisualStudio.ProjectSystem.CompositionService":{"host":"dotnet.projectSystem","hostId":"C94B8CFE-E3FD-4BAF-A941-2866DBB566FE","serviceBaseDirectory":"/Users/MacBook/.vscode/extensions/ms-dotnettools.csdevkit-1.16.6-darwin-arm64/components/CPS/platforms/darwin-arm64/node_modules/@microsoft/visualstudio-projectsystem-server.darwin-arm64","entryPoint":{"assemblyPath":"/Users/MacBook/.vscode/extensions/ms-dotnettools.csdevkit-1.16.6-darwin-arm64/components/CPS/platforms/darwin-arm64/node_modules/@microsoft/visualstudio-projectsystem-server.darwin-arm64/Microsoft.VisualStudio.ProjectSystem.Server.Implementation.dll","fullClassName":"Microsoft.VisualStudio.ProjectSystem.Server.CompositionServiceFactory"}},"Microsoft.VisualStudio.ProjectSystem.ProjectInitializationStatusService":{"host":"dotnet.projectSystem","hostId":"C94B8CFE-E3FD-4BAF-A941-2866DBB566FE","serviceBaseDirectory":"/Users/MacBook/.vscode/extensions/ms-dotnettools.csdevkit-1.16.6-darwin-arm64/components/CPS/platforms/darwin-arm64/node_modules/@microsoft/visualstudio-projectsystem-server.darwin-arm64","entryPoint":{"assemblyPath":"/Users/MacBook/.vscode/extensions/ms-dotnettools.csdevkit-1.16.6-darwin-arm64/components/CPS/platforms/darwin-arm64/node_modules/@microsoft/visualstudio-projectsystem-server.darwin-arm64/Microsoft.VisualStudio.ProjectSystem.Server.Implementation.dll","fullClassName":"Microsoft.VisualStudio.ProjectSystem.Server.ProjectInitializationStatusServiceFactory"}},"Microsoft.VisualStudio.ProjectSystem.ProjectTreeProvider":{"host":"dotnet.projectSystem","hostId":"C94B8CFE-E3FD-4BAF-A941-2866DBB566FE","serviceBaseDirectory":"/Users/MacBook/.vscode/extensions/ms-dotnettools.csdevkit-1.16.6-darwin-arm64/components/CPS/platforms/darwin-arm64/node_modules/@microsoft/visualstudio-projectsystem-server.darwin-arm64","entryPoint":{"assemblyPath":"/Users/MacBook/.vscode/extensions/ms-dotnettools.csdevkit-1.16.6-darwin-arm64/components/CPS/platforms/darwin-arm64/node_modules/@microsoft/visualstudio-projectsystem-server.darwin-arm64/Microsoft.VisualStudio.ProjectSystem.Server.Implementation.dll","fullClassName":"Microsoft.VisualStudio.ProjectSystem.Server.ProjectTreeProviderFactory"}},"Microsoft.VisualStudio.ProjectSystem.Query.Remoting.QueryExecutionService":{"host":"dotnet.projectSystem","hostId":"C94B8CFE-E3FD-4BAF-A941-2866DBB566FE","serviceBaseDirectory":"/Users/MacBook/.vscode/extensions/ms-dotnettools.csdevkit-1.16.6-darwin-arm64/components/CPS/platforms/darwin-arm64/node_modules/@microsoft/visualstudio-projectsystem-server.darwin-arm64","entryPoint":{"assemblyPath":"/Users/MacBook/.vscode/extensions/ms-dotnettools.csdevkit-1.16.6-darwin-arm64/components/CPS/platforms/darwin-arm64/node_modules/@microsoft/visualstudio-projectsystem-server.darwin-arm64/Microsoft.VisualStudio.ProjectSystem.Server.Implementation.dll","fullClassName":"Microsoft.VisualStudio.ProjectSystem.Server.QueryExecutionServiceFactory"}},"Microsoft.VisualStudio.Debugger.AspireSessionSynchronizeService":{"host":"dotnet","hostId":"C94B8CFE-E3FD-4BAF-A941-2866DBB566FE","serviceBaseDirectory":"/Users/MacBook/.vscode/extensions/ms-dotnettools.csdevkit-1.16.6-darwin-arm64/components/VSDebugCore/platforms/darwin-arm64/node_modules/@microsoft/visualstudio-debugger-devkit.darwin-arm64","entryPoint":{"assemblyPath":"/Users/MacBook/.vscode/extensions/ms-dotnettools.csdevkit-1.16.6-darwin-arm64/components/VSDebugCore/platforms/darwin-arm64/node_modules/@microsoft/visualstudio-debugger-devkit.darwin-arm64/Microsoft.VisualStudio.Debugger.DevKit.dll","fullClassName":"Microsoft.VisualStudio.Debugger.AspireSessionSynchronizeService+Factory"}},"Microsoft.VisualStudio.Debugger.GenericHotReloadAgentManagerService":{"host":"dotnet","hostId":"C94B8CFE-E3FD-4BAF-A941-2866DBB566FE","serviceBaseDirectory":"/Users/MacBook/.vscode/extensions/ms-dotnettools.csdevkit-1.16.6-darwin-arm64/components/VSDebugCore/platforms/darwin-arm64/node_modules/@microsoft/visualstudio-debugger-devkit.darwin-arm64","entryPoint":{"assemblyPath":"/Users/MacBook/.vscode/extensions/ms-dotnettools.csdevkit-1.16.6-darwin-arm64/components/VSDebugCore/platforms/darwin-arm64/node_modules/@microsoft/visualstudio-debugger-devkit.darwin-arm64/Microsoft.VisualStudio.Debugger.DevKit.dll","fullClassName":"Microsoft.VisualStudio.Debugger.GenericHotReloadAgentManagerService+Factory"}},"Microsoft.VisualStudio.Debugger.HotReloadClientService":{"host":"dotnet","hostId":"C94B8CFE-E3FD-4BAF-A941-2866DBB566FE","serviceBaseDirectory":"/Users/MacBook/.vscode/extensions/ms-dotnettools.csdevkit-1.16.6-darwin-arm64/components/VSDebugCore/platforms/darwin-arm64/node_modules/@microsoft/visualstudio-debugger-devkit.darwin-arm64","entryPoint":{"assemblyPath":"/Users/MacBook/.vscode/extensions/ms-dotnettools.csdevkit-1.16.6-darwin-arm64/components/VSDebugCore/platforms/darwin-arm64/node_modules/@microsoft/visualstudio-debugger-devkit.darwin-arm64/Microsoft.VisualStudio.Debugger.DevKit.dll","fullClassName":"Microsoft.VisualStudio.Debugger.HotReloadClientService+Factory"}},"Microsoft.VisualStudio.Debugger.HotReloadSessionNotificationService":{"host":"dotnet","hostId":"C94B8CFE-E3FD-4BAF-A941-2866DBB566FE","serviceBaseDirectory":"/Users/MacBook/.vscode/extensions/ms-dotnettools.csdevkit-1.16.6-darwin-arm64/components/VSDebugCore/platforms/darwin-arm64/node_modules/@microsoft/visualstudio-debugger-devkit.darwin-arm64","entryPoint":{"assemblyPath":"/Users/MacBook/.vscode/extensions/ms-dotnettools.csdevkit-1.16.6-darwin-arm64/components/VSDebugCore/platforms/darwin-arm64/node_modules/@microsoft/visualstudio-debugger-devkit.darwin-arm64/Microsoft.VisualStudio.Debugger.DevKit.dll","fullClassName":"Microsoft.VisualStudio.Debugger.HotReloadSessionNotificationService+Factory"}},"Microsoft.VisualStudio.Debugger.ManagedEditAndContinueCsDevKitEngineService2":{"host":"dotnet","hostId":"C94B8CFE-E3FD-4BAF-A941-2866DBB566FE","serviceBaseDirectory":"/Users/MacBook/.vscode/extensions/ms-dotnettools.csdevkit-1.16.6-darwin-arm64/components/VSDebugCore/platforms/darwin-arm64/node_modules/@microsoft/visualstudio-debugger-devkit.darwin-arm64","entryPoint":{"assemblyPath":"/Users/MacBook/.vscode/extensions/ms-dotnettools.csdevkit-1.16.6-darwin-arm64/components/VSDebugCore/platforms/darwin-arm64/node_modules/@microsoft/visualstudio-debugger-devkit.darwin-arm64/Microsoft.VisualStudio.Debugger.DevKit.dll","fullClassName":"Microsoft.VisualStudio.Debugger.ManagedEditAndContinueCsDevKitEngineService+Factory"}},"Microsoft.VisualStudio.Debugger.ManagedEditAndContinueRemoteDebuggerService2":{"host":"dotnet","hostId":"C94B8CFE-E3FD-4BAF-A941-2866DBB566FE","serviceBaseDirectory":"/Users/MacBook/.vscode/extensions/ms-dotnettools.csdevkit-1.16.6-darwin-arm64/components/VSDebugCore/platforms/darwin-arm64/node_modules/@microsoft/visualstudio-debugger-devkit.darwin-arm64","entryPoint":{"assemblyPath":"/Users/MacBook/.vscode/extensions/ms-dotnettools.csdevkit-1.16.6-darwin-arm64/components/VSDebugCore/platforms/darwin-arm64/node_modules/@microsoft/visualstudio-debugger-devkit.darwin-arm64/Microsoft.VisualStudio.Debugger.DevKit.dll","fullClassName":"Microsoft.VisualStudio.Debugger.ManagedEditAndContinueRemoteDebuggerService+Factory"}},"Microsoft.VisualStudio.Debugger.ManagedHotReloadAgentManagerService":{"host":"dotnet","hostId":"C94B8CFE-E3FD-4BAF-A941-2866DBB566FE","serviceBaseDirectory":"/Users/MacBook/.vscode/extensions/ms-dotnettools.csdevkit-1.16.6-darwin-arm64/components/VSDebugCore/platforms/darwin-arm64/node_modules/@microsoft/visualstudio-debugger-devkit.darwin-arm64","entryPoint":{"assemblyPath":"/Users/MacBook/.vscode/extensions/ms-dotnettools.csdevkit-1.16.6-darwin-arm64/components/VSDebugCore/platforms/darwin-arm64/node_modules/@microsoft/visualstudio-debugger-devkit.darwin-arm64/Microsoft.VisualStudio.Debugger.DevKit.dll","fullClassName":"Microsoft.VisualStudio.Debugger.ManagedHotReloadAgentManagerService+Factory"}},"Microsoft.VisualStudio.Debugger.ManagedHotReloadService":{"host":"dotnet","hostId":"C94B8CFE-E3FD-4BAF-A941-2866DBB566FE","serviceBaseDirectory":"/Users/MacBook/.vscode/extensions/ms-dotnettools.csdevkit-1.16.6-darwin-arm64/components/VSDebugCore/platforms/darwin-arm64/node_modules/@microsoft/visualstudio-debugger-devkit.darwin-arm64","entryPoint":{"assemblyPath":"/Users/MacBook/.vscode/extensions/ms-dotnettools.csdevkit-1.16.6-darwin-arm64/components/VSDebugCore/platforms/darwin-arm64/node_modules/@microsoft/visualstudio-debugger-devkit.darwin-arm64/Microsoft.VisualStudio.Debugger.DevKit.dll","fullClassName":"Microsoft.VisualStudio.Debugger.ManagedHotReloadService+Factory"}},"Microsoft.VisualStudio.Debugger.SourceLinkService":{"host":"dotnet","hostId":"C94B8CFE-E3FD-4BAF-A941-2866DBB566FE","serviceBaseDirectory":"/Users/MacBook/.vscode/extensions/ms-dotnettools.csdevkit-1.16.6-darwin-arm64/components/VSDebugCore/platforms/darwin-arm64/node_modules/@microsoft/visualstudio-debugger-devkit.darwin-arm64","entryPoint":{"assemblyPath":"/Users/MacBook/.vscode/extensions/ms-dotnettools.csdevkit-1.16.6-darwin-arm64/components/VSDebugCore/platforms/darwin-arm64/node_modules/@microsoft/visualstudio-debugger-devkit.darwin-arm64/Microsoft.VisualStudio.Debugger.DevKit.dll","fullClassName":"Microsoft.VisualStudio.Debugger.SourceLinkService+Factory"}},"Microsoft.VisualStudio.Debugger.SymbolLocatorService":{"host":"dotnet","hostId":"C94B8CFE-E3FD-4BAF-A941-2866DBB566FE","serviceBaseDirectory":"/Users/MacBook/.vscode/extensions/ms-dotnettools.csdevkit-1.16.6-darwin-arm64/components/VSDebugCore/platforms/darwin-arm64/node_modules/@microsoft/visualstudio-debugger-devkit.darwin-arm64","entryPoint":{"assemblyPath":"/Users/MacBook/.vscode/extensions/ms-dotnettools.csdevkit-1.16.6-darwin-arm64/components/VSDebugCore/platforms/darwin-arm64/node_modules/@microsoft/visualstudio-debugger-devkit.darwin-arm64/Microsoft.VisualStudio.Debugger.DevKit.dll","fullClassName":"Microsoft.VisualStudio.Debugger.BrokeredServices.SymbolLocator.SymbolLocatorService+Factory"}},"Microsoft.VisualStudio.TestWindow.VSCode.ProjectSystemProvider.Service":{"host":"dotnet","hostId":"C94B8CFE-E3FD-4BAF-A941-2866DBB566FE","serviceBaseDirectory":"/Users/MacBook/.vscode/extensions/ms-dotnettools.csdevkit-1.16.6-darwin-arm64/components/VSUnitTesting/platforms/darwin-arm64/node_modules/@microsoft/visualstudio-testwindow-vscode-service.darwin-arm64","entryPoint":{"assemblyPath":"/Users/MacBook/.vscode/extensions/ms-dotnettools.csdevkit-1.16.6-darwin-arm64/components/VSUnitTesting/platforms/darwin-arm64/node_modules/@microsoft/visualstudio-testwindow-vscode-service.darwin-arm64/Microsoft.VisualStudio.TestWindow.VSCode.Service.dll","fullClassName":"Microsoft.VisualStudio.TestWindow.VSCode.ProjectSystemProvider.Service.ProjectSystemProviderServiceFactory"}},"Microsoft.VisualStudio.TestWindow.VSCode.Service":{"host":"dotnet","hostId":"C94B8CFE-E3FD-4BAF-A941-2866DBB566FE","serviceBaseDirectory":"/Users/MacBook/.vscode/extensions/ms-dotnettools.csdevkit-1.16.6-darwin-arm64/components/VSUnitTesting/platforms/darwin-arm64/node_modules/@microsoft/visualstudio-testwindow-vscode-service.darwin-arm64","entryPoint":{"assemblyPath":"/Users/MacBook/.vscode/extensions/ms-dotnettools.csdevkit-1.16.6-darwin-arm64/components/VSUnitTesting/platforms/darwin-arm64/node_modules/@microsoft/visualstudio-testwindow-vscode-service.darwin-arm64/Microsoft.VisualStudio.TestWindow.VSCode.Service.dll","fullClassName":"Microsoft.VisualStudio.TestWindow.VSCode.Service.TestWindowVSCodeServiceFactory"}},"Microsoft.VisualStudio.AspireServer":{"host":"dotnet.aspireServer","hostId":"C94B8CFE-E3FD-4BAF-A941-2866DBB566FE","serviceBaseDirectory":"/Users/MacBook/.vscode/extensions/ms-dotnettools.csdevkit-1.16.6-darwin-arm64/components/WebTools/node_modules/@microsoft/vscode.webtools/Services","entryPoint":{"assemblyPath":"/Users/MacBook/.vscode/extensions/ms-dotnettools.csdevkit-1.16.6-darwin-arm64/components/WebTools/node_modules/@microsoft/vscode.webtools/Services/Microsoft.WebTools.AspireServer.dll","fullClassName":"Microsoft.WebTools.AspireServer.ServiceFactory"}},"Microsoft.VisualStudio.Debugger.AspireService":{"host":"dotnet.projectSystem","hostId":"C94B8CFE-E3FD-4BAF-A941-2866DBB566FE","serviceBaseDirectory":"/Users/MacBook/.vscode/extensions/ms-dotnettools.csdevkit-1.16.6-darwin-arm64/components/WebTools/node_modules/@microsoft/vscode.webtools/Services","entryPoint":{"assemblyPath":"/Users/MacBook/.vscode/extensions/ms-dotnettools.csdevkit-1.16.6-darwin-arm64/components/WebTools/node_modules/@microsoft/vscode.webtools/Services/Microsoft.WebTools.Aspire.VSCode.Services.dll","fullClassName":"Microsoft.WebTools.Aspire.VSCode.Services.ServiceFactory"},"friendServices":["Microsoft.VisualStudio.ProjectSystem.CompositionService"]},"Microsoft.VisualStudio.ProjectSystem.DebugTargetFrameworkService":{"host":"dotnet.projectSystem","hostId":"C94B8CFE-E3FD-4BAF-A941-2866DBB566FE","serviceBaseDirectory":"/Users/MacBook/.vscode/extensions/ms-dotnettools.csdevkit-1.16.6-darwin-arm64/components/dotnet-project-system-vscode/node_modules/@microsoft/vscode.projectsystem.managed/Services","entryPoint":{"assemblyPath":"/Users/MacBook/.vscode/extensions/ms-dotnettools.csdevkit-1.16.6-darwin-arm64/components/dotnet-project-system-vscode/node_modules/@microsoft/vscode.projectsystem.managed/Services/Microsoft.ProjectSystem.Managed.VSCode.Services.dll","fullClassName":"Microsoft.VisualStudio.ProjectSystem.Services.DebugTargetFrameworkServiceFactory"},"friendServices":["Microsoft.VisualStudio.ProjectSystem.CompositionService"]},"Microsoft.VisualStudio.ProjectQueryTestService":{"host":"dotnet","hostId":"C94B8CFE-E3FD-4BAF-A941-2866DBB566FE","serviceBaseDirectory":"/Users/MacBook/.vscode/extensions/ms-dotnettools.csdevkit-1.16.6-darwin-arm64/components/vs-green-server/platforms/darwin-arm64/node_modules/@microsoft/visualstudio-server-samples-sayhello.darwin-arm64","entryPoint":{"assemblyPath":"/Users/MacBook/.vscode/extensions/ms-dotnettools.csdevkit-1.16.6-darwin-arm64/components/vs-green-server/platforms/darwin-arm64/node_modules/@microsoft/visualstudio-server-samples-sayhello.darwin-arm64/Microsoft.VisualStudio.Samples.SayHello.dll","fullClassName":"Microsoft.VisualStudio.Samples.SayHello.ProjectQueryTestServiceFactory"}},"helloServiceHubDotNetHost":{"host":"dotnet","hostId":"C94B8CFE-E3FD-4BAF-A941-2866DBB566FE","serviceBaseDirectory":"/Users/MacBook/.vscode/extensions/ms-dotnettools.csdevkit-1.16.6-darwin-arm64/components/vs-green-server/platforms/darwin-arm64/node_modules/@microsoft/visualstudio-server-samples-sayhello.darwin-arm64","entryPoint":{"assemblyPath":"/Users/MacBook/.vscode/extensions/ms-dotnettools.csdevkit-1.16.6-darwin-arm64/components/vs-green-server/platforms/darwin-arm64/node_modules/@microsoft/visualstudio-server-samples-sayhello.darwin-arm64/Microsoft.VisualStudio.Samples.SayHello.dll","fullClassName":"Microsoft.VisualStudio.Samples.SayHello.HelloWorldFactory"}}}]}
02/16/2025 10:51:03 Mitteleuropäische Normalzeit : Information : VsHubClient-hubController read: Content-Length: 38

{"jsonrpc":"2.0","id":3,"result":null}
02/16/2025 10:51:03 Mitteleuropäische Normalzeit : Information : VsHubClient-hubController write: Content-Length: 327

{"jsonrpc":"2.0","id":3,"method":"requestServiceChannel","params":[{"Name":"Microsoft.VisualStudio.LaunchConfigurationService"},{"ActivationArguments":{"__servicehub__ServiceHubRemoteServiceBrokerPipeName":"/Users/MacBook/.ServiceHub/496eb9f550/c7797ccef8"},"ClientCredentials":{},"ClientCulture":"de","ClientUICulture":"de"}]}
02/16/2025 10:51:03 Mitteleuropäische Normalzeit : Information : VsHubClient-hubController write: Content-Length: 350

{"jsonrpc":"2.0","id":5,"method":"requestServiceChannel","params":[{"Name":"Microsoft.VisualStudio.ProjectSystem.ProjectTreeProvider","Version":"0.1"},{"ActivationArguments":{"__servicehub__ServiceHubRemoteServiceBrokerPipeName":"/Users/MacBook/.ServiceHub/496eb9f550/53c98ffd65"},"ClientCredentials":{},"ClientCulture":"de","ClientUICulture":"de"}]}
02/16/2025 10:51:03 Mitteleuropäische Normalzeit : Information : VsHubClient-hubController write: Content-Length: 342

{"jsonrpc":"2.0","id":4,"method":"requestServiceChannel","params":[{"Name":"Microsoft.VisualStudio.TestWindow.VSCode.Service","Version":"0.1"},{"ActivationArguments":{"__servicehub__ServiceHubRemoteServiceBrokerPipeName":"/Users/MacBook/.ServiceHub/496eb9f550/14e330e5e8"},"ClientCredentials":{},"ClientCulture":"de","ClientUICulture":"de"}]}
02/16/2025 10:51:03 Mitteleuropäische Normalzeit : Information : VsHubClient-hubController write: Content-Length: 367

{"jsonrpc":"2.0","id":6,"method":"requestServiceChannel","params":[{"Name":"Microsoft.VisualStudio.Debugger.HotReloadSessionNotificationService","Version":"0.1"},{"ActivationArguments":{"__servicehub__ServiceHubRemoteServiceBrokerPipeName":"/Users/MacBook/.ServiceHub/496eb9f550/71fc76960c"},"ClientCredentials":{},"ClientCulture":"de-AT","ClientUICulture":"en-US"}]}
02/16/2025 10:51:03 Mitteleuropäische Normalzeit : Information : VsHubClient-hubController write: Content-Length: 367

{"jsonrpc":"2.0","id":7,"method":"requestServiceChannel","params":[{"Name":"Microsoft.VisualStudio.ProjectSystem.Query.Remoting.QueryExecutionService","Version":"0.3"},{"ActivationArguments":{"__servicehub__ServiceHubRemoteServiceBrokerPipeName":"/Users/MacBook/.ServiceHub/496eb9f550/7678d6ff97"},"ClientCredentials":{},"ClientCulture":"de","ClientUICulture":"de"}]}
02/16/2025 10:51:04 Mitteleuropäische Normalzeit : Information : VsHubClient-hubController write: Content-Length: 365

{"jsonrpc":"2.0","id":8,"method":"requestServiceChannel","params":[{"Name":"Microsoft.VisualStudio.ProjectSystem.ProjectInitializationStatusService","Version":"0.1"},{"ActivationArguments":{"__servicehub__ServiceHubRemoteServiceBrokerPipeName":"/Users/MacBook/.ServiceHub/496eb9f550/335e7f9a4c"},"ClientCredentials":{},"ClientCulture":"de","ClientUICulture":"de"}]}
02/16/2025 10:51:05 Mitteleuropäische Normalzeit : Information : VsHubClient-hubController read: Content-Length: 164

{"jsonrpc":"2.0","id":4,"result":{"RequestId":"46613843-a041-45cb-af17-3b8cdd872ded","PipeName":"/Users/MacBook/.ServiceHub/496eb9f550/7a79cea58b","IsEmpty":false}}Content-Length: 164

{"jsonrpc":"2.0","id":6,"result":{"RequestId":"a9759758-4c6f-4a0d-a2b1-bc8637fa86c9","PipeName":"/Users/MacBook/.ServiceHub/496eb9f550/15a8c07ca4","IsEmpty":false}}
02/16/2025 10:51:05 Mitteleuropäische Normalzeit : Information : Disposing ServiceBroker server '/Users/MacBook/.ServiceHub/496eb9f550/71fc76960c'.
02/16/2025 10:51:05 Mitteleuropäische Normalzeit : Information : Disposing ServiceBroker server '/Users/MacBook/.ServiceHub/496eb9f550/14e330e5e8'.
02/16/2025 10:51:05 Mitteleuropäische Normalzeit : Information : Microsoft.VisualStudio.Debugger.HotReloadSessionNotificationService-RemoteServiceBrokerServer read: Content-Length: 194

{"jsonrpc":"2.0","id":2,"method":"handshake","params":[{"supportedConnections":"IpcPipe","localServiceHost":{"operatingSystem":2,"processArchitecture":3,"runtime":2,"runtimeVersion":"8.0.11"}}]}
02/16/2025 10:51:05 Mitteleuropäische Normalzeit : Information : Microsoft.VisualStudio.TestWindow.VSCode.Service-RemoteServiceBrokerServer read: Content-Length: 194

{"jsonrpc":"2.0","id":2,"method":"handshake","params":[{"supportedConnections":"IpcPipe","localServiceHost":{"operatingSystem":2,"processArchitecture":3,"runtime":2,"runtimeVersion":"8.0.11"}}]}
02/16/2025 10:51:05 Mitteleuropäische Normalzeit : Information : Microsoft.VisualStudio.TestWindow.VSCode.Service-RemoteServiceBrokerServer write: Content-Length: 38

{"jsonrpc":"2.0","id":2,"result":null}
02/16/2025 10:51:05 Mitteleuropäische Normalzeit : Information : Microsoft.VisualStudio.Debugger.HotReloadSessionNotificationService-RemoteServiceBrokerServer write: Content-Length: 38

{"jsonrpc":"2.0","id":2,"result":null}
02/16/2025 10:51:05 Mitteleuropäische Normalzeit : Information : Microsoft.VisualStudio.Debugger.HotReloadSessionNotificationService-RemoteServiceBrokerServer read: Content-Length: 183

{"jsonrpc":"2.0","id":3,"method":"requestServiceChannel","params":[{"name":"Microsoft.ServiceHub.Framework.AuthorizationService"},{"clientCulture":"de-AT","clientUICulture":"en-US"}]}
02/16/2025 10:51:05 Mitteleuropäische Normalzeit : Information : Microsoft.VisualStudio.TestWindow.VSCode.Service-RemoteServiceBrokerServer read: Content-Length: 177

{"jsonrpc":"2.0","id":3,"method":"requestServiceChannel","params":[{"name":"Microsoft.ServiceHub.Framework.AuthorizationService"},{"clientCulture":"de","clientUICulture":"de"}]}
02/16/2025 10:51:05 Mitteleuropäische Normalzeit : Information : Microsoft.VisualStudio.Debugger.HotReloadSessionNotificationService-RemoteServiceBrokerServer write: Content-Length: 181

{"jsonrpc":"2.0","id":3,"result":{"requestId":"b36dca0c-1536-4979-8f32-2b59dba0980d","pipeName":"/var/folders/3l/2l1z4wws21v3mv848wtg85jc0000gn/T/58b2388005d94dd0a731e49d0da042ae"}}
02/16/2025 10:51:05 Mitteleuropäische Normalzeit : Information : Microsoft.VisualStudio.TestWindow.VSCode.Service-RemoteServiceBrokerServer write: Content-Length: 181

{"jsonrpc":"2.0","id":3,"result":{"requestId":"e2a920a2-84d1-4297-9af1-c05ee0aaff5d","pipeName":"/var/folders/3l/2l1z4wws21v3mv848wtg85jc0000gn/T/f00305871f8a4ba49cc894e828712438"}}
02/16/2025 10:51:06 Mitteleuropäische Normalzeit : Information : VsHubClient-hubController read: Content-Length: 164

{"jsonrpc":"2.0","id":3,"result":{"RequestId":"5d69983a-f978-4cb2-8d11-3a7f822167df","PipeName":"/Users/MacBook/.ServiceHub/496eb9f550/38b6295e82","IsEmpty":false}}
02/16/2025 10:51:06 Mitteleuropäische Normalzeit : Information : VsHubClient-hubController read: Content-Length: 164

{"jsonrpc":"2.0","id":7,"result":{"RequestId":"8bd40229-819f-4b78-b78a-cd201e50a54e","PipeName":"/Users/MacBook/.ServiceHub/496eb9f550/8bb56da759","IsEmpty":false}}Content-Length: 164

{"jsonrpc":"2.0","id":5,"result":{"RequestId":"d38ebeac-5660-4059-8071-4b93d73722eb","PipeName":"/Users/MacBook/.ServiceHub/496eb9f550/0623c28263","IsEmpty":false}}Content-Length: 164

{"jsonrpc":"2.0","id":8,"result":{"RequestId":"cff18775-9cf9-495f-927e-bd5d331bd3dc","PipeName":"/Users/MacBook/.ServiceHub/496eb9f550/4ca17a6942","IsEmpty":false}}
02/16/2025 10:51:06 Mitteleuropäische Normalzeit : Information : Disposing ServiceBroker server '/Users/MacBook/.ServiceHub/496eb9f550/c7797ccef8'.
02/16/2025 10:51:06 Mitteleuropäische Normalzeit : Information : Disposing ServiceBroker server '/Users/MacBook/.ServiceHub/496eb9f550/335e7f9a4c'.
02/16/2025 10:51:06 Mitteleuropäische Normalzeit : Information : Disposing ServiceBroker server '/Users/MacBook/.ServiceHub/496eb9f550/7678d6ff97'.
02/16/2025 10:51:06 Mitteleuropäische Normalzeit : Information : Disposing ServiceBroker server '/Users/MacBook/.ServiceHub/496eb9f550/53c98ffd65'.
02/16/2025 10:51:06 Mitteleuropäische Normalzeit : Information : Microsoft.VisualStudio.ProjectSystem.Query.Remoting.QueryExecutionService-RemoteServiceBrokerServer read: Content-Length: 193

{"jsonrpc":"2.0","id":2,"method":"handshake","params":[{"supportedConnections":"IpcPipe","localServiceHost":{"operatingSystem":2,"processArchitecture":3,"runtime":2,"runtimeVersion":"9.0.1"}}]}
02/16/2025 10:51:06 Mitteleuropäische Normalzeit : Information : Microsoft.VisualStudio.ProjectSystem.ProjectTreeProvider-RemoteServiceBrokerServer read: Content-Length: 193

{"jsonrpc":"2.0","id":2,"method":"handshake","params":[{"supportedConnections":"IpcPipe","localServiceHost":{"operatingSystem":2,"processArchitecture":3,"runtime":2,"runtimeVersion":"9.0.1"}}]}
02/16/2025 10:51:06 Mitteleuropäische Normalzeit : Information : Microsoft.VisualStudio.ProjectSystem.Query.Remoting.QueryExecutionService-RemoteServiceBrokerServer write: Content-Length: 38

{"jsonrpc":"2.0","id":2,"result":null}
02/16/2025 10:51:06 Mitteleuropäische Normalzeit : Information : Microsoft.VisualStudio.LaunchConfigurationService-RemoteServiceBrokerServer read: Content-Length: 193

{"jsonrpc":"2.0","id":2,"method":"handshake","params":[{"supportedConnections":"IpcPipe","localServiceHost":{"operatingSystem":2,"processArchitecture":3,"runtime":2,"runtimeVersion":"9.0.1"}}]}
02/16/2025 10:51:06 Mitteleuropäische Normalzeit : Information : Microsoft.VisualStudio.ProjectSystem.ProjectTreeProvider-RemoteServiceBrokerServer write: Content-Length: 38

{"jsonrpc":"2.0","id":2,"result":null}
02/16/2025 10:51:06 Mitteleuropäische Normalzeit : Information : Microsoft.VisualStudio.LaunchConfigurationService-RemoteServiceBrokerServer write: Content-Length: 38

{"jsonrpc":"2.0","id":2,"result":null}
02/16/2025 10:51:06 Mitteleuropäische Normalzeit : Information : Microsoft.VisualStudio.ProjectSystem.ProjectInitializationStatusService-RemoteServiceBrokerServer read: Content-Length: 193

{"jsonrpc":"2.0","id":2,"method":"handshake","params":[{"supportedConnections":"IpcPipe","localServiceHost":{"operatingSystem":2,"processArchitecture":3,"runtime":2,"runtimeVersion":"9.0.1"}}]}
02/16/2025 10:51:06 Mitteleuropäische Normalzeit : Information : Microsoft.VisualStudio.ProjectSystem.ProjectInitializationStatusService-RemoteServiceBrokerServer write: Content-Length: 38

{"jsonrpc":"2.0","id":2,"result":null}
02/16/2025 10:51:06 Mitteleuropäische Normalzeit : Information : VsHubClient-hubController write: Content-Length: 364

{"jsonrpc":"2.0","id":9,"method":"requestServiceChannel","params":[{"Name":"Microsoft.VisualStudio.TestWindow.VSCode.ProjectSystemProvider.Service","Version":"0.1"},{"ActivationArguments":{"__servicehub__ServiceHubRemoteServiceBrokerPipeName":"/Users/MacBook/.ServiceHub/496eb9f550/0218043a0c"},"ClientCredentials":{},"ClientCulture":"de","ClientUICulture":"de"}]}
02/16/2025 10:51:06 Mitteleuropäische Normalzeit : Information : VsHubClient-hubController read: Content-Length: 164

{"jsonrpc":"2.0","id":9,"result":{"RequestId":"49e6c239-b454-4a51-8f18-fee90715cb43","PipeName":"/Users/MacBook/.ServiceHub/496eb9f550/1baad0b150","IsEmpty":false}}
02/16/2025 10:51:06 Mitteleuropäische Normalzeit : Information : Disposing ServiceBroker server '/Users/MacBook/.ServiceHub/496eb9f550/0218043a0c'.
02/16/2025 10:51:06 Mitteleuropäische Normalzeit : Information : Microsoft.VisualStudio.TestWindow.VSCode.ProjectSystemProvider.Service-RemoteServiceBrokerServer read: Content-Length: 194

{"jsonrpc":"2.0","id":2,"method":"handshake","params":[{"supportedConnections":"IpcPipe","localServiceHost":{"operatingSystem":2,"processArchitecture":3,"runtime":2,"runtimeVersion":"8.0.11"}}]}
02/16/2025 10:51:06 Mitteleuropäische Normalzeit : Information : Microsoft.VisualStudio.TestWindow.VSCode.ProjectSystemProvider.Service-RemoteServiceBrokerServer write: Content-Length: 38

{"jsonrpc":"2.0","id":2,"result":null}
02/16/2025 10:51:06 Mitteleuropäische Normalzeit : Information : Microsoft.VisualStudio.TestWindow.VSCode.ProjectSystemProvider.Service-RemoteServiceBrokerServer read: Content-Length: 177

{"jsonrpc":"2.0","id":3,"method":"requestServiceChannel","params":[{"name":"Microsoft.ServiceHub.Framework.AuthorizationService"},{"clientCulture":"de","clientUICulture":"de"}]}
02/16/2025 10:51:06 Mitteleuropäische Normalzeit : Information : Microsoft.VisualStudio.TestWindow.VSCode.ProjectSystemProvider.Service-RemoteServiceBrokerServer write: Content-Length: 181

{"jsonrpc":"2.0","id":3,"result":{"requestId":"c41ccd40-7ed5-49af-85b2-6550e6588f6f","pipeName":"/var/folders/3l/2l1z4wws21v3mv848wtg85jc0000gn/T/c272f0b2c50b4951a8127a8ec760e939"}}
02/16/2025 10:51:06 Mitteleuropäische Normalzeit : Information : Microsoft.VisualStudio.TestWindow.VSCode.ProjectSystemProvider.Service-RemoteServiceBrokerServer read: Content-Length: 287

{"jsonrpc":"2.0","id":4,"method":"requestServiceChannel","params":[{"name":"Microsoft.VisualStudio.ProjectSystem.Query.Remoting.QueryExecutionService","version":"0.3"},{"clientCulture":"de","clientUICulture":"de"}],"traceparent":"00-ebebb6f6b8129a4dbb43b67897e75ef8-426a587d67b2274e-00"}
02/16/2025 10:51:06 Mitteleuropäische Normalzeit : Information : VsHubClient-hubController write: Content-Length: 368

{"jsonrpc":"2.0","id":10,"method":"requestServiceChannel","params":[{"Name":"Microsoft.VisualStudio.ProjectSystem.Query.Remoting.QueryExecutionService","Version":"0.3"},{"ActivationArguments":{"__servicehub__ServiceHubRemoteServiceBrokerPipeName":"/Users/MacBook/.ServiceHub/496eb9f550/000045e79e"},"ClientCredentials":{},"ClientCulture":"de","ClientUICulture":"de"}]}
02/16/2025 10:51:06 Mitteleuropäische Normalzeit : Information : VsHubClient-hubController read: Content-Length: 165

{"jsonrpc":"2.0","id":10,"result":{"RequestId":"04aedee1-beb7-46c9-aa8c-73cc1709cc5b","PipeName":"/Users/MacBook/.ServiceHub/496eb9f550/69531e74bc","IsEmpty":false}}
02/16/2025 10:51:06 Mitteleuropäische Normalzeit : Information : Microsoft.VisualStudio.TestWindow.VSCode.ProjectSystemProvider.Service-RemoteServiceBrokerServer write: Content-Length: 148

{"jsonrpc":"2.0","id":4,"result":{"requestId":"04aedee1-beb7-46c9-aa8c-73cc1709cc5b","pipeName":"/Users/MacBook/.ServiceHub/496eb9f550/69531e74bc"}}
02/16/2025 10:51:06 Mitteleuropäische Normalzeit : Information : Disposing ServiceBroker server '/Users/MacBook/.ServiceHub/496eb9f550/000045e79e'.
02/16/2025 10:51:06 Mitteleuropäische Normalzeit : Information : Microsoft.VisualStudio.ProjectSystem.Query.Remoting.QueryExecutionService-RemoteServiceBrokerServer read: Content-Length: 193

{"jsonrpc":"2.0","id":2,"method":"handshake","params":[{"supportedConnections":"IpcPipe","localServiceHost":{"operatingSystem":2,"processArchitecture":3,"runtime":2,"runtimeVersion":"9.0.1"}}]}
02/16/2025 10:51:06 Mitteleuropäische Normalzeit : Information : Microsoft.VisualStudio.ProjectSystem.Query.Remoting.QueryExecutionService-RemoteServiceBrokerServer write: Content-Length: 38

{"jsonrpc":"2.0","id":2,"result":null}
02/16/2025 10:51:06 Mitteleuropäische Normalzeit : Information : Microsoft.VisualStudio.ProjectSystem.Query.Remoting.QueryExecutionService-RemoteServiceBrokerServer read: Content-Length: 177

{"jsonrpc":"2.0","id":3,"method":"requestServiceChannel","params":[{"name":"Microsoft.ServiceHub.Framework.AuthorizationService"},{"clientCulture":"de","clientUICulture":"de"}]}
02/16/2025 10:51:06 Mitteleuropäische Normalzeit : Information : Microsoft.VisualStudio.ProjectSystem.ProjectInitializationStatusService-RemoteServiceBrokerServer read: Content-Length: 177

{"jsonrpc":"2.0","id":3,"method":"requestServiceChannel","params":[{"name":"Microsoft.ServiceHub.Framework.AuthorizationService"},{"clientCulture":"de","clientUICulture":"de"}]}
02/16/2025 10:51:06 Mitteleuropäische Normalzeit : Information : Microsoft.VisualStudio.ProjectSystem.Query.Remoting.QueryExecutionService-RemoteServiceBrokerServer read: Content-Length: 177

{"jsonrpc":"2.0","id":3,"method":"requestServiceChannel","params":[{"name":"Microsoft.ServiceHub.Framework.AuthorizationService"},{"clientCulture":"de","clientUICulture":"de"}]}
02/16/2025 10:51:06 Mitteleuropäische Normalzeit : Information : Microsoft.VisualStudio.ProjectSystem.ProjectTreeProvider-RemoteServiceBrokerServer read: Content-Length: 177

{"jsonrpc":"2.0","id":3,"method":"requestServiceChannel","params":[{"name":"Microsoft.ServiceHub.Framework.AuthorizationService"},{"clientCulture":"de","clientUICulture":"de"}]}
02/16/2025 10:51:06 Mitteleuropäische Normalzeit : Information : Microsoft.VisualStudio.LaunchConfigurationService-RemoteServiceBrokerServer read: Content-Length: 177

{"jsonrpc":"2.0","id":3,"method":"requestServiceChannel","params":[{"name":"Microsoft.ServiceHub.Framework.AuthorizationService"},{"clientCulture":"de","clientUICulture":"de"}]}
02/16/2025 10:51:06 Mitteleuropäische Normalzeit : Information : Microsoft.VisualStudio.ProjectSystem.ProjectInitializationStatusService-RemoteServiceBrokerServer write: Content-Length: 181

{"jsonrpc":"2.0","id":3,"result":{"requestId":"6315c2d9-39db-4af7-8221-cc1d5995ed55","pipeName":"/var/folders/3l/2l1z4wws21v3mv848wtg85jc0000gn/T/a977f99478374c05866142df56c58b47"}}
02/16/2025 10:51:06 Mitteleuropäische Normalzeit : Information : Microsoft.VisualStudio.ProjectSystem.Query.Remoting.QueryExecutionService-RemoteServiceBrokerServer write: Content-Length: 181

{"jsonrpc":"2.0","id":3,"result":{"requestId":"5203df8f-0a2a-4dc0-a503-65c3169ebd19","pipeName":"/var/folders/3l/2l1z4wws21v3mv848wtg85jc0000gn/T/e15ada36125e4d90932dfa8e2b05175e"}}
02/16/2025 10:51:06 Mitteleuropäische Normalzeit : Information : Microsoft.VisualStudio.ProjectSystem.ProjectTreeProvider-RemoteServiceBrokerServer write: Content-Length: 181

{"jsonrpc":"2.0","id":3,"result":{"requestId":"210acd0a-729b-4cd7-86d5-bafa44592c4f","pipeName":"/var/folders/3l/2l1z4wws21v3mv848wtg85jc0000gn/T/a80e1c939c6e4df5a36f94849ac79cf4"}}
02/16/2025 10:51:06 Mitteleuropäische Normalzeit : Information : Microsoft.VisualStudio.ProjectSystem.Query.Remoting.QueryExecutionService-RemoteServiceBrokerServer write: Content-Length: 181

{"jsonrpc":"2.0","id":3,"result":{"requestId":"e532b4d8-00f7-4df0-a5b2-cc8aa69b92dc","pipeName":"/var/folders/3l/2l1z4wws21v3mv848wtg85jc0000gn/T/fe94699adf6a43fe9d04443ab48b849f"}}
02/16/2025 10:51:06 Mitteleuropäische Normalzeit : Information : Microsoft.VisualStudio.LaunchConfigurationService-RemoteServiceBrokerServer write: Content-Length: 181

{"jsonrpc":"2.0","id":3,"result":{"requestId":"c96eda74-8447-404a-9177-e17542578007","pipeName":"/var/folders/3l/2l1z4wws21v3mv848wtg85jc0000gn/T/a5213460bc1145139d552b37608c9255"}}
02/16/2025 10:51:06 Mitteleuropäische Normalzeit : Information : Microsoft.VisualStudio.LaunchConfigurationService-RemoteServiceBrokerServer read: Content-Length: 197

{"jsonrpc":"2.0","id":4,"method":"requestServiceChannel","params":[{"name":"Microsoft.VisualStudio.ProjectSystem.CompositionService","version":"0.1"},{"clientCulture":"de","clientUICulture":"de"}]}
02/16/2025 10:51:06 Mitteleuropäische Normalzeit : Information : VsHubClient-hubController write: Content-Length: 350

{"jsonrpc":"2.0","id":11,"method":"requestServiceChannel","params":[{"Name":"Microsoft.VisualStudio.ProjectSystem.CompositionService","Version":"0.1"},{"ActivationArguments":{"__servicehub__ServiceHubRemoteServiceBrokerPipeName":"/Users/MacBook/.ServiceHub/496eb9f550/f7c84ccb91"},"ClientCredentials":{},"ClientCulture":"de","ClientUICulture":"de"}]}
02/16/2025 10:51:06 Mitteleuropäische Normalzeit : Information : VsHubClient-hubController read: Content-Length: 165

{"jsonrpc":"2.0","id":11,"result":{"RequestId":"51aad4f7-654e-469d-8349-bc3dbb47a2b5","PipeName":"/Users/MacBook/.ServiceHub/496eb9f550/1aff4bda77","IsEmpty":false}}
02/16/2025 10:51:06 Mitteleuropäische Normalzeit : Information : Microsoft.VisualStudio.LaunchConfigurationService-RemoteServiceBrokerServer write: Content-Length: 148

{"jsonrpc":"2.0","id":4,"result":{"requestId":"51aad4f7-654e-469d-8349-bc3dbb47a2b5","pipeName":"/Users/MacBook/.ServiceHub/496eb9f550/1aff4bda77"}}
02/16/2025 10:51:06 Mitteleuropäische Normalzeit : Information : Disposing ServiceBroker server '/Users/MacBook/.ServiceHub/496eb9f550/f7c84ccb91'.
02/16/2025 10:51:06 Mitteleuropäische Normalzeit : Information : Microsoft.VisualStudio.ProjectSystem.CompositionService-RemoteServiceBrokerServer read: Content-Length: 193

{"jsonrpc":"2.0","id":2,"method":"handshake","params":[{"supportedConnections":"IpcPipe","localServiceHost":{"operatingSystem":2,"processArchitecture":3,"runtime":2,"runtimeVersion":"9.0.1"}}]}
02/16/2025 10:51:06 Mitteleuropäische Normalzeit : Information : Microsoft.VisualStudio.ProjectSystem.CompositionService-RemoteServiceBrokerServer write: Content-Length: 38

{"jsonrpc":"2.0","id":2,"result":null}
02/16/2025 10:51:06 Mitteleuropäische Normalzeit : Information : Microsoft.VisualStudio.ProjectSystem.CompositionService-RemoteServiceBrokerServer read: Content-Length: 177

{"jsonrpc":"2.0","id":3,"method":"requestServiceChannel","params":[{"name":"Microsoft.ServiceHub.Framework.AuthorizationService"},{"clientCulture":"de","clientUICulture":"de"}]}
02/16/2025 10:51:06 Mitteleuropäische Normalzeit : Information : Microsoft.VisualStudio.ProjectSystem.CompositionService-RemoteServiceBrokerServer write: Content-Length: 181

{"jsonrpc":"2.0","id":3,"result":{"requestId":"4992fb48-c9e4-4b72-b66d-38e1156b286d","pipeName":"/var/folders/3l/2l1z4wws21v3mv848wtg85jc0000gn/T/0ecacf5d951b4f46a2df45b5095c44aa"}}
02/16/2025 10:51:06 Mitteleuropäische Normalzeit : Information : Microsoft.VisualStudio.ProjectSystem.CompositionService-RemoteServiceBrokerServer read: Content-Length: 191

{"jsonrpc":"2.0","id":4,"method":"requestServiceChannel","params":[{"name":"Microsoft.VisualStudio.NoDelay.EnvironmentService","version":"0.1"},{"clientCulture":"de","clientUICulture":"de"}]}Content-Length: 188

{"jsonrpc":"2.0","id":5,"method":"requestServiceChannel","params":[{"name":"Microsoft.VisualStudio.ComponentExportsService","version":"0.1"},{"clientCulture":"de","clientUICulture":"de"}]}
02/16/2025 10:51:06 Mitteleuropäische Normalzeit : Information : Microsoft.VisualStudio.ProjectSystem.CompositionService-RemoteServiceBrokerServer write: Content-Length: 181

{"jsonrpc":"2.0","id":4,"result":{"requestId":"1cf32b32-6035-4546-a93e-4345f2ef1e0a","pipeName":"/var/folders/3l/2l1z4wws21v3mv848wtg85jc0000gn/T/27636f98d35d44daad3fde4d33b5e2b6"}}
02/16/2025 10:51:06 Mitteleuropäische Normalzeit : Information : Microsoft.VisualStudio.ProjectSystem.CompositionService-RemoteServiceBrokerServer write: Content-Length: 181

{"jsonrpc":"2.0","id":5,"result":{"requestId":"d73aecef-49aa-4555-87c1-46a5bd449f07","pipeName":"/var/folders/3l/2l1z4wws21v3mv848wtg85jc0000gn/T/1d0b779d20864242b2d89d27899779f0"}}
02/16/2025 10:51:07 Mitteleuropäische Normalzeit : Information : Microsoft.VisualStudio.ProjectSystem.CompositionService-RemoteServiceBrokerServer read: Content-Length: 198

{"jsonrpc":"2.0","id":6,"method":"requestServiceChannel","params":[{"name":"Microsoft.VisualStudio.ActiveDocumentsInformationService","version":"0.1"},{"clientCulture":"de","clientUICulture":"de"}]}Content-Length: 236

{"jsonrpc":"2.0","id":7,"method":"requestServiceChannel","params":[{"name":"Microsoft.VisualStudio.NuGetSolutionRestoreService","version":"0.1"},{"activationArguments":{"needEvents":"True"},"clientCulture":"de","clientUICulture":"de"}]}
02/16/2025 10:51:07 Mitteleuropäische Normalzeit : Information : Microsoft.VisualStudio.ProjectSystem.CompositionService-RemoteServiceBrokerServer write: Content-Length: 181

{"jsonrpc":"2.0","id":6,"result":{"requestId":"c1cb546b-518b-4d3f-8ad5-7d0b473485db","pipeName":"/var/folders/3l/2l1z4wws21v3mv848wtg85jc0000gn/T/6f805055d90e427a988be5b121d882ae"}}
02/16/2025 10:51:07 Mitteleuropäische Normalzeit : Information : Microsoft.VisualStudio.ProjectSystem.CompositionService-RemoteServiceBrokerServer write: Content-Length: 181

{"jsonrpc":"2.0","id":7,"result":{"requestId":"fc4bc9ac-2ffd-4e1e-8fc8-1660eef62de3","pipeName":"/var/folders/3l/2l1z4wws21v3mv848wtg85jc0000gn/T/417d4a96ca5b4e4381ace03770cc69d2"}}
02/16/2025 10:51:08 Mitteleuropäische Normalzeit : Information : Microsoft.VisualStudio.ProjectSystem.CompositionService-RemoteServiceBrokerServer read: Content-Length: 264

{"jsonrpc":"2.0","id":8,"method":"requestServiceChannel","params":[{"name":"Microsoft.VisualStudio.CpsProjectIconSourceService","version":"0.1"},{"clientCulture":"de","clientUICulture":"de"}],"traceparent":"00-8d53b4c6e47dd547b880851ebf577781-84bb6338d3c4894c-00"}
02/16/2025 10:51:08 Mitteleuropäische Normalzeit : Information : VsHubClient-hubController write: Content-Length: 345

{"jsonrpc":"2.0","id":12,"method":"requestServiceChannel","params":[{"Name":"Microsoft.VisualStudio.CpsProjectIconSourceService","Version":"0.1"},{"ActivationArguments":{"__servicehub__ServiceHubRemoteServiceBrokerPipeName":"/Users/MacBook/.ServiceHub/496eb9f550/a39cd67d4b"},"ClientCredentials":{},"ClientCulture":"de","ClientUICulture":"de"}]}
02/16/2025 10:51:08 Mitteleuropäische Normalzeit : Information : VsHubClient-hubController read: Content-Length: 165

{"jsonrpc":"2.0","id":12,"result":{"RequestId":"1819d60d-cb09-4504-b60b-c24aaa9f9144","PipeName":"/Users/MacBook/.ServiceHub/496eb9f550/87e10720f7","IsEmpty":false}}
02/16/2025 10:51:08 Mitteleuropäische Normalzeit : Information : Microsoft.VisualStudio.ProjectSystem.CompositionService-RemoteServiceBrokerServer write: Content-Length: 148

{"jsonrpc":"2.0","id":8,"result":{"requestId":"1819d60d-cb09-4504-b60b-c24aaa9f9144","pipeName":"/Users/MacBook/.ServiceHub/496eb9f550/87e10720f7"}}
02/16/2025 10:51:08 Mitteleuropäische Normalzeit : Information : Microsoft.VisualStudio.CpsProjectIconSourceService-RemoteServiceBrokerServer read: Content-Length: 193

{"jsonrpc":"2.0","id":2,"method":"handshake","params":[{"supportedConnections":"IpcPipe","localServiceHost":{"operatingSystem":2,"processArchitecture":3,"runtime":2,"runtimeVersion":"9.0.1"}}]}
02/16/2025 10:51:08 Mitteleuropäische Normalzeit : Information : Disposing ServiceBroker server '/Users/MacBook/.ServiceHub/496eb9f550/a39cd67d4b'.
02/16/2025 10:51:08 Mitteleuropäische Normalzeit : Information : Microsoft.VisualStudio.CpsProjectIconSourceService-RemoteServiceBrokerServer write: Content-Length: 38

{"jsonrpc":"2.0","id":2,"result":null}
02/16/2025 10:51:08 Mitteleuropäische Normalzeit : Information : Microsoft.VisualStudio.CpsProjectIconSourceService-RemoteServiceBrokerServer read: Content-Length: 177

{"jsonrpc":"2.0","id":3,"method":"requestServiceChannel","params":[{"name":"Microsoft.ServiceHub.Framework.AuthorizationService"},{"clientCulture":"de","clientUICulture":"de"}]}
02/16/2025 10:51:08 Mitteleuropäische Normalzeit : Information : Microsoft.VisualStudio.CpsProjectIconSourceService-RemoteServiceBrokerServer write: Content-Length: 181

{"jsonrpc":"2.0","id":3,"result":{"requestId":"a5e63bd5-073a-401e-bf1a-5849d710a25f","pipeName":"/var/folders/3l/2l1z4wws21v3mv848wtg85jc0000gn/T/391cdf8df3d44c4db829d8bfe881403e"}}
02/16/2025 10:51:09 Mitteleuropäische Normalzeit : Information : Microsoft.VisualStudio.ProjectSystem.CompositionService-RemoteServiceBrokerServer read: Content-Length: 191

{"jsonrpc":"2.0","id":9,"method":"requestServiceChannel","params":[{"name":"Microsoft.VisualStudio.NoDelay.EnvironmentService","version":"0.1"},{"clientCulture":"de","clientUICulture":"de"}]}
02/16/2025 10:51:09 Mitteleuropäische Normalzeit : Information : Microsoft.VisualStudio.ProjectSystem.CompositionService-RemoteServiceBrokerServer write: Content-Length: 181

{"jsonrpc":"2.0","id":9,"result":{"requestId":"2a1dae25-91db-4799-8698-e5cc6e6d8e69","pipeName":"/var/folders/3l/2l1z4wws21v3mv848wtg85jc0000gn/T/f55f0a9022b14eafa6176b820ce92175"}}
02/16/2025 10:51:09 Mitteleuropäische Normalzeit : Information : Microsoft.VisualStudio.ProjectSystem.CompositionService-RemoteServiceBrokerServer read: Content-Length: 197

{"jsonrpc":"2.0","id":10,"method":"requestServiceChannel","params":[{"name":"Microsoft.VisualStudio.LanguageServices.WorkspaceProjectFactoryService"},{"clientCulture":"de","clientUICulture":"de"}]}
02/16/2025 10:51:09 Mitteleuropäische Normalzeit : Information : VsHubClient-hubController write: Content-Length: 366

{"jsonrpc":"2.0","id":13,"method":"requestServiceChannel","params":[{"Name":"Microsoft.VisualStudio.ProjectSystem.ProjectInitializationStatusService","Version":"0.1"},{"ActivationArguments":{"__servicehub__ServiceHubRemoteServiceBrokerPipeName":"/Users/MacBook/.ServiceHub/496eb9f550/660b01dec0"},"ClientCredentials":{},"ClientCulture":"de","ClientUICulture":"de"}]}
02/16/2025 10:51:09 Mitteleuropäische Normalzeit : Information : VsHubClient-hubController read: Content-Length: 165

{"jsonrpc":"2.0","id":13,"result":{"RequestId":"6af4f4fe-1706-450c-897d-19f1860e57d2","PipeName":"/Users/MacBook/.ServiceHub/496eb9f550/5850209f44","IsEmpty":false}}
02/16/2025 10:51:09 Mitteleuropäische Normalzeit : Information : Disposing ServiceBroker server '/Users/MacBook/.ServiceHub/496eb9f550/660b01dec0'.
02/16/2025 10:51:09 Mitteleuropäische Normalzeit : Information : Microsoft.VisualStudio.ProjectSystem.ProjectInitializationStatusService-RemoteServiceBrokerServer read: Content-Length: 193

{"jsonrpc":"2.0","id":2,"method":"handshake","params":[{"supportedConnections":"IpcPipe","localServiceHost":{"operatingSystem":2,"processArchitecture":3,"runtime":2,"runtimeVersion":"9.0.1"}}]}
02/16/2025 10:51:09 Mitteleuropäische Normalzeit : Information : Microsoft.VisualStudio.ProjectSystem.ProjectInitializationStatusService-RemoteServiceBrokerServer write: Content-Length: 38

{"jsonrpc":"2.0","id":2,"result":null}
02/16/2025 10:51:09 Mitteleuropäische Normalzeit : Information : Microsoft.VisualStudio.ProjectSystem.CompositionService-RemoteServiceBrokerServer read: Content-Length: 179

{"jsonrpc":"2.0","id":11,"method":"requestServiceChannel","params":[{"name":"Microsoft.VisualStudio.OptionService","version":"0.1"},{"clientCulture":"de","clientUICulture":"de"}]}
02/16/2025 10:51:09 Mitteleuropäische Normalzeit : Information : Microsoft.VisualStudio.ProjectSystem.CompositionService-RemoteServiceBrokerServer write: Content-Length: 182

{"jsonrpc":"2.0","id":11,"result":{"requestId":"eb503da0-d6e6-4c6d-8872-3c010887890c","pipeName":"/var/folders/3l/2l1z4wws21v3mv848wtg85jc0000gn/T/4167431448994d4fa7d6410a1d3d2fce"}}
02/16/2025 10:51:09 Mitteleuropäische Normalzeit : Information : Microsoft.VisualStudio.ProjectSystem.ProjectInitializationStatusService-RemoteServiceBrokerServer read: Content-Length: 177

{"jsonrpc":"2.0","id":3,"method":"requestServiceChannel","params":[{"name":"Microsoft.ServiceHub.Framework.AuthorizationService"},{"clientCulture":"de","clientUICulture":"de"}]}
02/16/2025 10:51:09 Mitteleuropäische Normalzeit : Information : Microsoft.VisualStudio.ProjectSystem.ProjectInitializationStatusService-RemoteServiceBrokerServer write: Content-Length: 181

{"jsonrpc":"2.0","id":3,"result":{"requestId":"339cb84b-6ff0-4ec6-940c-db821f68ed8c","pipeName":"/var/folders/3l/2l1z4wws21v3mv848wtg85jc0000gn/T/8a9fc227f7f84f87a3c81804b64cdb27"}}
02/16/2025 10:51:09 Mitteleuropäische Normalzeit : Information : Microsoft.VisualStudio.ProjectSystem.CompositionService-RemoteServiceBrokerServer write: Content-Length: 182

{"jsonrpc":"2.0","id":10,"result":{"requestId":"dad35527-309c-4841-a011-f194f8cb2157","pipeName":"/var/folders/3l/2l1z4wws21v3mv848wtg85jc0000gn/T/886a61853af7451eac258b5cf2c45062"}}
02/16/2025 10:51:11 Mitteleuropäische Normalzeit : Information : Microsoft.VisualStudio.ProjectSystem.CompositionService-RemoteServiceBrokerServer read: Content-Length: 193

{"jsonrpc":"2.0","id":12,"method":"requestServiceChannel","params":[{"name":"Microsoft.VisualStudio.NuGetSolutionRestoreService","version":"0.1"},{"clientCulture":"de","clientUICulture":"de"}]}
02/16/2025 10:51:11 Mitteleuropäische Normalzeit : Information : Microsoft.VisualStudio.ProjectSystem.CompositionService-RemoteServiceBrokerServer write: Content-Length: 182

{"jsonrpc":"2.0","id":12,"result":{"requestId":"02fb88d9-ff98-4e94-9c92-23dd710c93a4","pipeName":"/var/folders/3l/2l1z4wws21v3mv848wtg85jc0000gn/T/3990933740fa49f68a479d1c534bca93"}}
02/16/2025 10:51:11 Mitteleuropäische Normalzeit : Information : Microsoft.VisualStudio.ProjectSystem.CompositionService-RemoteServiceBrokerServer read: Content-Length: 244

{"jsonrpc":"2.0","id":13,"method":"requestServiceChannel","params":[{"name":"Microsoft.VisualStudio.LogOutputChannelService","version":"0.1"},{"activationArguments":{"outputChannelName":"Projects"},"clientCulture":"de","clientUICulture":"de"}]}
02/16/2025 10:51:11 Mitteleuropäische Normalzeit : Information : Microsoft.VisualStudio.ProjectSystem.CompositionService-RemoteServiceBrokerServer write: Content-Length: 182

{"jsonrpc":"2.0","id":13,"result":{"requestId":"288f8d1f-0c1f-4fa4-b40b-d6a426d845ec","pipeName":"/var/folders/3l/2l1z4wws21v3mv848wtg85jc0000gn/T/55d25b9f28764869a3a5069a7762bb5c"}}
02/16/2025 11:26:41 Mitteleuropäische Normalzeit : Information : VsHubClient-hubController write: Content-Length: 328

{"jsonrpc":"2.0","id":14,"method":"requestServiceChannel","params":[{"Name":"Microsoft.VisualStudio.LaunchConfigurationService"},{"ActivationArguments":{"__servicehub__ServiceHubRemoteServiceBrokerPipeName":"/Users/MacBook/.ServiceHub/496eb9f550/a8486e5629"},"ClientCredentials":{},"ClientCulture":"de","ClientUICulture":"de"}]}
02/16/2025 11:26:41 Mitteleuropäische Normalzeit : Information : VsHubClient-hubController read: Content-Length: 165

{"jsonrpc":"2.0","id":14,"result":{"RequestId":"975c9dc6-8c7f-4fc1-990a-dbe10ba68d40","PipeName":"/Users/MacBook/.ServiceHub/496eb9f550/76f903e642","IsEmpty":false}}
02/16/2025 11:26:41 Mitteleuropäische Normalzeit : Information : Disposing ServiceBroker server '/Users/MacBook/.ServiceHub/496eb9f550/a8486e5629'.
02/16/2025 11:26:41 Mitteleuropäische Normalzeit : Information : Microsoft.VisualStudio.LaunchConfigurationService-RemoteServiceBrokerServer read: Content-Length: 193

{"jsonrpc":"2.0","id":2,"method":"handshake","params":[{"supportedConnections":"IpcPipe","localServiceHost":{"operatingSystem":2,"processArchitecture":3,"runtime":2,"runtimeVersion":"9.0.1"}}]}
02/16/2025 11:26:41 Mitteleuropäische Normalzeit : Information : Microsoft.VisualStudio.LaunchConfigurationService-RemoteServiceBrokerServer write: Content-Length: 38

{"jsonrpc":"2.0","id":2,"result":null}
02/16/2025 11:26:41 Mitteleuropäische Normalzeit : Information : Microsoft.VisualStudio.LaunchConfigurationService-RemoteServiceBrokerServer read: Content-Length: 177

{"jsonrpc":"2.0","id":3,"method":"requestServiceChannel","params":[{"name":"Microsoft.ServiceHub.Framework.AuthorizationService"},{"clientCulture":"de","clientUICulture":"de"}]}
02/16/2025 11:26:41 Mitteleuropäische Normalzeit : Information : Microsoft.VisualStudio.LaunchConfigurationService-RemoteServiceBrokerServer write: Content-Length: 181

{"jsonrpc":"2.0","id":3,"result":{"requestId":"620ee7da-e0ee-412e-a789-d3964493a68d","pipeName":"/var/folders/3l/2l1z4wws21v3mv848wtg85jc0000gn/T/91dd74d94c6e4477ab70f9d9a6e40419"}}
02/16/2025 11:26:43 Mitteleuropäische Normalzeit : Information : VsHubClient-hubController JSON RPC has been disposed
02/16/2025 11:26:43 Mitteleuropäische Normalzeit : Information : VsHubClient-hubController read: end of stream
02/16/2025 11:26:43 Mitteleuropäische Normalzeit : Information : Microsoft.VisualStudio.ProjectSystem.Query.Remoting.QueryExecutionService-RemoteServiceBrokerServer read: end of stream
02/16/2025 11:26:43 Mitteleuropäische Normalzeit : Information : Microsoft.VisualStudio.TestWindow.VSCode.Service-RemoteServiceBrokerServer read: end of stream
