02/16/2025 10:39:21 Mitteleuropäische Normalzeit : Information : Local timezone is (UTC+01:00) Mitteleuropäische Zeit (Wien)
02/16/2025 10:39:21 Mitteleuropäische Normalzeit : Information : Added local RPC method "getPipe" -> Microsoft.VisualStudio.Utilities.ServiceBroker.GlobalBrokeredServiceContainer+View.GetPipeAsync(ServiceMoniker, ServiceActivationOptions, CancellationToken) (Microsoft.VisualStudio.Utilities.ServiceBroker.GlobalBrokeredServiceContainer+View)
02/16/2025 10:39:21 Mitteleuropäische Normalzeit : Information : Added local RPC method "getProxy" -> Microsoft.VisualStudio.Utilities.ServiceBroker.GlobalBrokeredServiceContainer+View.GetProxyAsync(ServiceRpcDescriptor, ServiceActivationOptions, CancellationToken) (Microsoft.VisualStudio.Utilities.ServiceBroker.GlobalBrokeredServiceContainer+View)
02/16/2025 10:39:21 Mitteleuropäische Normalzeit : Information : Added local RPC method "handshake" -> Microsoft.VisualStudio.Utilities.ServiceBroker.GlobalBrokeredServiceContainer+View.HandshakeAsync(ServiceBrokerClientMetadata, CancellationToken) (Microsoft.VisualStudio.Utilities.ServiceBroker.GlobalBrokeredServiceContainer+View)
02/16/2025 10:39:21 Mitteleuropäische Normalzeit : Information : Added local RPC method "requestServiceChannel" -> Microsoft.VisualStudio.Utilities.ServiceBroker.GlobalBrokeredServiceContainer+View.RequestServiceChannelAsync(ServiceMoniker, ServiceActivationOptions, CancellationToken) (Microsoft.VisualStudio.Utilities.ServiceBroker.GlobalBrokeredServiceContainer+View)
02/16/2025 10:39:21 Mitteleuropäische Normalzeit : Information : Added local RPC method "cancelServiceRequest" -> Microsoft.VisualStudio.Utilities.ServiceBroker.GlobalBrokeredServiceContainer+View.CancelServiceRequestAsync(Guid) (Microsoft.VisualStudio.Utilities.ServiceBroker.GlobalBrokeredServiceContainer+View)
02/16/2025 10:39:21 Mitteleuropäische Normalzeit : Information : Added local RPC method "getPipe" -> Microsoft.VisualStudio.Utilities.ServiceBroker.GlobalBrokeredServiceContainer+View.GetPipeAsync(ServiceMoniker, ServiceActivationOptions, CancellationToken) (Microsoft.VisualStudio.Utilities.ServiceBroker.GlobalBrokeredServiceContainer+View)
02/16/2025 10:39:21 Mitteleuropäische Normalzeit : Information : Added local RPC method "getProxy" -> Microsoft.VisualStudio.Utilities.ServiceBroker.GlobalBrokeredServiceContainer+View.GetProxyAsync(ServiceRpcDescriptor, ServiceActivationOptions, CancellationToken) (Microsoft.VisualStudio.Utilities.ServiceBroker.GlobalBrokeredServiceContainer+View)
02/16/2025 10:39:21 Mitteleuropäische Normalzeit : Information : Added local RPC method "handshake" -> Microsoft.VisualStudio.Utilities.ServiceBroker.GlobalBrokeredServiceContainer+View.HandshakeAsync(ServiceBrokerClientMetadata, CancellationToken) (Microsoft.VisualStudio.Utilities.ServiceBroker.GlobalBrokeredServiceContainer+View)
02/16/2025 10:39:21 Mitteleuropäische Normalzeit : Information : Added local RPC method "requestServiceChannel" -> Microsoft.VisualStudio.Utilities.ServiceBroker.GlobalBrokeredServiceContainer+View.RequestServiceChannelAsync(ServiceMoniker, ServiceActivationOptions, CancellationToken) (Microsoft.VisualStudio.Utilities.ServiceBroker.GlobalBrokeredServiceContainer+View)
02/16/2025 10:39:21 Mitteleuropäische Normalzeit : Information : Added local RPC method "cancelServiceRequest" -> Microsoft.VisualStudio.Utilities.ServiceBroker.GlobalBrokeredServiceContainer+View.CancelServiceRequestAsync(Guid) (Microsoft.VisualStudio.Utilities.ServiceBroker.GlobalBrokeredServiceContainer+View)
02/16/2025 10:39:21 Mitteleuropäische Normalzeit: Information : 2 :Listening for events from Microsoft.VisualStudio.Utilities.ServiceBroker.GlobalBrokeredServiceContainer+View.AvailabilityChanged to raise notification.
02/16/2025 10:39:21 Mitteleuropäische Normalzeit: Information : 3 :Listening started.
02/16/2025 10:39:21 Mitteleuropäische Normalzeit: Information : 7 :{"id":2,"method":"handshake"}
02/16/2025 10:39:21 Mitteleuropäische Normalzeit: Information : 6 :Received request "2" for method "handshake".
02/16/2025 10:39:21 Mitteleuropäische Normalzeit: Information : 9 :Invoking Microsoft.VisualStudio.Utilities.ServiceBroker.GlobalBrokeredServiceContainer+View.HandshakeAsync(ServiceBrokerClientMetadata, CancellationToken)
02/16/2025 10:39:21 Mitteleuropäische Normalzeit : Start : handshake
02/16/2025 10:39:21 Mitteleuropäische Normalzeit : Stop : handshake
02/16/2025 10:39:21 Mitteleuropäische Normalzeit: Information : 8 :{"id":2}
02/16/2025 10:39:21 Mitteleuropäische Normalzeit: Information : 7 :{"id":3,"method":"requestServiceChannel"}
02/16/2025 10:39:21 Mitteleuropäische Normalzeit: Information : 6 :Received request "3" for method "requestServiceChannel".
02/16/2025 10:39:21 Mitteleuropäische Normalzeit: Information : 9 :Invoking Microsoft.VisualStudio.Utilities.ServiceBroker.GlobalBrokeredServiceContainer+View.RequestServiceChannelAsync(ServiceMoniker, ServiceActivationOptions, CancellationToken)
02/16/2025 10:39:21 Mitteleuropäische Normalzeit : Start : requestServiceChannel
02/16/2025 10:39:21 Mitteleuropäische Normalzeit : Stop : requestServiceChannel
02/16/2025 10:39:21 Mitteleuropäische Normalzeit: Information : 8 :{"id":3}
02/16/2025 10:39:21 Mitteleuropäische Normalzeit: Information : 7 :{"id":4,"method":"requestServiceChannel"}
02/16/2025 10:39:21 Mitteleuropäische Normalzeit: Information : 6 :Received request "4" for method "requestServiceChannel".
02/16/2025 10:39:21 Mitteleuropäische Normalzeit: Information : 9 :Invoking Microsoft.VisualStudio.Utilities.ServiceBroker.GlobalBrokeredServiceContainer+View.RequestServiceChannelAsync(ServiceMoniker, ServiceActivationOptions, CancellationToken)
02/16/2025 10:39:21 Mitteleuropäische Normalzeit : Transfer : Transfer, relatedActivityId=afc4c38c-cff6-49f1-9dd2-f9229b8dee69
02/16/2025 10:39:21 Mitteleuropäische Normalzeit : Start : requestServiceChannel
02/16/2025 10:39:21 Mitteleuropäische Normalzeit : Stop : requestServiceChannel
02/16/2025 10:39:21 Mitteleuropäische Normalzeit : Transfer : Transfer, relatedActivityId=5a15c9ae-35c6-4cc8-a07c-82c803113e47
02/16/2025 10:39:21 Mitteleuropäische Normalzeit: Information : 8 :{"id":4}
