02/15/2025 20:37:48 Mitteleuropäische Normalzeit : Information : Local timezone is (UTC+01:00) Mitteleuropäische Zeit (Wien)
02/15/2025 20:37:48 Mitteleuropäische Normalzeit : Information : Added local RPC method "getPipe" -> Microsoft.VisualStudio.Utilities.ServiceBroker.GlobalBrokeredServiceContainer+View.GetPipeAsync(ServiceMoniker, ServiceActivationOptions, CancellationToken) (Microsoft.VisualStudio.Utilities.ServiceBroker.GlobalBrokeredServiceContainer+View)
02/15/2025 20:37:48 Mitteleuropäische Normalzeit : Information : Added local RPC method "getProxy" -> Microsoft.VisualStudio.Utilities.ServiceBroker.GlobalBrokeredServiceContainer+View.GetProxyAsync(ServiceRpcDescriptor, ServiceActivationOptions, CancellationToken) (Microsoft.VisualStudio.Utilities.ServiceBroker.GlobalBrokeredServiceContainer+View)
02/15/2025 20:37:48 Mitteleuropäische Normalzeit : Information : Added local RPC method "handshake" -> Microsoft.VisualStudio.Utilities.ServiceBroker.GlobalBrokeredServiceContainer+View.HandshakeAsync(ServiceBrokerClientMetadata, CancellationToken) (Microsoft.VisualStudio.Utilities.ServiceBroker.GlobalBrokeredServiceContainer+View)
02/15/2025 20:37:48 Mitteleuropäische Normalzeit : Information : Added local RPC method "requestServiceChannel" -> Microsoft.VisualStudio.Utilities.ServiceBroker.GlobalBrokeredServiceContainer+View.RequestServiceChannelAsync(ServiceMoniker, ServiceActivationOptions, CancellationToken) (Microsoft.VisualStudio.Utilities.ServiceBroker.GlobalBrokeredServiceContainer+View)
02/15/2025 20:37:48 Mitteleuropäische Normalzeit : Information : Added local RPC method "cancelServiceRequest" -> Microsoft.VisualStudio.Utilities.ServiceBroker.GlobalBrokeredServiceContainer+View.CancelServiceRequestAsync(Guid) (Microsoft.VisualStudio.Utilities.ServiceBroker.GlobalBrokeredServiceContainer+View)
02/15/2025 20:37:48 Mitteleuropäische Normalzeit : Information : Added local RPC method "getPipe" -> Microsoft.VisualStudio.Utilities.ServiceBroker.GlobalBrokeredServiceContainer+View.GetPipeAsync(ServiceMoniker, ServiceActivationOptions, CancellationToken) (Microsoft.VisualStudio.Utilities.ServiceBroker.GlobalBrokeredServiceContainer+View)
02/15/2025 20:37:48 Mitteleuropäische Normalzeit : Information : Added local RPC method "getProxy" -> Microsoft.VisualStudio.Utilities.ServiceBroker.GlobalBrokeredServiceContainer+View.GetProxyAsync(ServiceRpcDescriptor, ServiceActivationOptions, CancellationToken) (Microsoft.VisualStudio.Utilities.ServiceBroker.GlobalBrokeredServiceContainer+View)
02/15/2025 20:37:48 Mitteleuropäische Normalzeit : Information : Added local RPC method "handshake" -> Microsoft.VisualStudio.Utilities.ServiceBroker.GlobalBrokeredServiceContainer+View.HandshakeAsync(ServiceBrokerClientMetadata, CancellationToken) (Microsoft.VisualStudio.Utilities.ServiceBroker.GlobalBrokeredServiceContainer+View)
02/15/2025 20:37:48 Mitteleuropäische Normalzeit : Information : Added local RPC method "requestServiceChannel" -> Microsoft.VisualStudio.Utilities.ServiceBroker.GlobalBrokeredServiceContainer+View.RequestServiceChannelAsync(ServiceMoniker, ServiceActivationOptions, CancellationToken) (Microsoft.VisualStudio.Utilities.ServiceBroker.GlobalBrokeredServiceContainer+View)
02/15/2025 20:37:48 Mitteleuropäische Normalzeit : Information : Added local RPC method "cancelServiceRequest" -> Microsoft.VisualStudio.Utilities.ServiceBroker.GlobalBrokeredServiceContainer+View.CancelServiceRequestAsync(Guid) (Microsoft.VisualStudio.Utilities.ServiceBroker.GlobalBrokeredServiceContainer+View)
02/15/2025 20:37:48 Mitteleuropäische Normalzeit: Information : 2 :Listening for events from Microsoft.VisualStudio.Utilities.ServiceBroker.GlobalBrokeredServiceContainer+View.AvailabilityChanged to raise notification.
02/15/2025 20:37:48 Mitteleuropäische Normalzeit: Information : 3 :Listening started.
02/15/2025 20:37:48 Mitteleuropäische Normalzeit: Information : 7 :{"id":2,"method":"handshake"}
02/15/2025 20:37:48 Mitteleuropäische Normalzeit: Information : 6 :Received request "2" for method "handshake".
02/15/2025 20:37:48 Mitteleuropäische Normalzeit: Information : 9 :Invoking Microsoft.VisualStudio.Utilities.ServiceBroker.GlobalBrokeredServiceContainer+View.HandshakeAsync(ServiceBrokerClientMetadata, CancellationToken)
02/15/2025 20:37:48 Mitteleuropäische Normalzeit : Start : handshake
02/15/2025 20:37:48 Mitteleuropäische Normalzeit : Stop : handshake
02/15/2025 20:37:48 Mitteleuropäische Normalzeit: Information : 8 :{"id":2}
02/15/2025 20:37:48 Mitteleuropäische Normalzeit: Information : 7 :{"id":3,"method":"requestServiceChannel"}
02/15/2025 20:37:48 Mitteleuropäische Normalzeit: Information : 6 :Received request "3" for method "requestServiceChannel".
02/15/2025 20:37:48 Mitteleuropäische Normalzeit: Information : 9 :Invoking Microsoft.VisualStudio.Utilities.ServiceBroker.GlobalBrokeredServiceContainer+View.RequestServiceChannelAsync(ServiceMoniker, ServiceActivationOptions, CancellationToken)
02/15/2025 20:37:48 Mitteleuropäische Normalzeit : Start : requestServiceChannel
02/15/2025 20:37:48 Mitteleuropäische Normalzeit : Stop : requestServiceChannel
02/15/2025 20:37:48 Mitteleuropäische Normalzeit: Information : 8 :{"id":3}
02/15/2025 20:37:48 Mitteleuropäische Normalzeit: Information : 7 :{"id":4,"method":"requestServiceChannel"}
02/15/2025 20:37:48 Mitteleuropäische Normalzeit: Information : 6 :Received request "4" for method "requestServiceChannel".
02/15/2025 20:37:48 Mitteleuropäische Normalzeit: Information : 9 :Invoking Microsoft.VisualStudio.Utilities.ServiceBroker.GlobalBrokeredServiceContainer+View.RequestServiceChannelAsync(ServiceMoniker, ServiceActivationOptions, CancellationToken)
02/15/2025 20:37:48 Mitteleuropäische Normalzeit : Start : requestServiceChannel
02/15/2025 20:37:48 Mitteleuropäische Normalzeit: Information : 7 :{"id":5,"method":"requestServiceChannel"}
02/15/2025 20:37:48 Mitteleuropäische Normalzeit: Information : 6 :Received request "5" for method "requestServiceChannel".
02/15/2025 20:37:48 Mitteleuropäische Normalzeit: Information : 9 :Invoking Microsoft.VisualStudio.Utilities.ServiceBroker.GlobalBrokeredServiceContainer+View.RequestServiceChannelAsync(ServiceMoniker, ServiceActivationOptions, CancellationToken)
02/15/2025 20:37:48 Mitteleuropäische Normalzeit : Start : requestServiceChannel
02/15/2025 20:37:48 Mitteleuropäische Normalzeit : Stop : requestServiceChannel
02/15/2025 20:37:48 Mitteleuropäische Normalzeit: Information : 8 :{"id":4}
02/15/2025 20:37:48 Mitteleuropäische Normalzeit : Stop : requestServiceChannel
02/15/2025 20:37:48 Mitteleuropäische Normalzeit: Information : 8 :{"id":5}
02/15/2025 20:37:49 Mitteleuropäische Normalzeit: Information : 7 :{"id":6,"method":"requestServiceChannel"}
02/15/2025 20:37:49 Mitteleuropäische Normalzeit: Information : 6 :Received request "6" for method "requestServiceChannel".
02/15/2025 20:37:49 Mitteleuropäische Normalzeit: Information : 9 :Invoking Microsoft.VisualStudio.Utilities.ServiceBroker.GlobalBrokeredServiceContainer+View.RequestServiceChannelAsync(ServiceMoniker, ServiceActivationOptions, CancellationToken)
02/15/2025 20:37:49 Mitteleuropäische Normalzeit : Start : requestServiceChannel
02/15/2025 20:37:49 Mitteleuropäische Normalzeit : Stop : requestServiceChannel
02/15/2025 20:37:49 Mitteleuropäische Normalzeit: Information : 8 :{"id":6}
02/15/2025 20:37:49 Mitteleuropäische Normalzeit: Information : 7 :{"id":7,"method":"requestServiceChannel"}
02/15/2025 20:37:49 Mitteleuropäische Normalzeit: Information : 6 :Received request "7" for method "requestServiceChannel".
02/15/2025 20:37:49 Mitteleuropäische Normalzeit: Information : 9 :Invoking Microsoft.VisualStudio.Utilities.ServiceBroker.GlobalBrokeredServiceContainer+View.RequestServiceChannelAsync(ServiceMoniker, ServiceActivationOptions, CancellationToken)
02/15/2025 20:37:49 Mitteleuropäische Normalzeit : Start : requestServiceChannel
02/15/2025 20:37:49 Mitteleuropäische Normalzeit : Stop : requestServiceChannel
02/15/2025 20:37:49 Mitteleuropäische Normalzeit: Information : 8 :{"id":7}
02/15/2025 20:37:49 Mitteleuropäische Normalzeit: Information : 7 :{"id":8,"method":"requestServiceChannel"}
02/15/2025 20:37:49 Mitteleuropäische Normalzeit: Information : 6 :Received request "8" for method "requestServiceChannel".
02/15/2025 20:37:49 Mitteleuropäische Normalzeit: Information : 9 :Invoking Microsoft.VisualStudio.Utilities.ServiceBroker.GlobalBrokeredServiceContainer+View.RequestServiceChannelAsync(ServiceMoniker, ServiceActivationOptions, CancellationToken)
02/15/2025 20:37:49 Mitteleuropäische Normalzeit : Transfer : Transfer, relatedActivityId=37fb6377-4fe0-4090-a14d-bf62fd942d76
02/15/2025 20:37:49 Mitteleuropäische Normalzeit : Start : requestServiceChannel
02/15/2025 20:37:49 Mitteleuropäische Normalzeit : Stop : requestServiceChannel
02/15/2025 20:37:49 Mitteleuropäische Normalzeit : Transfer : Transfer, relatedActivityId=abff281e-368e-45e7-94e5-286f5fd9ac6d
02/15/2025 20:37:49 Mitteleuropäische Normalzeit: Information : 8 :{"id":8}
02/15/2025 20:37:50 Mitteleuropäische Normalzeit: Information : 7 :{"id":9,"method":"requestServiceChannel"}
02/15/2025 20:37:50 Mitteleuropäische Normalzeit: Information : 6 :Received request "9" for method "requestServiceChannel".
02/15/2025 20:37:50 Mitteleuropäische Normalzeit: Information : 9 :Invoking Microsoft.VisualStudio.Utilities.ServiceBroker.GlobalBrokeredServiceContainer+View.RequestServiceChannelAsync(ServiceMoniker, ServiceActivationOptions, CancellationToken)
02/15/2025 20:37:50 Mitteleuropäische Normalzeit : Start : requestServiceChannel
02/15/2025 20:37:50 Mitteleuropäische Normalzeit : Stop : requestServiceChannel
02/15/2025 20:37:50 Mitteleuropäische Normalzeit: Information : 8 :{"id":9}
02/15/2025 20:37:50 Mitteleuropäische Normalzeit: Information : 7 :{"id":10,"method":"requestServiceChannel"}
02/15/2025 20:37:50 Mitteleuropäische Normalzeit: Information : 6 :Received request "10" for method "requestServiceChannel".
02/15/2025 20:37:50 Mitteleuropäische Normalzeit: Information : 9 :Invoking Microsoft.VisualStudio.Utilities.ServiceBroker.GlobalBrokeredServiceContainer+View.RequestServiceChannelAsync(ServiceMoniker, ServiceActivationOptions, CancellationToken)
02/15/2025 20:37:50 Mitteleuropäische Normalzeit : Start : requestServiceChannel
02/15/2025 20:37:50 Mitteleuropäische Normalzeit: Information : 7 :{"id":11,"method":"requestServiceChannel"}
02/15/2025 20:37:50 Mitteleuropäische Normalzeit: Information : 6 :Received request "11" for method "requestServiceChannel".
02/15/2025 20:37:50 Mitteleuropäische Normalzeit: Information : 9 :Invoking Microsoft.VisualStudio.Utilities.ServiceBroker.GlobalBrokeredServiceContainer+View.RequestServiceChannelAsync(ServiceMoniker, ServiceActivationOptions, CancellationToken)
02/15/2025 20:37:50 Mitteleuropäische Normalzeit : Start : requestServiceChannel
02/15/2025 20:37:50 Mitteleuropäische Normalzeit : Stop : requestServiceChannel
02/15/2025 20:37:50 Mitteleuropäische Normalzeit: Information : 8 :{"id":11}
02/15/2025 20:37:50 Mitteleuropäische Normalzeit : Stop : requestServiceChannel
02/15/2025 20:37:50 Mitteleuropäische Normalzeit: Information : 8 :{"id":10}
02/15/2025 20:37:51 Mitteleuropäische Normalzeit: Information : 7 :{"id":12,"method":"requestServiceChannel"}
02/15/2025 20:37:51 Mitteleuropäische Normalzeit: Information : 6 :Received request "12" for method "requestServiceChannel".
02/15/2025 20:37:51 Mitteleuropäische Normalzeit: Information : 9 :Invoking Microsoft.VisualStudio.Utilities.ServiceBroker.GlobalBrokeredServiceContainer+View.RequestServiceChannelAsync(ServiceMoniker, ServiceActivationOptions, CancellationToken)
02/15/2025 20:37:51 Mitteleuropäische Normalzeit : Start : requestServiceChannel
02/15/2025 20:37:51 Mitteleuropäische Normalzeit : Stop : requestServiceChannel
02/15/2025 20:37:51 Mitteleuropäische Normalzeit: Information : 8 :{"id":12}
02/15/2025 20:37:52 Mitteleuropäische Normalzeit: Information : 7 :{"id":13,"method":"requestServiceChannel"}
02/15/2025 20:37:52 Mitteleuropäische Normalzeit: Information : 6 :Received request "13" for method "requestServiceChannel".
02/15/2025 20:37:52 Mitteleuropäische Normalzeit: Information : 9 :Invoking Microsoft.VisualStudio.Utilities.ServiceBroker.GlobalBrokeredServiceContainer+View.RequestServiceChannelAsync(ServiceMoniker, ServiceActivationOptions, CancellationToken)
02/15/2025 20:37:52 Mitteleuropäische Normalzeit : Start : requestServiceChannel
02/15/2025 20:37:52 Mitteleuropäische Normalzeit : Stop : requestServiceChannel
02/15/2025 20:37:52 Mitteleuropäische Normalzeit: Information : 8 :{"id":13}
