02/11/2025 09:29:34 Mitteleuropäische Normalzeit : Information : Local timezone is (UTC+01:00) Mitteleuropäische Zeit (Wien)
02/11/2025 09:29:35 Mitteleuropäische Normalzeit : Information : VsHubClient-hubController write: Content-Length: 109

{"jsonrpc":"2.0","id":2,"method":"UpdateClientInfoAsync","params":[{"clientName":"VsHubClient","pid":57845}]}
02/11/2025 09:29:35 Mitteleuropäische Normalzeit : Information : VsHubClient-hubController read: Content-Length: 443

{"jsonrpc":"2.0","id":2,"result":{"ClientWatchServerName":"net.pipe://57860152D9","ControllerConfig":{"Executable":"/Users/MacBook/.vscode/extensions/ms-dotnettools.csdevkit-1.16.6-darwin-arm64/components/vs-green-server/platforms/darwin-arm64/node_modules/@microsoft/servicehub-controller-net60.darwin-arm64/Microsoft.ServiceHub.Controller","Args":["0d0bd04449"],"PipeName":"0d0bd04449"},"HostsConfig":{"RootDir":".","AppConfigFallback":""}}}
02/11/2025 09:29:35 Mitteleuropäische Normalzeit : Information : Connected to Hub Controller's client watch 'net.pipe://57860152D9
02/11/2025 09:29:36 Mitteleuropäische Normalzeit : Information : VsHubClient-hubController write: Content-Length: 109

{"jsonrpc":"2.0","id":2,"method":"UpdateClientInfoAsync","params":[{"clientName":"VsHubClient","pid":57845}]}
02/11/2025 09:29:36 Mitteleuropäische Normalzeit : Information : VsHubClient-hubController read: Content-Length: 443

{"jsonrpc":"2.0","id":2,"result":{"ClientWatchServerName":"net.pipe://57860152D9","ControllerConfig":{"Executable":"/Users/MacBook/.vscode/extensions/ms-dotnettools.csdevkit-1.16.6-darwin-arm64/components/vs-green-server/platforms/darwin-arm64/node_modules/@microsoft/servicehub-controller-net60.darwin-arm64/Microsoft.ServiceHub.Controller","Args":["0d0bd04449"],"PipeName":"0d0bd04449"},"HostsConfig":{"RootDir":".","AppConfigFallback":""}}}
02/11/2025 09:29:36 Mitteleuropäische Normalzeit : Information : VsHubClient-hubController write: Content-Length: 16418


02/11/2025 09:29:36 Mitteleuropäische Normalzeit : Information : VsHubClient-hubController write: {"jsonrpc":"2.0","id":3,"method":"RegisterServicesAsync","params":[{"Microsoft.VisualStudio.CpsProjectIconSourceService":{"host":"dotnet.projectSystem","hostId":"C94B8CFE-E3FD-4BAF-A941-2866DBB566FE","serviceBaseDirectory":"/Users/MacBook/.vscode/extensions/ms-dotnettools.csdevkit-1.16.6-darwin-arm64/components/CPS/platforms/darwin-arm64/node_modules/@microsoft/visualstudio-projectsystem-server.darwin-arm64","entryPoint":{"assemblyPath":"/Users/MacBook/.vscode/extensions/ms-dotnettools.csdevkit-1.16.6-darwin-arm64/components/CPS/platforms/darwin-arm64/node_modules/@microsoft/visualstudio-projectsystem-server.darwin-arm64/Microsoft.VisualStudio.ProjectSystem.Server.Implementation.dll","fullClassName":"Microsoft.VisualStudio.ProjectSystem.Server.ProjectIconSourceServiceFactory"}},"Microsoft.VisualStudio.LaunchConfigurationService":{"host":"dotnet.projectSystem","hostId":"C94B8CFE-E3FD-4BAF-A941-2866DBB566FE","serviceBaseDirectory":"/Users/MacBook/.vscode/extensions/ms-dotnettools.csdevkit-1.16.6-darwin-arm64/components/CPS/platforms/darwin-arm64/node_modules/@microsoft/visualstudio-projectsystem-server.darwin-arm64","entryPoint":{"assemblyPath":"/Users/MacBook/.vscode/extensions/ms-dotnettools.csdevkit-1.16.6-darwin-arm64/components/CPS/platforms/darwin-arm64/node_modules/@microsoft/visualstudio-projectsystem-server.darwin-arm64/Microsoft.VisualStudio.ProjectSystem.Server.Implementation.dll","fullClassName":"Microsoft.VisualStudio.ProjectSystem.Server.LaunchConfigurationServiceFactory"}},"Microsoft.VisualStudio.ProjectSystem.CompositionService":{"host":"dotnet.projectSystem","hostId":"C94B8CFE-E3FD-4BAF-A941-2866DBB566FE","serviceBaseDirectory":"/Users/MacBook/.vscode/extensions/ms-dotnettools.csdevkit-1.16.6-darwin-arm64/components/CPS/platforms/darwin-arm64/node_modules/@microsoft/visualstudio-projectsystem-server.darwin-arm64","entryPoint":{"assemblyPath":"/Users/MacBook/.vscode/extensions/ms-dotnettools.csdevkit-1.16.6-darwin-arm64/components/CPS/platforms/darwin-arm64/node_modules/@microsoft/visualstudio-projectsystem-server.darwin-arm64/Microsoft.VisualStudio.ProjectSystem.Server.Implementation.dll","fullClassName":"Microsoft.VisualStudio.ProjectSystem.Server.CompositionServiceFactory"}},"Microsoft.VisualStudio.ProjectSystem.ProjectInitializationStatusService":{"host":"dotnet.projectSystem","hostId":"C94B8CFE-E3FD-4BAF-A941-2866DBB566FE","serviceBaseDirectory":"/Users/MacBook/.vscode/extensions/ms-dotnettools.csdevkit-1.16.6-darwin-arm64/components/CPS/platforms/darwin-arm64/node_modules/@microsoft/visualstudio-projectsystem-server.darwin-arm64","entryPoint":{"assemblyPath":"/Users/MacBook/.vscode/extensions/ms-dotnettools.csdevkit-1.16.6-darwin-arm64/components/CPS/platforms/darwin-arm64/node_modules/@microsoft/visualstudio-projectsystem-server.darwin-arm64/Microsoft.VisualStudio.ProjectSystem.Server.Implementation.dll","fullClassName":"Microsoft.VisualStudio.ProjectSystem.Server.ProjectInitializationStatusServiceFactory"}},"Microsoft.VisualStudio.ProjectSystem.ProjectTreeProvider":{"host":"dotnet.projectSystem","hostId":"C94B8CFE-E3FD-4BAF-A941-2866DBB566FE","serviceBaseDirectory":"/Users/MacBook/.vscode/extensions/ms-dotnettools.csdevkit-1.16.6-darwin-arm64/components/CPS/platforms/darwin-arm64/node_modules/@microsoft/visualstudio-projectsystem-server.darwin-arm64","entryPoint":{"assemblyPath":"/Users/MacBook/.vscode/extensions/ms-dotnettools.csdevkit-1.16.6-darwin-arm64/components/CPS/platforms/darwin-arm64/node_modules/@microsoft/visualstudio-projectsystem-server.darwin-arm64/Microsoft.VisualStudio.ProjectSystem.Server.Implementation.dll","fullClassName":"Microsoft.VisualStudio.ProjectSystem.Server.ProjectTreeProviderFactory"}},"Microsoft.VisualStudio.ProjectSystem.Query.Remoting.QueryExecutionService":{"host":"dotnet.projectSystem","hostId":"C94B8CFE-E3FD-4BAF-A941-2866DBB566FE","serviceBaseDirectory":"/Users/MacBook/.vscode/extensions/ms-dotnettools.csdevkit-1.16.6-darwin-arm64/components/CPS/platforms/darwin-arm64/node_modules/@microsoft/visualstudio-projectsystem-server.darwin-arm64","entryPoint":{"assemblyPath":"/Users/MacBook/.vscode/extensions/ms-dotnettools.csdevkit-1.16.6-darwin-arm64/components/CPS/platforms/darwin-arm64/node_modules/@microsoft/visualstudio-projectsystem-server.darwin-arm64/Microsoft.VisualStudio.ProjectSystem.Server.Implementation.dll","fullClassName":"Microsoft.VisualStudio.ProjectSystem.Server.QueryExecutionServiceFactory"}},"Microsoft.VisualStudio.Debugger.AspireSessionSynchronizeService":{"host":"dotnet","hostId":"C94B8CFE-E3FD-4BAF-A941-2866DBB566FE","serviceBaseDirectory":"/Users/MacBook/.vscode/extensions/ms-dotnettools.csdevkit-1.16.6-darwin-arm64/components/VSDebugCore/platforms/darwin-arm64/node_modules/@microsoft/visualstudio-debugger-devkit.darwin-arm64","entryPoint":{"assemblyPath":"/Users/MacBook/.vscode/extensions/ms-dotnettools.csdevkit-1.16.6-darwin-arm64/components/VSDebugCore/platforms/darwin-arm64/node_modules/@microsoft/visualstudio-debugger-devkit.darwin-arm64/Microsoft.VisualStudio.Debugger.DevKit.dll","fullClassName":"Microsoft.VisualStudio.Debugger.AspireSessionSynchronizeService+Factory"}},"Microsoft.VisualStudio.Debugger.GenericHotReloadAgentManagerService":{"host":"dotnet","hostId":"C94B8CFE-E3FD-4BAF-A941-2866DBB566FE","serviceBaseDirectory":"/Users/MacBook/.vscode/extensions/ms-dotnettools.csdevkit-1.16.6-darwin-arm64/components/VSDebugCore/platforms/darwin-arm64/node_modules/@microsoft/visualstudio-debugger-devkit.darwin-arm64","entryPoint":{"assemblyPath":"/Users/MacBook/.vscode/extensions/ms-dotnettools.csdevkit-1.16.6-darwin-arm64/components/VSDebugCore/platforms/darwin-arm64/node_modules/@microsoft/visualstudio-debugger-devkit.darwin-arm64/Microsoft.VisualStudio.Debugger.DevKit.dll","fullClassName":"Microsoft.VisualStudio.Debugger.GenericHotReloadAgentManagerService+Factory"}},"Microsoft.VisualStudio.Debugger.HotReloadClientService":{"host":"dotnet","hostId":"C94B8CFE-E3FD-4BAF-A941-2866DBB566FE","serviceBaseDirectory":"/Users/MacBook/.vscode/extensions/ms-dotnettools.csdevkit-1.16.6-darwin-arm64/components/VSDebugCore/platforms/darwin-arm64/node_modules/@microsoft/visualstudio-debugger-devkit.darwin-arm64","entryPoint":{"assemblyPath":"/Users/MacBook/.vscode/extensions/ms-dotnettools.csdevkit-1.16.6-darwin-arm64/components/VSDebugCore/platforms/darwin-arm64/node_modules/@microsoft/visualstudio-debugger-devkit.darwin-arm64/Microsoft.VisualStudio.Debugger.DevKit.dll","fullClassName":"Microsoft.VisualStudio.Debugger.HotReloadClientService+Factory"}},"Microsoft.VisualStudio.Debugger.HotReloadSessionNotificationService":{"host":"dotnet","hostId":"C94B8CFE-E3FD-4BAF-A941-2866DBB566FE","serviceBaseDirectory":"/Users/MacBook/.vscode/extensions/ms-dotnettools.csdevkit-1.16.6-darwin-arm64/components/VSDebugCore/platforms/darwin-arm64/node_modules/@microsoft/visualstudio-debugger-devkit.darwin-arm64","entryPoint":{"assemblyPath":"/Users/MacBook/.vscode/extensions/ms-dotnettools.csdevkit-1.16.6-darwin-arm64/components/VSDebugCore/platforms/darwin-arm64/node_modules/@microsoft/visualstudio-debugger-devkit.darwin-arm64/Microsoft.VisualStudio.Debugger.DevKit.dll","fullClassName":"Microsoft.VisualStudio.Debugger.HotReloadSessionNotificationService+Factory"}},"Microsoft.VisualStudio.Debugger.ManagedEditAndContinueCsDevKitEngineService2":{"host":"dotnet","hostId":"C94B8CFE-E3FD-4BAF-A941-2866DBB566FE","serviceBaseDirectory":"/Users/MacBook/.vscode/extensions/ms-dotnettools.csdevkit-1.16.6-darwin-arm64/components/VSDebugCore/platforms/darwin-arm64/node_modules/@microsoft/visualstudio-debugger-devkit.darwin-arm64","entryPoint":{"assemblyPath":"/Users/MacBook/.vscode/extensions/ms-dotnettools.csdevkit-1.16.6-darwin-arm64/components/VSDebugCore/platforms/darwin-arm64/node_modules/@microsoft/visualstudio-debugger-devkit.darwin-arm64/Microsoft.VisualStudio.Debugger.DevKit.dll","fullClassName":"Microsoft.VisualStudio.Debugger.ManagedEditAndContinueCsDevKitEngineService+Factory"}},"Microsoft.VisualStudio.Debugger.ManagedEditAndContinueRemoteDebuggerService2":{"host":"dotnet","hostId":"C94B8CFE-E3FD-4BAF-A941-2866DBB566FE","serviceBaseDirectory":"/Users/MacBook/.vscode/extensions/ms-dotnettools.csdevkit-1.16.6-darwin-arm64/components/VSDebugCore/platforms/darwin-arm64/node_modules/@microsoft/visualstudio-debugger-devkit.darwin-arm64","entryPoint":{"assemblyPath":"/Users/MacBook/.vscode/extensions/ms-dotnettools.csdevkit-1.16.6-darwin-arm64/components/VSDebugCore/platforms/darwin-arm64/node_modules/@microsoft/visualstudio-debugger-devkit.darwin-arm64/Microsoft.VisualStudio.Debugger.DevKit.dll","fullClassName":"Microsoft.VisualStudio.Debugger.ManagedEditAndContinueRemoteDebuggerService+Factory"}},"Microsoft.VisualStudio.Debugger.ManagedHotReloadAgentManagerService":{"host":"dotnet","hostId":"C94B8CFE-E3FD-4BAF-A941-2866DBB566FE","serviceBaseDirectory":"/Users/MacBook/.vscode/extensions/ms-dotnettools.csdevkit-1.16.6-darwin-arm64/components/VSDebugCore/platforms/darwin-arm64/node_modules/@microsoft/visualstudio-debugger-devkit.darwin-arm64","entryPoint":{"assemblyPath":"/Users/MacBook/.vscode/extensions/ms-dotnettools.csdevkit-1.16.6-darwin-arm64/components/VSDebugCore/platforms/darwin-arm64/node_modules/@microsoft/visualstudio-debugger-devkit.darwin-arm64/Microsoft.VisualStudio.Debugger.DevKit.dll","fullClassName":"Microsoft.VisualStudio.Debugger.ManagedHotReloadAgentManagerService+Factory"}},"Microsoft.VisualStudio.Debugger.ManagedHotReloadService":{"host":"dotnet","hostId":"C94B8CFE-E3FD-4BAF-A941-2866DBB566FE","serviceBaseDirectory":"/Users/MacBook/.vscode/extensions/ms-dotnettools.csdevkit-1.16.6-darwin-arm64/components/VSDebugCore/platforms/darwin-arm64/node_modules/@microsoft/visualstudio-debugger-devkit.darwin-arm64","entryPoint":{"assemblyPath":"/Users/MacBook/.vscode/extensions/ms-dotnettools.csdevkit-1.16.6-darwin-arm64/components/VSDebugCore/platforms/darwin-arm64/node_modules/@microsoft/visualstudio-debugger-devkit.darwin-arm64/Microsoft.VisualStudio.Debugger.DevKit.dll","fullClassName":"Microsoft.VisualStudio.Debugger.ManagedHotReloadService+Factory"}},"Microsoft.VisualStudio.Debugger.SourceLinkService":{"host":"dotnet","hostId":"C94B8CFE-E3FD-4BAF-A941-2866DBB566FE","serviceBaseDirectory":"/Users/MacBook/.vscode/extensions/ms-dotnettools.csdevkit-1.16.6-darwin-arm64/components/VSDebugCore/platforms/darwin-arm64/node_modules/@microsoft/visualstudio-debugger-devkit.darwin-arm64","entryPoint":{"assemblyPath":"/Users/MacBook/.vscode/extensions/ms-dotnettools.csdevkit-1.16.6-darwin-arm64/components/VSDebugCore/platforms/darwin-arm64/node_modules/@microsoft/visualstudio-debugger-devkit.darwin-arm64/Microsoft.VisualStudio.Debugger.DevKit.dll","fullClassName":"Microsoft.VisualStudio.Debugger.SourceLinkService+Factory"}},"Microsoft.VisualStudio.Debugger.SymbolLocatorService":{"host":"dotnet","hostId":"C94B8CFE-E3FD-4BAF-A941-2866DBB566FE","serviceBaseDirectory":"/Users/MacBook/.vscode/extensions/ms-dotnettools.csdevkit-1.16.6-darwin-arm64/components/VSDebugCore/platforms/darwin-arm64/node_modules/@microsoft/visualstudio-debugger-devkit.darwin-arm64","entryPoint":{"assemblyPath":"/Users/MacBook/.vscode/extensions/ms-dotnettools.csdevkit-1.16.6-darwin-arm64/components/VSDebugCore/platforms/darwin-arm64/node_modules/@microsoft/visualstudio-debugger-devkit.darwin-arm64/Microsoft.VisualStudio.Debugger.DevKit.dll","fullClassName":"Microsoft.VisualStudio.Debugger.BrokeredServices.SymbolLocator.SymbolLocatorService+Factory"}},"Microsoft.VisualStudio.TestWindow.VSCode.ProjectSystemProvider.Service":{"host":"dotnet","hostId":"C94B8CFE-E3FD-4BAF-A941-2866DBB566FE","serviceBaseDirectory":"/Users/MacBook/.vscode/extensions/ms-dotnettools.csdevkit-1.16.6-darwin-arm64/components/VSUnitTesting/platforms/darwin-arm64/node_modules/@microsoft/visualstudio-testwindow-vscode-service.darwin-arm64","entryPoint":{"assemblyPath":"/Users/MacBook/.vscode/extensions/ms-dotnettools.csdevkit-1.16.6-darwin-arm64/components/VSUnitTesting/platforms/darwin-arm64/node_modules/@microsoft/visualstudio-testwindow-vscode-service.darwin-arm64/Microsoft.VisualStudio.TestWindow.VSCode.Service.dll","fullClassName":"Microsoft.VisualStudio.TestWindow.VSCode.ProjectSystemProvider.Service.ProjectSystemProviderServiceFactory"}},"Microsoft.VisualStudio.TestWindow.VSCode.Service":{"host":"dotnet","hostId":"C94B8CFE-E3FD-4BAF-A941-2866DBB566FE","serviceBaseDirectory":"/Users/MacBook/.vscode/extensions/ms-dotnettools.csdevkit-1.16.6-darwin-arm64/components/VSUnitTesting/platforms/darwin-arm64/node_modules/@microsoft/visualstudio-testwindow-vscode-service.darwin-arm64","entryPoint":{"assemblyPath":"/Users/MacBook/.vscode/extensions/ms-dotnettools.csdevkit-1.16.6-darwin-arm64/components/VSUnitTesting/platforms/darwin-arm64/node_modules/@microsoft/visualstudio-testwindow-vscode-service.darwin-arm64/Microsoft.VisualStudio.TestWindow.VSCode.Service.dll","fullClassName":"Microsoft.VisualStudio.TestWindow.VSCode.Service.TestWindowVSCodeServiceFactory"}},"Microsoft.VisualStudio.AspireServer":{"host":"dotnet.aspireServer","hostId":"C94B8CFE-E3FD-4BAF-A941-2866DBB566FE","serviceBaseDirectory":"/Users/MacBook/.vscode/extensions/ms-dotnettools.csdevkit-1.16.6-darwin-arm64/components/WebTools/node_modules/@microsoft/vscode.webtools/Services","entryPoint":{"assemblyPath":"/Users/MacBook/.vscode/extensions/ms-dotnettools.csdevkit-1.16.6-darwin-arm64/components/WebTools/node_modules/@microsoft/vscode.webtools/Services/Microsoft.WebTools.AspireServer.dll","fullClassName":"Microsoft.WebTools.AspireServer.ServiceFactory"}},"Microsoft.VisualStudio.Debugger.AspireService":{"host":"dotnet.projectSystem","hostId":"C94B8CFE-E3FD-4BAF-A941-2866DBB566FE","serviceBaseDirectory":"/Users/MacBook/.vscode/extensions/ms-dotnettools.csdevkit-1.16.6-darwin-arm64/components/WebTools/node_modules/@microsoft/vscode.webtools/Services","entryPoint":{"assemblyPath":"/Users/MacBook/.vscode/extensions/ms-dotnettools.csdevkit-1.16.6-darwin-arm64/components/WebTools/node_modules/@microsoft/vscode.webtools/Services/Microsoft.WebTools.Aspire.VSCode.Services.dll","fullClassName":"Microsoft.WebTools.Aspire.VSCode.Services.ServiceFactory"},"friendServices":["Microsoft.VisualStudio.ProjectSystem.CompositionService"]},"Microsoft.VisualStudio.ProjectSystem.DebugTargetFrameworkService":{"host":"dotnet.projectSystem","hostId":"C94B8CFE-E3FD-4BAF-A941-2866DBB566FE","serviceBaseDirectory":"/Users/MacBook/.vscode/extensions/ms-dotnettools.csdevkit-1.16.6-darwin-arm64/components/dotnet-project-system-vscode/node_modules/@microsoft/vscode.projectsystem.managed/Services","entryPoint":{"assemblyPath":"/Users/MacBook/.vscode/extensions/ms-dotnettools.csdevkit-1.16.6-darwin-arm64/components/dotnet-project-system-vscode/node_modules/@microsoft/vscode.projectsystem.managed/Services/Microsoft.ProjectSystem.Managed.VSCode.Services.dll","fullClassName":"Microsoft.VisualStudio.ProjectSystem.Services.DebugTargetFrameworkServiceFactory"},"friendServices":["Microsoft.VisualStudio.ProjectSystem.CompositionService"]},"Microsoft.VisualStudio.ProjectQueryTestService":{"host":"dotnet","hostId":"C94B8CFE-E3FD-4BAF-A941-2866DBB566FE","serviceBaseDirectory":"/Users/MacBook/.vscode/extensions/ms-dotnettools.csdevkit-1.16.6-darwin-arm64/components/vs-green-server/platforms/darwin-arm64/node_modules/@microsoft/visualstudio-server-samples-sayhello.darwin-arm64","entryPoint":{"assemblyPath":"/Users/MacBook/.vscode/extensions/ms-dotnettools.csdevkit-1.16.6-darwin-arm64/components/vs-green-server/platforms/darwin-arm64/node_modules/@microsoft/visualstudio-server-samples-sayhello.darwin-arm64/Microsoft.VisualStudio.Samples.SayHello.dll","fullClassName":"Microsoft.VisualStudio.Samples.SayHello.ProjectQueryTestServiceFactory"}},"helloServiceHubDotNetHost":{"host":"dotnet","hostId":"C94B8CFE-E3FD-4BAF-A941-2866DBB566FE","serviceBaseDirectory":"/Users/MacBook/.vscode/extensions/ms-dotnettools.csdevkit-1.16.6-darwin-arm64/components/vs-green-server/platforms/darwin-arm64/node_modules/@microsoft/visualstudio-server-samples-sayhello.darwin-arm64","entryPoint":{"assemblyPath":"/Users/MacBook/.vscode/extensions/ms-dotnettools.csdevkit-1.16.6-darwin-arm64/components/vs-green-server/platforms/darwin-arm64/node_modules/@microsoft/visualstudio-server-samples-sayhello.darwin-arm64/Microsoft.VisualStudio.Samples.SayHello.dll","fullClassName":"Microsoft.VisualStudio.Samples.SayHello.HelloWorldFactory"}}}]}
02/11/2025 09:29:36 Mitteleuropäische Normalzeit : Information : VsHubClient-hubController read: Content-Length: 38

{"jsonrpc":"2.0","id":3,"result":null}
02/11/2025 09:29:36 Mitteleuropäische Normalzeit : Information : VsHubClient-hubController write: Content-Length: 350

{"jsonrpc":"2.0","id":3,"method":"requestServiceChannel","params":[{"Name":"Microsoft.VisualStudio.ProjectSystem.ProjectTreeProvider","Version":"0.1"},{"ActivationArguments":{"__servicehub__ServiceHubRemoteServiceBrokerPipeName":"/Users/MacBook/.ServiceHub/0d0bd04449/4600a0020f"},"ClientCredentials":{},"ClientCulture":"de","ClientUICulture":"de"}]}
02/11/2025 09:29:36 Mitteleuropäische Normalzeit : Information : VsHubClient-hubController write: Content-Length: 342

{"jsonrpc":"2.0","id":4,"method":"requestServiceChannel","params":[{"Name":"Microsoft.VisualStudio.TestWindow.VSCode.Service","Version":"0.1"},{"ActivationArguments":{"__servicehub__ServiceHubRemoteServiceBrokerPipeName":"/Users/MacBook/.ServiceHub/0d0bd04449/3bce178918"},"ClientCredentials":{},"ClientCulture":"de","ClientUICulture":"de"}]}
02/11/2025 09:29:36 Mitteleuropäische Normalzeit : Information : VsHubClient-hubController write: Content-Length: 327

{"jsonrpc":"2.0","id":5,"method":"requestServiceChannel","params":[{"Name":"Microsoft.VisualStudio.LaunchConfigurationService"},{"ActivationArguments":{"__servicehub__ServiceHubRemoteServiceBrokerPipeName":"/Users/MacBook/.ServiceHub/0d0bd04449/d02d7d7834"},"ClientCredentials":{},"ClientCulture":"de","ClientUICulture":"de"}]}
02/11/2025 09:29:36 Mitteleuropäische Normalzeit : Information : VsHubClient-hubController write: Content-Length: 367

{"jsonrpc":"2.0","id":6,"method":"requestServiceChannel","params":[{"Name":"Microsoft.VisualStudio.Debugger.HotReloadSessionNotificationService","Version":"0.1"},{"ActivationArguments":{"__servicehub__ServiceHubRemoteServiceBrokerPipeName":"/Users/MacBook/.ServiceHub/0d0bd04449/d1fbe108af"},"ClientCredentials":{},"ClientCulture":"de-AT","ClientUICulture":"en-US"}]}
02/11/2025 09:29:36 Mitteleuropäische Normalzeit : Information : VsHubClient-hubController write: Content-Length: 365

{"jsonrpc":"2.0","id":7,"method":"requestServiceChannel","params":[{"Name":"Microsoft.VisualStudio.ProjectSystem.ProjectInitializationStatusService","Version":"0.1"},{"ActivationArguments":{"__servicehub__ServiceHubRemoteServiceBrokerPipeName":"/Users/MacBook/.ServiceHub/0d0bd04449/433e86b2b7"},"ClientCredentials":{},"ClientCulture":"de","ClientUICulture":"de"}]}
02/11/2025 09:29:37 Mitteleuropäische Normalzeit : Information : VsHubClient-hubController write: Content-Length: 367

{"jsonrpc":"2.0","id":8,"method":"requestServiceChannel","params":[{"Name":"Microsoft.VisualStudio.ProjectSystem.Query.Remoting.QueryExecutionService","Version":"0.3"},{"ActivationArguments":{"__servicehub__ServiceHubRemoteServiceBrokerPipeName":"/Users/MacBook/.ServiceHub/0d0bd04449/ba868d2361"},"ClientCredentials":{},"ClientCulture":"de","ClientUICulture":"de"}]}
02/11/2025 09:29:37 Mitteleuropäische Normalzeit : Information : VsHubClient-hubController read: Content-Length: 164

{"jsonrpc":"2.0","id":6,"result":{"RequestId":"47a1a860-b33e-4817-bfb6-32849bd9c1e2","PipeName":"/Users/MacBook/.ServiceHub/0d0bd04449/5f8b3916b0","IsEmpty":false}}Content-Length: 164

{"jsonrpc":"2.0","id":4,"result":{"RequestId":"37428641-0127-43af-8ba6-46ca33d5edce","PipeName":"/Users/MacBook/.ServiceHub/0d0bd04449/2e3a5f431b","IsEmpty":false}}
02/11/2025 09:29:37 Mitteleuropäische Normalzeit : Information : Disposing ServiceBroker server '/Users/MacBook/.ServiceHub/0d0bd04449/3bce178918'.
02/11/2025 09:29:37 Mitteleuropäische Normalzeit : Information : Disposing ServiceBroker server '/Users/MacBook/.ServiceHub/0d0bd04449/d1fbe108af'.
02/11/2025 09:29:38 Mitteleuropäische Normalzeit : Information : Microsoft.VisualStudio.TestWindow.VSCode.Service-RemoteServiceBrokerServer read: Content-Length: 194

{"jsonrpc":"2.0","id":2,"method":"handshake","params":[{"supportedConnections":"IpcPipe","localServiceHost":{"operatingSystem":2,"processArchitecture":3,"runtime":2,"runtimeVersion":"8.0.11"}}]}
02/11/2025 09:29:38 Mitteleuropäische Normalzeit : Information : Microsoft.VisualStudio.Debugger.HotReloadSessionNotificationService-RemoteServiceBrokerServer read: Content-Length: 194

{"jsonrpc":"2.0","id":2,"method":"handshake","params":[{"supportedConnections":"IpcPipe","localServiceHost":{"operatingSystem":2,"processArchitecture":3,"runtime":2,"runtimeVersion":"8.0.11"}}]}
02/11/2025 09:29:38 Mitteleuropäische Normalzeit : Information : Microsoft.VisualStudio.TestWindow.VSCode.Service-RemoteServiceBrokerServer write: Content-Length: 38

{"jsonrpc":"2.0","id":2,"result":null}
02/11/2025 09:29:38 Mitteleuropäische Normalzeit : Information : Microsoft.VisualStudio.Debugger.HotReloadSessionNotificationService-RemoteServiceBrokerServer write: Content-Length: 38

{"jsonrpc":"2.0","id":2,"result":null}
02/11/2025 09:29:38 Mitteleuropäische Normalzeit : Information : Microsoft.VisualStudio.Debugger.HotReloadSessionNotificationService-RemoteServiceBrokerServer read: Content-Length: 183

{"jsonrpc":"2.0","id":3,"method":"requestServiceChannel","params":[{"name":"Microsoft.ServiceHub.Framework.AuthorizationService"},{"clientCulture":"de-AT","clientUICulture":"en-US"}]}
02/11/2025 09:29:38 Mitteleuropäische Normalzeit : Information : Microsoft.VisualStudio.TestWindow.VSCode.Service-RemoteServiceBrokerServer read: Content-Length: 177

{"jsonrpc":"2.0","id":3,"method":"requestServiceChannel","params":[{"name":"Microsoft.ServiceHub.Framework.AuthorizationService"},{"clientCulture":"de","clientUICulture":"de"}]}
02/11/2025 09:29:38 Mitteleuropäische Normalzeit : Information : Microsoft.VisualStudio.TestWindow.VSCode.Service-RemoteServiceBrokerServer write: Content-Length: 181

{"jsonrpc":"2.0","id":3,"result":{"requestId":"c4f9eead-1cc0-4a9f-a6b5-7a6fdb585e24","pipeName":"/var/folders/3l/2l1z4wws21v3mv848wtg85jc0000gn/T/e28c6701252945458b8e564d2af2f5e7"}}
02/11/2025 09:29:38 Mitteleuropäische Normalzeit : Information : Microsoft.VisualStudio.Debugger.HotReloadSessionNotificationService-RemoteServiceBrokerServer write: Content-Length: 181

{"jsonrpc":"2.0","id":3,"result":{"requestId":"c04df645-b1b7-4c06-b48e-e2052b265af2","pipeName":"/var/folders/3l/2l1z4wws21v3mv848wtg85jc0000gn/T/9c09424973e441daa20ce8e068a5fd1c"}}
02/11/2025 09:29:38 Mitteleuropäische Normalzeit : Information : VsHubClient-hubController read: Content-Length: 164

{"jsonrpc":"2.0","id":7,"result":{"RequestId":"8a7fa3bc-262e-4626-a7b0-16f78182ebb1","PipeName":"/Users/MacBook/.ServiceHub/0d0bd04449/f5ad9bb3a8","IsEmpty":false}}
02/11/2025 09:29:38 Mitteleuropäische Normalzeit : Information : VsHubClient-hubController read: Content-Length: 164

{"jsonrpc":"2.0","id":5,"result":{"RequestId":"4fb630fa-959d-481c-a886-db2226afd2fb","PipeName":"/Users/MacBook/.ServiceHub/0d0bd04449/d89806e111","IsEmpty":false}}Content-Length: 164

{"jsonrpc":"2.0","id":8,"result":{"RequestId":"2f9275c3-1ddc-47c3-9469-86816db08710","PipeName":"/Users/MacBook/.ServiceHub/0d0bd04449/8482fbec9f","IsEmpty":false}}Content-Length: 164

{"jsonrpc":"2.0","id":3,"result":{"RequestId":"ddceb2bc-8523-40c1-b0e1-db53af424864","PipeName":"/Users/MacBook/.ServiceHub/0d0bd04449/03e0b21aba","IsEmpty":false}}
02/11/2025 09:29:38 Mitteleuropäische Normalzeit : Information : Disposing ServiceBroker server '/Users/MacBook/.ServiceHub/0d0bd04449/ba868d2361'.
02/11/2025 09:29:38 Mitteleuropäische Normalzeit : Information : Disposing ServiceBroker server '/Users/MacBook/.ServiceHub/0d0bd04449/4600a0020f'.
02/11/2025 09:29:38 Mitteleuropäische Normalzeit : Information : Disposing ServiceBroker server '/Users/MacBook/.ServiceHub/0d0bd04449/433e86b2b7'.
02/11/2025 09:29:38 Mitteleuropäische Normalzeit : Information : Disposing ServiceBroker server '/Users/MacBook/.ServiceHub/0d0bd04449/d02d7d7834'.
02/11/2025 09:29:38 Mitteleuropäische Normalzeit : Information : VsHubClient-hubController write: Content-Length: 364

{"jsonrpc":"2.0","id":9,"method":"requestServiceChannel","params":[{"Name":"Microsoft.VisualStudio.TestWindow.VSCode.ProjectSystemProvider.Service","Version":"0.1"},{"ActivationArguments":{"__servicehub__ServiceHubRemoteServiceBrokerPipeName":"/Users/MacBook/.ServiceHub/0d0bd04449/b2cd8ab027"},"ClientCredentials":{},"ClientCulture":"de","ClientUICulture":"de"}]}
02/11/2025 09:29:38 Mitteleuropäische Normalzeit : Information : VsHubClient-hubController read: Content-Length: 164

{"jsonrpc":"2.0","id":9,"result":{"RequestId":"49a469b3-6c17-4681-a7f1-ed510006928e","PipeName":"/Users/MacBook/.ServiceHub/0d0bd04449/d0da81c9cd","IsEmpty":false}}
02/11/2025 09:29:38 Mitteleuropäische Normalzeit : Information : Disposing ServiceBroker server '/Users/MacBook/.ServiceHub/0d0bd04449/b2cd8ab027'.
02/11/2025 09:29:38 Mitteleuropäische Normalzeit : Information : Microsoft.VisualStudio.TestWindow.VSCode.ProjectSystemProvider.Service-RemoteServiceBrokerServer read: Content-Length: 194

{"jsonrpc":"2.0","id":2,"method":"handshake","params":[{"supportedConnections":"IpcPipe","localServiceHost":{"operatingSystem":2,"processArchitecture":3,"runtime":2,"runtimeVersion":"8.0.11"}}]}
02/11/2025 09:29:38 Mitteleuropäische Normalzeit : Information : Microsoft.VisualStudio.TestWindow.VSCode.ProjectSystemProvider.Service-RemoteServiceBrokerServer write: Content-Length: 38

{"jsonrpc":"2.0","id":2,"result":null}
02/11/2025 09:29:38 Mitteleuropäische Normalzeit : Information : Microsoft.VisualStudio.TestWindow.VSCode.ProjectSystemProvider.Service-RemoteServiceBrokerServer read: Content-Length: 177

{"jsonrpc":"2.0","id":3,"method":"requestServiceChannel","params":[{"name":"Microsoft.ServiceHub.Framework.AuthorizationService"},{"clientCulture":"de","clientUICulture":"de"}]}
02/11/2025 09:29:38 Mitteleuropäische Normalzeit : Information : Microsoft.VisualStudio.TestWindow.VSCode.ProjectSystemProvider.Service-RemoteServiceBrokerServer write: Content-Length: 181

{"jsonrpc":"2.0","id":3,"result":{"requestId":"ea813124-8dde-47c8-a6ef-d384610c9f99","pipeName":"/var/folders/3l/2l1z4wws21v3mv848wtg85jc0000gn/T/11fda879a02d41109d89b2a7a3c291ed"}}
02/11/2025 09:29:38 Mitteleuropäische Normalzeit : Information : Microsoft.VisualStudio.ProjectSystem.ProjectTreeProvider-RemoteServiceBrokerServer read: Content-Length: 193

{"jsonrpc":"2.0","id":2,"method":"handshake","params":[{"supportedConnections":"IpcPipe","localServiceHost":{"operatingSystem":2,"processArchitecture":3,"runtime":2,"runtimeVersion":"9.0.1"}}]}
02/11/2025 09:29:38 Mitteleuropäische Normalzeit : Information : Microsoft.VisualStudio.LaunchConfigurationService-RemoteServiceBrokerServer read: Content-Length: 193

{"jsonrpc":"2.0","id":2,"method":"handshake","params":[{"supportedConnections":"IpcPipe","localServiceHost":{"operatingSystem":2,"processArchitecture":3,"runtime":2,"runtimeVersion":"9.0.1"}}]}
02/11/2025 09:29:38 Mitteleuropäische Normalzeit : Information : Microsoft.VisualStudio.ProjectSystem.Query.Remoting.QueryExecutionService-RemoteServiceBrokerServer read: Content-Length: 193

{"jsonrpc":"2.0","id":2,"method":"handshake","params":[{"supportedConnections":"IpcPipe","localServiceHost":{"operatingSystem":2,"processArchitecture":3,"runtime":2,"runtimeVersion":"9.0.1"}}]}
02/11/2025 09:29:38 Mitteleuropäische Normalzeit : Information : Microsoft.VisualStudio.ProjectSystem.ProjectInitializationStatusService-RemoteServiceBrokerServer read: Content-Length: 193

{"jsonrpc":"2.0","id":2,"method":"handshake","params":[{"supportedConnections":"IpcPipe","localServiceHost":{"operatingSystem":2,"processArchitecture":3,"runtime":2,"runtimeVersion":"9.0.1"}}]}
02/11/2025 09:29:38 Mitteleuropäische Normalzeit : Information : Microsoft.VisualStudio.TestWindow.VSCode.ProjectSystemProvider.Service-RemoteServiceBrokerServer read: Content-Length: 287

{"jsonrpc":"2.0","id":4,"method":"requestServiceChannel","params":[{"name":"Microsoft.VisualStudio.ProjectSystem.Query.Remoting.QueryExecutionService","version":"0.3"},{"clientCulture":"de","clientUICulture":"de"}],"traceparent":"00-e9ab8feb60388d4fbe9cc5e46c36d87c-31869426ecc24048-00"}
02/11/2025 09:29:38 Mitteleuropäische Normalzeit : Information : Microsoft.VisualStudio.ProjectSystem.Query.Remoting.QueryExecutionService-RemoteServiceBrokerServer write: Content-Length: 38

{"jsonrpc":"2.0","id":2,"result":null}
02/11/2025 09:29:38 Mitteleuropäische Normalzeit : Information : Microsoft.VisualStudio.LaunchConfigurationService-RemoteServiceBrokerServer write: Content-Length: 38

{"jsonrpc":"2.0","id":2,"result":null}
02/11/2025 09:29:38 Mitteleuropäische Normalzeit : Information : Microsoft.VisualStudio.ProjectSystem.ProjectInitializationStatusService-RemoteServiceBrokerServer write: Content-Length: 38

{"jsonrpc":"2.0","id":2,"result":null}
02/11/2025 09:29:38 Mitteleuropäische Normalzeit : Information : Microsoft.VisualStudio.ProjectSystem.ProjectTreeProvider-RemoteServiceBrokerServer write: Content-Length: 38

{"jsonrpc":"2.0","id":2,"result":null}
02/11/2025 09:29:38 Mitteleuropäische Normalzeit : Information : VsHubClient-hubController write: Content-Length: 368

{"jsonrpc":"2.0","id":10,"method":"requestServiceChannel","params":[{"Name":"Microsoft.VisualStudio.ProjectSystem.Query.Remoting.QueryExecutionService","Version":"0.3"},{"ActivationArguments":{"__servicehub__ServiceHubRemoteServiceBrokerPipeName":"/Users/MacBook/.ServiceHub/0d0bd04449/f939859848"},"ClientCredentials":{},"ClientCulture":"de","ClientUICulture":"de"}]}
02/11/2025 09:29:38 Mitteleuropäische Normalzeit : Information : VsHubClient-hubController read: Content-Length: 165

{"jsonrpc":"2.0","id":10,"result":{"RequestId":"b6947f49-e89f-4d08-b4b2-c554306d9300","PipeName":"/Users/MacBook/.ServiceHub/0d0bd04449/d25648b959","IsEmpty":false}}
02/11/2025 09:29:38 Mitteleuropäische Normalzeit : Information : Microsoft.VisualStudio.TestWindow.VSCode.ProjectSystemProvider.Service-RemoteServiceBrokerServer write: Content-Length: 148

{"jsonrpc":"2.0","id":4,"result":{"requestId":"b6947f49-e89f-4d08-b4b2-c554306d9300","pipeName":"/Users/MacBook/.ServiceHub/0d0bd04449/d25648b959"}}
02/11/2025 09:29:38 Mitteleuropäische Normalzeit : Information : Disposing ServiceBroker server '/Users/MacBook/.ServiceHub/0d0bd04449/f939859848'.
02/11/2025 09:29:38 Mitteleuropäische Normalzeit : Information : Microsoft.VisualStudio.ProjectSystem.Query.Remoting.QueryExecutionService-RemoteServiceBrokerServer read: Content-Length: 193

{"jsonrpc":"2.0","id":2,"method":"handshake","params":[{"supportedConnections":"IpcPipe","localServiceHost":{"operatingSystem":2,"processArchitecture":3,"runtime":2,"runtimeVersion":"9.0.1"}}]}
02/11/2025 09:29:38 Mitteleuropäische Normalzeit : Information : Microsoft.VisualStudio.ProjectSystem.Query.Remoting.QueryExecutionService-RemoteServiceBrokerServer write: Content-Length: 38

{"jsonrpc":"2.0","id":2,"result":null}
02/11/2025 09:29:38 Mitteleuropäische Normalzeit : Information : Microsoft.VisualStudio.ProjectSystem.ProjectTreeProvider-RemoteServiceBrokerServer read: Content-Length: 177

{"jsonrpc":"2.0","id":3,"method":"requestServiceChannel","params":[{"name":"Microsoft.ServiceHub.Framework.AuthorizationService"},{"clientCulture":"de","clientUICulture":"de"}]}
02/11/2025 09:29:38 Mitteleuropäische Normalzeit : Information : Microsoft.VisualStudio.ProjectSystem.Query.Remoting.QueryExecutionService-RemoteServiceBrokerServer read: Content-Length: 177

{"jsonrpc":"2.0","id":3,"method":"requestServiceChannel","params":[{"name":"Microsoft.ServiceHub.Framework.AuthorizationService"},{"clientCulture":"de","clientUICulture":"de"}]}
02/11/2025 09:29:38 Mitteleuropäische Normalzeit : Information : Microsoft.VisualStudio.ProjectSystem.Query.Remoting.QueryExecutionService-RemoteServiceBrokerServer read: Content-Length: 177

{"jsonrpc":"2.0","id":3,"method":"requestServiceChannel","params":[{"name":"Microsoft.ServiceHub.Framework.AuthorizationService"},{"clientCulture":"de","clientUICulture":"de"}]}
02/11/2025 09:29:38 Mitteleuropäische Normalzeit : Information : Microsoft.VisualStudio.LaunchConfigurationService-RemoteServiceBrokerServer read: Content-Length: 177

{"jsonrpc":"2.0","id":3,"method":"requestServiceChannel","params":[{"name":"Microsoft.ServiceHub.Framework.AuthorizationService"},{"clientCulture":"de","clientUICulture":"de"}]}
02/11/2025 09:29:38 Mitteleuropäische Normalzeit : Information : Microsoft.VisualStudio.ProjectSystem.ProjectInitializationStatusService-RemoteServiceBrokerServer read: Content-Length: 177

{"jsonrpc":"2.0","id":3,"method":"requestServiceChannel","params":[{"name":"Microsoft.ServiceHub.Framework.AuthorizationService"},{"clientCulture":"de","clientUICulture":"de"}]}
02/11/2025 09:29:38 Mitteleuropäische Normalzeit : Information : Microsoft.VisualStudio.ProjectSystem.ProjectInitializationStatusService-RemoteServiceBrokerServer write: Content-Length: 181

{"jsonrpc":"2.0","id":3,"result":{"requestId":"5850f16c-1943-4c91-aa52-1f764410be68","pipeName":"/var/folders/3l/2l1z4wws21v3mv848wtg85jc0000gn/T/a68c716fd7f7474698d679eded6fa1b5"}}
02/11/2025 09:29:38 Mitteleuropäische Normalzeit : Information : Microsoft.VisualStudio.ProjectSystem.Query.Remoting.QueryExecutionService-RemoteServiceBrokerServer write: Content-Length: 181

{"jsonrpc":"2.0","id":3,"result":{"requestId":"c243859f-f8ea-42eb-a073-935847d29e5b","pipeName":"/var/folders/3l/2l1z4wws21v3mv848wtg85jc0000gn/T/67d397c307cf4dcc8e7f100e3f8918c8"}}
02/11/2025 09:29:38 Mitteleuropäische Normalzeit : Information : Microsoft.VisualStudio.LaunchConfigurationService-RemoteServiceBrokerServer write: Content-Length: 181

{"jsonrpc":"2.0","id":3,"result":{"requestId":"426da42a-9cc3-4c64-b45d-566219ffd1d6","pipeName":"/var/folders/3l/2l1z4wws21v3mv848wtg85jc0000gn/T/24534e6ecc15409fa0485765c6285cec"}}
02/11/2025 09:29:38 Mitteleuropäische Normalzeit : Information : Microsoft.VisualStudio.ProjectSystem.ProjectTreeProvider-RemoteServiceBrokerServer write: Content-Length: 181

{"jsonrpc":"2.0","id":3,"result":{"requestId":"dec42019-7184-424d-8246-31a7c0651e3a","pipeName":"/var/folders/3l/2l1z4wws21v3mv848wtg85jc0000gn/T/18bc2bddc9cc41dab08206475ed6c0e0"}}
02/11/2025 09:29:38 Mitteleuropäische Normalzeit : Information : Microsoft.VisualStudio.ProjectSystem.Query.Remoting.QueryExecutionService-RemoteServiceBrokerServer write: Content-Length: 181

{"jsonrpc":"2.0","id":3,"result":{"requestId":"20ae08c0-6144-498e-bbfe-a3c2b7708c06","pipeName":"/var/folders/3l/2l1z4wws21v3mv848wtg85jc0000gn/T/16a4db91c33d4fc389d8dbf2cbf8eff2"}}
02/11/2025 09:29:38 Mitteleuropäische Normalzeit : Information : Microsoft.VisualStudio.LaunchConfigurationService-RemoteServiceBrokerServer read: Content-Length: 197

{"jsonrpc":"2.0","id":4,"method":"requestServiceChannel","params":[{"name":"Microsoft.VisualStudio.ProjectSystem.CompositionService","version":"0.1"},{"clientCulture":"de","clientUICulture":"de"}]}
02/11/2025 09:29:38 Mitteleuropäische Normalzeit : Information : VsHubClient-hubController write: Content-Length: 350

{"jsonrpc":"2.0","id":11,"method":"requestServiceChannel","params":[{"Name":"Microsoft.VisualStudio.ProjectSystem.CompositionService","Version":"0.1"},{"ActivationArguments":{"__servicehub__ServiceHubRemoteServiceBrokerPipeName":"/Users/MacBook/.ServiceHub/0d0bd04449/a049d196a7"},"ClientCredentials":{},"ClientCulture":"de","ClientUICulture":"de"}]}
02/11/2025 09:29:38 Mitteleuropäische Normalzeit : Information : VsHubClient-hubController read: Content-Length: 165

{"jsonrpc":"2.0","id":11,"result":{"RequestId":"c8df2f0b-25fd-4f5e-9ec8-aa0f7814d8d7","PipeName":"/Users/MacBook/.ServiceHub/0d0bd04449/1f9cd6b429","IsEmpty":false}}
02/11/2025 09:29:38 Mitteleuropäische Normalzeit : Information : Microsoft.VisualStudio.LaunchConfigurationService-RemoteServiceBrokerServer write: Content-Length: 148

{"jsonrpc":"2.0","id":4,"result":{"requestId":"c8df2f0b-25fd-4f5e-9ec8-aa0f7814d8d7","pipeName":"/Users/MacBook/.ServiceHub/0d0bd04449/1f9cd6b429"}}
02/11/2025 09:29:38 Mitteleuropäische Normalzeit : Information : Disposing ServiceBroker server '/Users/MacBook/.ServiceHub/0d0bd04449/a049d196a7'.
02/11/2025 09:29:38 Mitteleuropäische Normalzeit : Information : Microsoft.VisualStudio.ProjectSystem.CompositionService-RemoteServiceBrokerServer read: Content-Length: 193

{"jsonrpc":"2.0","id":2,"method":"handshake","params":[{"supportedConnections":"IpcPipe","localServiceHost":{"operatingSystem":2,"processArchitecture":3,"runtime":2,"runtimeVersion":"9.0.1"}}]}
02/11/2025 09:29:38 Mitteleuropäische Normalzeit : Information : Microsoft.VisualStudio.ProjectSystem.CompositionService-RemoteServiceBrokerServer write: Content-Length: 38

{"jsonrpc":"2.0","id":2,"result":null}
02/11/2025 09:29:38 Mitteleuropäische Normalzeit : Information : Microsoft.VisualStudio.ProjectSystem.CompositionService-RemoteServiceBrokerServer read: Content-Length: 177

{"jsonrpc":"2.0","id":3,"method":"requestServiceChannel","params":[{"name":"Microsoft.ServiceHub.Framework.AuthorizationService"},{"clientCulture":"de","clientUICulture":"de"}]}
02/11/2025 09:29:38 Mitteleuropäische Normalzeit : Information : Microsoft.VisualStudio.ProjectSystem.CompositionService-RemoteServiceBrokerServer write: Content-Length: 181

{"jsonrpc":"2.0","id":3,"result":{"requestId":"ec26f602-277f-479b-bfe7-cc2f3be0a7f7","pipeName":"/var/folders/3l/2l1z4wws21v3mv848wtg85jc0000gn/T/db98a193856349b08721569deb5c30f6"}}
02/11/2025 09:29:38 Mitteleuropäische Normalzeit : Information : Microsoft.VisualStudio.ProjectSystem.CompositionService-RemoteServiceBrokerServer read: Content-Length: 188

{"jsonrpc":"2.0","id":4,"method":"requestServiceChannel","params":[{"name":"Microsoft.VisualStudio.ComponentExportsService","version":"0.1"},{"clientCulture":"de","clientUICulture":"de"}]}
02/11/2025 09:29:38 Mitteleuropäische Normalzeit : Information : Microsoft.VisualStudio.ProjectSystem.CompositionService-RemoteServiceBrokerServer read: Content-Length: 191

{"jsonrpc":"2.0","id":5,"method":"requestServiceChannel","params":[{"name":"Microsoft.VisualStudio.NoDelay.EnvironmentService","version":"0.1"},{"clientCulture":"de","clientUICulture":"de"}]}
02/11/2025 09:29:38 Mitteleuropäische Normalzeit : Information : Microsoft.VisualStudio.ProjectSystem.CompositionService-RemoteServiceBrokerServer write: Content-Length: 181

{"jsonrpc":"2.0","id":4,"result":{"requestId":"a22a36e9-d18e-4f6a-88f1-19d94faa3c13","pipeName":"/var/folders/3l/2l1z4wws21v3mv848wtg85jc0000gn/T/15bafcf976ae4c40a5b6f6501f1f7e7b"}}
02/11/2025 09:29:38 Mitteleuropäische Normalzeit : Information : Microsoft.VisualStudio.ProjectSystem.CompositionService-RemoteServiceBrokerServer write: Content-Length: 181

{"jsonrpc":"2.0","id":5,"result":{"requestId":"3872c515-653c-497b-a60f-b5be65dc865d","pipeName":"/var/folders/3l/2l1z4wws21v3mv848wtg85jc0000gn/T/abda5a91e0f147c18bbe0ae72f1107c0"}}
02/11/2025 09:29:39 Mitteleuropäische Normalzeit : Information : Microsoft.VisualStudio.ProjectSystem.CompositionService-RemoteServiceBrokerServer read: Content-Length: 198

{"jsonrpc":"2.0","id":6,"method":"requestServiceChannel","params":[{"name":"Microsoft.VisualStudio.ActiveDocumentsInformationService","version":"0.1"},{"clientCulture":"de","clientUICulture":"de"}]}
02/11/2025 09:29:39 Mitteleuropäische Normalzeit : Information : Microsoft.VisualStudio.ProjectSystem.CompositionService-RemoteServiceBrokerServer write: Content-Length: 181

{"jsonrpc":"2.0","id":6,"result":{"requestId":"5e304418-1171-4753-b758-7fad32425e53","pipeName":"/var/folders/3l/2l1z4wws21v3mv848wtg85jc0000gn/T/8be95b82af3a459eaa70b083ff362829"}}
02/11/2025 09:29:39 Mitteleuropäische Normalzeit : Information : Microsoft.VisualStudio.ProjectSystem.CompositionService-RemoteServiceBrokerServer read: Content-Length: 236

{"jsonrpc":"2.0","id":7,"method":"requestServiceChannel","params":[{"name":"Microsoft.VisualStudio.NuGetSolutionRestoreService","version":"0.1"},{"activationArguments":{"needEvents":"True"},"clientCulture":"de","clientUICulture":"de"}]}
02/11/2025 09:29:39 Mitteleuropäische Normalzeit : Information : Microsoft.VisualStudio.ProjectSystem.CompositionService-RemoteServiceBrokerServer write: Content-Length: 181

{"jsonrpc":"2.0","id":7,"result":{"requestId":"213da905-8a3e-4225-a8f4-9652467df51c","pipeName":"/var/folders/3l/2l1z4wws21v3mv848wtg85jc0000gn/T/22ae3ec7ba7d41d1b00adfe1f5bfac28"}}
02/11/2025 09:29:39 Mitteleuropäische Normalzeit : Information : Microsoft.VisualStudio.ProjectSystem.CompositionService-RemoteServiceBrokerServer read: Content-Length: 264

{"jsonrpc":"2.0","id":8,"method":"requestServiceChannel","params":[{"name":"Microsoft.VisualStudio.CpsProjectIconSourceService","version":"0.1"},{"clientCulture":"de","clientUICulture":"de"}],"traceparent":"00-dbc3524e5633f949b7ae8705cb401b6f-04cd47842de0be40-00"}
02/11/2025 09:29:39 Mitteleuropäische Normalzeit : Information : VsHubClient-hubController write: Content-Length: 345

{"jsonrpc":"2.0","id":12,"method":"requestServiceChannel","params":[{"Name":"Microsoft.VisualStudio.CpsProjectIconSourceService","Version":"0.1"},{"ActivationArguments":{"__servicehub__ServiceHubRemoteServiceBrokerPipeName":"/Users/MacBook/.ServiceHub/0d0bd04449/6c945f2b99"},"ClientCredentials":{},"ClientCulture":"de","ClientUICulture":"de"}]}
02/11/2025 09:29:39 Mitteleuropäische Normalzeit : Information : VsHubClient-hubController read: Content-Length: 165

{"jsonrpc":"2.0","id":12,"result":{"RequestId":"ea08bc3d-26e6-4fe0-83cc-aae126f0608b","PipeName":"/Users/MacBook/.ServiceHub/0d0bd04449/b5d8aa55d2","IsEmpty":false}}
02/11/2025 09:29:39 Mitteleuropäische Normalzeit : Information : Microsoft.VisualStudio.ProjectSystem.CompositionService-RemoteServiceBrokerServer write: Content-Length: 148

{"jsonrpc":"2.0","id":8,"result":{"requestId":"ea08bc3d-26e6-4fe0-83cc-aae126f0608b","pipeName":"/Users/MacBook/.ServiceHub/0d0bd04449/b5d8aa55d2"}}
02/11/2025 09:29:39 Mitteleuropäische Normalzeit : Information : Disposing ServiceBroker server '/Users/MacBook/.ServiceHub/0d0bd04449/6c945f2b99'.
02/11/2025 09:29:39 Mitteleuropäische Normalzeit : Information : Microsoft.VisualStudio.CpsProjectIconSourceService-RemoteServiceBrokerServer read: Content-Length: 193

{"jsonrpc":"2.0","id":2,"method":"handshake","params":[{"supportedConnections":"IpcPipe","localServiceHost":{"operatingSystem":2,"processArchitecture":3,"runtime":2,"runtimeVersion":"9.0.1"}}]}
02/11/2025 09:29:39 Mitteleuropäische Normalzeit : Information : Microsoft.VisualStudio.CpsProjectIconSourceService-RemoteServiceBrokerServer write: Content-Length: 38

{"jsonrpc":"2.0","id":2,"result":null}
02/11/2025 09:29:39 Mitteleuropäische Normalzeit : Information : Microsoft.VisualStudio.CpsProjectIconSourceService-RemoteServiceBrokerServer read: Content-Length: 177

{"jsonrpc":"2.0","id":3,"method":"requestServiceChannel","params":[{"name":"Microsoft.ServiceHub.Framework.AuthorizationService"},{"clientCulture":"de","clientUICulture":"de"}]}
02/11/2025 09:29:39 Mitteleuropäische Normalzeit : Information : Microsoft.VisualStudio.CpsProjectIconSourceService-RemoteServiceBrokerServer write: Content-Length: 181

{"jsonrpc":"2.0","id":3,"result":{"requestId":"cc8b8d9a-71df-4b41-a4f5-28bb7083cd2b","pipeName":"/var/folders/3l/2l1z4wws21v3mv848wtg85jc0000gn/T/58c8a16e2b1446079d4170caf3a72dac"}}
02/11/2025 09:29:40 Mitteleuropäische Normalzeit : Information : Microsoft.VisualStudio.ProjectSystem.CompositionService-RemoteServiceBrokerServer read: Content-Length: 191

{"jsonrpc":"2.0","id":9,"method":"requestServiceChannel","params":[{"name":"Microsoft.VisualStudio.NoDelay.EnvironmentService","version":"0.1"},{"clientCulture":"de","clientUICulture":"de"}]}
02/11/2025 09:29:40 Mitteleuropäische Normalzeit : Information : Microsoft.VisualStudio.ProjectSystem.CompositionService-RemoteServiceBrokerServer write: Content-Length: 181

{"jsonrpc":"2.0","id":9,"result":{"requestId":"e2d3fd1c-4dd4-43a5-83f6-d0804606db54","pipeName":"/var/folders/3l/2l1z4wws21v3mv848wtg85jc0000gn/T/89ab3efed5314fd085beaf5e0047b4dd"}}
02/11/2025 09:29:40 Mitteleuropäische Normalzeit : Information : Microsoft.VisualStudio.ProjectSystem.CompositionService-RemoteServiceBrokerServer read: Content-Length: 197

{"jsonrpc":"2.0","id":10,"method":"requestServiceChannel","params":[{"name":"Microsoft.VisualStudio.LanguageServices.WorkspaceProjectFactoryService"},{"clientCulture":"de","clientUICulture":"de"}]}
02/11/2025 09:29:40 Mitteleuropäische Normalzeit : Information : VsHubClient-hubController write: Content-Length: 366

{"jsonrpc":"2.0","id":13,"method":"requestServiceChannel","params":[{"Name":"Microsoft.VisualStudio.ProjectSystem.ProjectInitializationStatusService","Version":"0.1"},{"ActivationArguments":{"__servicehub__ServiceHubRemoteServiceBrokerPipeName":"/Users/MacBook/.ServiceHub/0d0bd04449/c6a09dd085"},"ClientCredentials":{},"ClientCulture":"de","ClientUICulture":"de"}]}
02/11/2025 09:29:40 Mitteleuropäische Normalzeit : Information : VsHubClient-hubController read: Content-Length: 165

{"jsonrpc":"2.0","id":13,"result":{"RequestId":"4df316b8-163b-4311-a67c-b7031cc4a175","PipeName":"/Users/MacBook/.ServiceHub/0d0bd04449/629b1e8b64","IsEmpty":false}}
02/11/2025 09:29:40 Mitteleuropäische Normalzeit : Information : Disposing ServiceBroker server '/Users/MacBook/.ServiceHub/0d0bd04449/c6a09dd085'.
02/11/2025 09:29:40 Mitteleuropäische Normalzeit : Information : Microsoft.VisualStudio.ProjectSystem.ProjectInitializationStatusService-RemoteServiceBrokerServer read: Content-Length: 193

{"jsonrpc":"2.0","id":2,"method":"handshake","params":[{"supportedConnections":"IpcPipe","localServiceHost":{"operatingSystem":2,"processArchitecture":3,"runtime":2,"runtimeVersion":"9.0.1"}}]}
02/11/2025 09:29:40 Mitteleuropäische Normalzeit : Information : Microsoft.VisualStudio.ProjectSystem.ProjectInitializationStatusService-RemoteServiceBrokerServer write: Content-Length: 38

{"jsonrpc":"2.0","id":2,"result":null}
02/11/2025 09:29:40 Mitteleuropäische Normalzeit : Information : Microsoft.VisualStudio.ProjectSystem.CompositionService-RemoteServiceBrokerServer read: Content-Length: 179

{"jsonrpc":"2.0","id":11,"method":"requestServiceChannel","params":[{"name":"Microsoft.VisualStudio.OptionService","version":"0.1"},{"clientCulture":"de","clientUICulture":"de"}]}
02/11/2025 09:29:40 Mitteleuropäische Normalzeit : Information : Microsoft.VisualStudio.ProjectSystem.CompositionService-RemoteServiceBrokerServer write: Content-Length: 182

{"jsonrpc":"2.0","id":11,"result":{"requestId":"34266561-ae9e-42a3-b3bb-b6bc1ac7d6cb","pipeName":"/var/folders/3l/2l1z4wws21v3mv848wtg85jc0000gn/T/11b6ac5956c54522aa868584f50d12fa"}}
02/11/2025 09:29:40 Mitteleuropäische Normalzeit : Information : Microsoft.VisualStudio.ProjectSystem.ProjectInitializationStatusService-RemoteServiceBrokerServer read: Content-Length: 177

{"jsonrpc":"2.0","id":3,"method":"requestServiceChannel","params":[{"name":"Microsoft.ServiceHub.Framework.AuthorizationService"},{"clientCulture":"de","clientUICulture":"de"}]}
02/11/2025 09:29:40 Mitteleuropäische Normalzeit : Information : Microsoft.VisualStudio.ProjectSystem.ProjectInitializationStatusService-RemoteServiceBrokerServer write: Content-Length: 181

{"jsonrpc":"2.0","id":3,"result":{"requestId":"1fbf1a10-213c-4cc4-96d4-b6213c6581a4","pipeName":"/var/folders/3l/2l1z4wws21v3mv848wtg85jc0000gn/T/c3af504a22d74823992a9aa5a8034122"}}
02/11/2025 09:29:40 Mitteleuropäische Normalzeit : Information : Microsoft.VisualStudio.ProjectSystem.CompositionService-RemoteServiceBrokerServer write: Content-Length: 182

{"jsonrpc":"2.0","id":10,"result":{"requestId":"27714a44-fb52-4eb7-81c2-04085d53afd3","pipeName":"/var/folders/3l/2l1z4wws21v3mv848wtg85jc0000gn/T/2f85a28dd2e242fe94f8ef32146ef356"}}
02/11/2025 09:29:42 Mitteleuropäische Normalzeit : Information : Microsoft.VisualStudio.ProjectSystem.CompositionService-RemoteServiceBrokerServer read: Content-Length: 193

{"jsonrpc":"2.0","id":12,"method":"requestServiceChannel","params":[{"name":"Microsoft.VisualStudio.NuGetSolutionRestoreService","version":"0.1"},{"clientCulture":"de","clientUICulture":"de"}]}
02/11/2025 09:29:42 Mitteleuropäische Normalzeit : Information : Microsoft.VisualStudio.ProjectSystem.CompositionService-RemoteServiceBrokerServer write: Content-Length: 182

{"jsonrpc":"2.0","id":12,"result":{"requestId":"d5b5152a-6dc1-4700-8f46-3ef5596e81f7","pipeName":"/var/folders/3l/2l1z4wws21v3mv848wtg85jc0000gn/T/fb6a68fda66d4dd6a80d20d7ffeddfa5"}}
02/11/2025 09:29:42 Mitteleuropäische Normalzeit : Information : Microsoft.VisualStudio.ProjectSystem.CompositionService-RemoteServiceBrokerServer read: Content-Length: 244

{"jsonrpc":"2.0","id":13,"method":"requestServiceChannel","params":[{"name":"Microsoft.VisualStudio.LogOutputChannelService","version":"0.1"},{"activationArguments":{"outputChannelName":"Projects"},"clientCulture":"de","clientUICulture":"de"}]}
02/11/2025 09:29:42 Mitteleuropäische Normalzeit : Information : Microsoft.VisualStudio.ProjectSystem.CompositionService-RemoteServiceBrokerServer write: Content-Length: 182

{"jsonrpc":"2.0","id":13,"result":{"requestId":"f3935086-d145-44f2-92cf-5e7e3517281e","pipeName":"/var/folders/3l/2l1z4wws21v3mv848wtg85jc0000gn/T/6595e81a1b21401d88eb7de1e3f9e7c2"}}
02/11/2025 14:12:12 Mitteleuropäische Normalzeit : Information : VsHubClient-hubController write: Content-Length: 328

{"jsonrpc":"2.0","id":14,"method":"requestServiceChannel","params":[{"Name":"Microsoft.VisualStudio.LaunchConfigurationService"},{"ActivationArguments":{"__servicehub__ServiceHubRemoteServiceBrokerPipeName":"/Users/MacBook/.ServiceHub/0d0bd04449/aa2a069d02"},"ClientCredentials":{},"ClientCulture":"de","ClientUICulture":"de"}]}
02/11/2025 14:12:12 Mitteleuropäische Normalzeit : Information : VsHubClient-hubController read: Content-Length: 165

{"jsonrpc":"2.0","id":14,"result":{"RequestId":"3faf8f6a-0399-43d7-87f9-180d2e824d2d","PipeName":"/Users/MacBook/.ServiceHub/0d0bd04449/b502981187","IsEmpty":false}}
02/11/2025 14:12:12 Mitteleuropäische Normalzeit : Information : Disposing ServiceBroker server '/Users/MacBook/.ServiceHub/0d0bd04449/aa2a069d02'.
02/11/2025 14:12:12 Mitteleuropäische Normalzeit : Information : Microsoft.VisualStudio.LaunchConfigurationService-RemoteServiceBrokerServer read: Content-Length: 193

{"jsonrpc":"2.0","id":2,"method":"handshake","params":[{"supportedConnections":"IpcPipe","localServiceHost":{"operatingSystem":2,"processArchitecture":3,"runtime":2,"runtimeVersion":"9.0.1"}}]}
02/11/2025 14:12:12 Mitteleuropäische Normalzeit : Information : Microsoft.VisualStudio.LaunchConfigurationService-RemoteServiceBrokerServer write: Content-Length: 38

{"jsonrpc":"2.0","id":2,"result":null}
02/11/2025 14:12:12 Mitteleuropäische Normalzeit : Information : Microsoft.VisualStudio.LaunchConfigurationService-RemoteServiceBrokerServer read: Content-Length: 177

{"jsonrpc":"2.0","id":3,"method":"requestServiceChannel","params":[{"name":"Microsoft.ServiceHub.Framework.AuthorizationService"},{"clientCulture":"de","clientUICulture":"de"}]}
02/11/2025 14:12:12 Mitteleuropäische Normalzeit : Information : Microsoft.VisualStudio.LaunchConfigurationService-RemoteServiceBrokerServer write: Content-Length: 181

{"jsonrpc":"2.0","id":3,"result":{"requestId":"f57fc683-47ad-46b4-8475-3cad02c2abfd","pipeName":"/var/folders/3l/2l1z4wws21v3mv848wtg85jc0000gn/T/f04a035758474da09aa01266b2506c60"}}
02/11/2025 14:12:14 Mitteleuropäische Normalzeit : Information : VsHubClient-hubController JSON RPC has been disposed
02/11/2025 14:12:14 Mitteleuropäische Normalzeit : Information : VsHubClient-hubController read: end of stream
02/11/2025 14:12:14 Mitteleuropäische Normalzeit : Information : Microsoft.VisualStudio.ProjectSystem.Query.Remoting.QueryExecutionService-RemoteServiceBrokerServer read: end of stream
02/11/2025 14:12:14 Mitteleuropäische Normalzeit : Information : Microsoft.VisualStudio.TestWindow.VSCode.Service-RemoteServiceBrokerServer read: end of stream
