01/21/2025 14:47:38 Mitteleuropäische Normalzeit : Information : Local timezone is (UTC+01:00) Mitteleuropäische Zeit (Wien)
01/21/2025 14:47:38 Mitteleuropäische Normalzeit : Information : Started controller with command line /Users/MacBook/.vscode/extensions/ms-dotnettools.csdevkit-1.15.34-darwin-arm64/components/vs-green-server/platforms/darwin-arm64/node_modules/@microsoft/servicehub-controller-net60.darwin-arm64/Microsoft.ServiceHub.Controller a836931074 /ControllerCooldownTimeout:30000 /TelemetrySession:{"TelemetryLevel":"all","IsOptedIn":false,"HostName":"Default","AppInsightsInstrumentationKey":null,"AsimovInstrumentationKey":null,"CollectorApiKey":"0c6ae279ed8443289764825290e4f9e2-1a736e7c-1324-4338-be46-fc2a58ae4d14-7255","AppId":1010,"UserId":"d025fecc-e95a-469f-b8bf-8b0860300ee1","Id":"9decdaef-15a5-4abd-b76e-7c4cbf568b9d1737467250177","ProcessStartTime":133819408568737150,"SkuName":null,"VSExeVersion":null,"BucketFiltersToEnableWatsonForFaults":[],"BucketFiltersToAddDumpsToFaults":[]}
01/21/2025 14:47:38 Mitteleuropäische Normalzeit : Information : Acquiring single controller instance mutex with name '-489009549-ServiceHubControllerSingleInstanceMutex'
01/21/2025 14:47:38 Mitteleuropäische Normalzeit : Information : Acquired single controller instance mutex with name '-489009549-ServiceHubControllerSingleInstanceMutex'
01/21/2025 14:47:39 Mitteleuropäische Normalzeit : Information : Controller cooldown timeout is set to 30000ms
01/21/2025 14:47:39 Mitteleuropäische Normalzeit : Information : Starting server 'hubController' at 'net.pipe://a836931074' (at '/Users/MacBook/.ServiceHub/a836931074/a836931074').
01/21/2025 14:47:39 Mitteleuropäische Normalzeit : Information : Successfully started server on pipe a836931074
01/21/2025 14:47:39 Mitteleuropäische Normalzeit : Information : Triggered controller shutdown timer process.
01/21/2025 14:47:40 Mitteleuropäische Normalzeit : Information : Client connected to controller
01/21/2025 14:47:41 Mitteleuropäische Normalzeit : Information : Client connected to controller
01/21/2025 14:47:41 Mitteleuropäische Normalzeit : Information : Client connected to controller
01/21/2025 14:47:41 Mitteleuropäische Normalzeit : Information : Microsoft.ServiceHub.Controller.HubController read: end of stream
01/21/2025 14:47:41 Mitteleuropäische Normalzeit : Information : Microsoft.ServiceHub.Controller.HubController read: Content-Length: 109

{"jsonrpc":"2.0","id":2,"method":"UpdateClientInfoAsync","params":[{"clientName":"VsHubClient","pid":89799}]}
01/21/2025 14:47:41 Mitteleuropäische Normalzeit : Information : Microsoft.ServiceHub.Controller.HubController read: end of stream
01/21/2025 14:47:41 Mitteleuropäische Normalzeit : Information : JsonRpc disconnected due to RemotePartyTerminated. Reached end of stream.
01/21/2025 14:47:41 Mitteleuropäische Normalzeit : Information : JsonRpc disconnected due to RemotePartyTerminated. Reached end of stream.
01/21/2025 14:47:42 Mitteleuropäische Normalzeit : Information : Starting server 'clientWatch' at 'net.pipe://89806EFE42' (at '/Users/MacBook/.ServiceHub/a836931074/89806EFE42').
01/21/2025 14:47:42 Mitteleuropäische Normalzeit : Information : Microsoft.ServiceHub.Controller.HubController write: Content-Length: 444

{"jsonrpc":"2.0","id":2,"result":{"ClientWatchServerName":"net.pipe://89806EFE42","ControllerConfig":{"Executable":"/Users/MacBook/.vscode/extensions/ms-dotnettools.csdevkit-1.15.34-darwin-arm64/components/vs-green-server/platforms/darwin-arm64/node_modules/@microsoft/servicehub-controller-net60.darwin-arm64/Microsoft.ServiceHub.Controller","Args":["a836931074"],"PipeName":"a836931074"},"HostsConfig":{"RootDir":".","AppConfigFallback":""}}}
01/21/2025 14:47:42 Mitteleuropäische Normalzeit : Information : External client connect to client watch
01/21/2025 14:47:43 Mitteleuropäische Normalzeit : Information : Microsoft.ServiceHub.Controller.HubController read: end of stream
01/21/2025 14:47:43 Mitteleuropäische Normalzeit : Information : JsonRpc disconnected due to RemotePartyTerminated. Reached end of stream.
01/21/2025 14:47:43 Mitteleuropäische Normalzeit : Information : External client disconnected from client watch.
01/21/2025 14:47:43 Mitteleuropäische Normalzeit : Information : Starting fast shutdown
01/21/2025 14:47:43 Mitteleuropäische Normalzeit : Information : Stopping the location service server.
01/21/2025 14:47:43 Mitteleuropäische Normalzeit : Information : Exiting hub controller.
01/21/2025 14:47:43 Mitteleuropäische Normalzeit : Information : Releasing single controller instance mutex.
01/21/2025 14:47:43 Mitteleuropäische Normalzeit : Information : All hosts have exited.
01/21/2025 14:47:43 Mitteleuropäische Normalzeit : Information : Controller terminating with exit code '0'.
