02/16/2025 11:27:41 Mitteleuropäische Normalzeit : Information : Local timezone is (UTC+01:00) Mitteleuropäische Zeit (Wien)
02/16/2025 11:27:41 Mitteleuropäische Normalzeit : Information : Added local RPC method "getPipe" -> Microsoft.VisualStudio.Utilities.ServiceBroker.GlobalBrokeredServiceContainer+View.GetPipeAsync(ServiceMoniker, ServiceActivationOptions, CancellationToken) (Microsoft.VisualStudio.Utilities.ServiceBroker.GlobalBrokeredServiceContainer+View)
02/16/2025 11:27:41 Mitteleuropäische Normalzeit : Information : Added local RPC method "getProxy" -> Microsoft.VisualStudio.Utilities.ServiceBroker.GlobalBrokeredServiceContainer+View.GetProxyAsync(ServiceRpcDescriptor, ServiceActivationOptions, CancellationToken) (Microsoft.VisualStudio.Utilities.ServiceBroker.GlobalBrokeredServiceContainer+View)
02/16/2025 11:27:41 Mitteleuropäische Normalzeit : Information : Added local RPC method "handshake" -> Microsoft.VisualStudio.Utilities.ServiceBroker.GlobalBrokeredServiceContainer+View.HandshakeAsync(ServiceBrokerClientMetadata, CancellationToken) (Microsoft.VisualStudio.Utilities.ServiceBroker.GlobalBrokeredServiceContainer+View)
02/16/2025 11:27:41 Mitteleuropäische Normalzeit : Information : Added local RPC method "requestServiceChannel" -> Microsoft.VisualStudio.Utilities.ServiceBroker.GlobalBrokeredServiceContainer+View.RequestServiceChannelAsync(ServiceMoniker, ServiceActivationOptions, CancellationToken) (Microsoft.VisualStudio.Utilities.ServiceBroker.GlobalBrokeredServiceContainer+View)
02/16/2025 11:27:41 Mitteleuropäische Normalzeit : Information : Added local RPC method "cancelServiceRequest" -> Microsoft.VisualStudio.Utilities.ServiceBroker.GlobalBrokeredServiceContainer+View.CancelServiceRequestAsync(Guid) (Microsoft.VisualStudio.Utilities.ServiceBroker.GlobalBrokeredServiceContainer+View)
02/16/2025 11:27:41 Mitteleuropäische Normalzeit : Information : Added local RPC method "getPipe" -> Microsoft.VisualStudio.Utilities.ServiceBroker.GlobalBrokeredServiceContainer+View.GetPipeAsync(ServiceMoniker, ServiceActivationOptions, CancellationToken) (Microsoft.VisualStudio.Utilities.ServiceBroker.GlobalBrokeredServiceContainer+View)
02/16/2025 11:27:41 Mitteleuropäische Normalzeit : Information : Added local RPC method "getProxy" -> Microsoft.VisualStudio.Utilities.ServiceBroker.GlobalBrokeredServiceContainer+View.GetProxyAsync(ServiceRpcDescriptor, ServiceActivationOptions, CancellationToken) (Microsoft.VisualStudio.Utilities.ServiceBroker.GlobalBrokeredServiceContainer+View)
02/16/2025 11:27:41 Mitteleuropäische Normalzeit : Information : Added local RPC method "handshake" -> Microsoft.VisualStudio.Utilities.ServiceBroker.GlobalBrokeredServiceContainer+View.HandshakeAsync(ServiceBrokerClientMetadata, CancellationToken) (Microsoft.VisualStudio.Utilities.ServiceBroker.GlobalBrokeredServiceContainer+View)
02/16/2025 11:27:41 Mitteleuropäische Normalzeit : Information : Added local RPC method "requestServiceChannel" -> Microsoft.VisualStudio.Utilities.ServiceBroker.GlobalBrokeredServiceContainer+View.RequestServiceChannelAsync(ServiceMoniker, ServiceActivationOptions, CancellationToken) (Microsoft.VisualStudio.Utilities.ServiceBroker.GlobalBrokeredServiceContainer+View)
02/16/2025 11:27:41 Mitteleuropäische Normalzeit : Information : Added local RPC method "cancelServiceRequest" -> Microsoft.VisualStudio.Utilities.ServiceBroker.GlobalBrokeredServiceContainer+View.CancelServiceRequestAsync(Guid) (Microsoft.VisualStudio.Utilities.ServiceBroker.GlobalBrokeredServiceContainer+View)
02/16/2025 11:27:41 Mitteleuropäische Normalzeit: Information : 2 :Listening for events from Microsoft.VisualStudio.Utilities.ServiceBroker.GlobalBrokeredServiceContainer+View.AvailabilityChanged to raise notification.
02/16/2025 11:27:41 Mitteleuropäische Normalzeit: Information : 3 :Listening started.
02/16/2025 11:27:41 Mitteleuropäische Normalzeit: Information : 7 :{"id":2,"method":"handshake"}
02/16/2025 11:27:41 Mitteleuropäische Normalzeit: Information : 6 :Received request "2" for method "handshake".
02/16/2025 11:27:41 Mitteleuropäische Normalzeit: Information : 9 :Invoking Microsoft.VisualStudio.Utilities.ServiceBroker.GlobalBrokeredServiceContainer+View.HandshakeAsync(ServiceBrokerClientMetadata, CancellationToken)
02/16/2025 11:27:41 Mitteleuropäische Normalzeit : Start : handshake
02/16/2025 11:27:41 Mitteleuropäische Normalzeit : Stop : handshake
02/16/2025 11:27:41 Mitteleuropäische Normalzeit: Information : 8 :{"id":2}
02/16/2025 11:27:41 Mitteleuropäische Normalzeit: Information : 7 :{"id":3,"method":"requestServiceChannel"}
02/16/2025 11:27:41 Mitteleuropäische Normalzeit: Information : 6 :Received request "3" for method "requestServiceChannel".
02/16/2025 11:27:41 Mitteleuropäische Normalzeit: Information : 9 :Invoking Microsoft.VisualStudio.Utilities.ServiceBroker.GlobalBrokeredServiceContainer+View.RequestServiceChannelAsync(ServiceMoniker, ServiceActivationOptions, CancellationToken)
02/16/2025 11:27:41 Mitteleuropäische Normalzeit : Start : requestServiceChannel
02/16/2025 11:27:41 Mitteleuropäische Normalzeit : Stop : requestServiceChannel
02/16/2025 11:27:41 Mitteleuropäische Normalzeit: Information : 8 :{"id":3}
02/16/2025 11:27:41 Mitteleuropäische Normalzeit: Information : 7 :{"id":4,"method":"requestServiceChannel"}
02/16/2025 11:27:41 Mitteleuropäische Normalzeit: Information : 6 :Received request "4" for method "requestServiceChannel".
02/16/2025 11:27:41 Mitteleuropäische Normalzeit: Information : 9 :Invoking Microsoft.VisualStudio.Utilities.ServiceBroker.GlobalBrokeredServiceContainer+View.RequestServiceChannelAsync(ServiceMoniker, ServiceActivationOptions, CancellationToken)
02/16/2025 11:27:41 Mitteleuropäische Normalzeit : Start : requestServiceChannel
02/16/2025 11:27:41 Mitteleuropäische Normalzeit: Information : 7 :{"id":5,"method":"requestServiceChannel"}
02/16/2025 11:27:41 Mitteleuropäische Normalzeit: Information : 6 :Received request "5" for method "requestServiceChannel".
02/16/2025 11:27:41 Mitteleuropäische Normalzeit: Information : 9 :Invoking Microsoft.VisualStudio.Utilities.ServiceBroker.GlobalBrokeredServiceContainer+View.RequestServiceChannelAsync(ServiceMoniker, ServiceActivationOptions, CancellationToken)
02/16/2025 11:27:41 Mitteleuropäische Normalzeit : Start : requestServiceChannel
02/16/2025 11:27:41 Mitteleuropäische Normalzeit : Stop : requestServiceChannel
02/16/2025 11:27:41 Mitteleuropäische Normalzeit: Information : 8 :{"id":4}
02/16/2025 11:27:41 Mitteleuropäische Normalzeit : Stop : requestServiceChannel
02/16/2025 11:27:41 Mitteleuropäische Normalzeit: Information : 8 :{"id":5}
02/16/2025 11:27:42 Mitteleuropäische Normalzeit: Information : 7 :{"id":6,"method":"requestServiceChannel"}
02/16/2025 11:27:42 Mitteleuropäische Normalzeit: Information : 6 :Received request "6" for method "requestServiceChannel".
02/16/2025 11:27:42 Mitteleuropäische Normalzeit: Information : 9 :Invoking Microsoft.VisualStudio.Utilities.ServiceBroker.GlobalBrokeredServiceContainer+View.RequestServiceChannelAsync(ServiceMoniker, ServiceActivationOptions, CancellationToken)
02/16/2025 11:27:42 Mitteleuropäische Normalzeit : Start : requestServiceChannel
02/16/2025 11:27:42 Mitteleuropäische Normalzeit : Stop : requestServiceChannel
02/16/2025 11:27:42 Mitteleuropäische Normalzeit: Information : 8 :{"id":6}
02/16/2025 11:27:42 Mitteleuropäische Normalzeit: Information : 7 :{"id":7,"method":"requestServiceChannel"}
02/16/2025 11:27:42 Mitteleuropäische Normalzeit: Information : 6 :Received request "7" for method "requestServiceChannel".
02/16/2025 11:27:42 Mitteleuropäische Normalzeit: Information : 9 :Invoking Microsoft.VisualStudio.Utilities.ServiceBroker.GlobalBrokeredServiceContainer+View.RequestServiceChannelAsync(ServiceMoniker, ServiceActivationOptions, CancellationToken)
02/16/2025 11:27:42 Mitteleuropäische Normalzeit : Start : requestServiceChannel
02/16/2025 11:27:42 Mitteleuropäische Normalzeit: Information : 7 :{"id":8,"method":"requestServiceChannel"}
02/16/2025 11:27:42 Mitteleuropäische Normalzeit: Information : 6 :Received request "8" for method "requestServiceChannel".
02/16/2025 11:27:42 Mitteleuropäische Normalzeit: Information : 9 :Invoking Microsoft.VisualStudio.Utilities.ServiceBroker.GlobalBrokeredServiceContainer+View.RequestServiceChannelAsync(ServiceMoniker, ServiceActivationOptions, CancellationToken)
02/16/2025 11:27:42 Mitteleuropäische Normalzeit : Transfer : Transfer, relatedActivityId=bb78bd8b-50df-4bf1-bdce-8cecbb2651eb
02/16/2025 11:27:42 Mitteleuropäische Normalzeit : Start : requestServiceChannel
02/16/2025 11:27:42 Mitteleuropäische Normalzeit : Stop : requestServiceChannel
02/16/2025 11:27:42 Mitteleuropäische Normalzeit: Information : 8 :{"id":7}
02/16/2025 11:27:42 Mitteleuropäische Normalzeit : Stop : requestServiceChannel
02/16/2025 11:27:42 Mitteleuropäische Normalzeit : Transfer : Transfer, relatedActivityId=3bad27a4-39aa-43d8-86c9-81bac6a5275c
02/16/2025 11:27:42 Mitteleuropäische Normalzeit: Information : 8 :{"id":8}
02/16/2025 11:27:43 Mitteleuropäische Normalzeit: Information : 7 :{"id":9,"method":"requestServiceChannel"}
02/16/2025 11:27:43 Mitteleuropäische Normalzeit: Information : 6 :Received request "9" for method "requestServiceChannel".
02/16/2025 11:27:43 Mitteleuropäische Normalzeit: Information : 9 :Invoking Microsoft.VisualStudio.Utilities.ServiceBroker.GlobalBrokeredServiceContainer+View.RequestServiceChannelAsync(ServiceMoniker, ServiceActivationOptions, CancellationToken)
02/16/2025 11:27:43 Mitteleuropäische Normalzeit : Start : requestServiceChannel
02/16/2025 11:27:43 Mitteleuropäische Normalzeit : Stop : requestServiceChannel
02/16/2025 11:27:43 Mitteleuropäische Normalzeit: Information : 8 :{"id":9}
02/16/2025 11:27:43 Mitteleuropäische Normalzeit: Information : 7 :{"id":10,"method":"requestServiceChannel"}
02/16/2025 11:27:43 Mitteleuropäische Normalzeit: Information : 6 :Received request "10" for method "requestServiceChannel".
02/16/2025 11:27:43 Mitteleuropäische Normalzeit: Information : 9 :Invoking Microsoft.VisualStudio.Utilities.ServiceBroker.GlobalBrokeredServiceContainer+View.RequestServiceChannelAsync(ServiceMoniker, ServiceActivationOptions, CancellationToken)
02/16/2025 11:27:43 Mitteleuropäische Normalzeit : Start : requestServiceChannel
02/16/2025 11:27:43 Mitteleuropäische Normalzeit: Information : 7 :{"id":11,"method":"requestServiceChannel"}
02/16/2025 11:27:43 Mitteleuropäische Normalzeit: Information : 6 :Received request "11" for method "requestServiceChannel".
02/16/2025 11:27:43 Mitteleuropäische Normalzeit: Information : 9 :Invoking Microsoft.VisualStudio.Utilities.ServiceBroker.GlobalBrokeredServiceContainer+View.RequestServiceChannelAsync(ServiceMoniker, ServiceActivationOptions, CancellationToken)
02/16/2025 11:27:43 Mitteleuropäische Normalzeit : Start : requestServiceChannel
02/16/2025 11:27:43 Mitteleuropäische Normalzeit : Stop : requestServiceChannel
02/16/2025 11:27:43 Mitteleuropäische Normalzeit: Information : 8 :{"id":11}
02/16/2025 11:27:43 Mitteleuropäische Normalzeit : Stop : requestServiceChannel
02/16/2025 11:27:43 Mitteleuropäische Normalzeit: Information : 8 :{"id":10}
02/16/2025 11:27:45 Mitteleuropäische Normalzeit: Information : 7 :{"id":12,"method":"requestServiceChannel"}
02/16/2025 11:27:45 Mitteleuropäische Normalzeit: Information : 6 :Received request "12" for method "requestServiceChannel".
02/16/2025 11:27:45 Mitteleuropäische Normalzeit: Information : 9 :Invoking Microsoft.VisualStudio.Utilities.ServiceBroker.GlobalBrokeredServiceContainer+View.RequestServiceChannelAsync(ServiceMoniker, ServiceActivationOptions, CancellationToken)
02/16/2025 11:27:45 Mitteleuropäische Normalzeit : Start : requestServiceChannel
02/16/2025 11:27:45 Mitteleuropäische Normalzeit : Stop : requestServiceChannel
02/16/2025 11:27:45 Mitteleuropäische Normalzeit: Information : 8 :{"id":12}
02/16/2025 11:27:45 Mitteleuropäische Normalzeit: Information : 7 :{"id":13,"method":"requestServiceChannel"}
02/16/2025 11:27:45 Mitteleuropäische Normalzeit: Information : 6 :Received request "13" for method "requestServiceChannel".
02/16/2025 11:27:45 Mitteleuropäische Normalzeit: Information : 9 :Invoking Microsoft.VisualStudio.Utilities.ServiceBroker.GlobalBrokeredServiceContainer+View.RequestServiceChannelAsync(ServiceMoniker, ServiceActivationOptions, CancellationToken)
02/16/2025 11:27:45 Mitteleuropäische Normalzeit : Start : requestServiceChannel
02/16/2025 11:27:45 Mitteleuropäische Normalzeit : Stop : requestServiceChannel
02/16/2025 11:27:45 Mitteleuropäische Normalzeit: Information : 8 :{"id":13}
