03/08/2025 19:33:48 Mitteleuropäische Normalzeit : Information : Local timezone is (UTC+01:00) Mitteleuropäische Zeit (Wien)
03/08/2025 19:33:48 Mitteleuropäische Normalzeit : Information : Added local RPC method "getPipe" -> Microsoft.VisualStudio.Utilities.ServiceBroker.GlobalBrokeredServiceContainer+View.GetPipeAsync(ServiceMoniker, ServiceActivationOptions, CancellationToken) (Microsoft.VisualStudio.Utilities.ServiceBroker.GlobalBrokeredServiceContainer+View)
03/08/2025 19:33:48 Mitteleuropäische Normalzeit : Information : Added local RPC method "getProxy" -> Microsoft.VisualStudio.Utilities.ServiceBroker.GlobalBrokeredServiceContainer+View.GetProxyAsync(ServiceRpcDescriptor, ServiceActivationOptions, CancellationToken) (Microsoft.VisualStudio.Utilities.ServiceBroker.GlobalBrokeredServiceContainer+View)
03/08/2025 19:33:48 Mitteleuropäische Normalzeit : Information : Added local RPC method "handshake" -> Microsoft.VisualStudio.Utilities.ServiceBroker.GlobalBrokeredServiceContainer+View.HandshakeAsync(ServiceBrokerClientMetadata, CancellationToken) (Microsoft.VisualStudio.Utilities.ServiceBroker.GlobalBrokeredServiceContainer+View)
03/08/2025 19:33:48 Mitteleuropäische Normalzeit : Information : Added local RPC method "requestServiceChannel" -> Microsoft.VisualStudio.Utilities.ServiceBroker.GlobalBrokeredServiceContainer+View.RequestServiceChannelAsync(ServiceMoniker, ServiceActivationOptions, CancellationToken) (Microsoft.VisualStudio.Utilities.ServiceBroker.GlobalBrokeredServiceContainer+View)
03/08/2025 19:33:48 Mitteleuropäische Normalzeit : Information : Added local RPC method "cancelServiceRequest" -> Microsoft.VisualStudio.Utilities.ServiceBroker.GlobalBrokeredServiceContainer+View.CancelServiceRequestAsync(Guid) (Microsoft.VisualStudio.Utilities.ServiceBroker.GlobalBrokeredServiceContainer+View)
03/08/2025 19:33:48 Mitteleuropäische Normalzeit : Information : Added local RPC method "getPipe" -> Microsoft.VisualStudio.Utilities.ServiceBroker.GlobalBrokeredServiceContainer+View.GetPipeAsync(ServiceMoniker, ServiceActivationOptions, CancellationToken) (Microsoft.VisualStudio.Utilities.ServiceBroker.GlobalBrokeredServiceContainer+View)
03/08/2025 19:33:48 Mitteleuropäische Normalzeit : Information : Added local RPC method "getProxy" -> Microsoft.VisualStudio.Utilities.ServiceBroker.GlobalBrokeredServiceContainer+View.GetProxyAsync(ServiceRpcDescriptor, ServiceActivationOptions, CancellationToken) (Microsoft.VisualStudio.Utilities.ServiceBroker.GlobalBrokeredServiceContainer+View)
03/08/2025 19:33:48 Mitteleuropäische Normalzeit : Information : Added local RPC method "handshake" -> Microsoft.VisualStudio.Utilities.ServiceBroker.GlobalBrokeredServiceContainer+View.HandshakeAsync(ServiceBrokerClientMetadata, CancellationToken) (Microsoft.VisualStudio.Utilities.ServiceBroker.GlobalBrokeredServiceContainer+View)
03/08/2025 19:33:48 Mitteleuropäische Normalzeit : Information : Added local RPC method "requestServiceChannel" -> Microsoft.VisualStudio.Utilities.ServiceBroker.GlobalBrokeredServiceContainer+View.RequestServiceChannelAsync(ServiceMoniker, ServiceActivationOptions, CancellationToken) (Microsoft.VisualStudio.Utilities.ServiceBroker.GlobalBrokeredServiceContainer+View)
03/08/2025 19:33:48 Mitteleuropäische Normalzeit : Information : Added local RPC method "cancelServiceRequest" -> Microsoft.VisualStudio.Utilities.ServiceBroker.GlobalBrokeredServiceContainer+View.CancelServiceRequestAsync(Guid) (Microsoft.VisualStudio.Utilities.ServiceBroker.GlobalBrokeredServiceContainer+View)
03/08/2025 19:33:48 Mitteleuropäische Normalzeit: Information : 2 :Listening for events from Microsoft.VisualStudio.Utilities.ServiceBroker.GlobalBrokeredServiceContainer+View.AvailabilityChanged to raise notification.
03/08/2025 19:33:48 Mitteleuropäische Normalzeit: Information : 3 :Listening started.
03/08/2025 19:33:48 Mitteleuropäische Normalzeit: Information : 7 :{"id":2,"method":"handshake"}
03/08/2025 19:33:48 Mitteleuropäische Normalzeit: Information : 6 :Received request "2" for method "handshake".
03/08/2025 19:33:48 Mitteleuropäische Normalzeit: Information : 9 :Invoking Microsoft.VisualStudio.Utilities.ServiceBroker.GlobalBrokeredServiceContainer+View.HandshakeAsync(ServiceBrokerClientMetadata, CancellationToken)
03/08/2025 19:33:48 Mitteleuropäische Normalzeit : Start : handshake
03/08/2025 19:33:48 Mitteleuropäische Normalzeit : Stop : handshake
03/08/2025 19:33:48 Mitteleuropäische Normalzeit: Information : 8 :{"id":2}
03/08/2025 19:33:48 Mitteleuropäische Normalzeit: Information : 7 :{"id":3,"method":"requestServiceChannel"}
03/08/2025 19:33:48 Mitteleuropäische Normalzeit: Information : 6 :Received request "3" for method "requestServiceChannel".
03/08/2025 19:33:48 Mitteleuropäische Normalzeit: Information : 9 :Invoking Microsoft.VisualStudio.Utilities.ServiceBroker.GlobalBrokeredServiceContainer+View.RequestServiceChannelAsync(ServiceMoniker, ServiceActivationOptions, CancellationToken)
03/08/2025 19:33:48 Mitteleuropäische Normalzeit : Start : requestServiceChannel
03/08/2025 19:33:48 Mitteleuropäische Normalzeit : Stop : requestServiceChannel
03/08/2025 19:33:48 Mitteleuropäische Normalzeit: Information : 8 :{"id":3}
03/08/2025 19:33:48 Mitteleuropäische Normalzeit: Information : 7 :{"id":4,"method":"requestServiceChannel"}
03/08/2025 19:33:48 Mitteleuropäische Normalzeit: Information : 6 :Received request "4" for method "requestServiceChannel".
03/08/2025 19:33:48 Mitteleuropäische Normalzeit: Information : 9 :Invoking Microsoft.VisualStudio.Utilities.ServiceBroker.GlobalBrokeredServiceContainer+View.RequestServiceChannelAsync(ServiceMoniker, ServiceActivationOptions, CancellationToken)
03/08/2025 19:33:48 Mitteleuropäische Normalzeit : Start : requestServiceChannel
03/08/2025 19:33:48 Mitteleuropäische Normalzeit : Stop : requestServiceChannel
03/08/2025 19:33:48 Mitteleuropäische Normalzeit: Information : 8 :{"id":4}
03/08/2025 19:33:48 Mitteleuropäische Normalzeit: Information : 7 :{"id":5,"method":"requestServiceChannel"}
03/08/2025 19:33:48 Mitteleuropäische Normalzeit: Information : 6 :Received request "5" for method "requestServiceChannel".
03/08/2025 19:33:48 Mitteleuropäische Normalzeit: Information : 9 :Invoking Microsoft.VisualStudio.Utilities.ServiceBroker.GlobalBrokeredServiceContainer+View.RequestServiceChannelAsync(ServiceMoniker, ServiceActivationOptions, CancellationToken)
03/08/2025 19:33:48 Mitteleuropäische Normalzeit : Start : requestServiceChannel
03/08/2025 19:33:48 Mitteleuropäische Normalzeit : Stop : requestServiceChannel
03/08/2025 19:33:48 Mitteleuropäische Normalzeit: Information : 8 :{"id":5}
03/08/2025 19:33:49 Mitteleuropäische Normalzeit: Information : 7 :{"id":6,"method":"requestServiceChannel"}
03/08/2025 19:33:49 Mitteleuropäische Normalzeit: Information : 6 :Received request "6" for method "requestServiceChannel".
03/08/2025 19:33:49 Mitteleuropäische Normalzeit: Information : 9 :Invoking Microsoft.VisualStudio.Utilities.ServiceBroker.GlobalBrokeredServiceContainer+View.RequestServiceChannelAsync(ServiceMoniker, ServiceActivationOptions, CancellationToken)
03/08/2025 19:33:49 Mitteleuropäische Normalzeit : Start : requestServiceChannel
03/08/2025 19:33:49 Mitteleuropäische Normalzeit : Stop : requestServiceChannel
03/08/2025 19:33:49 Mitteleuropäische Normalzeit: Information : 8 :{"id":6}
03/08/2025 19:33:49 Mitteleuropäische Normalzeit: Information : 7 :{"id":7,"method":"requestServiceChannel"}
03/08/2025 19:33:49 Mitteleuropäische Normalzeit: Information : 6 :Received request "7" for method "requestServiceChannel".
03/08/2025 19:33:49 Mitteleuropäische Normalzeit: Information : 9 :Invoking Microsoft.VisualStudio.Utilities.ServiceBroker.GlobalBrokeredServiceContainer+View.RequestServiceChannelAsync(ServiceMoniker, ServiceActivationOptions, CancellationToken)
03/08/2025 19:33:49 Mitteleuropäische Normalzeit : Start : requestServiceChannel
03/08/2025 19:33:49 Mitteleuropäische Normalzeit : Stop : requestServiceChannel
03/08/2025 19:33:49 Mitteleuropäische Normalzeit: Information : 8 :{"id":7}
03/08/2025 19:33:49 Mitteleuropäische Normalzeit: Information : 7 :{"id":8,"method":"requestServiceChannel"}
03/08/2025 19:33:49 Mitteleuropäische Normalzeit: Information : 6 :Received request "8" for method "requestServiceChannel".
03/08/2025 19:33:49 Mitteleuropäische Normalzeit: Information : 9 :Invoking Microsoft.VisualStudio.Utilities.ServiceBroker.GlobalBrokeredServiceContainer+View.RequestServiceChannelAsync(ServiceMoniker, ServiceActivationOptions, CancellationToken)
03/08/2025 19:33:49 Mitteleuropäische Normalzeit : Transfer : Transfer, relatedActivityId=76341b63-355b-4b49-865d-e2a836064dd9
03/08/2025 19:33:49 Mitteleuropäische Normalzeit : Start : requestServiceChannel
03/08/2025 19:33:49 Mitteleuropäische Normalzeit : Stop : requestServiceChannel
03/08/2025 19:33:49 Mitteleuropäische Normalzeit : Transfer : Transfer, relatedActivityId=177590d1-756e-46a8-b663-f9ec21b33f0f
03/08/2025 19:33:49 Mitteleuropäische Normalzeit: Information : 8 :{"id":8}
03/08/2025 19:33:50 Mitteleuropäische Normalzeit: Information : 7 :{"id":9,"method":"requestServiceChannel"}
03/08/2025 19:33:50 Mitteleuropäische Normalzeit: Information : 6 :Received request "9" for method "requestServiceChannel".
03/08/2025 19:33:50 Mitteleuropäische Normalzeit: Information : 9 :Invoking Microsoft.VisualStudio.Utilities.ServiceBroker.GlobalBrokeredServiceContainer+View.RequestServiceChannelAsync(ServiceMoniker, ServiceActivationOptions, CancellationToken)
03/08/2025 19:33:50 Mitteleuropäische Normalzeit : Start : requestServiceChannel
03/08/2025 19:33:50 Mitteleuropäische Normalzeit : Stop : requestServiceChannel
03/08/2025 19:33:50 Mitteleuropäische Normalzeit: Information : 8 :{"id":9}
03/08/2025 19:33:51 Mitteleuropäische Normalzeit: Information : 7 :{"id":10,"method":"requestServiceChannel"}
03/08/2025 19:33:51 Mitteleuropäische Normalzeit: Information : 6 :Received request "10" for method "requestServiceChannel".
03/08/2025 19:33:51 Mitteleuropäische Normalzeit: Information : 9 :Invoking Microsoft.VisualStudio.Utilities.ServiceBroker.GlobalBrokeredServiceContainer+View.RequestServiceChannelAsync(ServiceMoniker, ServiceActivationOptions, CancellationToken)
03/08/2025 19:33:51 Mitteleuropäische Normalzeit : Start : requestServiceChannel
03/08/2025 19:33:51 Mitteleuropäische Normalzeit: Information : 7 :{"id":11,"method":"requestServiceChannel"}
03/08/2025 19:33:51 Mitteleuropäische Normalzeit: Information : 6 :Received request "11" for method "requestServiceChannel".
03/08/2025 19:33:51 Mitteleuropäische Normalzeit: Information : 9 :Invoking Microsoft.VisualStudio.Utilities.ServiceBroker.GlobalBrokeredServiceContainer+View.RequestServiceChannelAsync(ServiceMoniker, ServiceActivationOptions, CancellationToken)
03/08/2025 19:33:51 Mitteleuropäische Normalzeit : Start : requestServiceChannel
03/08/2025 19:33:51 Mitteleuropäische Normalzeit : Stop : requestServiceChannel
03/08/2025 19:33:51 Mitteleuropäische Normalzeit: Information : 8 :{"id":11}
03/08/2025 19:33:51 Mitteleuropäische Normalzeit : Stop : requestServiceChannel
03/08/2025 19:33:51 Mitteleuropäische Normalzeit: Information : 8 :{"id":10}
03/08/2025 19:33:54 Mitteleuropäische Normalzeit: Information : 7 :{"id":12,"method":"requestServiceChannel"}
03/08/2025 19:33:54 Mitteleuropäische Normalzeit: Information : 6 :Received request "12" for method "requestServiceChannel".
03/08/2025 19:33:54 Mitteleuropäische Normalzeit: Information : 9 :Invoking Microsoft.VisualStudio.Utilities.ServiceBroker.GlobalBrokeredServiceContainer+View.RequestServiceChannelAsync(ServiceMoniker, ServiceActivationOptions, CancellationToken)
03/08/2025 19:33:54 Mitteleuropäische Normalzeit : Start : requestServiceChannel
03/08/2025 19:33:54 Mitteleuropäische Normalzeit : Stop : requestServiceChannel
03/08/2025 19:33:54 Mitteleuropäische Normalzeit: Information : 8 :{"id":12}
03/08/2025 19:33:54 Mitteleuropäische Normalzeit: Information : 7 :{"id":13,"method":"requestServiceChannel"}
03/08/2025 19:33:54 Mitteleuropäische Normalzeit: Information : 6 :Received request "13" for method "requestServiceChannel".
03/08/2025 19:33:54 Mitteleuropäische Normalzeit: Information : 9 :Invoking Microsoft.VisualStudio.Utilities.ServiceBroker.GlobalBrokeredServiceContainer+View.RequestServiceChannelAsync(ServiceMoniker, ServiceActivationOptions, CancellationToken)
03/08/2025 19:33:54 Mitteleuropäische Normalzeit : Start : requestServiceChannel
03/08/2025 19:33:54 Mitteleuropäische Normalzeit : Stop : requestServiceChannel
03/08/2025 19:33:54 Mitteleuropäische Normalzeit: Information : 8 :{"id":13}
