03/06/2025 15:04:55 Mitteleuropäische Normalzeit : Information : Local timezone is (UTC+01:00) Mitteleuropäische Zeit (Wien)
03/06/2025 15:04:55 Mitteleuropäische Normalzeit : Information : Service Hub .NET service module host started. Host id: dotnet$C94B8CFE-E3FD-4BAF-A941-2866DBB566FE. Controller pipe: net.pipe://44928BF2FA. PID: 4538
03/06/2025 15:04:55 Mitteleuropäische Normalzeit : Information : hubHostClr read: Content-Length: 116

{"jsonrpc":"2.0","id":2,"method":"InitializeHostAsync","params":[{"HostsRootDirectory":".","AppConfigFallback":""}]}
03/06/2025 15:04:55 Mitteleuropäische Normalzeit : Information : hubHostClr write: Content-Length: 79

{"jsonrpc":"2.0","id":2,"result":"dotnet$C94B8CFE-E3FD-4BAF-A941-2866DBB566FE"}
03/06/2025 15:04:55 Mitteleuropäische Normalzeit : Information : hubHostClr read: Content-Length: 1044

{"jsonrpc":"2.0","id":3,"method":"StartServiceAsync","params":[{"name":"Microsoft.VisualStudio.TestWindow.VSCode.Service","host":"dotnet","hostId":"C94B8CFE-E3FD-4BAF-A941-2866DBB566FE","serviceBaseDirectory":"/Users/MacBook/.vscode/extensions/ms-dotnettools.csdevkit-1.16.6-darwin-arm64/components/VSUnitTesting/platforms/darwin-arm64/node_modules/@microsoft/visualstudio-testwindow-vscode-service.darwin-arm64","entryPoint":{"assemblyPath":"/Users/MacBook/.vscode/extensions/ms-dotnettools.csdevkit-1.16.6-darwin-arm64/components/VSUnitTesting/platforms/darwin-arm64/node_modules/@microsoft/visualstudio-testwindow-vscode-service.darwin-arm64/Microsoft.VisualStudio.TestWindow.VSCode.Service.dll","fullClassName":"Microsoft.VisualStudio.TestWindow.VSCode.Service.TestWindowVSCodeServiceFactory"}},{"ActivationArguments":{"__servicehub__ServiceHubRemoteServiceBrokerPipeName":"/Users/MacBook/.ServiceHub/787b3660f3/025435591c","__servicehub__RequestedServiceVersion":"0.1"},"ClientCredentials":{},"ClientCulture":"de","ClientUICulture":"de"}]}
03/06/2025 15:04:55 Mitteleuropäische Normalzeit : Information : hubHostClr read: Content-Length: 1031

{"jsonrpc":"2.0","id":4,"method":"StartServiceAsync","params":[{"name":"Microsoft.VisualStudio.Debugger.HotReloadSessionNotificationService","host":"dotnet","hostId":"C94B8CFE-E3FD-4BAF-A941-2866DBB566FE","serviceBaseDirectory":"/Users/MacBook/.vscode/extensions/ms-dotnettools.csdevkit-1.16.6-darwin-arm64/components/VSDebugCore/platforms/darwin-arm64/node_modules/@microsoft/visualstudio-debugger-devkit.darwin-arm64","entryPoint":{"assemblyPath":"/Users/MacBook/.vscode/extensions/ms-dotnettools.csdevkit-1.16.6-darwin-arm64/components/VSDebugCore/platforms/darwin-arm64/node_modules/@microsoft/visualstudio-debugger-devkit.darwin-arm64/Microsoft.VisualStudio.Debugger.DevKit.dll","fullClassName":"Microsoft.VisualStudio.Debugger.HotReloadSessionNotificationService+Factory"}},{"ActivationArguments":{"__servicehub__ServiceHubRemoteServiceBrokerPipeName":"/Users/MacBook/.ServiceHub/787b3660f3/5f61c753da","__servicehub__RequestedServiceVersion":"0.1"},"ClientCredentials":{},"ClientCulture":"de-AT","ClientUICulture":"en-US"}]}
03/06/2025 15:04:55 Mitteleuropäische Normalzeit : Information : CLR host received start request for service 'Microsoft.VisualStudio.TestWindow.VSCode.Service'
03/06/2025 15:04:55 Mitteleuropäische Normalzeit : Information : Loading service module assembly '/Users/MacBook/.vscode/extensions/ms-dotnettools.csdevkit-1.16.6-darwin-arm64/components/VSUnitTesting/platforms/darwin-arm64/node_modules/@microsoft/visualstudio-testwindow-vscode-service.darwin-arm64/Microsoft.VisualStudio.TestWindow.VSCode.Service.dll' from '/Users/MacBook/.vscode/extensions/ms-dotnettools.csdevkit-1.16.6-darwin-arm64/components/VSUnitTesting/platforms/darwin-arm64/node_modules/@microsoft/visualstudio-testwindow-vscode-service.darwin-arm64'
03/06/2025 15:04:55 Mitteleuropäische Normalzeit : Information : Starting service module 'Microsoft.VisualStudio.TestWindow.VSCode.Service'. Class: Microsoft.VisualStudio.TestWindow.VSCode.Service.TestWindowVSCodeServiceFactory, Supported Version: 
03/06/2025 15:04:55 Mitteleuropäische Normalzeit : Information : Started service 'Microsoft.VisualStudio.TestWindow.VSCode.Service'. Pipe name: /Users/MacBook/.ServiceHub/787b3660f3/cf7f49fb82, Supported Version: 
03/06/2025 15:04:55 Mitteleuropäische Normalzeit : Information : CLR host received start request for service 'Microsoft.VisualStudio.Debugger.HotReloadSessionNotificationService'
03/06/2025 15:04:55 Mitteleuropäische Normalzeit : Information : Loading service module assembly '/Users/MacBook/.vscode/extensions/ms-dotnettools.csdevkit-1.16.6-darwin-arm64/components/VSDebugCore/platforms/darwin-arm64/node_modules/@microsoft/visualstudio-debugger-devkit.darwin-arm64/Microsoft.VisualStudio.Debugger.DevKit.dll' from '/Users/MacBook/.vscode/extensions/ms-dotnettools.csdevkit-1.16.6-darwin-arm64/components/VSDebugCore/platforms/darwin-arm64/node_modules/@microsoft/visualstudio-debugger-devkit.darwin-arm64'
03/06/2025 15:04:55 Mitteleuropäische Normalzeit : Information : hubHostClr write: Content-Length: 84

{"jsonrpc":"2.0","id":3,"result":"/Users/MacBook/.ServiceHub/787b3660f3/cf7f49fb82"}
03/06/2025 15:04:55 Mitteleuropäische Normalzeit : Information : Starting service module 'Microsoft.VisualStudio.Debugger.HotReloadSessionNotificationService'. Class: Microsoft.VisualStudio.Debugger.HotReloadSessionNotificationService+Factory, Supported Version: 
03/06/2025 15:04:55 Mitteleuropäische Normalzeit : Information : Started service 'Microsoft.VisualStudio.Debugger.HotReloadSessionNotificationService'. Pipe name: /Users/MacBook/.ServiceHub/787b3660f3/b33d1f6307, Supported Version: 
03/06/2025 15:04:55 Mitteleuropäische Normalzeit : Information : hubHostClr write: Content-Length: 84

{"jsonrpc":"2.0","id":4,"result":"/Users/MacBook/.ServiceHub/787b3660f3/b33d1f6307"}
03/06/2025 15:04:56 Mitteleuropäische Normalzeit : Information : A new client connected to CLR service module 'Microsoft.VisualStudio.Debugger.HotReloadSessionNotificationService'
03/06/2025 15:04:56 Mitteleuropäische Normalzeit : Information : A new client connected to CLR service module 'Microsoft.VisualStudio.TestWindow.VSCode.Service'
03/06/2025 15:04:56 Mitteleuropäische Normalzeit : Information : Found FactoryVersion=Version2 for service : Microsoft.VisualStudio.Debugger.HotReloadSessionNotificationService.
03/06/2025 15:04:56 Mitteleuropäische Normalzeit : Information : Service 'Microsoft.VisualStudio.Debugger.HotReloadSessionNotificationService+Factory' implements IServiceHubServiceFactory. Creating factory instance and caching it.
03/06/2025 15:04:56 Mitteleuropäische Normalzeit : Information : Found FactoryVersion=Version2 for service : Microsoft.VisualStudio.TestWindow.VSCode.Service.
03/06/2025 15:04:56 Mitteleuropäische Normalzeit : Information : Service 'Microsoft.VisualStudio.TestWindow.VSCode.Service.TestWindowVSCodeServiceFactory' implements IServiceHubServiceFactory. Creating factory instance and caching it.
03/06/2025 15:04:56 Mitteleuropäische Normalzeit : Information : hubHostClr write: Content-Length: 110

{"jsonrpc":"2.0","method":"HostServicesStartedAsync","params":["dotnet$C94B8CFE-E3FD-4BAF-A941-2866DBB566FE"]}
03/06/2025 15:04:56 Mitteleuropäische Normalzeit : Information : Creating service Microsoft.VisualStudio.TestWindow.VSCode.Service.TestWindowVSCodeServiceFactory from factory with FactoryVersion=Version2 and ClientRequestedVersion=0.1.
03/06/2025 15:04:56 Mitteleuropäische Normalzeit : Information : Creating service Microsoft.VisualStudio.Debugger.HotReloadSessionNotificationService+Factory from factory with FactoryVersion=Version2 and ClientRequestedVersion=0.1.
03/06/2025 15:04:56 Mitteleuropäische Normalzeit : Information : Setting up RPC connection for service 'Microsoft.VisualStudio.Debugger.HotReloadSessionNotificationService+Factory' from factory
03/06/2025 15:04:56 Mitteleuropäische Normalzeit : Information : Setting up RPC connection for service 'Microsoft.VisualStudio.TestWindow.VSCode.Service.TestWindowVSCodeServiceFactory' from factory
03/06/2025 15:04:56 Mitteleuropäische Normalzeit : Information : Completed RPC connection setup for service 'Microsoft.VisualStudio.TestWindow.VSCode.Service.TestWindowVSCodeServiceFactory' from factory
03/06/2025 15:04:56 Mitteleuropäische Normalzeit : Information : Completed RPC connection setup for service 'Microsoft.VisualStudio.Debugger.HotReloadSessionNotificationService+Factory' from factory
03/06/2025 15:04:56 Mitteleuropäische Normalzeit : Information : hubHostClr read: Content-Length: 1093

{"jsonrpc":"2.0","id":5,"method":"StartServiceAsync","params":[{"name":"Microsoft.VisualStudio.TestWindow.VSCode.ProjectSystemProvider.Service","host":"dotnet","hostId":"C94B8CFE-E3FD-4BAF-A941-2866DBB566FE","serviceBaseDirectory":"/Users/MacBook/.vscode/extensions/ms-dotnettools.csdevkit-1.16.6-darwin-arm64/components/VSUnitTesting/platforms/darwin-arm64/node_modules/@microsoft/visualstudio-testwindow-vscode-service.darwin-arm64","entryPoint":{"assemblyPath":"/Users/MacBook/.vscode/extensions/ms-dotnettools.csdevkit-1.16.6-darwin-arm64/components/VSUnitTesting/platforms/darwin-arm64/node_modules/@microsoft/visualstudio-testwindow-vscode-service.darwin-arm64/Microsoft.VisualStudio.TestWindow.VSCode.Service.dll","fullClassName":"Microsoft.VisualStudio.TestWindow.VSCode.ProjectSystemProvider.Service.ProjectSystemProviderServiceFactory"}},{"ActivationArguments":{"__servicehub__ServiceHubRemoteServiceBrokerPipeName":"/Users/MacBook/.ServiceHub/787b3660f3/5a5956697c","__servicehub__RequestedServiceVersion":"0.1"},"ClientCredentials":{},"ClientCulture":"de","ClientUICulture":"de"}]}
03/06/2025 15:04:56 Mitteleuropäische Normalzeit : Information : CLR host received start request for service 'Microsoft.VisualStudio.TestWindow.VSCode.ProjectSystemProvider.Service'
03/06/2025 15:04:56 Mitteleuropäische Normalzeit : Information : Loading service module assembly '/Users/MacBook/.vscode/extensions/ms-dotnettools.csdevkit-1.16.6-darwin-arm64/components/VSUnitTesting/platforms/darwin-arm64/node_modules/@microsoft/visualstudio-testwindow-vscode-service.darwin-arm64/Microsoft.VisualStudio.TestWindow.VSCode.Service.dll' from '/Users/MacBook/.vscode/extensions/ms-dotnettools.csdevkit-1.16.6-darwin-arm64/components/VSUnitTesting/platforms/darwin-arm64/node_modules/@microsoft/visualstudio-testwindow-vscode-service.darwin-arm64'
03/06/2025 15:04:56 Mitteleuropäische Normalzeit : Information : Starting service module 'Microsoft.VisualStudio.TestWindow.VSCode.ProjectSystemProvider.Service'. Class: Microsoft.VisualStudio.TestWindow.VSCode.ProjectSystemProvider.Service.ProjectSystemProviderServiceFactory, Supported Version: 
03/06/2025 15:04:56 Mitteleuropäische Normalzeit : Information : Started service 'Microsoft.VisualStudio.TestWindow.VSCode.ProjectSystemProvider.Service'. Pipe name: /Users/MacBook/.ServiceHub/787b3660f3/ea8ad3fb62, Supported Version: 
03/06/2025 15:04:56 Mitteleuropäische Normalzeit : Information : hubHostClr write: Content-Length: 84

{"jsonrpc":"2.0","id":5,"result":"/Users/MacBook/.ServiceHub/787b3660f3/ea8ad3fb62"}
03/06/2025 15:04:56 Mitteleuropäische Normalzeit : Information : A new client connected to CLR service module 'Microsoft.VisualStudio.TestWindow.VSCode.ProjectSystemProvider.Service'
03/06/2025 15:04:56 Mitteleuropäische Normalzeit : Information : Found FactoryVersion=Version2 for service : Microsoft.VisualStudio.TestWindow.VSCode.ProjectSystemProvider.Service.
03/06/2025 15:04:56 Mitteleuropäische Normalzeit : Information : Service 'Microsoft.VisualStudio.TestWindow.VSCode.ProjectSystemProvider.Service.ProjectSystemProviderServiceFactory' implements IServiceHubServiceFactory. Creating factory instance and caching it.
03/06/2025 15:04:56 Mitteleuropäische Normalzeit : Information : Creating service Microsoft.VisualStudio.TestWindow.VSCode.ProjectSystemProvider.Service.ProjectSystemProviderServiceFactory from factory with FactoryVersion=Version2 and ClientRequestedVersion=0.1.
03/06/2025 15:04:56 Mitteleuropäische Normalzeit : Information : Setting up RPC connection for service 'Microsoft.VisualStudio.TestWindow.VSCode.ProjectSystemProvider.Service.ProjectSystemProviderServiceFactory' from factory
03/06/2025 15:04:56 Mitteleuropäische Normalzeit : Information : Completed RPC connection setup for service 'Microsoft.VisualStudio.TestWindow.VSCode.ProjectSystemProvider.Service.ProjectSystemProviderServiceFactory' from factory
03/06/2025 18:32:01 Mitteleuropäische Normalzeit : Information : hubHostClr read: Content-Length: 1032

{"jsonrpc":"2.0","id":6,"method":"StartServiceAsync","params":[{"name":"Microsoft.VisualStudio.Debugger.SymbolLocatorService","host":"dotnet","hostId":"C94B8CFE-E3FD-4BAF-A941-2866DBB566FE","serviceBaseDirectory":"/Users/MacBook/.vscode/extensions/ms-dotnettools.csdevkit-1.16.6-darwin-arm64/components/VSDebugCore/platforms/darwin-arm64/node_modules/@microsoft/visualstudio-debugger-devkit.darwin-arm64","entryPoint":{"assemblyPath":"/Users/MacBook/.vscode/extensions/ms-dotnettools.csdevkit-1.16.6-darwin-arm64/components/VSDebugCore/platforms/darwin-arm64/node_modules/@microsoft/visualstudio-debugger-devkit.darwin-arm64/Microsoft.VisualStudio.Debugger.DevKit.dll","fullClassName":"Microsoft.VisualStudio.Debugger.BrokeredServices.SymbolLocator.SymbolLocatorService+Factory"}},{"ActivationArguments":{"__servicehub__ServiceHubRemoteServiceBrokerPipeName":"/Users/MacBook/.ServiceHub/787b3660f3/af1f5695f3","__servicehub__RequestedServiceVersion":"0.1"},"ClientCredentials":{},"ClientCulture":"de-AT","ClientUICulture":"en-US"}]}
03/06/2025 18:32:01 Mitteleuropäische Normalzeit : Information : CLR host received start request for service 'Microsoft.VisualStudio.Debugger.SymbolLocatorService'
03/06/2025 18:32:01 Mitteleuropäische Normalzeit : Information : Loading service module assembly '/Users/MacBook/.vscode/extensions/ms-dotnettools.csdevkit-1.16.6-darwin-arm64/components/VSDebugCore/platforms/darwin-arm64/node_modules/@microsoft/visualstudio-debugger-devkit.darwin-arm64/Microsoft.VisualStudio.Debugger.DevKit.dll' from '/Users/MacBook/.vscode/extensions/ms-dotnettools.csdevkit-1.16.6-darwin-arm64/components/VSDebugCore/platforms/darwin-arm64/node_modules/@microsoft/visualstudio-debugger-devkit.darwin-arm64'
03/06/2025 18:32:01 Mitteleuropäische Normalzeit : Information : Starting service module 'Microsoft.VisualStudio.Debugger.SymbolLocatorService'. Class: Microsoft.VisualStudio.Debugger.BrokeredServices.SymbolLocator.SymbolLocatorService+Factory, Supported Version: 
03/06/2025 18:32:01 Mitteleuropäische Normalzeit : Information : Started service 'Microsoft.VisualStudio.Debugger.SymbolLocatorService'. Pipe name: /Users/MacBook/.ServiceHub/787b3660f3/68ed14ca4e, Supported Version: 
03/06/2025 18:32:01 Mitteleuropäische Normalzeit : Information : hubHostClr write: Content-Length: 84

{"jsonrpc":"2.0","id":6,"result":"/Users/MacBook/.ServiceHub/787b3660f3/68ed14ca4e"}
03/06/2025 18:32:01 Mitteleuropäische Normalzeit : Information : A new client connected to CLR service module 'Microsoft.VisualStudio.Debugger.SymbolLocatorService'
03/06/2025 18:32:01 Mitteleuropäische Normalzeit : Information : Found FactoryVersion=Version2 for service : Microsoft.VisualStudio.Debugger.SymbolLocatorService.
03/06/2025 18:32:01 Mitteleuropäische Normalzeit : Information : Service 'Microsoft.VisualStudio.Debugger.BrokeredServices.SymbolLocator.SymbolLocatorService+Factory' implements IServiceHubServiceFactory. Creating factory instance and caching it.
03/06/2025 18:32:01 Mitteleuropäische Normalzeit : Information : Creating service Microsoft.VisualStudio.Debugger.BrokeredServices.SymbolLocator.SymbolLocatorService+Factory from factory with FactoryVersion=Version2 and ClientRequestedVersion=0.1.
03/06/2025 18:32:01 Mitteleuropäische Normalzeit : Information : Setting up RPC connection for service 'Microsoft.VisualStudio.Debugger.BrokeredServices.SymbolLocator.SymbolLocatorService+Factory' from factory
03/06/2025 18:32:02 Mitteleuropäische Normalzeit : Information : Completed RPC connection setup for service 'Microsoft.VisualStudio.Debugger.BrokeredServices.SymbolLocator.SymbolLocatorService+Factory' from factory
03/06/2025 18:32:02 Mitteleuropäische Normalzeit : Information : Checking if 'Microsoft.VisualStudio.Debugger.BrokeredServices.SymbolLocator.SymbolLocatorService+Factory' implements Microsoft.VisualStudio.Threading.IAsyncDisposable.
03/06/2025 18:32:02 Mitteleuropäische Normalzeit : Information : Checking if 'Microsoft.VisualStudio.Debugger.BrokeredServices.SymbolLocator.SymbolLocatorService+Factory' implements System.IAsyncDisposable.
03/06/2025 18:32:02 Mitteleuropäische Normalzeit : Information : Checking if 'Microsoft.VisualStudio.Debugger.BrokeredServices.SymbolLocator.SymbolLocatorService+Factory' implements System.IDisposable.
03/06/2025 18:32:02 Mitteleuropäische Normalzeit : Information : hubHostClr read: Content-Length: 995

{"jsonrpc":"2.0","id":7,"method":"StartServiceAsync","params":[{"name":"Microsoft.VisualStudio.Debugger.SourceLinkService","host":"dotnet","hostId":"C94B8CFE-E3FD-4BAF-A941-2866DBB566FE","serviceBaseDirectory":"/Users/MacBook/.vscode/extensions/ms-dotnettools.csdevkit-1.16.6-darwin-arm64/components/VSDebugCore/platforms/darwin-arm64/node_modules/@microsoft/visualstudio-debugger-devkit.darwin-arm64","entryPoint":{"assemblyPath":"/Users/MacBook/.vscode/extensions/ms-dotnettools.csdevkit-1.16.6-darwin-arm64/components/VSDebugCore/platforms/darwin-arm64/node_modules/@microsoft/visualstudio-debugger-devkit.darwin-arm64/Microsoft.VisualStudio.Debugger.DevKit.dll","fullClassName":"Microsoft.VisualStudio.Debugger.SourceLinkService+Factory"}},{"ActivationArguments":{"__servicehub__ServiceHubRemoteServiceBrokerPipeName":"/Users/MacBook/.ServiceHub/787b3660f3/545d084261","__servicehub__RequestedServiceVersion":"0.1"},"ClientCredentials":{},"ClientCulture":"de-AT","ClientUICulture":"en-US"}]}
03/06/2025 18:32:02 Mitteleuropäische Normalzeit : Information : CLR host received start request for service 'Microsoft.VisualStudio.Debugger.SourceLinkService'
03/06/2025 18:32:02 Mitteleuropäische Normalzeit : Information : Loading service module assembly '/Users/MacBook/.vscode/extensions/ms-dotnettools.csdevkit-1.16.6-darwin-arm64/components/VSDebugCore/platforms/darwin-arm64/node_modules/@microsoft/visualstudio-debugger-devkit.darwin-arm64/Microsoft.VisualStudio.Debugger.DevKit.dll' from '/Users/MacBook/.vscode/extensions/ms-dotnettools.csdevkit-1.16.6-darwin-arm64/components/VSDebugCore/platforms/darwin-arm64/node_modules/@microsoft/visualstudio-debugger-devkit.darwin-arm64'
03/06/2025 18:32:02 Mitteleuropäische Normalzeit : Information : Starting service module 'Microsoft.VisualStudio.Debugger.SourceLinkService'. Class: Microsoft.VisualStudio.Debugger.SourceLinkService+Factory, Supported Version: 
03/06/2025 18:32:02 Mitteleuropäische Normalzeit : Information : Started service 'Microsoft.VisualStudio.Debugger.SourceLinkService'. Pipe name: /Users/MacBook/.ServiceHub/787b3660f3/e4ca533411, Supported Version: 
03/06/2025 18:32:02 Mitteleuropäische Normalzeit : Information : hubHostClr write: Content-Length: 84

{"jsonrpc":"2.0","id":7,"result":"/Users/MacBook/.ServiceHub/787b3660f3/e4ca533411"}
03/06/2025 18:32:02 Mitteleuropäische Normalzeit : Information : A new client connected to CLR service module 'Microsoft.VisualStudio.Debugger.SourceLinkService'
03/06/2025 18:32:02 Mitteleuropäische Normalzeit : Information : Found FactoryVersion=Version2 for service : Microsoft.VisualStudio.Debugger.SourceLinkService.
03/06/2025 18:32:02 Mitteleuropäische Normalzeit : Information : Service 'Microsoft.VisualStudio.Debugger.SourceLinkService+Factory' implements IServiceHubServiceFactory. Creating factory instance and caching it.
03/06/2025 18:32:02 Mitteleuropäische Normalzeit : Information : Creating service Microsoft.VisualStudio.Debugger.SourceLinkService+Factory from factory with FactoryVersion=Version2 and ClientRequestedVersion=0.1.
03/06/2025 18:32:02 Mitteleuropäische Normalzeit : Information : Setting up RPC connection for service 'Microsoft.VisualStudio.Debugger.SourceLinkService+Factory' from factory
03/06/2025 18:32:02 Mitteleuropäische Normalzeit : Information : Completed RPC connection setup for service 'Microsoft.VisualStudio.Debugger.SourceLinkService+Factory' from factory
03/06/2025 18:32:02 Mitteleuropäische Normalzeit : Information : Checking if 'Microsoft.VisualStudio.Debugger.SourceLinkService+Factory' implements Microsoft.VisualStudio.Threading.IAsyncDisposable.
03/06/2025 18:32:02 Mitteleuropäische Normalzeit : Information : Checking if 'Microsoft.VisualStudio.Debugger.SourceLinkService+Factory' implements System.IAsyncDisposable.
03/06/2025 18:32:02 Mitteleuropäische Normalzeit : Information : Checking if 'Microsoft.VisualStudio.Debugger.SourceLinkService+Factory' implements System.IDisposable.
03/06/2025 18:32:03 Mitteleuropäische Normalzeit : Information : hubHostClr read: Content-Length: 1032

{"jsonrpc":"2.0","id":8,"method":"StartServiceAsync","params":[{"name":"Microsoft.VisualStudio.Debugger.SymbolLocatorService","host":"dotnet","hostId":"C94B8CFE-E3FD-4BAF-A941-2866DBB566FE","serviceBaseDirectory":"/Users/MacBook/.vscode/extensions/ms-dotnettools.csdevkit-1.16.6-darwin-arm64/components/VSDebugCore/platforms/darwin-arm64/node_modules/@microsoft/visualstudio-debugger-devkit.darwin-arm64","entryPoint":{"assemblyPath":"/Users/MacBook/.vscode/extensions/ms-dotnettools.csdevkit-1.16.6-darwin-arm64/components/VSDebugCore/platforms/darwin-arm64/node_modules/@microsoft/visualstudio-debugger-devkit.darwin-arm64/Microsoft.VisualStudio.Debugger.DevKit.dll","fullClassName":"Microsoft.VisualStudio.Debugger.BrokeredServices.SymbolLocator.SymbolLocatorService+Factory"}},{"ActivationArguments":{"__servicehub__ServiceHubRemoteServiceBrokerPipeName":"/Users/MacBook/.ServiceHub/787b3660f3/4d345f5a72","__servicehub__RequestedServiceVersion":"0.1"},"ClientCredentials":{},"ClientCulture":"de-AT","ClientUICulture":"en-US"}]}
03/06/2025 18:32:03 Mitteleuropäische Normalzeit : Information : CLR host received start request for service 'Microsoft.VisualStudio.Debugger.SymbolLocatorService'
03/06/2025 18:32:03 Mitteleuropäische Normalzeit : Information : Loading service module assembly '/Users/MacBook/.vscode/extensions/ms-dotnettools.csdevkit-1.16.6-darwin-arm64/components/VSDebugCore/platforms/darwin-arm64/node_modules/@microsoft/visualstudio-debugger-devkit.darwin-arm64/Microsoft.VisualStudio.Debugger.DevKit.dll' from '/Users/MacBook/.vscode/extensions/ms-dotnettools.csdevkit-1.16.6-darwin-arm64/components/VSDebugCore/platforms/darwin-arm64/node_modules/@microsoft/visualstudio-debugger-devkit.darwin-arm64'
03/06/2025 18:32:03 Mitteleuropäische Normalzeit : Information : Starting service module 'Microsoft.VisualStudio.Debugger.SymbolLocatorService'. Class: Microsoft.VisualStudio.Debugger.BrokeredServices.SymbolLocator.SymbolLocatorService+Factory, Supported Version: 
03/06/2025 18:32:03 Mitteleuropäische Normalzeit : Information : Started service 'Microsoft.VisualStudio.Debugger.SymbolLocatorService'. Pipe name: /Users/MacBook/.ServiceHub/787b3660f3/a654e64623, Supported Version: 
03/06/2025 18:32:03 Mitteleuropäische Normalzeit : Information : hubHostClr write: Content-Length: 84

{"jsonrpc":"2.0","id":8,"result":"/Users/MacBook/.ServiceHub/787b3660f3/a654e64623"}
03/06/2025 18:32:03 Mitteleuropäische Normalzeit : Information : A new client connected to CLR service module 'Microsoft.VisualStudio.Debugger.SymbolLocatorService'
03/06/2025 18:32:03 Mitteleuropäische Normalzeit : Information : Found FactoryVersion=Version2 for service : Microsoft.VisualStudio.Debugger.SymbolLocatorService.
03/06/2025 18:32:03 Mitteleuropäische Normalzeit : Information : Service 'Microsoft.VisualStudio.Debugger.BrokeredServices.SymbolLocator.SymbolLocatorService+Factory' implements IServiceHubServiceFactory. Creating factory instance and caching it.
03/06/2025 18:32:03 Mitteleuropäische Normalzeit : Information : Creating service Microsoft.VisualStudio.Debugger.BrokeredServices.SymbolLocator.SymbolLocatorService+Factory from factory with FactoryVersion=Version2 and ClientRequestedVersion=0.1.
03/06/2025 18:32:03 Mitteleuropäische Normalzeit : Information : Setting up RPC connection for service 'Microsoft.VisualStudio.Debugger.BrokeredServices.SymbolLocator.SymbolLocatorService+Factory' from factory
03/06/2025 18:32:03 Mitteleuropäische Normalzeit : Information : Completed RPC connection setup for service 'Microsoft.VisualStudio.Debugger.BrokeredServices.SymbolLocator.SymbolLocatorService+Factory' from factory
03/06/2025 18:32:03 Mitteleuropäische Normalzeit : Information : Checking if 'Microsoft.VisualStudio.Debugger.BrokeredServices.SymbolLocator.SymbolLocatorService+Factory' implements Microsoft.VisualStudio.Threading.IAsyncDisposable.
03/06/2025 18:32:03 Mitteleuropäische Normalzeit : Information : Checking if 'Microsoft.VisualStudio.Debugger.BrokeredServices.SymbolLocator.SymbolLocatorService+Factory' implements System.IAsyncDisposable.
03/06/2025 18:32:03 Mitteleuropäische Normalzeit : Information : Checking if 'Microsoft.VisualStudio.Debugger.BrokeredServices.SymbolLocator.SymbolLocatorService+Factory' implements System.IDisposable.
03/06/2025 18:32:03 Mitteleuropäische Normalzeit : Information : hubHostClr read: Content-Length: 995

{"jsonrpc":"2.0","id":9,"method":"StartServiceAsync","params":[{"name":"Microsoft.VisualStudio.Debugger.SourceLinkService","host":"dotnet","hostId":"C94B8CFE-E3FD-4BAF-A941-2866DBB566FE","serviceBaseDirectory":"/Users/MacBook/.vscode/extensions/ms-dotnettools.csdevkit-1.16.6-darwin-arm64/components/VSDebugCore/platforms/darwin-arm64/node_modules/@microsoft/visualstudio-debugger-devkit.darwin-arm64","entryPoint":{"assemblyPath":"/Users/MacBook/.vscode/extensions/ms-dotnettools.csdevkit-1.16.6-darwin-arm64/components/VSDebugCore/platforms/darwin-arm64/node_modules/@microsoft/visualstudio-debugger-devkit.darwin-arm64/Microsoft.VisualStudio.Debugger.DevKit.dll","fullClassName":"Microsoft.VisualStudio.Debugger.SourceLinkService+Factory"}},{"ActivationArguments":{"__servicehub__ServiceHubRemoteServiceBrokerPipeName":"/Users/MacBook/.ServiceHub/787b3660f3/b211c00920","__servicehub__RequestedServiceVersion":"0.1"},"ClientCredentials":{},"ClientCulture":"de-AT","ClientUICulture":"en-US"}]}
03/06/2025 18:32:03 Mitteleuropäische Normalzeit : Information : CLR host received start request for service 'Microsoft.VisualStudio.Debugger.SourceLinkService'
03/06/2025 18:32:03 Mitteleuropäische Normalzeit : Information : Loading service module assembly '/Users/MacBook/.vscode/extensions/ms-dotnettools.csdevkit-1.16.6-darwin-arm64/components/VSDebugCore/platforms/darwin-arm64/node_modules/@microsoft/visualstudio-debugger-devkit.darwin-arm64/Microsoft.VisualStudio.Debugger.DevKit.dll' from '/Users/MacBook/.vscode/extensions/ms-dotnettools.csdevkit-1.16.6-darwin-arm64/components/VSDebugCore/platforms/darwin-arm64/node_modules/@microsoft/visualstudio-debugger-devkit.darwin-arm64'
03/06/2025 18:32:03 Mitteleuropäische Normalzeit : Information : Starting service module 'Microsoft.VisualStudio.Debugger.SourceLinkService'. Class: Microsoft.VisualStudio.Debugger.SourceLinkService+Factory, Supported Version: 
03/06/2025 18:32:03 Mitteleuropäische Normalzeit : Information : Started service 'Microsoft.VisualStudio.Debugger.SourceLinkService'. Pipe name: /Users/MacBook/.ServiceHub/787b3660f3/aaffa59cd9, Supported Version: 
03/06/2025 18:32:03 Mitteleuropäische Normalzeit : Information : hubHostClr write: Content-Length: 84

{"jsonrpc":"2.0","id":9,"result":"/Users/MacBook/.ServiceHub/787b3660f3/aaffa59cd9"}
03/06/2025 18:32:03 Mitteleuropäische Normalzeit : Information : A new client connected to CLR service module 'Microsoft.VisualStudio.Debugger.SourceLinkService'
03/06/2025 18:32:03 Mitteleuropäische Normalzeit : Information : Found FactoryVersion=Version2 for service : Microsoft.VisualStudio.Debugger.SourceLinkService.
03/06/2025 18:32:03 Mitteleuropäische Normalzeit : Information : Service 'Microsoft.VisualStudio.Debugger.SourceLinkService+Factory' implements IServiceHubServiceFactory. Creating factory instance and caching it.
03/06/2025 18:32:03 Mitteleuropäische Normalzeit : Information : Creating service Microsoft.VisualStudio.Debugger.SourceLinkService+Factory from factory with FactoryVersion=Version2 and ClientRequestedVersion=0.1.
03/06/2025 18:32:03 Mitteleuropäische Normalzeit : Information : Setting up RPC connection for service 'Microsoft.VisualStudio.Debugger.SourceLinkService+Factory' from factory
03/06/2025 18:32:03 Mitteleuropäische Normalzeit : Information : Completed RPC connection setup for service 'Microsoft.VisualStudio.Debugger.SourceLinkService+Factory' from factory
03/06/2025 18:32:03 Mitteleuropäische Normalzeit : Information : Checking if 'Microsoft.VisualStudio.Debugger.SourceLinkService+Factory' implements Microsoft.VisualStudio.Threading.IAsyncDisposable.
03/06/2025 18:32:03 Mitteleuropäische Normalzeit : Information : Checking if 'Microsoft.VisualStudio.Debugger.SourceLinkService+Factory' implements System.IAsyncDisposable.
03/06/2025 18:32:03 Mitteleuropäische Normalzeit : Information : Checking if 'Microsoft.VisualStudio.Debugger.SourceLinkService+Factory' implements System.IDisposable.
03/07/2025 13:07:11 Mitteleuropäische Normalzeit : Information : Checking if 'Microsoft.VisualStudio.TestWindow.VSCode.Service.TestWindowVSCodeServiceFactory' implements Microsoft.VisualStudio.Threading.IAsyncDisposable.
03/07/2025 13:07:11 Mitteleuropäische Normalzeit : Information : Checking if 'Microsoft.VisualStudio.TestWindow.VSCode.Service.TestWindowVSCodeServiceFactory' implements System.IAsyncDisposable.
03/07/2025 13:07:11 Mitteleuropäische Normalzeit : Information : Checking if 'Microsoft.VisualStudio.TestWindow.VSCode.Service.TestWindowVSCodeServiceFactory' implements System.IDisposable.
03/07/2025 13:07:11 Mitteleuropäische Normalzeit : Information : Checking if 'Microsoft.VisualStudio.TestWindow.VSCode.ProjectSystemProvider.Service.ProjectSystemProviderServiceFactory' implements Microsoft.VisualStudio.Threading.IAsyncDisposable.
03/07/2025 13:07:11 Mitteleuropäische Normalzeit : Information : Checking if 'Microsoft.VisualStudio.TestWindow.VSCode.ProjectSystemProvider.Service.ProjectSystemProviderServiceFactory' implements System.IAsyncDisposable.
03/07/2025 13:07:11 Mitteleuropäische Normalzeit : Information : Checking if 'Microsoft.VisualStudio.TestWindow.VSCode.ProjectSystemProvider.Service.ProjectSystemProviderServiceFactory' implements System.IDisposable.
03/07/2025 13:07:11 Mitteleuropäische Normalzeit : Information : hubHostClr write: Content-Length: 108

{"jsonrpc":"2.0","method":"HostServicesEndedAsync","params":["dotnet$C94B8CFE-E3FD-4BAF-A941-2866DBB566FE"]}
03/07/2025 13:07:11 Mitteleuropäische Normalzeit : Information : Checking if 'Microsoft.VisualStudio.Debugger.HotReloadSessionNotificationService+Factory' implements Microsoft.VisualStudio.Threading.IAsyncDisposable.
03/07/2025 13:07:11 Mitteleuropäische Normalzeit : Information : Checking if 'Microsoft.VisualStudio.Debugger.HotReloadSessionNotificationService+Factory' implements System.IAsyncDisposable.
03/07/2025 13:07:11 Mitteleuropäische Normalzeit : Information : Checking if 'Microsoft.VisualStudio.Debugger.HotReloadSessionNotificationService+Factory' implements System.IDisposable.
03/07/2025 13:07:11 Mitteleuropäische Normalzeit : Information : hubHostClr read: Content-Length: 58

{"jsonrpc":"2.0","id":10,"method":"ExitAsync","params":[]}
03/07/2025 13:07:11 Mitteleuropäische Normalzeit : Information : Exit command received. Exiting CLR host
03/07/2025 13:07:11 Mitteleuropäische Normalzeit : Information : hubHostClr write: Content-Length: 39

{"jsonrpc":"2.0","id":10,"result":null}
03/07/2025 13:07:11 Mitteleuropäische Normalzeit : Information : hubHostClr JSON RPC has been disposed
03/07/2025 13:07:11 Mitteleuropäische Normalzeit : Information : hubHostClr read: end of stream
