03/06/2025 18:32:03 Mitteleuropäische Normalzeit : Information : Local timezone is (UTC+01:00) Mitteleuropäische Zeit (Wien)
03/06/2025 18:32:03 Mitteleuropäische Normalzeit : Information : Added local RPC method "getPipe" -> Microsoft.VisualStudio.Utilities.ServiceBroker.GlobalBrokeredServiceContainer+View.GetPipeAsync(ServiceMoniker, ServiceActivationOptions, CancellationToken) (Microsoft.VisualStudio.Utilities.ServiceBroker.GlobalBrokeredServiceContainer+View)
03/06/2025 18:32:03 Mitteleuropäische Normalzeit : Information : Added local RPC method "getProxy" -> Microsoft.VisualStudio.Utilities.ServiceBroker.GlobalBrokeredServiceContainer+View.GetProxyAsync(ServiceRpcDescriptor, ServiceActivationOptions, CancellationToken) (Microsoft.VisualStudio.Utilities.ServiceBroker.GlobalBrokeredServiceContainer+View)
03/06/2025 18:32:03 Mitteleuropäische Normalzeit : Information : Added local RPC method "handshake" -> Microsoft.VisualStudio.Utilities.ServiceBroker.GlobalBrokeredServiceContainer+View.HandshakeAsync(ServiceBrokerClientMetadata, CancellationToken) (Microsoft.VisualStudio.Utilities.ServiceBroker.GlobalBrokeredServiceContainer+View)
03/06/2025 18:32:03 Mitteleuropäische Normalzeit : Information : Added local RPC method "requestServiceChannel" -> Microsoft.VisualStudio.Utilities.ServiceBroker.GlobalBrokeredServiceContainer+View.RequestServiceChannelAsync(ServiceMoniker, ServiceActivationOptions, CancellationToken) (Microsoft.VisualStudio.Utilities.ServiceBroker.GlobalBrokeredServiceContainer+View)
03/06/2025 18:32:03 Mitteleuropäische Normalzeit : Information : Added local RPC method "cancelServiceRequest" -> Microsoft.VisualStudio.Utilities.ServiceBroker.GlobalBrokeredServiceContainer+View.CancelServiceRequestAsync(Guid) (Microsoft.VisualStudio.Utilities.ServiceBroker.GlobalBrokeredServiceContainer+View)
03/06/2025 18:32:03 Mitteleuropäische Normalzeit : Information : Added local RPC method "getPipe" -> Microsoft.VisualStudio.Utilities.ServiceBroker.GlobalBrokeredServiceContainer+View.GetPipeAsync(ServiceMoniker, ServiceActivationOptions, CancellationToken) (Microsoft.VisualStudio.Utilities.ServiceBroker.GlobalBrokeredServiceContainer+View)
03/06/2025 18:32:03 Mitteleuropäische Normalzeit : Information : Added local RPC method "getProxy" -> Microsoft.VisualStudio.Utilities.ServiceBroker.GlobalBrokeredServiceContainer+View.GetProxyAsync(ServiceRpcDescriptor, ServiceActivationOptions, CancellationToken) (Microsoft.VisualStudio.Utilities.ServiceBroker.GlobalBrokeredServiceContainer+View)
03/06/2025 18:32:03 Mitteleuropäische Normalzeit : Information : Added local RPC method "handshake" -> Microsoft.VisualStudio.Utilities.ServiceBroker.GlobalBrokeredServiceContainer+View.HandshakeAsync(ServiceBrokerClientMetadata, CancellationToken) (Microsoft.VisualStudio.Utilities.ServiceBroker.GlobalBrokeredServiceContainer+View)
03/06/2025 18:32:03 Mitteleuropäische Normalzeit : Information : Added local RPC method "requestServiceChannel" -> Microsoft.VisualStudio.Utilities.ServiceBroker.GlobalBrokeredServiceContainer+View.RequestServiceChannelAsync(ServiceMoniker, ServiceActivationOptions, CancellationToken) (Microsoft.VisualStudio.Utilities.ServiceBroker.GlobalBrokeredServiceContainer+View)
03/06/2025 18:32:03 Mitteleuropäische Normalzeit : Information : Added local RPC method "cancelServiceRequest" -> Microsoft.VisualStudio.Utilities.ServiceBroker.GlobalBrokeredServiceContainer+View.CancelServiceRequestAsync(Guid) (Microsoft.VisualStudio.Utilities.ServiceBroker.GlobalBrokeredServiceContainer+View)
03/06/2025 18:32:03 Mitteleuropäische Normalzeit: Information : 2 :Listening for events from Microsoft.VisualStudio.Utilities.ServiceBroker.GlobalBrokeredServiceContainer+View.AvailabilityChanged to raise notification.
03/06/2025 18:32:03 Mitteleuropäische Normalzeit: Information : 3 :Listening started.
03/06/2025 18:32:03 Mitteleuropäische Normalzeit: Information : 7 :{"id":2,"method":"handshake"}
03/06/2025 18:32:03 Mitteleuropäische Normalzeit: Information : 6 :Received request "2" for method "handshake".
03/06/2025 18:32:03 Mitteleuropäische Normalzeit: Information : 9 :Invoking Microsoft.VisualStudio.Utilities.ServiceBroker.GlobalBrokeredServiceContainer+View.HandshakeAsync(ServiceBrokerClientMetadata, CancellationToken)
03/06/2025 18:32:03 Mitteleuropäische Normalzeit : Start : handshake
03/06/2025 18:32:03 Mitteleuropäische Normalzeit : Stop : handshake
03/06/2025 18:32:03 Mitteleuropäische Normalzeit: Information : 8 :{"id":2}
03/06/2025 18:32:03 Mitteleuropäische Normalzeit: Information : 7 :{"id":3,"method":"requestServiceChannel"}
03/06/2025 18:32:03 Mitteleuropäische Normalzeit: Information : 6 :Received request "3" for method "requestServiceChannel".
03/06/2025 18:32:03 Mitteleuropäische Normalzeit: Information : 9 :Invoking Microsoft.VisualStudio.Utilities.ServiceBroker.GlobalBrokeredServiceContainer+View.RequestServiceChannelAsync(ServiceMoniker, ServiceActivationOptions, CancellationToken)
03/06/2025 18:32:03 Mitteleuropäische Normalzeit : Start : requestServiceChannel
03/06/2025 18:32:03 Mitteleuropäische Normalzeit : Stop : requestServiceChannel
03/06/2025 18:32:03 Mitteleuropäische Normalzeit: Information : 8 :{"id":3}
03/06/2025 18:32:03 Mitteleuropäische Normalzeit: Information : 7 :{"id":4,"method":"requestServiceChannel"}
03/06/2025 18:32:03 Mitteleuropäische Normalzeit: Information : 6 :Received request "4" for method "requestServiceChannel".
03/06/2025 18:32:03 Mitteleuropäische Normalzeit: Information : 9 :Invoking Microsoft.VisualStudio.Utilities.ServiceBroker.GlobalBrokeredServiceContainer+View.RequestServiceChannelAsync(ServiceMoniker, ServiceActivationOptions, CancellationToken)
03/06/2025 18:32:03 Mitteleuropäische Normalzeit : Transfer : Transfer, relatedActivityId=ce179bac-8075-4e8e-896c-d8becc032ce3
03/06/2025 18:32:03 Mitteleuropäische Normalzeit : Start : requestServiceChannel
03/06/2025 18:32:03 Mitteleuropäische Normalzeit : Stop : requestServiceChannel
03/06/2025 18:32:03 Mitteleuropäische Normalzeit : Transfer : Transfer, relatedActivityId=1720e563-64a6-48ba-b635-eabc6692b44b
03/06/2025 18:32:03 Mitteleuropäische Normalzeit: Information : 8 :{"id":4}
03/06/2025 18:32:03 Mitteleuropäische Normalzeit: Information : 7 :{"id":5,"method":"requestServiceChannel"}
03/06/2025 18:32:03 Mitteleuropäische Normalzeit: Information : 6 :Received request "5" for method "requestServiceChannel".
03/06/2025 18:32:03 Mitteleuropäische Normalzeit: Information : 9 :Invoking Microsoft.VisualStudio.Utilities.ServiceBroker.GlobalBrokeredServiceContainer+View.RequestServiceChannelAsync(ServiceMoniker, ServiceActivationOptions, CancellationToken)
03/06/2025 18:32:03 Mitteleuropäische Normalzeit : Transfer : Transfer, relatedActivityId=d16bcd64-02f4-4fb8-b266-e0a967ae9797
03/06/2025 18:32:03 Mitteleuropäische Normalzeit : Start : requestServiceChannel
03/06/2025 18:32:03 Mitteleuropäische Normalzeit : Stop : requestServiceChannel
03/06/2025 18:32:03 Mitteleuropäische Normalzeit : Transfer : Transfer, relatedActivityId=1720e563-64a6-48ba-b635-eabc6692b44b
03/06/2025 18:32:03 Mitteleuropäische Normalzeit: Information : 8 :{"id":5}
