03/06/2025 18:32:01 Mitteleuropäische Normalzeit : Information : Local timezone is (UTC+01:00) Mitteleuropäische Zeit (Wien)
03/06/2025 18:32:01 Mitteleuropäische Normalzeit : Information : Added local RPC method "getPipe" -> Microsoft.VisualStudio.Utilities.ServiceBroker.GlobalBrokeredServiceContainer+View.GetPipeAsync(ServiceMoniker, ServiceActivationOptions, CancellationToken) (Microsoft.VisualStudio.Utilities.ServiceBroker.GlobalBrokeredServiceContainer+View)
03/06/2025 18:32:01 Mitteleuropäische Normalzeit : Information : Added local RPC method "getProxy" -> Microsoft.VisualStudio.Utilities.ServiceBroker.GlobalBrokeredServiceContainer+View.GetProxyAsync(ServiceRpcDescriptor, ServiceActivationOptions, CancellationToken) (Microsoft.VisualStudio.Utilities.ServiceBroker.GlobalBrokeredServiceContainer+View)
03/06/2025 18:32:01 Mitteleuropäische Normalzeit : Information : Added local RPC method "handshake" -> Microsoft.VisualStudio.Utilities.ServiceBroker.GlobalBrokeredServiceContainer+View.HandshakeAsync(ServiceBrokerClientMetadata, CancellationToken) (Microsoft.VisualStudio.Utilities.ServiceBroker.GlobalBrokeredServiceContainer+View)
03/06/2025 18:32:01 Mitteleuropäische Normalzeit : Information : Added local RPC method "requestServiceChannel" -> Microsoft.VisualStudio.Utilities.ServiceBroker.GlobalBrokeredServiceContainer+View.RequestServiceChannelAsync(ServiceMoniker, ServiceActivationOptions, CancellationToken) (Microsoft.VisualStudio.Utilities.ServiceBroker.GlobalBrokeredServiceContainer+View)
03/06/2025 18:32:01 Mitteleuropäische Normalzeit : Information : Added local RPC method "cancelServiceRequest" -> Microsoft.VisualStudio.Utilities.ServiceBroker.GlobalBrokeredServiceContainer+View.CancelServiceRequestAsync(Guid) (Microsoft.VisualStudio.Utilities.ServiceBroker.GlobalBrokeredServiceContainer+View)
03/06/2025 18:32:01 Mitteleuropäische Normalzeit : Information : Added local RPC method "getPipe" -> Microsoft.VisualStudio.Utilities.ServiceBroker.GlobalBrokeredServiceContainer+View.GetPipeAsync(ServiceMoniker, ServiceActivationOptions, CancellationToken) (Microsoft.VisualStudio.Utilities.ServiceBroker.GlobalBrokeredServiceContainer+View)
03/06/2025 18:32:01 Mitteleuropäische Normalzeit : Information : Added local RPC method "getProxy" -> Microsoft.VisualStudio.Utilities.ServiceBroker.GlobalBrokeredServiceContainer+View.GetProxyAsync(ServiceRpcDescriptor, ServiceActivationOptions, CancellationToken) (Microsoft.VisualStudio.Utilities.ServiceBroker.GlobalBrokeredServiceContainer+View)
03/06/2025 18:32:01 Mitteleuropäische Normalzeit : Information : Added local RPC method "handshake" -> Microsoft.VisualStudio.Utilities.ServiceBroker.GlobalBrokeredServiceContainer+View.HandshakeAsync(ServiceBrokerClientMetadata, CancellationToken) (Microsoft.VisualStudio.Utilities.ServiceBroker.GlobalBrokeredServiceContainer+View)
03/06/2025 18:32:01 Mitteleuropäische Normalzeit : Information : Added local RPC method "requestServiceChannel" -> Microsoft.VisualStudio.Utilities.ServiceBroker.GlobalBrokeredServiceContainer+View.RequestServiceChannelAsync(ServiceMoniker, ServiceActivationOptions, CancellationToken) (Microsoft.VisualStudio.Utilities.ServiceBroker.GlobalBrokeredServiceContainer+View)
03/06/2025 18:32:01 Mitteleuropäische Normalzeit : Information : Added local RPC method "cancelServiceRequest" -> Microsoft.VisualStudio.Utilities.ServiceBroker.GlobalBrokeredServiceContainer+View.CancelServiceRequestAsync(Guid) (Microsoft.VisualStudio.Utilities.ServiceBroker.GlobalBrokeredServiceContainer+View)
03/06/2025 18:32:01 Mitteleuropäische Normalzeit: Information : 2 :Listening for events from Microsoft.VisualStudio.Utilities.ServiceBroker.GlobalBrokeredServiceContainer+View.AvailabilityChanged to raise notification.
03/06/2025 18:32:01 Mitteleuropäische Normalzeit: Information : 3 :Listening started.
03/06/2025 18:32:01 Mitteleuropäische Normalzeit: Information : 7 :{"id":2,"method":"handshake"}
03/06/2025 18:32:01 Mitteleuropäische Normalzeit: Information : 6 :Received request "2" for method "handshake".
03/06/2025 18:32:01 Mitteleuropäische Normalzeit: Information : 9 :Invoking Microsoft.VisualStudio.Utilities.ServiceBroker.GlobalBrokeredServiceContainer+View.HandshakeAsync(ServiceBrokerClientMetadata, CancellationToken)
03/06/2025 18:32:01 Mitteleuropäische Normalzeit : Start : handshake
03/06/2025 18:32:01 Mitteleuropäische Normalzeit : Stop : handshake
03/06/2025 18:32:01 Mitteleuropäische Normalzeit: Information : 8 :{"id":2}
03/06/2025 18:32:01 Mitteleuropäische Normalzeit: Information : 7 :{"id":3,"method":"requestServiceChannel"}
03/06/2025 18:32:01 Mitteleuropäische Normalzeit: Information : 6 :Received request "3" for method "requestServiceChannel".
03/06/2025 18:32:02 Mitteleuropäische Normalzeit: Information : 9 :Invoking Microsoft.VisualStudio.Utilities.ServiceBroker.GlobalBrokeredServiceContainer+View.RequestServiceChannelAsync(ServiceMoniker, ServiceActivationOptions, CancellationToken)
03/06/2025 18:32:02 Mitteleuropäische Normalzeit : Start : requestServiceChannel
03/06/2025 18:32:02 Mitteleuropäische Normalzeit : Stop : requestServiceChannel
03/06/2025 18:32:02 Mitteleuropäische Normalzeit: Information : 8 :{"id":3}
03/06/2025 18:32:02 Mitteleuropäische Normalzeit: Information : 7 :{"id":4,"method":"requestServiceChannel"}
03/06/2025 18:32:02 Mitteleuropäische Normalzeit: Information : 6 :Received request "4" for method "requestServiceChannel".
03/06/2025 18:32:02 Mitteleuropäische Normalzeit: Information : 9 :Invoking Microsoft.VisualStudio.Utilities.ServiceBroker.GlobalBrokeredServiceContainer+View.RequestServiceChannelAsync(ServiceMoniker, ServiceActivationOptions, CancellationToken)
03/06/2025 18:32:02 Mitteleuropäische Normalzeit : Transfer : Transfer, relatedActivityId=c3d09d83-7fa2-4ad4-be6e-68bc1ca0a0ef
03/06/2025 18:32:02 Mitteleuropäische Normalzeit : Start : requestServiceChannel
03/06/2025 18:32:02 Mitteleuropäische Normalzeit : Stop : requestServiceChannel
03/06/2025 18:32:02 Mitteleuropäische Normalzeit : Transfer : Transfer, relatedActivityId=bad8331f-880b-4eaa-aead-cef24f1fdd30
03/06/2025 18:32:02 Mitteleuropäische Normalzeit: Information : 8 :{"id":4}
03/06/2025 18:32:02 Mitteleuropäische Normalzeit: Information : 7 :{"id":5,"method":"requestServiceChannel"}
03/06/2025 18:32:02 Mitteleuropäische Normalzeit: Information : 6 :Received request "5" for method "requestServiceChannel".
03/06/2025 18:32:02 Mitteleuropäische Normalzeit: Information : 9 :Invoking Microsoft.VisualStudio.Utilities.ServiceBroker.GlobalBrokeredServiceContainer+View.RequestServiceChannelAsync(ServiceMoniker, ServiceActivationOptions, CancellationToken)
03/06/2025 18:32:02 Mitteleuropäische Normalzeit : Transfer : Transfer, relatedActivityId=abccab64-5673-4016-97a1-382f0a31f20f
03/06/2025 18:32:02 Mitteleuropäische Normalzeit : Start : requestServiceChannel
03/06/2025 18:32:02 Mitteleuropäische Normalzeit : Stop : requestServiceChannel
03/06/2025 18:32:02 Mitteleuropäische Normalzeit : Transfer : Transfer, relatedActivityId=bad8331f-880b-4eaa-aead-cef24f1fdd30
03/06/2025 18:32:02 Mitteleuropäische Normalzeit: Information : 8 :{"id":5}
