03/10/2025 17:43:26 Mitteleuropäische Normalzeit : Information : Local timezone is (UTC+01:00) Mitteleuropäische Zeit (Wien)
03/10/2025 17:43:27 Mitteleuropäische Normalzeit : Information : VsHubClient-hubController write: Content-Length: 109

{"jsonrpc":"2.0","id":2,"method":"UpdateClientInfoAsync","params":[{"clientName":"VsHubClient","pid":84482}]}
03/10/2025 17:43:27 Mitteleuropäische Normalzeit : Information : VsHubClient-hubController read: Content-Length: 443

{"jsonrpc":"2.0","id":2,"result":{"ClientWatchServerName":"net.pipe://84491DA7E3","ControllerConfig":{"Executable":"/Users/MacBook/.vscode/extensions/ms-dotnettools.csdevkit-1.16.6-darwin-arm64/components/vs-green-server/platforms/darwin-arm64/node_modules/@microsoft/servicehub-controller-net60.darwin-arm64/Microsoft.ServiceHub.Controller","Args":["3eef1ccc62"],"PipeName":"3eef1ccc62"},"HostsConfig":{"RootDir":".","AppConfigFallback":""}}}
03/10/2025 17:43:27 Mitteleuropäische Normalzeit : Information : Connected to Hub Controller's client watch 'net.pipe://84491DA7E3
03/10/2025 17:43:28 Mitteleuropäische Normalzeit : Information : VsHubClient-hubController write: Content-Length: 109

{"jsonrpc":"2.0","id":2,"method":"UpdateClientInfoAsync","params":[{"clientName":"VsHubClient","pid":84482}]}
03/10/2025 17:43:28 Mitteleuropäische Normalzeit : Information : VsHubClient-hubController read: Content-Length: 443

{"jsonrpc":"2.0","id":2,"result":{"ClientWatchServerName":"net.pipe://84491DA7E3","ControllerConfig":{"Executable":"/Users/MacBook/.vscode/extensions/ms-dotnettools.csdevkit-1.16.6-darwin-arm64/components/vs-green-server/platforms/darwin-arm64/node_modules/@microsoft/servicehub-controller-net60.darwin-arm64/Microsoft.ServiceHub.Controller","Args":["3eef1ccc62"],"PipeName":"3eef1ccc62"},"HostsConfig":{"RootDir":".","AppConfigFallback":""}}}
03/10/2025 17:43:28 Mitteleuropäische Normalzeit : Information : VsHubClient-hubController write: Content-Length: 16418


03/10/2025 17:43:28 Mitteleuropäische Normalzeit : Information : VsHubClient-hubController write: {"jsonrpc":"2.0","id":3,"method":"RegisterServicesAsync","params":[{"Microsoft.VisualStudio.CpsProjectIconSourceService":{"host":"dotnet.projectSystem","hostId":"C94B8CFE-E3FD-4BAF-A941-2866DBB566FE","serviceBaseDirectory":"/Users/MacBook/.vscode/extensions/ms-dotnettools.csdevkit-1.16.6-darwin-arm64/components/CPS/platforms/darwin-arm64/node_modules/@microsoft/visualstudio-projectsystem-server.darwin-arm64","entryPoint":{"assemblyPath":"/Users/MacBook/.vscode/extensions/ms-dotnettools.csdevkit-1.16.6-darwin-arm64/components/CPS/platforms/darwin-arm64/node_modules/@microsoft/visualstudio-projectsystem-server.darwin-arm64/Microsoft.VisualStudio.ProjectSystem.Server.Implementation.dll","fullClassName":"Microsoft.VisualStudio.ProjectSystem.Server.ProjectIconSourceServiceFactory"}},"Microsoft.VisualStudio.LaunchConfigurationService":{"host":"dotnet.projectSystem","hostId":"C94B8CFE-E3FD-4BAF-A941-2866DBB566FE","serviceBaseDirectory":"/Users/MacBook/.vscode/extensions/ms-dotnettools.csdevkit-1.16.6-darwin-arm64/components/CPS/platforms/darwin-arm64/node_modules/@microsoft/visualstudio-projectsystem-server.darwin-arm64","entryPoint":{"assemblyPath":"/Users/MacBook/.vscode/extensions/ms-dotnettools.csdevkit-1.16.6-darwin-arm64/components/CPS/platforms/darwin-arm64/node_modules/@microsoft/visualstudio-projectsystem-server.darwin-arm64/Microsoft.VisualStudio.ProjectSystem.Server.Implementation.dll","fullClassName":"Microsoft.VisualStudio.ProjectSystem.Server.LaunchConfigurationServiceFactory"}},"Microsoft.VisualStudio.ProjectSystem.CompositionService":{"host":"dotnet.projectSystem","hostId":"C94B8CFE-E3FD-4BAF-A941-2866DBB566FE","serviceBaseDirectory":"/Users/MacBook/.vscode/extensions/ms-dotnettools.csdevkit-1.16.6-darwin-arm64/components/CPS/platforms/darwin-arm64/node_modules/@microsoft/visualstudio-projectsystem-server.darwin-arm64","entryPoint":{"assemblyPath":"/Users/MacBook/.vscode/extensions/ms-dotnettools.csdevkit-1.16.6-darwin-arm64/components/CPS/platforms/darwin-arm64/node_modules/@microsoft/visualstudio-projectsystem-server.darwin-arm64/Microsoft.VisualStudio.ProjectSystem.Server.Implementation.dll","fullClassName":"Microsoft.VisualStudio.ProjectSystem.Server.CompositionServiceFactory"}},"Microsoft.VisualStudio.ProjectSystem.ProjectInitializationStatusService":{"host":"dotnet.projectSystem","hostId":"C94B8CFE-E3FD-4BAF-A941-2866DBB566FE","serviceBaseDirectory":"/Users/MacBook/.vscode/extensions/ms-dotnettools.csdevkit-1.16.6-darwin-arm64/components/CPS/platforms/darwin-arm64/node_modules/@microsoft/visualstudio-projectsystem-server.darwin-arm64","entryPoint":{"assemblyPath":"/Users/MacBook/.vscode/extensions/ms-dotnettools.csdevkit-1.16.6-darwin-arm64/components/CPS/platforms/darwin-arm64/node_modules/@microsoft/visualstudio-projectsystem-server.darwin-arm64/Microsoft.VisualStudio.ProjectSystem.Server.Implementation.dll","fullClassName":"Microsoft.VisualStudio.ProjectSystem.Server.ProjectInitializationStatusServiceFactory"}},"Microsoft.VisualStudio.ProjectSystem.ProjectTreeProvider":{"host":"dotnet.projectSystem","hostId":"C94B8CFE-E3FD-4BAF-A941-2866DBB566FE","serviceBaseDirectory":"/Users/MacBook/.vscode/extensions/ms-dotnettools.csdevkit-1.16.6-darwin-arm64/components/CPS/platforms/darwin-arm64/node_modules/@microsoft/visualstudio-projectsystem-server.darwin-arm64","entryPoint":{"assemblyPath":"/Users/MacBook/.vscode/extensions/ms-dotnettools.csdevkit-1.16.6-darwin-arm64/components/CPS/platforms/darwin-arm64/node_modules/@microsoft/visualstudio-projectsystem-server.darwin-arm64/Microsoft.VisualStudio.ProjectSystem.Server.Implementation.dll","fullClassName":"Microsoft.VisualStudio.ProjectSystem.Server.ProjectTreeProviderFactory"}},"Microsoft.VisualStudio.ProjectSystem.Query.Remoting.QueryExecutionService":{"host":"dotnet.projectSystem","hostId":"C94B8CFE-E3FD-4BAF-A941-2866DBB566FE","serviceBaseDirectory":"/Users/MacBook/.vscode/extensions/ms-dotnettools.csdevkit-1.16.6-darwin-arm64/components/CPS/platforms/darwin-arm64/node_modules/@microsoft/visualstudio-projectsystem-server.darwin-arm64","entryPoint":{"assemblyPath":"/Users/MacBook/.vscode/extensions/ms-dotnettools.csdevkit-1.16.6-darwin-arm64/components/CPS/platforms/darwin-arm64/node_modules/@microsoft/visualstudio-projectsystem-server.darwin-arm64/Microsoft.VisualStudio.ProjectSystem.Server.Implementation.dll","fullClassName":"Microsoft.VisualStudio.ProjectSystem.Server.QueryExecutionServiceFactory"}},"Microsoft.VisualStudio.Debugger.AspireSessionSynchronizeService":{"host":"dotnet","hostId":"C94B8CFE-E3FD-4BAF-A941-2866DBB566FE","serviceBaseDirectory":"/Users/MacBook/.vscode/extensions/ms-dotnettools.csdevkit-1.16.6-darwin-arm64/components/VSDebugCore/platforms/darwin-arm64/node_modules/@microsoft/visualstudio-debugger-devkit.darwin-arm64","entryPoint":{"assemblyPath":"/Users/MacBook/.vscode/extensions/ms-dotnettools.csdevkit-1.16.6-darwin-arm64/components/VSDebugCore/platforms/darwin-arm64/node_modules/@microsoft/visualstudio-debugger-devkit.darwin-arm64/Microsoft.VisualStudio.Debugger.DevKit.dll","fullClassName":"Microsoft.VisualStudio.Debugger.AspireSessionSynchronizeService+Factory"}},"Microsoft.VisualStudio.Debugger.GenericHotReloadAgentManagerService":{"host":"dotnet","hostId":"C94B8CFE-E3FD-4BAF-A941-2866DBB566FE","serviceBaseDirectory":"/Users/MacBook/.vscode/extensions/ms-dotnettools.csdevkit-1.16.6-darwin-arm64/components/VSDebugCore/platforms/darwin-arm64/node_modules/@microsoft/visualstudio-debugger-devkit.darwin-arm64","entryPoint":{"assemblyPath":"/Users/MacBook/.vscode/extensions/ms-dotnettools.csdevkit-1.16.6-darwin-arm64/components/VSDebugCore/platforms/darwin-arm64/node_modules/@microsoft/visualstudio-debugger-devkit.darwin-arm64/Microsoft.VisualStudio.Debugger.DevKit.dll","fullClassName":"Microsoft.VisualStudio.Debugger.GenericHotReloadAgentManagerService+Factory"}},"Microsoft.VisualStudio.Debugger.HotReloadClientService":{"host":"dotnet","hostId":"C94B8CFE-E3FD-4BAF-A941-2866DBB566FE","serviceBaseDirectory":"/Users/MacBook/.vscode/extensions/ms-dotnettools.csdevkit-1.16.6-darwin-arm64/components/VSDebugCore/platforms/darwin-arm64/node_modules/@microsoft/visualstudio-debugger-devkit.darwin-arm64","entryPoint":{"assemblyPath":"/Users/MacBook/.vscode/extensions/ms-dotnettools.csdevkit-1.16.6-darwin-arm64/components/VSDebugCore/platforms/darwin-arm64/node_modules/@microsoft/visualstudio-debugger-devkit.darwin-arm64/Microsoft.VisualStudio.Debugger.DevKit.dll","fullClassName":"Microsoft.VisualStudio.Debugger.HotReloadClientService+Factory"}},"Microsoft.VisualStudio.Debugger.HotReloadSessionNotificationService":{"host":"dotnet","hostId":"C94B8CFE-E3FD-4BAF-A941-2866DBB566FE","serviceBaseDirectory":"/Users/MacBook/.vscode/extensions/ms-dotnettools.csdevkit-1.16.6-darwin-arm64/components/VSDebugCore/platforms/darwin-arm64/node_modules/@microsoft/visualstudio-debugger-devkit.darwin-arm64","entryPoint":{"assemblyPath":"/Users/MacBook/.vscode/extensions/ms-dotnettools.csdevkit-1.16.6-darwin-arm64/components/VSDebugCore/platforms/darwin-arm64/node_modules/@microsoft/visualstudio-debugger-devkit.darwin-arm64/Microsoft.VisualStudio.Debugger.DevKit.dll","fullClassName":"Microsoft.VisualStudio.Debugger.HotReloadSessionNotificationService+Factory"}},"Microsoft.VisualStudio.Debugger.ManagedEditAndContinueCsDevKitEngineService2":{"host":"dotnet","hostId":"C94B8CFE-E3FD-4BAF-A941-2866DBB566FE","serviceBaseDirectory":"/Users/MacBook/.vscode/extensions/ms-dotnettools.csdevkit-1.16.6-darwin-arm64/components/VSDebugCore/platforms/darwin-arm64/node_modules/@microsoft/visualstudio-debugger-devkit.darwin-arm64","entryPoint":{"assemblyPath":"/Users/MacBook/.vscode/extensions/ms-dotnettools.csdevkit-1.16.6-darwin-arm64/components/VSDebugCore/platforms/darwin-arm64/node_modules/@microsoft/visualstudio-debugger-devkit.darwin-arm64/Microsoft.VisualStudio.Debugger.DevKit.dll","fullClassName":"Microsoft.VisualStudio.Debugger.ManagedEditAndContinueCsDevKitEngineService+Factory"}},"Microsoft.VisualStudio.Debugger.ManagedEditAndContinueRemoteDebuggerService2":{"host":"dotnet","hostId":"C94B8CFE-E3FD-4BAF-A941-2866DBB566FE","serviceBaseDirectory":"/Users/MacBook/.vscode/extensions/ms-dotnettools.csdevkit-1.16.6-darwin-arm64/components/VSDebugCore/platforms/darwin-arm64/node_modules/@microsoft/visualstudio-debugger-devkit.darwin-arm64","entryPoint":{"assemblyPath":"/Users/MacBook/.vscode/extensions/ms-dotnettools.csdevkit-1.16.6-darwin-arm64/components/VSDebugCore/platforms/darwin-arm64/node_modules/@microsoft/visualstudio-debugger-devkit.darwin-arm64/Microsoft.VisualStudio.Debugger.DevKit.dll","fullClassName":"Microsoft.VisualStudio.Debugger.ManagedEditAndContinueRemoteDebuggerService+Factory"}},"Microsoft.VisualStudio.Debugger.ManagedHotReloadAgentManagerService":{"host":"dotnet","hostId":"C94B8CFE-E3FD-4BAF-A941-2866DBB566FE","serviceBaseDirectory":"/Users/MacBook/.vscode/extensions/ms-dotnettools.csdevkit-1.16.6-darwin-arm64/components/VSDebugCore/platforms/darwin-arm64/node_modules/@microsoft/visualstudio-debugger-devkit.darwin-arm64","entryPoint":{"assemblyPath":"/Users/MacBook/.vscode/extensions/ms-dotnettools.csdevkit-1.16.6-darwin-arm64/components/VSDebugCore/platforms/darwin-arm64/node_modules/@microsoft/visualstudio-debugger-devkit.darwin-arm64/Microsoft.VisualStudio.Debugger.DevKit.dll","fullClassName":"Microsoft.VisualStudio.Debugger.ManagedHotReloadAgentManagerService+Factory"}},"Microsoft.VisualStudio.Debugger.ManagedHotReloadService":{"host":"dotnet","hostId":"C94B8CFE-E3FD-4BAF-A941-2866DBB566FE","serviceBaseDirectory":"/Users/MacBook/.vscode/extensions/ms-dotnettools.csdevkit-1.16.6-darwin-arm64/components/VSDebugCore/platforms/darwin-arm64/node_modules/@microsoft/visualstudio-debugger-devkit.darwin-arm64","entryPoint":{"assemblyPath":"/Users/MacBook/.vscode/extensions/ms-dotnettools.csdevkit-1.16.6-darwin-arm64/components/VSDebugCore/platforms/darwin-arm64/node_modules/@microsoft/visualstudio-debugger-devkit.darwin-arm64/Microsoft.VisualStudio.Debugger.DevKit.dll","fullClassName":"Microsoft.VisualStudio.Debugger.ManagedHotReloadService+Factory"}},"Microsoft.VisualStudio.Debugger.SourceLinkService":{"host":"dotnet","hostId":"C94B8CFE-E3FD-4BAF-A941-2866DBB566FE","serviceBaseDirectory":"/Users/MacBook/.vscode/extensions/ms-dotnettools.csdevkit-1.16.6-darwin-arm64/components/VSDebugCore/platforms/darwin-arm64/node_modules/@microsoft/visualstudio-debugger-devkit.darwin-arm64","entryPoint":{"assemblyPath":"/Users/MacBook/.vscode/extensions/ms-dotnettools.csdevkit-1.16.6-darwin-arm64/components/VSDebugCore/platforms/darwin-arm64/node_modules/@microsoft/visualstudio-debugger-devkit.darwin-arm64/Microsoft.VisualStudio.Debugger.DevKit.dll","fullClassName":"Microsoft.VisualStudio.Debugger.SourceLinkService+Factory"}},"Microsoft.VisualStudio.Debugger.SymbolLocatorService":{"host":"dotnet","hostId":"C94B8CFE-E3FD-4BAF-A941-2866DBB566FE","serviceBaseDirectory":"/Users/MacBook/.vscode/extensions/ms-dotnettools.csdevkit-1.16.6-darwin-arm64/components/VSDebugCore/platforms/darwin-arm64/node_modules/@microsoft/visualstudio-debugger-devkit.darwin-arm64","entryPoint":{"assemblyPath":"/Users/MacBook/.vscode/extensions/ms-dotnettools.csdevkit-1.16.6-darwin-arm64/components/VSDebugCore/platforms/darwin-arm64/node_modules/@microsoft/visualstudio-debugger-devkit.darwin-arm64/Microsoft.VisualStudio.Debugger.DevKit.dll","fullClassName":"Microsoft.VisualStudio.Debugger.BrokeredServices.SymbolLocator.SymbolLocatorService+Factory"}},"Microsoft.VisualStudio.TestWindow.VSCode.ProjectSystemProvider.Service":{"host":"dotnet","hostId":"C94B8CFE-E3FD-4BAF-A941-2866DBB566FE","serviceBaseDirectory":"/Users/MacBook/.vscode/extensions/ms-dotnettools.csdevkit-1.16.6-darwin-arm64/components/VSUnitTesting/platforms/darwin-arm64/node_modules/@microsoft/visualstudio-testwindow-vscode-service.darwin-arm64","entryPoint":{"assemblyPath":"/Users/MacBook/.vscode/extensions/ms-dotnettools.csdevkit-1.16.6-darwin-arm64/components/VSUnitTesting/platforms/darwin-arm64/node_modules/@microsoft/visualstudio-testwindow-vscode-service.darwin-arm64/Microsoft.VisualStudio.TestWindow.VSCode.Service.dll","fullClassName":"Microsoft.VisualStudio.TestWindow.VSCode.ProjectSystemProvider.Service.ProjectSystemProviderServiceFactory"}},"Microsoft.VisualStudio.TestWindow.VSCode.Service":{"host":"dotnet","hostId":"C94B8CFE-E3FD-4BAF-A941-2866DBB566FE","serviceBaseDirectory":"/Users/MacBook/.vscode/extensions/ms-dotnettools.csdevkit-1.16.6-darwin-arm64/components/VSUnitTesting/platforms/darwin-arm64/node_modules/@microsoft/visualstudio-testwindow-vscode-service.darwin-arm64","entryPoint":{"assemblyPath":"/Users/MacBook/.vscode/extensions/ms-dotnettools.csdevkit-1.16.6-darwin-arm64/components/VSUnitTesting/platforms/darwin-arm64/node_modules/@microsoft/visualstudio-testwindow-vscode-service.darwin-arm64/Microsoft.VisualStudio.TestWindow.VSCode.Service.dll","fullClassName":"Microsoft.VisualStudio.TestWindow.VSCode.Service.TestWindowVSCodeServiceFactory"}},"Microsoft.VisualStudio.AspireServer":{"host":"dotnet.aspireServer","hostId":"C94B8CFE-E3FD-4BAF-A941-2866DBB566FE","serviceBaseDirectory":"/Users/MacBook/.vscode/extensions/ms-dotnettools.csdevkit-1.16.6-darwin-arm64/components/WebTools/node_modules/@microsoft/vscode.webtools/Services","entryPoint":{"assemblyPath":"/Users/MacBook/.vscode/extensions/ms-dotnettools.csdevkit-1.16.6-darwin-arm64/components/WebTools/node_modules/@microsoft/vscode.webtools/Services/Microsoft.WebTools.AspireServer.dll","fullClassName":"Microsoft.WebTools.AspireServer.ServiceFactory"}},"Microsoft.VisualStudio.Debugger.AspireService":{"host":"dotnet.projectSystem","hostId":"C94B8CFE-E3FD-4BAF-A941-2866DBB566FE","serviceBaseDirectory":"/Users/MacBook/.vscode/extensions/ms-dotnettools.csdevkit-1.16.6-darwin-arm64/components/WebTools/node_modules/@microsoft/vscode.webtools/Services","entryPoint":{"assemblyPath":"/Users/MacBook/.vscode/extensions/ms-dotnettools.csdevkit-1.16.6-darwin-arm64/components/WebTools/node_modules/@microsoft/vscode.webtools/Services/Microsoft.WebTools.Aspire.VSCode.Services.dll","fullClassName":"Microsoft.WebTools.Aspire.VSCode.Services.ServiceFactory"},"friendServices":["Microsoft.VisualStudio.ProjectSystem.CompositionService"]},"Microsoft.VisualStudio.ProjectSystem.DebugTargetFrameworkService":{"host":"dotnet.projectSystem","hostId":"C94B8CFE-E3FD-4BAF-A941-2866DBB566FE","serviceBaseDirectory":"/Users/MacBook/.vscode/extensions/ms-dotnettools.csdevkit-1.16.6-darwin-arm64/components/dotnet-project-system-vscode/node_modules/@microsoft/vscode.projectsystem.managed/Services","entryPoint":{"assemblyPath":"/Users/MacBook/.vscode/extensions/ms-dotnettools.csdevkit-1.16.6-darwin-arm64/components/dotnet-project-system-vscode/node_modules/@microsoft/vscode.projectsystem.managed/Services/Microsoft.ProjectSystem.Managed.VSCode.Services.dll","fullClassName":"Microsoft.VisualStudio.ProjectSystem.Services.DebugTargetFrameworkServiceFactory"},"friendServices":["Microsoft.VisualStudio.ProjectSystem.CompositionService"]},"Microsoft.VisualStudio.ProjectQueryTestService":{"host":"dotnet","hostId":"C94B8CFE-E3FD-4BAF-A941-2866DBB566FE","serviceBaseDirectory":"/Users/MacBook/.vscode/extensions/ms-dotnettools.csdevkit-1.16.6-darwin-arm64/components/vs-green-server/platforms/darwin-arm64/node_modules/@microsoft/visualstudio-server-samples-sayhello.darwin-arm64","entryPoint":{"assemblyPath":"/Users/MacBook/.vscode/extensions/ms-dotnettools.csdevkit-1.16.6-darwin-arm64/components/vs-green-server/platforms/darwin-arm64/node_modules/@microsoft/visualstudio-server-samples-sayhello.darwin-arm64/Microsoft.VisualStudio.Samples.SayHello.dll","fullClassName":"Microsoft.VisualStudio.Samples.SayHello.ProjectQueryTestServiceFactory"}},"helloServiceHubDotNetHost":{"host":"dotnet","hostId":"C94B8CFE-E3FD-4BAF-A941-2866DBB566FE","serviceBaseDirectory":"/Users/MacBook/.vscode/extensions/ms-dotnettools.csdevkit-1.16.6-darwin-arm64/components/vs-green-server/platforms/darwin-arm64/node_modules/@microsoft/visualstudio-server-samples-sayhello.darwin-arm64","entryPoint":{"assemblyPath":"/Users/MacBook/.vscode/extensions/ms-dotnettools.csdevkit-1.16.6-darwin-arm64/components/vs-green-server/platforms/darwin-arm64/node_modules/@microsoft/visualstudio-server-samples-sayhello.darwin-arm64/Microsoft.VisualStudio.Samples.SayHello.dll","fullClassName":"Microsoft.VisualStudio.Samples.SayHello.HelloWorldFactory"}}}]}
03/10/2025 17:43:28 Mitteleuropäische Normalzeit : Information : VsHubClient-hubController read: Content-Length: 38

{"jsonrpc":"2.0","id":3,"result":null}
03/10/2025 17:43:28 Mitteleuropäische Normalzeit : Information : VsHubClient-hubController write: Content-Length: 350

{"jsonrpc":"2.0","id":3,"method":"requestServiceChannel","params":[{"Name":"Microsoft.VisualStudio.ProjectSystem.ProjectTreeProvider","Version":"0.1"},{"ActivationArguments":{"__servicehub__ServiceHubRemoteServiceBrokerPipeName":"/Users/MacBook/.ServiceHub/3eef1ccc62/b4a88ac702"},"ClientCredentials":{},"ClientCulture":"de","ClientUICulture":"de"}]}
03/10/2025 17:43:28 Mitteleuropäische Normalzeit : Information : VsHubClient-hubController write: Content-Length: 327

{"jsonrpc":"2.0","id":4,"method":"requestServiceChannel","params":[{"Name":"Microsoft.VisualStudio.LaunchConfigurationService"},{"ActivationArguments":{"__servicehub__ServiceHubRemoteServiceBrokerPipeName":"/Users/MacBook/.ServiceHub/3eef1ccc62/7233119ead"},"ClientCredentials":{},"ClientCulture":"de","ClientUICulture":"de"}]}
03/10/2025 17:43:28 Mitteleuropäische Normalzeit : Information : VsHubClient-hubController write: Content-Length: 342

{"jsonrpc":"2.0","id":5,"method":"requestServiceChannel","params":[{"Name":"Microsoft.VisualStudio.TestWindow.VSCode.Service","Version":"0.1"},{"ActivationArguments":{"__servicehub__ServiceHubRemoteServiceBrokerPipeName":"/Users/MacBook/.ServiceHub/3eef1ccc62/a69963b310"},"ClientCredentials":{},"ClientCulture":"de","ClientUICulture":"de"}]}
03/10/2025 17:43:28 Mitteleuropäische Normalzeit : Information : VsHubClient-hubController write: Content-Length: 367

{"jsonrpc":"2.0","id":6,"method":"requestServiceChannel","params":[{"Name":"Microsoft.VisualStudio.Debugger.HotReloadSessionNotificationService","Version":"0.1"},{"ActivationArguments":{"__servicehub__ServiceHubRemoteServiceBrokerPipeName":"/Users/MacBook/.ServiceHub/3eef1ccc62/767b23bd4a"},"ClientCredentials":{},"ClientCulture":"de-AT","ClientUICulture":"en-US"}]}
03/10/2025 17:43:28 Mitteleuropäische Normalzeit : Information : VsHubClient-hubController write: Content-Length: 365

{"jsonrpc":"2.0","id":7,"method":"requestServiceChannel","params":[{"Name":"Microsoft.VisualStudio.ProjectSystem.ProjectInitializationStatusService","Version":"0.1"},{"ActivationArguments":{"__servicehub__ServiceHubRemoteServiceBrokerPipeName":"/Users/MacBook/.ServiceHub/3eef1ccc62/7c03f02fa5"},"ClientCredentials":{},"ClientCulture":"de","ClientUICulture":"de"}]}
03/10/2025 17:43:28 Mitteleuropäische Normalzeit : Information : VsHubClient-hubController write: Content-Length: 367

{"jsonrpc":"2.0","id":8,"method":"requestServiceChannel","params":[{"Name":"Microsoft.VisualStudio.ProjectSystem.Query.Remoting.QueryExecutionService","Version":"0.3"},{"ActivationArguments":{"__servicehub__ServiceHubRemoteServiceBrokerPipeName":"/Users/MacBook/.ServiceHub/3eef1ccc62/c6b01b18e1"},"ClientCredentials":{},"ClientCulture":"de","ClientUICulture":"de"}]}
03/10/2025 17:43:29 Mitteleuropäische Normalzeit : Information : VsHubClient-hubController read: Content-Length: 164

{"jsonrpc":"2.0","id":5,"result":{"RequestId":"5b7818d5-e3ff-473e-9229-dd6ecf156780","PipeName":"/Users/MacBook/.ServiceHub/3eef1ccc62/32d7afa7e3","IsEmpty":false}}
03/10/2025 17:43:29 Mitteleuropäische Normalzeit : Information : VsHubClient-hubController read: Content-Length: 164

{"jsonrpc":"2.0","id":6,"result":{"RequestId":"dcb9c7c2-7618-433d-b515-8c3ac3927f19","PipeName":"/Users/MacBook/.ServiceHub/3eef1ccc62/3efeefac90","IsEmpty":false}}
03/10/2025 17:43:29 Mitteleuropäische Normalzeit : Information : Disposing ServiceBroker server '/Users/MacBook/.ServiceHub/3eef1ccc62/a69963b310'.
03/10/2025 17:43:29 Mitteleuropäische Normalzeit : Information : Disposing ServiceBroker server '/Users/MacBook/.ServiceHub/3eef1ccc62/767b23bd4a'.
03/10/2025 17:43:29 Mitteleuropäische Normalzeit : Information : Microsoft.VisualStudio.TestWindow.VSCode.Service-RemoteServiceBrokerServer read: Content-Length: 194

{"jsonrpc":"2.0","id":2,"method":"handshake","params":[{"supportedConnections":"IpcPipe","localServiceHost":{"operatingSystem":2,"processArchitecture":3,"runtime":2,"runtimeVersion":"8.0.11"}}]}
03/10/2025 17:43:29 Mitteleuropäische Normalzeit : Information : Microsoft.VisualStudio.Debugger.HotReloadSessionNotificationService-RemoteServiceBrokerServer read: Content-Length: 194

{"jsonrpc":"2.0","id":2,"method":"handshake","params":[{"supportedConnections":"IpcPipe","localServiceHost":{"operatingSystem":2,"processArchitecture":3,"runtime":2,"runtimeVersion":"8.0.11"}}]}
03/10/2025 17:43:29 Mitteleuropäische Normalzeit : Information : Microsoft.VisualStudio.TestWindow.VSCode.Service-RemoteServiceBrokerServer write: Content-Length: 38

{"jsonrpc":"2.0","id":2,"result":null}
03/10/2025 17:43:29 Mitteleuropäische Normalzeit : Information : Microsoft.VisualStudio.Debugger.HotReloadSessionNotificationService-RemoteServiceBrokerServer write: Content-Length: 38

{"jsonrpc":"2.0","id":2,"result":null}
03/10/2025 17:43:30 Mitteleuropäische Normalzeit : Information : Microsoft.VisualStudio.TestWindow.VSCode.Service-RemoteServiceBrokerServer read: Content-Length: 177

{"jsonrpc":"2.0","id":3,"method":"requestServiceChannel","params":[{"name":"Microsoft.ServiceHub.Framework.AuthorizationService"},{"clientCulture":"de","clientUICulture":"de"}]}
03/10/2025 17:43:30 Mitteleuropäische Normalzeit : Information : Microsoft.VisualStudio.Debugger.HotReloadSessionNotificationService-RemoteServiceBrokerServer read: Content-Length: 183

{"jsonrpc":"2.0","id":3,"method":"requestServiceChannel","params":[{"name":"Microsoft.ServiceHub.Framework.AuthorizationService"},{"clientCulture":"de-AT","clientUICulture":"en-US"}]}
03/10/2025 17:43:30 Mitteleuropäische Normalzeit : Information : Microsoft.VisualStudio.TestWindow.VSCode.Service-RemoteServiceBrokerServer write: Content-Length: 181

{"jsonrpc":"2.0","id":3,"result":{"requestId":"c7d9f2f2-a981-493e-9c1e-f032fc84514d","pipeName":"/var/folders/3l/2l1z4wws21v3mv848wtg85jc0000gn/T/8ac005cd96194270a560dc08473798f2"}}
03/10/2025 17:43:30 Mitteleuropäische Normalzeit : Information : Microsoft.VisualStudio.Debugger.HotReloadSessionNotificationService-RemoteServiceBrokerServer write: Content-Length: 181

{"jsonrpc":"2.0","id":3,"result":{"requestId":"77ca2f1c-ba8a-4c91-b2ac-f3b1684104c1","pipeName":"/var/folders/3l/2l1z4wws21v3mv848wtg85jc0000gn/T/8f0afbdd799c43e185c31caf0091d3df"}}
03/10/2025 17:43:30 Mitteleuropäische Normalzeit : Information : VsHubClient-hubController read: Content-Length: 164

{"jsonrpc":"2.0","id":4,"result":{"RequestId":"c3e7b4dd-9f5a-48aa-898f-19cfd74523a1","PipeName":"/Users/MacBook/.ServiceHub/3eef1ccc62/b198f3e88e","IsEmpty":false}}
03/10/2025 17:43:30 Mitteleuropäische Normalzeit : Information : VsHubClient-hubController read: Content-Length: 164

{"jsonrpc":"2.0","id":7,"result":{"RequestId":"11106afe-5789-4d0f-b0f2-e46bb21c9d4b","PipeName":"/Users/MacBook/.ServiceHub/3eef1ccc62/290e9af9f8","IsEmpty":false}}Content-Length: 164

{"jsonrpc":"2.0","id":8,"result":{"RequestId":"181af51b-a0be-4b6a-8cd9-ac15305787e1","PipeName":"/Users/MacBook/.ServiceHub/3eef1ccc62/723dfada6c","IsEmpty":false}}Content-Length: 164

{"jsonrpc":"2.0","id":3,"result":{"RequestId":"034e1a87-ca1b-429f-9ef4-414f251a025f","PipeName":"/Users/MacBook/.ServiceHub/3eef1ccc62/00e76a9acd","IsEmpty":false}}
03/10/2025 17:43:30 Mitteleuropäische Normalzeit : Information : Disposing ServiceBroker server '/Users/MacBook/.ServiceHub/3eef1ccc62/7233119ead'.
03/10/2025 17:43:30 Mitteleuropäische Normalzeit : Information : Disposing ServiceBroker server '/Users/MacBook/.ServiceHub/3eef1ccc62/7c03f02fa5'.
03/10/2025 17:43:30 Mitteleuropäische Normalzeit : Information : Disposing ServiceBroker server '/Users/MacBook/.ServiceHub/3eef1ccc62/c6b01b18e1'.
03/10/2025 17:43:30 Mitteleuropäische Normalzeit : Information : Disposing ServiceBroker server '/Users/MacBook/.ServiceHub/3eef1ccc62/b4a88ac702'.
03/10/2025 17:43:30 Mitteleuropäische Normalzeit : Information : Microsoft.VisualStudio.LaunchConfigurationService-RemoteServiceBrokerServer read: Content-Length: 193

{"jsonrpc":"2.0","id":2,"method":"handshake","params":[{"supportedConnections":"IpcPipe","localServiceHost":{"operatingSystem":2,"processArchitecture":3,"runtime":2,"runtimeVersion":"9.0.1"}}]}
03/10/2025 17:43:30 Mitteleuropäische Normalzeit : Information : Microsoft.VisualStudio.ProjectSystem.ProjectTreeProvider-RemoteServiceBrokerServer read: Content-Length: 193

{"jsonrpc":"2.0","id":2,"method":"handshake","params":[{"supportedConnections":"IpcPipe","localServiceHost":{"operatingSystem":2,"processArchitecture":3,"runtime":2,"runtimeVersion":"9.0.1"}}]}
03/10/2025 17:43:30 Mitteleuropäische Normalzeit : Information : Microsoft.VisualStudio.ProjectSystem.Query.Remoting.QueryExecutionService-RemoteServiceBrokerServer read: Content-Length: 193

{"jsonrpc":"2.0","id":2,"method":"handshake","params":[{"supportedConnections":"IpcPipe","localServiceHost":{"operatingSystem":2,"processArchitecture":3,"runtime":2,"runtimeVersion":"9.0.1"}}]}
03/10/2025 17:43:30 Mitteleuropäische Normalzeit : Information : Microsoft.VisualStudio.ProjectSystem.ProjectInitializationStatusService-RemoteServiceBrokerServer read: Content-Length: 193

{"jsonrpc":"2.0","id":2,"method":"handshake","params":[{"supportedConnections":"IpcPipe","localServiceHost":{"operatingSystem":2,"processArchitecture":3,"runtime":2,"runtimeVersion":"9.0.1"}}]}
03/10/2025 17:43:30 Mitteleuropäische Normalzeit : Information : Microsoft.VisualStudio.LaunchConfigurationService-RemoteServiceBrokerServer write: Content-Length: 38

{"jsonrpc":"2.0","id":2,"result":null}
03/10/2025 17:43:30 Mitteleuropäische Normalzeit : Information : Microsoft.VisualStudio.ProjectSystem.ProjectTreeProvider-RemoteServiceBrokerServer write: Content-Length: 38

{"jsonrpc":"2.0","id":2,"result":null}
03/10/2025 17:43:30 Mitteleuropäische Normalzeit : Information : Microsoft.VisualStudio.ProjectSystem.Query.Remoting.QueryExecutionService-RemoteServiceBrokerServer write: Content-Length: 38

{"jsonrpc":"2.0","id":2,"result":null}
03/10/2025 17:43:30 Mitteleuropäische Normalzeit : Information : Microsoft.VisualStudio.ProjectSystem.ProjectInitializationStatusService-RemoteServiceBrokerServer write: Content-Length: 38

{"jsonrpc":"2.0","id":2,"result":null}
03/10/2025 17:43:30 Mitteleuropäische Normalzeit : Information : VsHubClient-hubController write: Content-Length: 364

{"jsonrpc":"2.0","id":9,"method":"requestServiceChannel","params":[{"Name":"Microsoft.VisualStudio.TestWindow.VSCode.ProjectSystemProvider.Service","Version":"0.1"},{"ActivationArguments":{"__servicehub__ServiceHubRemoteServiceBrokerPipeName":"/Users/MacBook/.ServiceHub/3eef1ccc62/a34c6eb7f8"},"ClientCredentials":{},"ClientCulture":"de","ClientUICulture":"de"}]}
03/10/2025 17:43:30 Mitteleuropäische Normalzeit : Information : VsHubClient-hubController read: Content-Length: 164

{"jsonrpc":"2.0","id":9,"result":{"RequestId":"8c869bcb-e135-46bf-8c20-5e95de332f84","PipeName":"/Users/MacBook/.ServiceHub/3eef1ccc62/4c3062537b","IsEmpty":false}}
03/10/2025 17:43:30 Mitteleuropäische Normalzeit : Information : Disposing ServiceBroker server '/Users/MacBook/.ServiceHub/3eef1ccc62/a34c6eb7f8'.
03/10/2025 17:43:30 Mitteleuropäische Normalzeit : Information : Microsoft.VisualStudio.TestWindow.VSCode.ProjectSystemProvider.Service-RemoteServiceBrokerServer read: Content-Length: 194

{"jsonrpc":"2.0","id":2,"method":"handshake","params":[{"supportedConnections":"IpcPipe","localServiceHost":{"operatingSystem":2,"processArchitecture":3,"runtime":2,"runtimeVersion":"8.0.11"}}]}
03/10/2025 17:43:30 Mitteleuropäische Normalzeit : Information : Microsoft.VisualStudio.TestWindow.VSCode.ProjectSystemProvider.Service-RemoteServiceBrokerServer write: Content-Length: 38

{"jsonrpc":"2.0","id":2,"result":null}
03/10/2025 17:43:30 Mitteleuropäische Normalzeit : Information : Microsoft.VisualStudio.TestWindow.VSCode.ProjectSystemProvider.Service-RemoteServiceBrokerServer read: Content-Length: 177

{"jsonrpc":"2.0","id":3,"method":"requestServiceChannel","params":[{"name":"Microsoft.ServiceHub.Framework.AuthorizationService"},{"clientCulture":"de","clientUICulture":"de"}]}
03/10/2025 17:43:30 Mitteleuropäische Normalzeit : Information : Microsoft.VisualStudio.TestWindow.VSCode.ProjectSystemProvider.Service-RemoteServiceBrokerServer write: Content-Length: 181

{"jsonrpc":"2.0","id":3,"result":{"requestId":"152343c3-c882-488a-95f1-1240aa28d5fa","pipeName":"/var/folders/3l/2l1z4wws21v3mv848wtg85jc0000gn/T/ba3538cd93ec40a3bcb245e0e8987662"}}
03/10/2025 17:43:30 Mitteleuropäische Normalzeit : Information : Microsoft.VisualStudio.TestWindow.VSCode.ProjectSystemProvider.Service-RemoteServiceBrokerServer read: Content-Length: 287

{"jsonrpc":"2.0","id":4,"method":"requestServiceChannel","params":[{"name":"Microsoft.VisualStudio.ProjectSystem.Query.Remoting.QueryExecutionService","version":"0.3"},{"clientCulture":"de","clientUICulture":"de"}],"traceparent":"00-1e55ddc8a707ab4daee7ca923f82238a-f9dad844a9962940-00"}
03/10/2025 17:43:30 Mitteleuropäische Normalzeit : Information : VsHubClient-hubController write: Content-Length: 368

{"jsonrpc":"2.0","id":10,"method":"requestServiceChannel","params":[{"Name":"Microsoft.VisualStudio.ProjectSystem.Query.Remoting.QueryExecutionService","Version":"0.3"},{"ActivationArguments":{"__servicehub__ServiceHubRemoteServiceBrokerPipeName":"/Users/MacBook/.ServiceHub/3eef1ccc62/5cf9e76966"},"ClientCredentials":{},"ClientCulture":"de","ClientUICulture":"de"}]}
03/10/2025 17:43:30 Mitteleuropäische Normalzeit : Information : VsHubClient-hubController read: Content-Length: 165

{"jsonrpc":"2.0","id":10,"result":{"RequestId":"627c20cc-d094-451d-8ecb-86789496fa86","PipeName":"/Users/MacBook/.ServiceHub/3eef1ccc62/ad29d0ca95","IsEmpty":false}}
03/10/2025 17:43:30 Mitteleuropäische Normalzeit : Information : Microsoft.VisualStudio.TestWindow.VSCode.ProjectSystemProvider.Service-RemoteServiceBrokerServer write: Content-Length: 148

{"jsonrpc":"2.0","id":4,"result":{"requestId":"627c20cc-d094-451d-8ecb-86789496fa86","pipeName":"/Users/MacBook/.ServiceHub/3eef1ccc62/ad29d0ca95"}}
03/10/2025 17:43:30 Mitteleuropäische Normalzeit : Information : Disposing ServiceBroker server '/Users/MacBook/.ServiceHub/3eef1ccc62/5cf9e76966'.
03/10/2025 17:43:30 Mitteleuropäische Normalzeit : Information : Microsoft.VisualStudio.ProjectSystem.Query.Remoting.QueryExecutionService-RemoteServiceBrokerServer read: Content-Length: 193

{"jsonrpc":"2.0","id":2,"method":"handshake","params":[{"supportedConnections":"IpcPipe","localServiceHost":{"operatingSystem":2,"processArchitecture":3,"runtime":2,"runtimeVersion":"9.0.1"}}]}
03/10/2025 17:43:30 Mitteleuropäische Normalzeit : Information : Microsoft.VisualStudio.ProjectSystem.Query.Remoting.QueryExecutionService-RemoteServiceBrokerServer write: Content-Length: 38

{"jsonrpc":"2.0","id":2,"result":null}
03/10/2025 17:43:30 Mitteleuropäische Normalzeit : Information : Microsoft.VisualStudio.ProjectSystem.ProjectInitializationStatusService-RemoteServiceBrokerServer read: Content-Length: 177

{"jsonrpc":"2.0","id":3,"method":"requestServiceChannel","params":[{"name":"Microsoft.ServiceHub.Framework.AuthorizationService"},{"clientCulture":"de","clientUICulture":"de"}]}
03/10/2025 17:43:30 Mitteleuropäische Normalzeit : Information : Microsoft.VisualStudio.ProjectSystem.ProjectTreeProvider-RemoteServiceBrokerServer read: Content-Length: 177

{"jsonrpc":"2.0","id":3,"method":"requestServiceChannel","params":[{"name":"Microsoft.ServiceHub.Framework.AuthorizationService"},{"clientCulture":"de","clientUICulture":"de"}]}
03/10/2025 17:43:30 Mitteleuropäische Normalzeit : Information : Microsoft.VisualStudio.LaunchConfigurationService-RemoteServiceBrokerServer read: Content-Length: 177

{"jsonrpc":"2.0","id":3,"method":"requestServiceChannel","params":[{"name":"Microsoft.ServiceHub.Framework.AuthorizationService"},{"clientCulture":"de","clientUICulture":"de"}]}
03/10/2025 17:43:30 Mitteleuropäische Normalzeit : Information : Microsoft.VisualStudio.ProjectSystem.Query.Remoting.QueryExecutionService-RemoteServiceBrokerServer read: Content-Length: 177

{"jsonrpc":"2.0","id":3,"method":"requestServiceChannel","params":[{"name":"Microsoft.ServiceHub.Framework.AuthorizationService"},{"clientCulture":"de","clientUICulture":"de"}]}
03/10/2025 17:43:30 Mitteleuropäische Normalzeit : Information : Microsoft.VisualStudio.ProjectSystem.Query.Remoting.QueryExecutionService-RemoteServiceBrokerServer read: Content-Length: 177

{"jsonrpc":"2.0","id":3,"method":"requestServiceChannel","params":[{"name":"Microsoft.ServiceHub.Framework.AuthorizationService"},{"clientCulture":"de","clientUICulture":"de"}]}
03/10/2025 17:43:30 Mitteleuropäische Normalzeit : Information : Microsoft.VisualStudio.ProjectSystem.Query.Remoting.QueryExecutionService-RemoteServiceBrokerServer write: Content-Length: 181

{"jsonrpc":"2.0","id":3,"result":{"requestId":"87a52adb-a748-4647-84e5-2e38eaf5bdcc","pipeName":"/var/folders/3l/2l1z4wws21v3mv848wtg85jc0000gn/T/95dd7ae572cc4f859086e377e8fe76c3"}}
03/10/2025 17:43:30 Mitteleuropäische Normalzeit : Information : Microsoft.VisualStudio.ProjectSystem.ProjectInitializationStatusService-RemoteServiceBrokerServer write: Content-Length: 181

{"jsonrpc":"2.0","id":3,"result":{"requestId":"d6dd16af-bd39-4721-944b-b8075bb0ad47","pipeName":"/var/folders/3l/2l1z4wws21v3mv848wtg85jc0000gn/T/29799d32e8a2472b809c3143f4d0263c"}}
03/10/2025 17:43:30 Mitteleuropäische Normalzeit : Information : Microsoft.VisualStudio.ProjectSystem.ProjectTreeProvider-RemoteServiceBrokerServer write: Content-Length: 181

{"jsonrpc":"2.0","id":3,"result":{"requestId":"1561b608-ec34-45a0-af52-976798059a07","pipeName":"/var/folders/3l/2l1z4wws21v3mv848wtg85jc0000gn/T/da2d50b687bd47e794f28767be70e16d"}}
03/10/2025 17:43:30 Mitteleuropäische Normalzeit : Information : Microsoft.VisualStudio.LaunchConfigurationService-RemoteServiceBrokerServer write: Content-Length: 181

{"jsonrpc":"2.0","id":3,"result":{"requestId":"585e6ed7-3d53-4f6a-82ec-b6cb43e5fc65","pipeName":"/var/folders/3l/2l1z4wws21v3mv848wtg85jc0000gn/T/0091c83f246f4f7997dd6f648f9e4008"}}
03/10/2025 17:43:30 Mitteleuropäische Normalzeit : Information : Microsoft.VisualStudio.ProjectSystem.Query.Remoting.QueryExecutionService-RemoteServiceBrokerServer write: Content-Length: 181

{"jsonrpc":"2.0","id":3,"result":{"requestId":"8306bf27-2c5e-4eea-82ca-6bc5725c683d","pipeName":"/var/folders/3l/2l1z4wws21v3mv848wtg85jc0000gn/T/b343d37992224e7c9d6faf693e444952"}}
03/10/2025 17:43:30 Mitteleuropäische Normalzeit : Information : Microsoft.VisualStudio.ProjectSystem.ProjectInitializationStatusService-RemoteServiceBrokerServer read: Content-Length: 197

{"jsonrpc":"2.0","id":4,"method":"requestServiceChannel","params":[{"name":"Microsoft.VisualStudio.ProjectSystem.CompositionService","version":"0.1"},{"clientCulture":"de","clientUICulture":"de"}]}
03/10/2025 17:43:30 Mitteleuropäische Normalzeit : Information : VsHubClient-hubController write: Content-Length: 350

{"jsonrpc":"2.0","id":11,"method":"requestServiceChannel","params":[{"Name":"Microsoft.VisualStudio.ProjectSystem.CompositionService","Version":"0.1"},{"ActivationArguments":{"__servicehub__ServiceHubRemoteServiceBrokerPipeName":"/Users/MacBook/.ServiceHub/3eef1ccc62/e3e435f39e"},"ClientCredentials":{},"ClientCulture":"de","ClientUICulture":"de"}]}
03/10/2025 17:43:30 Mitteleuropäische Normalzeit : Information : VsHubClient-hubController read: Content-Length: 165

{"jsonrpc":"2.0","id":11,"result":{"RequestId":"d4efce6c-f70e-4713-936e-8efc23f203e7","PipeName":"/Users/MacBook/.ServiceHub/3eef1ccc62/5a0508d4bb","IsEmpty":false}}
03/10/2025 17:43:30 Mitteleuropäische Normalzeit : Information : Microsoft.VisualStudio.ProjectSystem.ProjectInitializationStatusService-RemoteServiceBrokerServer write: Content-Length: 148

{"jsonrpc":"2.0","id":4,"result":{"requestId":"d4efce6c-f70e-4713-936e-8efc23f203e7","pipeName":"/Users/MacBook/.ServiceHub/3eef1ccc62/5a0508d4bb"}}
03/10/2025 17:43:30 Mitteleuropäische Normalzeit : Information : Microsoft.VisualStudio.ProjectSystem.CompositionService-RemoteServiceBrokerServer read: Content-Length: 193

{"jsonrpc":"2.0","id":2,"method":"handshake","params":[{"supportedConnections":"IpcPipe","localServiceHost":{"operatingSystem":2,"processArchitecture":3,"runtime":2,"runtimeVersion":"9.0.1"}}]}
03/10/2025 17:43:30 Mitteleuropäische Normalzeit : Information : Disposing ServiceBroker server '/Users/MacBook/.ServiceHub/3eef1ccc62/e3e435f39e'.
03/10/2025 17:43:30 Mitteleuropäische Normalzeit : Information : Microsoft.VisualStudio.ProjectSystem.CompositionService-RemoteServiceBrokerServer write: Content-Length: 38

{"jsonrpc":"2.0","id":2,"result":null}
03/10/2025 17:43:30 Mitteleuropäische Normalzeit : Information : Microsoft.VisualStudio.ProjectSystem.CompositionService-RemoteServiceBrokerServer read: Content-Length: 177

{"jsonrpc":"2.0","id":3,"method":"requestServiceChannel","params":[{"name":"Microsoft.ServiceHub.Framework.AuthorizationService"},{"clientCulture":"de","clientUICulture":"de"}]}
03/10/2025 17:43:30 Mitteleuropäische Normalzeit : Information : Microsoft.VisualStudio.ProjectSystem.CompositionService-RemoteServiceBrokerServer write: Content-Length: 181

{"jsonrpc":"2.0","id":3,"result":{"requestId":"ac961912-b0ac-4f5c-9050-bfa8406fa9b8","pipeName":"/var/folders/3l/2l1z4wws21v3mv848wtg85jc0000gn/T/3baae1f83bde424cace6c179b99e36d2"}}
03/10/2025 17:43:30 Mitteleuropäische Normalzeit : Information : Microsoft.VisualStudio.ProjectSystem.CompositionService-RemoteServiceBrokerServer read: Content-Length: 188

{"jsonrpc":"2.0","id":4,"method":"requestServiceChannel","params":[{"name":"Microsoft.VisualStudio.ComponentExportsService","version":"0.1"},{"clientCulture":"de","clientUICulture":"de"}]}
03/10/2025 17:43:30 Mitteleuropäische Normalzeit : Information : Microsoft.VisualStudio.ProjectSystem.CompositionService-RemoteServiceBrokerServer write: Content-Length: 181

{"jsonrpc":"2.0","id":4,"result":{"requestId":"2f1667a2-fd33-4792-8a01-c48edbf47453","pipeName":"/var/folders/3l/2l1z4wws21v3mv848wtg85jc0000gn/T/0b1ae338c00d494bbd041817ef55b425"}}
03/10/2025 17:43:30 Mitteleuropäische Normalzeit : Information : Microsoft.VisualStudio.ProjectSystem.CompositionService-RemoteServiceBrokerServer read: Content-Length: 191

{"jsonrpc":"2.0","id":5,"method":"requestServiceChannel","params":[{"name":"Microsoft.VisualStudio.NoDelay.EnvironmentService","version":"0.1"},{"clientCulture":"de","clientUICulture":"de"}]}
03/10/2025 17:43:30 Mitteleuropäische Normalzeit : Information : Microsoft.VisualStudio.ProjectSystem.CompositionService-RemoteServiceBrokerServer write: Content-Length: 181

{"jsonrpc":"2.0","id":5,"result":{"requestId":"e12dad5d-bda7-4584-a84d-a295b878f5c5","pipeName":"/var/folders/3l/2l1z4wws21v3mv848wtg85jc0000gn/T/ffafc4fa348b42ac8eff19355fcaaa0b"}}
03/10/2025 17:43:31 Mitteleuropäische Normalzeit : Information : Microsoft.VisualStudio.ProjectSystem.CompositionService-RemoteServiceBrokerServer read: Content-Length: 198

{"jsonrpc":"2.0","id":6,"method":"requestServiceChannel","params":[{"name":"Microsoft.VisualStudio.ActiveDocumentsInformationService","version":"0.1"},{"clientCulture":"de","clientUICulture":"de"}]}
03/10/2025 17:43:31 Mitteleuropäische Normalzeit : Information : Microsoft.VisualStudio.ProjectSystem.CompositionService-RemoteServiceBrokerServer write: Content-Length: 181

{"jsonrpc":"2.0","id":6,"result":{"requestId":"06358428-c197-4a7c-af8e-9f4920bb06e5","pipeName":"/var/folders/3l/2l1z4wws21v3mv848wtg85jc0000gn/T/61f6deef11284ef0a3b41e70caa099d6"}}
03/10/2025 17:43:31 Mitteleuropäische Normalzeit : Information : Microsoft.VisualStudio.ProjectSystem.CompositionService-RemoteServiceBrokerServer read: Content-Length: 236

{"jsonrpc":"2.0","id":7,"method":"requestServiceChannel","params":[{"name":"Microsoft.VisualStudio.NuGetSolutionRestoreService","version":"0.1"},{"activationArguments":{"needEvents":"True"},"clientCulture":"de","clientUICulture":"de"}]}
03/10/2025 17:43:31 Mitteleuropäische Normalzeit : Information : Microsoft.VisualStudio.ProjectSystem.CompositionService-RemoteServiceBrokerServer write: Content-Length: 181

{"jsonrpc":"2.0","id":7,"result":{"requestId":"4f97c621-5170-4f8d-9184-c7365560f094","pipeName":"/var/folders/3l/2l1z4wws21v3mv848wtg85jc0000gn/T/b15676f46c944cf0a8e34db08db2c6ea"}}
03/10/2025 17:43:31 Mitteleuropäische Normalzeit : Information : Microsoft.VisualStudio.ProjectSystem.CompositionService-RemoteServiceBrokerServer read: Content-Length: 264

{"jsonrpc":"2.0","id":8,"method":"requestServiceChannel","params":[{"name":"Microsoft.VisualStudio.CpsProjectIconSourceService","version":"0.1"},{"clientCulture":"de","clientUICulture":"de"}],"traceparent":"00-2d7bbac56a09c24ea1f29ebaa889f16a-c7ce8ac205031341-00"}
03/10/2025 17:43:31 Mitteleuropäische Normalzeit : Information : VsHubClient-hubController write: Content-Length: 345

{"jsonrpc":"2.0","id":12,"method":"requestServiceChannel","params":[{"Name":"Microsoft.VisualStudio.CpsProjectIconSourceService","Version":"0.1"},{"ActivationArguments":{"__servicehub__ServiceHubRemoteServiceBrokerPipeName":"/Users/MacBook/.ServiceHub/3eef1ccc62/5941f9c6b4"},"ClientCredentials":{},"ClientCulture":"de","ClientUICulture":"de"}]}
03/10/2025 17:43:31 Mitteleuropäische Normalzeit : Information : VsHubClient-hubController read: Content-Length: 165

{"jsonrpc":"2.0","id":12,"result":{"RequestId":"0ea424e3-4555-46a2-a67a-8e301871e97f","PipeName":"/Users/MacBook/.ServiceHub/3eef1ccc62/d9a592e336","IsEmpty":false}}
03/10/2025 17:43:31 Mitteleuropäische Normalzeit : Information : Microsoft.VisualStudio.ProjectSystem.CompositionService-RemoteServiceBrokerServer write: Content-Length: 148

{"jsonrpc":"2.0","id":8,"result":{"requestId":"0ea424e3-4555-46a2-a67a-8e301871e97f","pipeName":"/Users/MacBook/.ServiceHub/3eef1ccc62/d9a592e336"}}
03/10/2025 17:43:31 Mitteleuropäische Normalzeit : Information : Disposing ServiceBroker server '/Users/MacBook/.ServiceHub/3eef1ccc62/5941f9c6b4'.
03/10/2025 17:43:31 Mitteleuropäische Normalzeit : Information : Microsoft.VisualStudio.CpsProjectIconSourceService-RemoteServiceBrokerServer read: Content-Length: 193

{"jsonrpc":"2.0","id":2,"method":"handshake","params":[{"supportedConnections":"IpcPipe","localServiceHost":{"operatingSystem":2,"processArchitecture":3,"runtime":2,"runtimeVersion":"9.0.1"}}]}
03/10/2025 17:43:31 Mitteleuropäische Normalzeit : Information : Microsoft.VisualStudio.CpsProjectIconSourceService-RemoteServiceBrokerServer write: Content-Length: 38

{"jsonrpc":"2.0","id":2,"result":null}
03/10/2025 17:43:31 Mitteleuropäische Normalzeit : Information : Microsoft.VisualStudio.CpsProjectIconSourceService-RemoteServiceBrokerServer read: Content-Length: 177

{"jsonrpc":"2.0","id":3,"method":"requestServiceChannel","params":[{"name":"Microsoft.ServiceHub.Framework.AuthorizationService"},{"clientCulture":"de","clientUICulture":"de"}]}
03/10/2025 17:43:31 Mitteleuropäische Normalzeit : Information : Microsoft.VisualStudio.CpsProjectIconSourceService-RemoteServiceBrokerServer write: Content-Length: 181

{"jsonrpc":"2.0","id":3,"result":{"requestId":"ded452d2-db61-4920-8948-e1ab18077dd3","pipeName":"/var/folders/3l/2l1z4wws21v3mv848wtg85jc0000gn/T/3809e71fabb84a4c964d4130f0e4520e"}}
03/10/2025 17:43:33 Mitteleuropäische Normalzeit : Information : Microsoft.VisualStudio.ProjectSystem.CompositionService-RemoteServiceBrokerServer read: Content-Length: 191

{"jsonrpc":"2.0","id":9,"method":"requestServiceChannel","params":[{"name":"Microsoft.VisualStudio.NoDelay.EnvironmentService","version":"0.1"},{"clientCulture":"de","clientUICulture":"de"}]}
03/10/2025 17:43:33 Mitteleuropäische Normalzeit : Information : Microsoft.VisualStudio.ProjectSystem.CompositionService-RemoteServiceBrokerServer write: Content-Length: 181

{"jsonrpc":"2.0","id":9,"result":{"requestId":"6b4bae42-9ea2-4d0e-81b5-246c046183ca","pipeName":"/var/folders/3l/2l1z4wws21v3mv848wtg85jc0000gn/T/d030e4c6db8949b4ad1d50dfdadf6ab4"}}
03/10/2025 17:43:33 Mitteleuropäische Normalzeit : Information : Microsoft.VisualStudio.ProjectSystem.CompositionService-RemoteServiceBrokerServer read: Content-Length: 197

{"jsonrpc":"2.0","id":10,"method":"requestServiceChannel","params":[{"name":"Microsoft.VisualStudio.LanguageServices.WorkspaceProjectFactoryService"},{"clientCulture":"de","clientUICulture":"de"}]}
03/10/2025 17:43:33 Mitteleuropäische Normalzeit : Information : VsHubClient-hubController write: Content-Length: 366

{"jsonrpc":"2.0","id":13,"method":"requestServiceChannel","params":[{"Name":"Microsoft.VisualStudio.ProjectSystem.ProjectInitializationStatusService","Version":"0.1"},{"ActivationArguments":{"__servicehub__ServiceHubRemoteServiceBrokerPipeName":"/Users/MacBook/.ServiceHub/3eef1ccc62/939d8caeb0"},"ClientCredentials":{},"ClientCulture":"de","ClientUICulture":"de"}]}
03/10/2025 17:43:33 Mitteleuropäische Normalzeit : Information : VsHubClient-hubController read: Content-Length: 165

{"jsonrpc":"2.0","id":13,"result":{"RequestId":"0ed1cf3a-6442-4e32-bbae-96e33e493cb3","PipeName":"/Users/MacBook/.ServiceHub/3eef1ccc62/045f8ac5ef","IsEmpty":false}}
03/10/2025 17:43:33 Mitteleuropäische Normalzeit : Information : Disposing ServiceBroker server '/Users/MacBook/.ServiceHub/3eef1ccc62/939d8caeb0'.
03/10/2025 17:43:33 Mitteleuropäische Normalzeit : Information : Microsoft.VisualStudio.ProjectSystem.ProjectInitializationStatusService-RemoteServiceBrokerServer read: Content-Length: 193

{"jsonrpc":"2.0","id":2,"method":"handshake","params":[{"supportedConnections":"IpcPipe","localServiceHost":{"operatingSystem":2,"processArchitecture":3,"runtime":2,"runtimeVersion":"9.0.1"}}]}
03/10/2025 17:43:33 Mitteleuropäische Normalzeit : Information : Microsoft.VisualStudio.ProjectSystem.ProjectInitializationStatusService-RemoteServiceBrokerServer write: Content-Length: 38

{"jsonrpc":"2.0","id":2,"result":null}
03/10/2025 17:43:33 Mitteleuropäische Normalzeit : Information : Microsoft.VisualStudio.ProjectSystem.CompositionService-RemoteServiceBrokerServer read: Content-Length: 179

{"jsonrpc":"2.0","id":11,"method":"requestServiceChannel","params":[{"name":"Microsoft.VisualStudio.OptionService","version":"0.1"},{"clientCulture":"de","clientUICulture":"de"}]}
03/10/2025 17:43:33 Mitteleuropäische Normalzeit : Information : Microsoft.VisualStudio.ProjectSystem.CompositionService-RemoteServiceBrokerServer write: Content-Length: 182

{"jsonrpc":"2.0","id":11,"result":{"requestId":"df535a03-3334-41b9-970d-967a18ecef7c","pipeName":"/var/folders/3l/2l1z4wws21v3mv848wtg85jc0000gn/T/8cb6239e04d446f49020de422641fb27"}}
03/10/2025 17:43:33 Mitteleuropäische Normalzeit : Information : Microsoft.VisualStudio.ProjectSystem.ProjectInitializationStatusService-RemoteServiceBrokerServer read: Content-Length: 177

{"jsonrpc":"2.0","id":3,"method":"requestServiceChannel","params":[{"name":"Microsoft.ServiceHub.Framework.AuthorizationService"},{"clientCulture":"de","clientUICulture":"de"}]}
03/10/2025 17:43:33 Mitteleuropäische Normalzeit : Information : Microsoft.VisualStudio.ProjectSystem.ProjectInitializationStatusService-RemoteServiceBrokerServer write: Content-Length: 181

{"jsonrpc":"2.0","id":3,"result":{"requestId":"1f10cc0d-f43a-4b05-b606-a6cc0e1102df","pipeName":"/var/folders/3l/2l1z4wws21v3mv848wtg85jc0000gn/T/db2499fc08f547878c0cf35c831fe748"}}
03/10/2025 17:43:33 Mitteleuropäische Normalzeit : Information : Microsoft.VisualStudio.ProjectSystem.CompositionService-RemoteServiceBrokerServer write: Content-Length: 182

{"jsonrpc":"2.0","id":10,"result":{"requestId":"7daaa88f-873f-47cf-a3f6-6b7aa8cd62b2","pipeName":"/var/folders/3l/2l1z4wws21v3mv848wtg85jc0000gn/T/0048392ac1a445259d0ee2a79c94d1b6"}}
03/10/2025 17:43:34 Mitteleuropäische Normalzeit : Information : Microsoft.VisualStudio.ProjectSystem.CompositionService-RemoteServiceBrokerServer read: Content-Length: 193

{"jsonrpc":"2.0","id":12,"method":"requestServiceChannel","params":[{"name":"Microsoft.VisualStudio.NuGetSolutionRestoreService","version":"0.1"},{"clientCulture":"de","clientUICulture":"de"}]}
03/10/2025 17:43:34 Mitteleuropäische Normalzeit : Information : Microsoft.VisualStudio.ProjectSystem.CompositionService-RemoteServiceBrokerServer write: Content-Length: 182

{"jsonrpc":"2.0","id":12,"result":{"requestId":"a53cd40c-3772-45e4-96be-270b9d602522","pipeName":"/var/folders/3l/2l1z4wws21v3mv848wtg85jc0000gn/T/7dca06228af84fc49d4210ea1eb36263"}}
03/10/2025 17:43:34 Mitteleuropäische Normalzeit : Information : Microsoft.VisualStudio.ProjectSystem.CompositionService-RemoteServiceBrokerServer read: Content-Length: 244

{"jsonrpc":"2.0","id":13,"method":"requestServiceChannel","params":[{"name":"Microsoft.VisualStudio.LogOutputChannelService","version":"0.1"},{"activationArguments":{"outputChannelName":"Projects"},"clientCulture":"de","clientUICulture":"de"}]}
03/10/2025 17:43:34 Mitteleuropäische Normalzeit : Information : Microsoft.VisualStudio.ProjectSystem.CompositionService-RemoteServiceBrokerServer write: Content-Length: 182

{"jsonrpc":"2.0","id":13,"result":{"requestId":"428a3e0a-85ef-4a84-9db0-42c6268b1523","pipeName":"/var/folders/3l/2l1z4wws21v3mv848wtg85jc0000gn/T/b2c0708900ba46d1a548764b856a0344"}}
03/10/2025 17:43:59 Mitteleuropäische Normalzeit : Information : VsHubClient-hubController write: Content-Length: 328

{"jsonrpc":"2.0","id":14,"method":"requestServiceChannel","params":[{"Name":"Microsoft.VisualStudio.LaunchConfigurationService"},{"ActivationArguments":{"__servicehub__ServiceHubRemoteServiceBrokerPipeName":"/Users/MacBook/.ServiceHub/3eef1ccc62/6dc844f8db"},"ClientCredentials":{},"ClientCulture":"de","ClientUICulture":"de"}]}
03/10/2025 17:43:59 Mitteleuropäische Normalzeit : Information : VsHubClient-hubController read: Content-Length: 165

{"jsonrpc":"2.0","id":14,"result":{"RequestId":"c9c038be-a7a9-4b19-b507-32b67f51ce15","PipeName":"/Users/MacBook/.ServiceHub/3eef1ccc62/0baad42813","IsEmpty":false}}
03/10/2025 17:43:59 Mitteleuropäische Normalzeit : Information : Disposing ServiceBroker server '/Users/MacBook/.ServiceHub/3eef1ccc62/6dc844f8db'.
03/10/2025 17:43:59 Mitteleuropäische Normalzeit : Information : Microsoft.VisualStudio.LaunchConfigurationService-RemoteServiceBrokerServer read: Content-Length: 193

{"jsonrpc":"2.0","id":2,"method":"handshake","params":[{"supportedConnections":"IpcPipe","localServiceHost":{"operatingSystem":2,"processArchitecture":3,"runtime":2,"runtimeVersion":"9.0.1"}}]}
03/10/2025 17:43:59 Mitteleuropäische Normalzeit : Information : Microsoft.VisualStudio.LaunchConfigurationService-RemoteServiceBrokerServer write: Content-Length: 38

{"jsonrpc":"2.0","id":2,"result":null}
03/10/2025 17:43:59 Mitteleuropäische Normalzeit : Information : Microsoft.VisualStudio.LaunchConfigurationService-RemoteServiceBrokerServer read: Content-Length: 177

{"jsonrpc":"2.0","id":3,"method":"requestServiceChannel","params":[{"name":"Microsoft.ServiceHub.Framework.AuthorizationService"},{"clientCulture":"de","clientUICulture":"de"}]}
03/10/2025 17:44:00 Mitteleuropäische Normalzeit : Information : Microsoft.VisualStudio.LaunchConfigurationService-RemoteServiceBrokerServer write: Content-Length: 181

{"jsonrpc":"2.0","id":3,"result":{"requestId":"1bdba8c4-29f2-42ea-a483-122db02ddfe8","pipeName":"/var/folders/3l/2l1z4wws21v3mv848wtg85jc0000gn/T/89f93d58731b4be5a1c8398b7d6c38d1"}}
03/10/2025 17:44:01 Mitteleuropäische Normalzeit : Information : VsHubClient-hubController JSON RPC has been disposed
03/10/2025 17:44:01 Mitteleuropäische Normalzeit : Information : VsHubClient-hubController read: end of stream
03/10/2025 17:44:01 Mitteleuropäische Normalzeit : Information : Microsoft.VisualStudio.TestWindow.VSCode.Service-RemoteServiceBrokerServer read: end of stream
03/10/2025 17:44:01 Mitteleuropäische Normalzeit : Information : Microsoft.VisualStudio.ProjectSystem.Query.Remoting.QueryExecutionService-RemoteServiceBrokerServer read: end of stream
