03/10/2025 17:43:30 Mitteleuropäische Normalzeit : Information : Local timezone is (UTC+01:00) Mitteleuropäische Zeit (Wien)
03/10/2025 17:43:30 Mitteleuropäische Normalzeit : Information : Added local RPC method "getPipe" -> Microsoft.VisualStudio.Utilities.ServiceBroker.GlobalBrokeredServiceContainer+View.GetPipeAsync(ServiceMoniker, ServiceActivationOptions, CancellationToken) (Microsoft.VisualStudio.Utilities.ServiceBroker.GlobalBrokeredServiceContainer+View)
03/10/2025 17:43:30 Mitteleuropäische Normalzeit : Information : Added local RPC method "getProxy" -> Microsoft.VisualStudio.Utilities.ServiceBroker.GlobalBrokeredServiceContainer+View.GetProxyAsync(ServiceRpcDescriptor, ServiceActivationOptions, CancellationToken) (Microsoft.VisualStudio.Utilities.ServiceBroker.GlobalBrokeredServiceContainer+View)
03/10/2025 17:43:30 Mitteleuropäische Normalzeit : Information : Added local RPC method "handshake" -> Microsoft.VisualStudio.Utilities.ServiceBroker.GlobalBrokeredServiceContainer+View.HandshakeAsync(ServiceBrokerClientMetadata, CancellationToken) (Microsoft.VisualStudio.Utilities.ServiceBroker.GlobalBrokeredServiceContainer+View)
03/10/2025 17:43:30 Mitteleuropäische Normalzeit : Information : Added local RPC method "requestServiceChannel" -> Microsoft.VisualStudio.Utilities.ServiceBroker.GlobalBrokeredServiceContainer+View.RequestServiceChannelAsync(ServiceMoniker, ServiceActivationOptions, CancellationToken) (Microsoft.VisualStudio.Utilities.ServiceBroker.GlobalBrokeredServiceContainer+View)
03/10/2025 17:43:30 Mitteleuropäische Normalzeit : Information : Added local RPC method "cancelServiceRequest" -> Microsoft.VisualStudio.Utilities.ServiceBroker.GlobalBrokeredServiceContainer+View.CancelServiceRequestAsync(Guid) (Microsoft.VisualStudio.Utilities.ServiceBroker.GlobalBrokeredServiceContainer+View)
03/10/2025 17:43:30 Mitteleuropäische Normalzeit : Information : Added local RPC method "getPipe" -> Microsoft.VisualStudio.Utilities.ServiceBroker.GlobalBrokeredServiceContainer+View.GetPipeAsync(ServiceMoniker, ServiceActivationOptions, CancellationToken) (Microsoft.VisualStudio.Utilities.ServiceBroker.GlobalBrokeredServiceContainer+View)
03/10/2025 17:43:30 Mitteleuropäische Normalzeit : Information : Added local RPC method "getProxy" -> Microsoft.VisualStudio.Utilities.ServiceBroker.GlobalBrokeredServiceContainer+View.GetProxyAsync(ServiceRpcDescriptor, ServiceActivationOptions, CancellationToken) (Microsoft.VisualStudio.Utilities.ServiceBroker.GlobalBrokeredServiceContainer+View)
03/10/2025 17:43:30 Mitteleuropäische Normalzeit : Information : Added local RPC method "handshake" -> Microsoft.VisualStudio.Utilities.ServiceBroker.GlobalBrokeredServiceContainer+View.HandshakeAsync(ServiceBrokerClientMetadata, CancellationToken) (Microsoft.VisualStudio.Utilities.ServiceBroker.GlobalBrokeredServiceContainer+View)
03/10/2025 17:43:30 Mitteleuropäische Normalzeit : Information : Added local RPC method "requestServiceChannel" -> Microsoft.VisualStudio.Utilities.ServiceBroker.GlobalBrokeredServiceContainer+View.RequestServiceChannelAsync(ServiceMoniker, ServiceActivationOptions, CancellationToken) (Microsoft.VisualStudio.Utilities.ServiceBroker.GlobalBrokeredServiceContainer+View)
03/10/2025 17:43:30 Mitteleuropäische Normalzeit : Information : Added local RPC method "cancelServiceRequest" -> Microsoft.VisualStudio.Utilities.ServiceBroker.GlobalBrokeredServiceContainer+View.CancelServiceRequestAsync(Guid) (Microsoft.VisualStudio.Utilities.ServiceBroker.GlobalBrokeredServiceContainer+View)
03/10/2025 17:43:30 Mitteleuropäische Normalzeit: Information : 2 :Listening for events from Microsoft.VisualStudio.Utilities.ServiceBroker.GlobalBrokeredServiceContainer+View.AvailabilityChanged to raise notification.
03/10/2025 17:43:30 Mitteleuropäische Normalzeit: Information : 3 :Listening started.
03/10/2025 17:43:30 Mitteleuropäische Normalzeit: Information : 7 :{"id":2,"method":"handshake"}
03/10/2025 17:43:30 Mitteleuropäische Normalzeit: Information : 6 :Received request "2" for method "handshake".
03/10/2025 17:43:30 Mitteleuropäische Normalzeit: Information : 9 :Invoking Microsoft.VisualStudio.Utilities.ServiceBroker.GlobalBrokeredServiceContainer+View.HandshakeAsync(ServiceBrokerClientMetadata, CancellationToken)
03/10/2025 17:43:30 Mitteleuropäische Normalzeit : Start : handshake
03/10/2025 17:43:30 Mitteleuropäische Normalzeit : Stop : handshake
03/10/2025 17:43:30 Mitteleuropäische Normalzeit: Information : 8 :{"id":2}
03/10/2025 17:43:30 Mitteleuropäische Normalzeit: Information : 7 :{"id":3,"method":"requestServiceChannel"}
03/10/2025 17:43:30 Mitteleuropäische Normalzeit: Information : 6 :Received request "3" for method "requestServiceChannel".
03/10/2025 17:43:30 Mitteleuropäische Normalzeit: Information : 9 :Invoking Microsoft.VisualStudio.Utilities.ServiceBroker.GlobalBrokeredServiceContainer+View.RequestServiceChannelAsync(ServiceMoniker, ServiceActivationOptions, CancellationToken)
03/10/2025 17:43:30 Mitteleuropäische Normalzeit : Start : requestServiceChannel
03/10/2025 17:43:30 Mitteleuropäische Normalzeit : Stop : requestServiceChannel
03/10/2025 17:43:30 Mitteleuropäische Normalzeit: Information : 8 :{"id":3}
03/10/2025 17:43:30 Mitteleuropäische Normalzeit: Information : 7 :{"id":4,"method":"requestServiceChannel"}
03/10/2025 17:43:30 Mitteleuropäische Normalzeit: Information : 6 :Received request "4" for method "requestServiceChannel".
03/10/2025 17:43:30 Mitteleuropäische Normalzeit: Information : 9 :Invoking Microsoft.VisualStudio.Utilities.ServiceBroker.GlobalBrokeredServiceContainer+View.RequestServiceChannelAsync(ServiceMoniker, ServiceActivationOptions, CancellationToken)
03/10/2025 17:43:30 Mitteleuropäische Normalzeit : Start : requestServiceChannel
03/10/2025 17:43:30 Mitteleuropäische Normalzeit : Stop : requestServiceChannel
03/10/2025 17:43:30 Mitteleuropäische Normalzeit: Information : 8 :{"id":4}
03/10/2025 17:43:30 Mitteleuropäische Normalzeit: Information : 7 :{"id":5,"method":"requestServiceChannel"}
03/10/2025 17:43:30 Mitteleuropäische Normalzeit: Information : 6 :Received request "5" for method "requestServiceChannel".
03/10/2025 17:43:30 Mitteleuropäische Normalzeit: Information : 9 :Invoking Microsoft.VisualStudio.Utilities.ServiceBroker.GlobalBrokeredServiceContainer+View.RequestServiceChannelAsync(ServiceMoniker, ServiceActivationOptions, CancellationToken)
03/10/2025 17:43:30 Mitteleuropäische Normalzeit : Start : requestServiceChannel
03/10/2025 17:43:30 Mitteleuropäische Normalzeit : Stop : requestServiceChannel
03/10/2025 17:43:30 Mitteleuropäische Normalzeit: Information : 8 :{"id":5}
03/10/2025 17:43:31 Mitteleuropäische Normalzeit: Information : 7 :{"id":6,"method":"requestServiceChannel"}
03/10/2025 17:43:31 Mitteleuropäische Normalzeit: Information : 6 :Received request "6" for method "requestServiceChannel".
03/10/2025 17:43:31 Mitteleuropäische Normalzeit: Information : 9 :Invoking Microsoft.VisualStudio.Utilities.ServiceBroker.GlobalBrokeredServiceContainer+View.RequestServiceChannelAsync(ServiceMoniker, ServiceActivationOptions, CancellationToken)
03/10/2025 17:43:31 Mitteleuropäische Normalzeit : Start : requestServiceChannel
03/10/2025 17:43:31 Mitteleuropäische Normalzeit : Stop : requestServiceChannel
03/10/2025 17:43:31 Mitteleuropäische Normalzeit: Information : 8 :{"id":6}
03/10/2025 17:43:31 Mitteleuropäische Normalzeit: Information : 7 :{"id":7,"method":"requestServiceChannel"}
03/10/2025 17:43:31 Mitteleuropäische Normalzeit: Information : 6 :Received request "7" for method "requestServiceChannel".
03/10/2025 17:43:31 Mitteleuropäische Normalzeit: Information : 9 :Invoking Microsoft.VisualStudio.Utilities.ServiceBroker.GlobalBrokeredServiceContainer+View.RequestServiceChannelAsync(ServiceMoniker, ServiceActivationOptions, CancellationToken)
03/10/2025 17:43:31 Mitteleuropäische Normalzeit : Start : requestServiceChannel
03/10/2025 17:43:31 Mitteleuropäische Normalzeit : Stop : requestServiceChannel
03/10/2025 17:43:31 Mitteleuropäische Normalzeit: Information : 8 :{"id":7}
03/10/2025 17:43:31 Mitteleuropäische Normalzeit: Information : 7 :{"id":8,"method":"requestServiceChannel"}
03/10/2025 17:43:31 Mitteleuropäische Normalzeit: Information : 6 :Received request "8" for method "requestServiceChannel".
03/10/2025 17:43:31 Mitteleuropäische Normalzeit: Information : 9 :Invoking Microsoft.VisualStudio.Utilities.ServiceBroker.GlobalBrokeredServiceContainer+View.RequestServiceChannelAsync(ServiceMoniker, ServiceActivationOptions, CancellationToken)
03/10/2025 17:43:31 Mitteleuropäische Normalzeit : Transfer : Transfer, relatedActivityId=54ea4e6b-b8b7-4dfb-b1a7-76458211b4db
03/10/2025 17:43:31 Mitteleuropäische Normalzeit : Start : requestServiceChannel
03/10/2025 17:43:31 Mitteleuropäische Normalzeit : Stop : requestServiceChannel
03/10/2025 17:43:31 Mitteleuropäische Normalzeit : Transfer : Transfer, relatedActivityId=c5ba7b2d-096a-4ec2-a1f2-9ebaa889f16a
03/10/2025 17:43:31 Mitteleuropäische Normalzeit: Information : 8 :{"id":8}
03/10/2025 17:43:33 Mitteleuropäische Normalzeit: Information : 7 :{"id":9,"method":"requestServiceChannel"}
03/10/2025 17:43:33 Mitteleuropäische Normalzeit: Information : 6 :Received request "9" for method "requestServiceChannel".
03/10/2025 17:43:33 Mitteleuropäische Normalzeit: Information : 9 :Invoking Microsoft.VisualStudio.Utilities.ServiceBroker.GlobalBrokeredServiceContainer+View.RequestServiceChannelAsync(ServiceMoniker, ServiceActivationOptions, CancellationToken)
03/10/2025 17:43:33 Mitteleuropäische Normalzeit : Start : requestServiceChannel
03/10/2025 17:43:33 Mitteleuropäische Normalzeit : Stop : requestServiceChannel
03/10/2025 17:43:33 Mitteleuropäische Normalzeit: Information : 8 :{"id":9}
03/10/2025 17:43:33 Mitteleuropäische Normalzeit: Information : 7 :{"id":10,"method":"requestServiceChannel"}
03/10/2025 17:43:33 Mitteleuropäische Normalzeit: Information : 6 :Received request "10" for method "requestServiceChannel".
03/10/2025 17:43:33 Mitteleuropäische Normalzeit: Information : 9 :Invoking Microsoft.VisualStudio.Utilities.ServiceBroker.GlobalBrokeredServiceContainer+View.RequestServiceChannelAsync(ServiceMoniker, ServiceActivationOptions, CancellationToken)
03/10/2025 17:43:33 Mitteleuropäische Normalzeit : Start : requestServiceChannel
03/10/2025 17:43:33 Mitteleuropäische Normalzeit: Information : 7 :{"id":11,"method":"requestServiceChannel"}
03/10/2025 17:43:33 Mitteleuropäische Normalzeit: Information : 6 :Received request "11" for method "requestServiceChannel".
03/10/2025 17:43:33 Mitteleuropäische Normalzeit: Information : 9 :Invoking Microsoft.VisualStudio.Utilities.ServiceBroker.GlobalBrokeredServiceContainer+View.RequestServiceChannelAsync(ServiceMoniker, ServiceActivationOptions, CancellationToken)
03/10/2025 17:43:33 Mitteleuropäische Normalzeit : Start : requestServiceChannel
03/10/2025 17:43:33 Mitteleuropäische Normalzeit : Stop : requestServiceChannel
03/10/2025 17:43:33 Mitteleuropäische Normalzeit: Information : 8 :{"id":11}
03/10/2025 17:43:33 Mitteleuropäische Normalzeit : Stop : requestServiceChannel
03/10/2025 17:43:33 Mitteleuropäische Normalzeit: Information : 8 :{"id":10}
03/10/2025 17:43:34 Mitteleuropäische Normalzeit: Information : 7 :{"id":12,"method":"requestServiceChannel"}
03/10/2025 17:43:34 Mitteleuropäische Normalzeit: Information : 6 :Received request "12" for method "requestServiceChannel".
03/10/2025 17:43:34 Mitteleuropäische Normalzeit: Information : 9 :Invoking Microsoft.VisualStudio.Utilities.ServiceBroker.GlobalBrokeredServiceContainer+View.RequestServiceChannelAsync(ServiceMoniker, ServiceActivationOptions, CancellationToken)
03/10/2025 17:43:34 Mitteleuropäische Normalzeit : Start : requestServiceChannel
03/10/2025 17:43:34 Mitteleuropäische Normalzeit : Stop : requestServiceChannel
03/10/2025 17:43:34 Mitteleuropäische Normalzeit: Information : 8 :{"id":12}
03/10/2025 17:43:34 Mitteleuropäische Normalzeit: Information : 7 :{"id":13,"method":"requestServiceChannel"}
03/10/2025 17:43:34 Mitteleuropäische Normalzeit: Information : 6 :Received request "13" for method "requestServiceChannel".
03/10/2025 17:43:34 Mitteleuropäische Normalzeit: Information : 9 :Invoking Microsoft.VisualStudio.Utilities.ServiceBroker.GlobalBrokeredServiceContainer+View.RequestServiceChannelAsync(ServiceMoniker, ServiceActivationOptions, CancellationToken)
03/10/2025 17:43:34 Mitteleuropäische Normalzeit : Start : requestServiceChannel
03/10/2025 17:43:34 Mitteleuropäische Normalzeit : Stop : requestServiceChannel
03/10/2025 17:43:34 Mitteleuropäische Normalzeit: Information : 8 :{"id":13}
