02/13/2025 20:07:29 Mitteleuropäische Normalzeit : Information : Local timezone is (UTC+01:00) Mitteleuropäische Zeit (Wien)
02/13/2025 20:07:29 Mitteleuropäische Normalzeit : Information : Added local RPC method "getPipe" -> Microsoft.VisualStudio.Utilities.ServiceBroker.GlobalBrokeredServiceContainer+View.GetPipeAsync(ServiceMoniker, ServiceActivationOptions, CancellationToken) (Microsoft.VisualStudio.Utilities.ServiceBroker.GlobalBrokeredServiceContainer+View)
02/13/2025 20:07:29 Mitteleuropäische Normalzeit : Information : Added local RPC method "getProxy" -> Microsoft.VisualStudio.Utilities.ServiceBroker.GlobalBrokeredServiceContainer+View.GetProxyAsync(ServiceRpcDescriptor, ServiceActivationOptions, CancellationToken) (Microsoft.VisualStudio.Utilities.ServiceBroker.GlobalBrokeredServiceContainer+View)
02/13/2025 20:07:29 Mitteleuropäische Normalzeit : Information : Added local RPC method "handshake" -> Microsoft.VisualStudio.Utilities.ServiceBroker.GlobalBrokeredServiceContainer+View.HandshakeAsync(ServiceBrokerClientMetadata, CancellationToken) (Microsoft.VisualStudio.Utilities.ServiceBroker.GlobalBrokeredServiceContainer+View)
02/13/2025 20:07:29 Mitteleuropäische Normalzeit : Information : Added local RPC method "requestServiceChannel" -> Microsoft.VisualStudio.Utilities.ServiceBroker.GlobalBrokeredServiceContainer+View.RequestServiceChannelAsync(ServiceMoniker, ServiceActivationOptions, CancellationToken) (Microsoft.VisualStudio.Utilities.ServiceBroker.GlobalBrokeredServiceContainer+View)
02/13/2025 20:07:29 Mitteleuropäische Normalzeit : Information : Added local RPC method "cancelServiceRequest" -> Microsoft.VisualStudio.Utilities.ServiceBroker.GlobalBrokeredServiceContainer+View.CancelServiceRequestAsync(Guid) (Microsoft.VisualStudio.Utilities.ServiceBroker.GlobalBrokeredServiceContainer+View)
02/13/2025 20:07:29 Mitteleuropäische Normalzeit : Information : Added local RPC method "getPipe" -> Microsoft.VisualStudio.Utilities.ServiceBroker.GlobalBrokeredServiceContainer+View.GetPipeAsync(ServiceMoniker, ServiceActivationOptions, CancellationToken) (Microsoft.VisualStudio.Utilities.ServiceBroker.GlobalBrokeredServiceContainer+View)
02/13/2025 20:07:29 Mitteleuropäische Normalzeit : Information : Added local RPC method "getProxy" -> Microsoft.VisualStudio.Utilities.ServiceBroker.GlobalBrokeredServiceContainer+View.GetProxyAsync(ServiceRpcDescriptor, ServiceActivationOptions, CancellationToken) (Microsoft.VisualStudio.Utilities.ServiceBroker.GlobalBrokeredServiceContainer+View)
02/13/2025 20:07:29 Mitteleuropäische Normalzeit : Information : Added local RPC method "handshake" -> Microsoft.VisualStudio.Utilities.ServiceBroker.GlobalBrokeredServiceContainer+View.HandshakeAsync(ServiceBrokerClientMetadata, CancellationToken) (Microsoft.VisualStudio.Utilities.ServiceBroker.GlobalBrokeredServiceContainer+View)
02/13/2025 20:07:29 Mitteleuropäische Normalzeit : Information : Added local RPC method "requestServiceChannel" -> Microsoft.VisualStudio.Utilities.ServiceBroker.GlobalBrokeredServiceContainer+View.RequestServiceChannelAsync(ServiceMoniker, ServiceActivationOptions, CancellationToken) (Microsoft.VisualStudio.Utilities.ServiceBroker.GlobalBrokeredServiceContainer+View)
02/13/2025 20:07:29 Mitteleuropäische Normalzeit : Information : Added local RPC method "cancelServiceRequest" -> Microsoft.VisualStudio.Utilities.ServiceBroker.GlobalBrokeredServiceContainer+View.CancelServiceRequestAsync(Guid) (Microsoft.VisualStudio.Utilities.ServiceBroker.GlobalBrokeredServiceContainer+View)
02/13/2025 20:07:29 Mitteleuropäische Normalzeit: Information : 2 :Listening for events from Microsoft.VisualStudio.Utilities.ServiceBroker.GlobalBrokeredServiceContainer+View.AvailabilityChanged to raise notification.
02/13/2025 20:07:29 Mitteleuropäische Normalzeit: Information : 3 :Listening started.
02/13/2025 20:07:29 Mitteleuropäische Normalzeit: Information : 7 :{"id":2,"method":"handshake"}
02/13/2025 20:07:29 Mitteleuropäische Normalzeit: Information : 6 :Received request "2" for method "handshake".
02/13/2025 20:07:29 Mitteleuropäische Normalzeit: Information : 9 :Invoking Microsoft.VisualStudio.Utilities.ServiceBroker.GlobalBrokeredServiceContainer+View.HandshakeAsync(ServiceBrokerClientMetadata, CancellationToken)
02/13/2025 20:07:29 Mitteleuropäische Normalzeit : Start : handshake
02/13/2025 20:07:29 Mitteleuropäische Normalzeit : Stop : handshake
02/13/2025 20:07:29 Mitteleuropäische Normalzeit: Information : 8 :{"id":2}
02/13/2025 20:07:29 Mitteleuropäische Normalzeit: Information : 7 :{"id":3,"method":"requestServiceChannel"}
02/13/2025 20:07:29 Mitteleuropäische Normalzeit: Information : 6 :Received request "3" for method "requestServiceChannel".
02/13/2025 20:07:29 Mitteleuropäische Normalzeit: Information : 9 :Invoking Microsoft.VisualStudio.Utilities.ServiceBroker.GlobalBrokeredServiceContainer+View.RequestServiceChannelAsync(ServiceMoniker, ServiceActivationOptions, CancellationToken)
02/13/2025 20:07:29 Mitteleuropäische Normalzeit : Start : requestServiceChannel
02/13/2025 20:07:29 Mitteleuropäische Normalzeit : Stop : requestServiceChannel
02/13/2025 20:07:29 Mitteleuropäische Normalzeit: Information : 8 :{"id":3}
02/13/2025 20:07:29 Mitteleuropäische Normalzeit: Information : 7 :{"id":4,"method":"requestServiceChannel"}
02/13/2025 20:07:29 Mitteleuropäische Normalzeit: Information : 6 :Received request "4" for method "requestServiceChannel".
02/13/2025 20:07:29 Mitteleuropäische Normalzeit: Information : 9 :Invoking Microsoft.VisualStudio.Utilities.ServiceBroker.GlobalBrokeredServiceContainer+View.RequestServiceChannelAsync(ServiceMoniker, ServiceActivationOptions, CancellationToken)
02/13/2025 20:07:29 Mitteleuropäische Normalzeit : Transfer : Transfer, relatedActivityId=c84ebabb-8538-47fc-8822-e58b49ccae21
02/13/2025 20:07:29 Mitteleuropäische Normalzeit : Start : requestServiceChannel
02/13/2025 20:07:29 Mitteleuropäische Normalzeit : Stop : requestServiceChannel
02/13/2025 20:07:29 Mitteleuropäische Normalzeit : Transfer : Transfer, relatedActivityId=2ec04917-3259-4dee-a623-99ee76a9127a
02/13/2025 20:07:29 Mitteleuropäische Normalzeit: Information : 8 :{"id":4}
