01/21/2025 15:32:53 Mitteleuropäische Normalzeit : Information : Local timezone is (UTC+01:00) Mitteleuropäische Zeit (Wien)
01/21/2025 15:32:53 Mitteleuropäische Normalzeit : Information : Added local RPC method "getPipe" -> Microsoft.VisualStudio.Utilities.ServiceBroker.GlobalBrokeredServiceContainer+View.GetPipeAsync(ServiceMoniker, ServiceActivationOptions, CancellationToken) (Microsoft.VisualStudio.Utilities.ServiceBroker.GlobalBrokeredServiceContainer+View)
01/21/2025 15:32:53 Mitteleuropäische Normalzeit : Information : Added local RPC method "getProxy" -> Microsoft.VisualStudio.Utilities.ServiceBroker.GlobalBrokeredServiceContainer+View.GetProxyAsync(ServiceRpcDescriptor, ServiceActivationOptions, CancellationToken) (Microsoft.VisualStudio.Utilities.ServiceBroker.GlobalBrokeredServiceContainer+View)
01/21/2025 15:32:53 Mitteleuropäische Normalzeit : Information : Added local RPC method "handshake" -> Microsoft.VisualStudio.Utilities.ServiceBroker.GlobalBrokeredServiceContainer+View.HandshakeAsync(ServiceBrokerClientMetadata, CancellationToken) (Microsoft.VisualStudio.Utilities.ServiceBroker.GlobalBrokeredServiceContainer+View)
01/21/2025 15:32:53 Mitteleuropäische Normalzeit : Information : Added local RPC method "requestServiceChannel" -> Microsoft.VisualStudio.Utilities.ServiceBroker.GlobalBrokeredServiceContainer+View.RequestServiceChannelAsync(ServiceMoniker, ServiceActivationOptions, CancellationToken) (Microsoft.VisualStudio.Utilities.ServiceBroker.GlobalBrokeredServiceContainer+View)
01/21/2025 15:32:53 Mitteleuropäische Normalzeit : Information : Added local RPC method "cancelServiceRequest" -> Microsoft.VisualStudio.Utilities.ServiceBroker.GlobalBrokeredServiceContainer+View.CancelServiceRequestAsync(Guid) (Microsoft.VisualStudio.Utilities.ServiceBroker.GlobalBrokeredServiceContainer+View)
01/21/2025 15:32:53 Mitteleuropäische Normalzeit : Information : Added local RPC method "getPipe" -> Microsoft.VisualStudio.Utilities.ServiceBroker.GlobalBrokeredServiceContainer+View.GetPipeAsync(ServiceMoniker, ServiceActivationOptions, CancellationToken) (Microsoft.VisualStudio.Utilities.ServiceBroker.GlobalBrokeredServiceContainer+View)
01/21/2025 15:32:53 Mitteleuropäische Normalzeit : Information : Added local RPC method "getProxy" -> Microsoft.VisualStudio.Utilities.ServiceBroker.GlobalBrokeredServiceContainer+View.GetProxyAsync(ServiceRpcDescriptor, ServiceActivationOptions, CancellationToken) (Microsoft.VisualStudio.Utilities.ServiceBroker.GlobalBrokeredServiceContainer+View)
01/21/2025 15:32:53 Mitteleuropäische Normalzeit : Information : Added local RPC method "handshake" -> Microsoft.VisualStudio.Utilities.ServiceBroker.GlobalBrokeredServiceContainer+View.HandshakeAsync(ServiceBrokerClientMetadata, CancellationToken) (Microsoft.VisualStudio.Utilities.ServiceBroker.GlobalBrokeredServiceContainer+View)
01/21/2025 15:32:53 Mitteleuropäische Normalzeit : Information : Added local RPC method "requestServiceChannel" -> Microsoft.VisualStudio.Utilities.ServiceBroker.GlobalBrokeredServiceContainer+View.RequestServiceChannelAsync(ServiceMoniker, ServiceActivationOptions, CancellationToken) (Microsoft.VisualStudio.Utilities.ServiceBroker.GlobalBrokeredServiceContainer+View)
01/21/2025 15:32:53 Mitteleuropäische Normalzeit : Information : Added local RPC method "cancelServiceRequest" -> Microsoft.VisualStudio.Utilities.ServiceBroker.GlobalBrokeredServiceContainer+View.CancelServiceRequestAsync(Guid) (Microsoft.VisualStudio.Utilities.ServiceBroker.GlobalBrokeredServiceContainer+View)
01/21/2025 15:32:53 Mitteleuropäische Normalzeit: Information : 2 :Listening for events from Microsoft.VisualStudio.Utilities.ServiceBroker.GlobalBrokeredServiceContainer+View.AvailabilityChanged to raise notification.
01/21/2025 15:32:53 Mitteleuropäische Normalzeit: Information : 3 :Listening started.
01/21/2025 15:32:53 Mitteleuropäische Normalzeit: Information : 7 :{"id":2,"method":"handshake"}
01/21/2025 15:32:53 Mitteleuropäische Normalzeit: Information : 6 :Received request "2" for method "handshake".
01/21/2025 15:32:53 Mitteleuropäische Normalzeit: Information : 9 :Invoking Microsoft.VisualStudio.Utilities.ServiceBroker.GlobalBrokeredServiceContainer+View.HandshakeAsync(ServiceBrokerClientMetadata, CancellationToken)
01/21/2025 15:32:53 Mitteleuropäische Normalzeit : Start : handshake
01/21/2025 15:32:53 Mitteleuropäische Normalzeit : Stop : handshake
01/21/2025 15:32:53 Mitteleuropäische Normalzeit: Information : 8 :{"id":2}
01/21/2025 15:32:53 Mitteleuropäische Normalzeit: Information : 7 :{"id":3,"method":"requestServiceChannel"}
01/21/2025 15:32:53 Mitteleuropäische Normalzeit: Information : 6 :Received request "3" for method "requestServiceChannel".
01/21/2025 15:32:53 Mitteleuropäische Normalzeit: Information : 9 :Invoking Microsoft.VisualStudio.Utilities.ServiceBroker.GlobalBrokeredServiceContainer+View.RequestServiceChannelAsync(ServiceMoniker, ServiceActivationOptions, CancellationToken)
01/21/2025 15:32:53 Mitteleuropäische Normalzeit : Start : requestServiceChannel
01/21/2025 15:32:53 Mitteleuropäische Normalzeit : Stop : requestServiceChannel
01/21/2025 15:32:53 Mitteleuropäische Normalzeit: Information : 8 :{"id":3}
01/21/2025 15:32:53 Mitteleuropäische Normalzeit: Information : 7 :{"id":4,"method":"requestServiceChannel"}
01/21/2025 15:32:53 Mitteleuropäische Normalzeit: Information : 6 :Received request "4" for method "requestServiceChannel".
01/21/2025 15:32:53 Mitteleuropäische Normalzeit: Information : 9 :Invoking Microsoft.VisualStudio.Utilities.ServiceBroker.GlobalBrokeredServiceContainer+View.RequestServiceChannelAsync(ServiceMoniker, ServiceActivationOptions, CancellationToken)
01/21/2025 15:32:53 Mitteleuropäische Normalzeit : Start : requestServiceChannel
01/21/2025 15:32:53 Mitteleuropäische Normalzeit : Stop : requestServiceChannel
01/21/2025 15:32:53 Mitteleuropäische Normalzeit: Information : 8 :{"id":4}
01/21/2025 15:32:53 Mitteleuropäische Normalzeit: Information : 7 :{"id":5,"method":"requestServiceChannel"}
01/21/2025 15:32:53 Mitteleuropäische Normalzeit: Information : 6 :Received request "5" for method "requestServiceChannel".
01/21/2025 15:32:53 Mitteleuropäische Normalzeit: Information : 9 :Invoking Microsoft.VisualStudio.Utilities.ServiceBroker.GlobalBrokeredServiceContainer+View.RequestServiceChannelAsync(ServiceMoniker, ServiceActivationOptions, CancellationToken)
01/21/2025 15:32:53 Mitteleuropäische Normalzeit : Start : requestServiceChannel
01/21/2025 15:32:53 Mitteleuropäische Normalzeit : Stop : requestServiceChannel
01/21/2025 15:32:53 Mitteleuropäische Normalzeit: Information : 8 :{"id":5}
01/21/2025 15:32:54 Mitteleuropäische Normalzeit: Information : 7 :{"id":6,"method":"requestServiceChannel"}
01/21/2025 15:32:54 Mitteleuropäische Normalzeit: Information : 6 :Received request "6" for method "requestServiceChannel".
01/21/2025 15:32:54 Mitteleuropäische Normalzeit: Information : 9 :Invoking Microsoft.VisualStudio.Utilities.ServiceBroker.GlobalBrokeredServiceContainer+View.RequestServiceChannelAsync(ServiceMoniker, ServiceActivationOptions, CancellationToken)
01/21/2025 15:32:54 Mitteleuropäische Normalzeit : Start : requestServiceChannel
01/21/2025 15:32:54 Mitteleuropäische Normalzeit : Stop : requestServiceChannel
01/21/2025 15:32:54 Mitteleuropäische Normalzeit: Information : 8 :{"id":6}
01/21/2025 15:32:54 Mitteleuropäische Normalzeit: Information : 7 :{"id":7,"method":"requestServiceChannel"}
01/21/2025 15:32:54 Mitteleuropäische Normalzeit: Information : 6 :Received request "7" for method "requestServiceChannel".
01/21/2025 15:32:54 Mitteleuropäische Normalzeit: Information : 9 :Invoking Microsoft.VisualStudio.Utilities.ServiceBroker.GlobalBrokeredServiceContainer+View.RequestServiceChannelAsync(ServiceMoniker, ServiceActivationOptions, CancellationToken)
01/21/2025 15:32:54 Mitteleuropäische Normalzeit : Start : requestServiceChannel
01/21/2025 15:32:54 Mitteleuropäische Normalzeit : Stop : requestServiceChannel
01/21/2025 15:32:54 Mitteleuropäische Normalzeit: Information : 8 :{"id":7}
01/21/2025 15:32:55 Mitteleuropäische Normalzeit: Information : 7 :{"id":8,"method":"requestServiceChannel"}
01/21/2025 15:32:55 Mitteleuropäische Normalzeit: Information : 6 :Received request "8" for method "requestServiceChannel".
01/21/2025 15:32:55 Mitteleuropäische Normalzeit: Information : 9 :Invoking Microsoft.VisualStudio.Utilities.ServiceBroker.GlobalBrokeredServiceContainer+View.RequestServiceChannelAsync(ServiceMoniker, ServiceActivationOptions, CancellationToken)
01/21/2025 15:32:55 Mitteleuropäische Normalzeit : Transfer : Transfer, relatedActivityId=54c7aa77-4ff4-42ea-8204-fed0b8c47830
01/21/2025 15:32:55 Mitteleuropäische Normalzeit : Start : requestServiceChannel
01/21/2025 15:32:55 Mitteleuropäische Normalzeit : Stop : requestServiceChannel
01/21/2025 15:32:55 Mitteleuropäische Normalzeit : Transfer : Transfer, relatedActivityId=7675bef8-2314-4220-b8c1-592c9c2bf348
01/21/2025 15:32:55 Mitteleuropäische Normalzeit: Information : 8 :{"id":8}
01/21/2025 15:32:57 Mitteleuropäische Normalzeit: Information : 7 :{"id":9,"method":"requestServiceChannel"}
01/21/2025 15:32:57 Mitteleuropäische Normalzeit: Information : 6 :Received request "9" for method "requestServiceChannel".
01/21/2025 15:32:57 Mitteleuropäische Normalzeit: Information : 9 :Invoking Microsoft.VisualStudio.Utilities.ServiceBroker.GlobalBrokeredServiceContainer+View.RequestServiceChannelAsync(ServiceMoniker, ServiceActivationOptions, CancellationToken)
01/21/2025 15:32:57 Mitteleuropäische Normalzeit : Start : requestServiceChannel
01/21/2025 15:32:57 Mitteleuropäische Normalzeit : Stop : requestServiceChannel
01/21/2025 15:32:57 Mitteleuropäische Normalzeit: Information : 8 :{"id":9}
01/21/2025 15:32:57 Mitteleuropäische Normalzeit: Information : 7 :{"id":10,"method":"requestServiceChannel"}
01/21/2025 15:32:57 Mitteleuropäische Normalzeit: Information : 6 :Received request "10" for method "requestServiceChannel".
01/21/2025 15:32:57 Mitteleuropäische Normalzeit: Information : 9 :Invoking Microsoft.VisualStudio.Utilities.ServiceBroker.GlobalBrokeredServiceContainer+View.RequestServiceChannelAsync(ServiceMoniker, ServiceActivationOptions, CancellationToken)
01/21/2025 15:32:57 Mitteleuropäische Normalzeit : Start : requestServiceChannel
01/21/2025 15:32:57 Mitteleuropäische Normalzeit: Information : 7 :{"id":11,"method":"requestServiceChannel"}
01/21/2025 15:32:57 Mitteleuropäische Normalzeit: Information : 6 :Received request "11" for method "requestServiceChannel".
01/21/2025 15:32:57 Mitteleuropäische Normalzeit: Information : 9 :Invoking Microsoft.VisualStudio.Utilities.ServiceBroker.GlobalBrokeredServiceContainer+View.RequestServiceChannelAsync(ServiceMoniker, ServiceActivationOptions, CancellationToken)
01/21/2025 15:32:57 Mitteleuropäische Normalzeit : Start : requestServiceChannel
01/21/2025 15:32:57 Mitteleuropäische Normalzeit : Stop : requestServiceChannel
01/21/2025 15:32:57 Mitteleuropäische Normalzeit: Information : 8 :{"id":11}
01/21/2025 15:32:57 Mitteleuropäische Normalzeit : Stop : requestServiceChannel
01/21/2025 15:32:57 Mitteleuropäische Normalzeit: Information : 8 :{"id":10}
01/21/2025 15:32:58 Mitteleuropäische Normalzeit: Information : 7 :{"id":12,"method":"requestServiceChannel"}
01/21/2025 15:32:58 Mitteleuropäische Normalzeit: Information : 6 :Received request "12" for method "requestServiceChannel".
01/21/2025 15:32:58 Mitteleuropäische Normalzeit: Information : 9 :Invoking Microsoft.VisualStudio.Utilities.ServiceBroker.GlobalBrokeredServiceContainer+View.RequestServiceChannelAsync(ServiceMoniker, ServiceActivationOptions, CancellationToken)
01/21/2025 15:32:58 Mitteleuropäische Normalzeit : Start : requestServiceChannel
01/21/2025 15:32:58 Mitteleuropäische Normalzeit : Stop : requestServiceChannel
01/21/2025 15:32:58 Mitteleuropäische Normalzeit: Information : 8 :{"id":12}
01/21/2025 15:32:59 Mitteleuropäische Normalzeit: Information : 7 :{"id":13,"method":"requestServiceChannel"}
01/21/2025 15:32:59 Mitteleuropäische Normalzeit: Information : 6 :Received request "13" for method "requestServiceChannel".
01/21/2025 15:32:59 Mitteleuropäische Normalzeit: Information : 9 :Invoking Microsoft.VisualStudio.Utilities.ServiceBroker.GlobalBrokeredServiceContainer+View.RequestServiceChannelAsync(ServiceMoniker, ServiceActivationOptions, CancellationToken)
01/21/2025 15:32:59 Mitteleuropäische Normalzeit : Start : requestServiceChannel
01/21/2025 15:32:59 Mitteleuropäische Normalzeit : Stop : requestServiceChannel
01/21/2025 15:32:59 Mitteleuropäische Normalzeit: Information : 8 :{"id":13}
