01/21/2025 15:42:49 Mitteleuropäische Normalzeit : Information : Local timezone is (UTC+01:00) Mitteleuropäische Zeit (Wien)
01/21/2025 15:42:49 Mitteleuropäische Normalzeit : Information : Added local RPC method "getPipe" -> Microsoft.VisualStudio.Utilities.ServiceBroker.GlobalBrokeredServiceContainer+View.GetPipeAsync(ServiceMoniker, ServiceActivationOptions, CancellationToken) (Microsoft.VisualStudio.Utilities.ServiceBroker.GlobalBrokeredServiceContainer+View)
01/21/2025 15:42:49 Mitteleuropäische Normalzeit : Information : Added local RPC method "getProxy" -> Microsoft.VisualStudio.Utilities.ServiceBroker.GlobalBrokeredServiceContainer+View.GetProxyAsync(ServiceRpcDescriptor, ServiceActivationOptions, CancellationToken) (Microsoft.VisualStudio.Utilities.ServiceBroker.GlobalBrokeredServiceContainer+View)
01/21/2025 15:42:49 Mitteleuropäische Normalzeit : Information : Added local RPC method "handshake" -> Microsoft.VisualStudio.Utilities.ServiceBroker.GlobalBrokeredServiceContainer+View.HandshakeAsync(ServiceBrokerClientMetadata, CancellationToken) (Microsoft.VisualStudio.Utilities.ServiceBroker.GlobalBrokeredServiceContainer+View)
01/21/2025 15:42:49 Mitteleuropäische Normalzeit : Information : Added local RPC method "requestServiceChannel" -> Microsoft.VisualStudio.Utilities.ServiceBroker.GlobalBrokeredServiceContainer+View.RequestServiceChannelAsync(ServiceMoniker, ServiceActivationOptions, CancellationToken) (Microsoft.VisualStudio.Utilities.ServiceBroker.GlobalBrokeredServiceContainer+View)
01/21/2025 15:42:49 Mitteleuropäische Normalzeit : Information : Added local RPC method "cancelServiceRequest" -> Microsoft.VisualStudio.Utilities.ServiceBroker.GlobalBrokeredServiceContainer+View.CancelServiceRequestAsync(Guid) (Microsoft.VisualStudio.Utilities.ServiceBroker.GlobalBrokeredServiceContainer+View)
01/21/2025 15:42:49 Mitteleuropäische Normalzeit : Information : Added local RPC method "getPipe" -> Microsoft.VisualStudio.Utilities.ServiceBroker.GlobalBrokeredServiceContainer+View.GetPipeAsync(ServiceMoniker, ServiceActivationOptions, CancellationToken) (Microsoft.VisualStudio.Utilities.ServiceBroker.GlobalBrokeredServiceContainer+View)
01/21/2025 15:42:49 Mitteleuropäische Normalzeit : Information : Added local RPC method "getProxy" -> Microsoft.VisualStudio.Utilities.ServiceBroker.GlobalBrokeredServiceContainer+View.GetProxyAsync(ServiceRpcDescriptor, ServiceActivationOptions, CancellationToken) (Microsoft.VisualStudio.Utilities.ServiceBroker.GlobalBrokeredServiceContainer+View)
01/21/2025 15:42:49 Mitteleuropäische Normalzeit : Information : Added local RPC method "handshake" -> Microsoft.VisualStudio.Utilities.ServiceBroker.GlobalBrokeredServiceContainer+View.HandshakeAsync(ServiceBrokerClientMetadata, CancellationToken) (Microsoft.VisualStudio.Utilities.ServiceBroker.GlobalBrokeredServiceContainer+View)
01/21/2025 15:42:49 Mitteleuropäische Normalzeit : Information : Added local RPC method "requestServiceChannel" -> Microsoft.VisualStudio.Utilities.ServiceBroker.GlobalBrokeredServiceContainer+View.RequestServiceChannelAsync(ServiceMoniker, ServiceActivationOptions, CancellationToken) (Microsoft.VisualStudio.Utilities.ServiceBroker.GlobalBrokeredServiceContainer+View)
01/21/2025 15:42:49 Mitteleuropäische Normalzeit : Information : Added local RPC method "cancelServiceRequest" -> Microsoft.VisualStudio.Utilities.ServiceBroker.GlobalBrokeredServiceContainer+View.CancelServiceRequestAsync(Guid) (Microsoft.VisualStudio.Utilities.ServiceBroker.GlobalBrokeredServiceContainer+View)
01/21/2025 15:42:49 Mitteleuropäische Normalzeit: Information : 2 :Listening for events from Microsoft.VisualStudio.Utilities.ServiceBroker.GlobalBrokeredServiceContainer+View.AvailabilityChanged to raise notification.
01/21/2025 15:42:49 Mitteleuropäische Normalzeit: Information : 3 :Listening started.
01/21/2025 15:42:49 Mitteleuropäische Normalzeit: Information : 7 :{"id":2,"method":"handshake"}
01/21/2025 15:42:49 Mitteleuropäische Normalzeit: Information : 6 :Received request "2" for method "handshake".
01/21/2025 15:42:49 Mitteleuropäische Normalzeit: Information : 9 :Invoking Microsoft.VisualStudio.Utilities.ServiceBroker.GlobalBrokeredServiceContainer+View.HandshakeAsync(ServiceBrokerClientMetadata, CancellationToken)
01/21/2025 15:42:49 Mitteleuropäische Normalzeit : Start : handshake
01/21/2025 15:42:49 Mitteleuropäische Normalzeit : Stop : handshake
01/21/2025 15:42:49 Mitteleuropäische Normalzeit: Information : 8 :{"id":2}
01/21/2025 15:42:49 Mitteleuropäische Normalzeit: Information : 7 :{"id":3,"method":"requestServiceChannel"}
01/21/2025 15:42:49 Mitteleuropäische Normalzeit: Information : 6 :Received request "3" for method "requestServiceChannel".
01/21/2025 15:42:49 Mitteleuropäische Normalzeit: Information : 9 :Invoking Microsoft.VisualStudio.Utilities.ServiceBroker.GlobalBrokeredServiceContainer+View.RequestServiceChannelAsync(ServiceMoniker, ServiceActivationOptions, CancellationToken)
01/21/2025 15:42:49 Mitteleuropäische Normalzeit : Start : requestServiceChannel
01/21/2025 15:42:49 Mitteleuropäische Normalzeit : Stop : requestServiceChannel
01/21/2025 15:42:49 Mitteleuropäische Normalzeit: Information : 8 :{"id":3}
01/21/2025 15:42:49 Mitteleuropäische Normalzeit: Information : 7 :{"id":4,"method":"requestServiceChannel"}
01/21/2025 15:42:49 Mitteleuropäische Normalzeit: Information : 6 :Received request "4" for method "requestServiceChannel".
01/21/2025 15:42:49 Mitteleuropäische Normalzeit: Information : 9 :Invoking Microsoft.VisualStudio.Utilities.ServiceBroker.GlobalBrokeredServiceContainer+View.RequestServiceChannelAsync(ServiceMoniker, ServiceActivationOptions, CancellationToken)
01/21/2025 15:42:49 Mitteleuropäische Normalzeit : Transfer : Transfer, relatedActivityId=23c98009-7f8c-4375-9b87-99d588e2b26b
01/21/2025 15:42:49 Mitteleuropäische Normalzeit : Start : requestServiceChannel
01/21/2025 15:42:49 Mitteleuropäische Normalzeit : Stop : requestServiceChannel
01/21/2025 15:42:49 Mitteleuropäische Normalzeit : Transfer : Transfer, relatedActivityId=f8cf6394-8690-45b2-b167-da1d20bf308e
01/21/2025 15:42:49 Mitteleuropäische Normalzeit: Information : 8 :{"id":4}
01/21/2025 15:42:49 Mitteleuropäische Normalzeit: Information : 7 :{"id":5,"method":"requestServiceChannel"}
01/21/2025 15:42:49 Mitteleuropäische Normalzeit: Information : 6 :Received request "5" for method "requestServiceChannel".
01/21/2025 15:42:49 Mitteleuropäische Normalzeit: Information : 9 :Invoking Microsoft.VisualStudio.Utilities.ServiceBroker.GlobalBrokeredServiceContainer+View.RequestServiceChannelAsync(ServiceMoniker, ServiceActivationOptions, CancellationToken)
01/21/2025 15:42:49 Mitteleuropäische Normalzeit : Transfer : Transfer, relatedActivityId=d3e71cd8-a6fb-4f82-bb6d-77a031d79de9
01/21/2025 15:42:49 Mitteleuropäische Normalzeit : Start : requestServiceChannel
01/21/2025 15:42:49 Mitteleuropäische Normalzeit : Stop : requestServiceChannel
01/21/2025 15:42:49 Mitteleuropäische Normalzeit : Transfer : Transfer, relatedActivityId=f8cf6394-8690-45b2-b167-da1d20bf308e
01/21/2025 15:42:49 Mitteleuropäische Normalzeit: Information : 8 :{"id":5}
