01/21/2025 15:32:50 Mitteleuropäische Normalzeit : Information : Local timezone is (UTC+01:00) Mitteleuropäische Zeit (Wien)
01/21/2025 15:32:51 Mitteleuropäische Normalzeit : Information : Service Hub .NET service module host started. Host id: dotnet$C94B8CFE-E3FD-4BAF-A941-2866DBB566FE. Controller pipe: net.pipe://14227A303F. PID: 14304
01/21/2025 15:32:51 Mitteleuropäische Normalzeit : Information : hubHostClr read: Content-Length: 116

{"jsonrpc":"2.0","id":2,"method":"InitializeHostAsync","params":[{"HostsRootDirectory":".","AppConfigFallback":""}]}
01/21/2025 15:32:51 Mitteleuropäische Normalzeit : Information : hubHostClr write: Content-Length: 79

{"jsonrpc":"2.0","id":2,"result":"dotnet$C94B8CFE-E3FD-4BAF-A941-2866DBB566FE"}
01/21/2025 15:32:51 Mitteleuropäische Normalzeit : Information : hubHostClr read: Content-Length: 1033

{"jsonrpc":"2.0","id":4,"method":"StartServiceAsync","params":[{"name":"Microsoft.VisualStudio.Debugger.HotReloadSessionNotificationService","host":"dotnet","hostId":"C94B8CFE-E3FD-4BAF-A941-2866DBB566FE","serviceBaseDirectory":"/Users/MacBook/.vscode/extensions/ms-dotnettools.csdevkit-1.15.34-darwin-arm64/components/VSDebugCore/platforms/darwin-arm64/node_modules/@microsoft/visualstudio-debugger-devkit.darwin-arm64","entryPoint":{"assemblyPath":"/Users/MacBook/.vscode/extensions/ms-dotnettools.csdevkit-1.15.34-darwin-arm64/components/VSDebugCore/platforms/darwin-arm64/node_modules/@microsoft/visualstudio-debugger-devkit.darwin-arm64/Microsoft.VisualStudio.Debugger.DevKit.dll","fullClassName":"Microsoft.VisualStudio.Debugger.HotReloadSessionNotificationService+Factory"}},{"ActivationArguments":{"__servicehub__ServiceHubRemoteServiceBrokerPipeName":"/Users/MacBook/.ServiceHub/481e10c951/8577f41a41","__servicehub__RequestedServiceVersion":"0.1"},"ClientCredentials":{},"ClientCulture":"de-AT","ClientUICulture":"en-US"}]}Content-Length: 1046

{"jsonrpc":"2.0","id":3,"method":"StartServiceAsync","params":[{"name":"Microsoft.VisualStudio.TestWindow.VSCode.Service","host":"dotnet","hostId":"C94B8CFE-E3FD-4BAF-A941-2866DBB566FE","serviceBaseDirectory":"/Users/MacBook/.vscode/extensions/ms-dotnettools.csdevkit-1.15.34-darwin-arm64/components/VSUnitTesting/platforms/darwin-arm64/node_modules/@microsoft/visualstudio-testwindow-vscode-service.darwin-arm64","entryPoint":{"assemblyPath":"/Users/MacBook/.vscode/extensions/ms-dotnettools.csdevkit-1.15.34-darwin-arm64/components/VSUnitTesting/platforms/darwin-arm64/node_modules/@microsoft/visualstudio-testwindow-vscode-service.darwin-arm64/Microsoft.VisualStudio.TestWindow.VSCode.Service.dll","fullClassName":"Microsoft.VisualStudio.TestWindow.VSCode.Service.TestWindowVSCodeServiceFactory"}},{"ActivationArguments":{"__servicehub__ServiceHubRemoteServiceBrokerPipeName":"/Users/MacBook/.ServiceHub/481e10c951/a0dfbde56e","__servicehub__RequestedServiceVersion":"0.1"},"ClientCredentials":{},"ClientCulture":"de","ClientUICulture":"de"}]}
01/21/2025 15:32:51 Mitteleuropäische Normalzeit : Information : CLR host received start request for service 'Microsoft.VisualStudio.Debugger.HotReloadSessionNotificationService'
01/21/2025 15:32:51 Mitteleuropäische Normalzeit : Information : Loading service module assembly '/Users/MacBook/.vscode/extensions/ms-dotnettools.csdevkit-1.15.34-darwin-arm64/components/VSDebugCore/platforms/darwin-arm64/node_modules/@microsoft/visualstudio-debugger-devkit.darwin-arm64/Microsoft.VisualStudio.Debugger.DevKit.dll' from '/Users/MacBook/.vscode/extensions/ms-dotnettools.csdevkit-1.15.34-darwin-arm64/components/VSDebugCore/platforms/darwin-arm64/node_modules/@microsoft/visualstudio-debugger-devkit.darwin-arm64'
01/21/2025 15:32:51 Mitteleuropäische Normalzeit : Information : Starting service module 'Microsoft.VisualStudio.Debugger.HotReloadSessionNotificationService'. Class: Microsoft.VisualStudio.Debugger.HotReloadSessionNotificationService+Factory, Supported Version: 
01/21/2025 15:32:51 Mitteleuropäische Normalzeit : Information : Started service 'Microsoft.VisualStudio.Debugger.HotReloadSessionNotificationService'. Pipe name: /Users/MacBook/.ServiceHub/481e10c951/b9ef79a5f1, Supported Version: 
01/21/2025 15:32:51 Mitteleuropäische Normalzeit : Information : CLR host received start request for service 'Microsoft.VisualStudio.TestWindow.VSCode.Service'
01/21/2025 15:32:51 Mitteleuropäische Normalzeit : Information : Loading service module assembly '/Users/MacBook/.vscode/extensions/ms-dotnettools.csdevkit-1.15.34-darwin-arm64/components/VSUnitTesting/platforms/darwin-arm64/node_modules/@microsoft/visualstudio-testwindow-vscode-service.darwin-arm64/Microsoft.VisualStudio.TestWindow.VSCode.Service.dll' from '/Users/MacBook/.vscode/extensions/ms-dotnettools.csdevkit-1.15.34-darwin-arm64/components/VSUnitTesting/platforms/darwin-arm64/node_modules/@microsoft/visualstudio-testwindow-vscode-service.darwin-arm64'
01/21/2025 15:32:51 Mitteleuropäische Normalzeit : Information : hubHostClr write: Content-Length: 84

{"jsonrpc":"2.0","id":4,"result":"/Users/MacBook/.ServiceHub/481e10c951/b9ef79a5f1"}
01/21/2025 15:32:51 Mitteleuropäische Normalzeit : Information : Starting service module 'Microsoft.VisualStudio.TestWindow.VSCode.Service'. Class: Microsoft.VisualStudio.TestWindow.VSCode.Service.TestWindowVSCodeServiceFactory, Supported Version: 
01/21/2025 15:32:51 Mitteleuropäische Normalzeit : Information : Started service 'Microsoft.VisualStudio.TestWindow.VSCode.Service'. Pipe name: /Users/MacBook/.ServiceHub/481e10c951/58e54491c0, Supported Version: 
01/21/2025 15:32:51 Mitteleuropäische Normalzeit : Information : hubHostClr write: Content-Length: 84

{"jsonrpc":"2.0","id":3,"result":"/Users/MacBook/.ServiceHub/481e10c951/58e54491c0"}
01/21/2025 15:32:51 Mitteleuropäische Normalzeit : Information : A new client connected to CLR service module 'Microsoft.VisualStudio.Debugger.HotReloadSessionNotificationService'
01/21/2025 15:32:51 Mitteleuropäische Normalzeit : Information : A new client connected to CLR service module 'Microsoft.VisualStudio.TestWindow.VSCode.Service'
01/21/2025 15:32:51 Mitteleuropäische Normalzeit : Information : Found FactoryVersion=Version2 for service : Microsoft.VisualStudio.Debugger.HotReloadSessionNotificationService.
01/21/2025 15:32:51 Mitteleuropäische Normalzeit : Information : hubHostClr write: Content-Length: 110

{"jsonrpc":"2.0","method":"HostServicesStartedAsync","params":["dotnet$C94B8CFE-E3FD-4BAF-A941-2866DBB566FE"]}
01/21/2025 15:32:51 Mitteleuropäische Normalzeit : Information : Found FactoryVersion=Version2 for service : Microsoft.VisualStudio.TestWindow.VSCode.Service.
01/21/2025 15:32:51 Mitteleuropäische Normalzeit : Information : Service 'Microsoft.VisualStudio.TestWindow.VSCode.Service.TestWindowVSCodeServiceFactory' implements IServiceHubServiceFactory. Creating factory instance and caching it.
01/21/2025 15:32:51 Mitteleuropäische Normalzeit : Information : Service 'Microsoft.VisualStudio.Debugger.HotReloadSessionNotificationService+Factory' implements IServiceHubServiceFactory. Creating factory instance and caching it.
01/21/2025 15:32:52 Mitteleuropäische Normalzeit : Information : Creating service Microsoft.VisualStudio.Debugger.HotReloadSessionNotificationService+Factory from factory with FactoryVersion=Version2 and ClientRequestedVersion=0.1.
01/21/2025 15:32:52 Mitteleuropäische Normalzeit : Information : Creating service Microsoft.VisualStudio.TestWindow.VSCode.Service.TestWindowVSCodeServiceFactory from factory with FactoryVersion=Version2 and ClientRequestedVersion=0.1.
01/21/2025 15:32:52 Mitteleuropäische Normalzeit : Information : Setting up RPC connection for service 'Microsoft.VisualStudio.TestWindow.VSCode.Service.TestWindowVSCodeServiceFactory' from factory
01/21/2025 15:32:52 Mitteleuropäische Normalzeit : Information : Setting up RPC connection for service 'Microsoft.VisualStudio.Debugger.HotReloadSessionNotificationService+Factory' from factory
01/21/2025 15:32:52 Mitteleuropäische Normalzeit : Information : Completed RPC connection setup for service 'Microsoft.VisualStudio.TestWindow.VSCode.Service.TestWindowVSCodeServiceFactory' from factory
01/21/2025 15:32:52 Mitteleuropäische Normalzeit : Information : Completed RPC connection setup for service 'Microsoft.VisualStudio.Debugger.HotReloadSessionNotificationService+Factory' from factory
01/21/2025 15:32:52 Mitteleuropäische Normalzeit : Information : hubHostClr read: Content-Length: 1095

{"jsonrpc":"2.0","id":5,"method":"StartServiceAsync","params":[{"name":"Microsoft.VisualStudio.TestWindow.VSCode.ProjectSystemProvider.Service","host":"dotnet","hostId":"C94B8CFE-E3FD-4BAF-A941-2866DBB566FE","serviceBaseDirectory":"/Users/MacBook/.vscode/extensions/ms-dotnettools.csdevkit-1.15.34-darwin-arm64/components/VSUnitTesting/platforms/darwin-arm64/node_modules/@microsoft/visualstudio-testwindow-vscode-service.darwin-arm64","entryPoint":{"assemblyPath":"/Users/MacBook/.vscode/extensions/ms-dotnettools.csdevkit-1.15.34-darwin-arm64/components/VSUnitTesting/platforms/darwin-arm64/node_modules/@microsoft/visualstudio-testwindow-vscode-service.darwin-arm64/Microsoft.VisualStudio.TestWindow.VSCode.Service.dll","fullClassName":"Microsoft.VisualStudio.TestWindow.VSCode.ProjectSystemProvider.Service.ProjectSystemProviderServiceFactory"}},{"ActivationArguments":{"__servicehub__ServiceHubRemoteServiceBrokerPipeName":"/Users/MacBook/.ServiceHub/481e10c951/1e434ff3fe","__servicehub__RequestedServiceVersion":"0.1"},"ClientCredentials":{},"ClientCulture":"de","ClientUICulture":"de"}]}
01/21/2025 15:32:52 Mitteleuropäische Normalzeit : Information : CLR host received start request for service 'Microsoft.VisualStudio.TestWindow.VSCode.ProjectSystemProvider.Service'
01/21/2025 15:32:52 Mitteleuropäische Normalzeit : Information : Loading service module assembly '/Users/MacBook/.vscode/extensions/ms-dotnettools.csdevkit-1.15.34-darwin-arm64/components/VSUnitTesting/platforms/darwin-arm64/node_modules/@microsoft/visualstudio-testwindow-vscode-service.darwin-arm64/Microsoft.VisualStudio.TestWindow.VSCode.Service.dll' from '/Users/MacBook/.vscode/extensions/ms-dotnettools.csdevkit-1.15.34-darwin-arm64/components/VSUnitTesting/platforms/darwin-arm64/node_modules/@microsoft/visualstudio-testwindow-vscode-service.darwin-arm64'
01/21/2025 15:32:52 Mitteleuropäische Normalzeit : Information : Starting service module 'Microsoft.VisualStudio.TestWindow.VSCode.ProjectSystemProvider.Service'. Class: Microsoft.VisualStudio.TestWindow.VSCode.ProjectSystemProvider.Service.ProjectSystemProviderServiceFactory, Supported Version: 
01/21/2025 15:32:52 Mitteleuropäische Normalzeit : Information : Started service 'Microsoft.VisualStudio.TestWindow.VSCode.ProjectSystemProvider.Service'. Pipe name: /Users/MacBook/.ServiceHub/481e10c951/e2c2f16804, Supported Version: 
01/21/2025 15:32:52 Mitteleuropäische Normalzeit : Information : hubHostClr write: Content-Length: 84

{"jsonrpc":"2.0","id":5,"result":"/Users/MacBook/.ServiceHub/481e10c951/e2c2f16804"}
01/21/2025 15:32:52 Mitteleuropäische Normalzeit : Information : A new client connected to CLR service module 'Microsoft.VisualStudio.TestWindow.VSCode.ProjectSystemProvider.Service'
01/21/2025 15:32:52 Mitteleuropäische Normalzeit : Information : Found FactoryVersion=Version2 for service : Microsoft.VisualStudio.TestWindow.VSCode.ProjectSystemProvider.Service.
01/21/2025 15:32:52 Mitteleuropäische Normalzeit : Information : Service 'Microsoft.VisualStudio.TestWindow.VSCode.ProjectSystemProvider.Service.ProjectSystemProviderServiceFactory' implements IServiceHubServiceFactory. Creating factory instance and caching it.
01/21/2025 15:32:52 Mitteleuropäische Normalzeit : Information : Creating service Microsoft.VisualStudio.TestWindow.VSCode.ProjectSystemProvider.Service.ProjectSystemProviderServiceFactory from factory with FactoryVersion=Version2 and ClientRequestedVersion=0.1.
01/21/2025 15:32:52 Mitteleuropäische Normalzeit : Information : Setting up RPC connection for service 'Microsoft.VisualStudio.TestWindow.VSCode.ProjectSystemProvider.Service.ProjectSystemProviderServiceFactory' from factory
01/21/2025 15:32:52 Mitteleuropäische Normalzeit : Information : Completed RPC connection setup for service 'Microsoft.VisualStudio.TestWindow.VSCode.ProjectSystemProvider.Service.ProjectSystemProviderServiceFactory' from factory
01/21/2025 15:42:41 Mitteleuropäische Normalzeit : Information : hubHostClr read: Content-Length: 1034

{"jsonrpc":"2.0","id":6,"method":"StartServiceAsync","params":[{"name":"Microsoft.VisualStudio.Debugger.SymbolLocatorService","host":"dotnet","hostId":"C94B8CFE-E3FD-4BAF-A941-2866DBB566FE","serviceBaseDirectory":"/Users/MacBook/.vscode/extensions/ms-dotnettools.csdevkit-1.15.34-darwin-arm64/components/VSDebugCore/platforms/darwin-arm64/node_modules/@microsoft/visualstudio-debugger-devkit.darwin-arm64","entryPoint":{"assemblyPath":"/Users/MacBook/.vscode/extensions/ms-dotnettools.csdevkit-1.15.34-darwin-arm64/components/VSDebugCore/platforms/darwin-arm64/node_modules/@microsoft/visualstudio-debugger-devkit.darwin-arm64/Microsoft.VisualStudio.Debugger.DevKit.dll","fullClassName":"Microsoft.VisualStudio.Debugger.BrokeredServices.SymbolLocator.SymbolLocatorService+Factory"}},{"ActivationArguments":{"__servicehub__ServiceHubRemoteServiceBrokerPipeName":"/Users/MacBook/.ServiceHub/481e10c951/ae9d7f7404","__servicehub__RequestedServiceVersion":"0.1"},"ClientCredentials":{},"ClientCulture":"de-AT","ClientUICulture":"en-US"}]}
01/21/2025 15:42:41 Mitteleuropäische Normalzeit : Information : CLR host received start request for service 'Microsoft.VisualStudio.Debugger.SymbolLocatorService'
01/21/2025 15:42:41 Mitteleuropäische Normalzeit : Information : Loading service module assembly '/Users/MacBook/.vscode/extensions/ms-dotnettools.csdevkit-1.15.34-darwin-arm64/components/VSDebugCore/platforms/darwin-arm64/node_modules/@microsoft/visualstudio-debugger-devkit.darwin-arm64/Microsoft.VisualStudio.Debugger.DevKit.dll' from '/Users/MacBook/.vscode/extensions/ms-dotnettools.csdevkit-1.15.34-darwin-arm64/components/VSDebugCore/platforms/darwin-arm64/node_modules/@microsoft/visualstudio-debugger-devkit.darwin-arm64'
01/21/2025 15:42:41 Mitteleuropäische Normalzeit : Information : Starting service module 'Microsoft.VisualStudio.Debugger.SymbolLocatorService'. Class: Microsoft.VisualStudio.Debugger.BrokeredServices.SymbolLocator.SymbolLocatorService+Factory, Supported Version: 
01/21/2025 15:42:41 Mitteleuropäische Normalzeit : Information : Started service 'Microsoft.VisualStudio.Debugger.SymbolLocatorService'. Pipe name: /Users/MacBook/.ServiceHub/481e10c951/25be10d033, Supported Version: 
01/21/2025 15:42:41 Mitteleuropäische Normalzeit : Information : hubHostClr write: Content-Length: 84

{"jsonrpc":"2.0","id":6,"result":"/Users/MacBook/.ServiceHub/481e10c951/25be10d033"}
01/21/2025 15:42:41 Mitteleuropäische Normalzeit : Information : A new client connected to CLR service module 'Microsoft.VisualStudio.Debugger.SymbolLocatorService'
01/21/2025 15:42:41 Mitteleuropäische Normalzeit : Information : Found FactoryVersion=Version2 for service : Microsoft.VisualStudio.Debugger.SymbolLocatorService.
01/21/2025 15:42:41 Mitteleuropäische Normalzeit : Information : Service 'Microsoft.VisualStudio.Debugger.BrokeredServices.SymbolLocator.SymbolLocatorService+Factory' implements IServiceHubServiceFactory. Creating factory instance and caching it.
01/21/2025 15:42:41 Mitteleuropäische Normalzeit : Information : Creating service Microsoft.VisualStudio.Debugger.BrokeredServices.SymbolLocator.SymbolLocatorService+Factory from factory with FactoryVersion=Version2 and ClientRequestedVersion=0.1.
01/21/2025 15:42:41 Mitteleuropäische Normalzeit : Information : Setting up RPC connection for service 'Microsoft.VisualStudio.Debugger.BrokeredServices.SymbolLocator.SymbolLocatorService+Factory' from factory
01/21/2025 15:42:41 Mitteleuropäische Normalzeit : Information : Completed RPC connection setup for service 'Microsoft.VisualStudio.Debugger.BrokeredServices.SymbolLocator.SymbolLocatorService+Factory' from factory
01/21/2025 15:42:45 Mitteleuropäische Normalzeit : Information : Checking if 'Microsoft.VisualStudio.Debugger.BrokeredServices.SymbolLocator.SymbolLocatorService+Factory' implements Microsoft.VisualStudio.Threading.IAsyncDisposable.
01/21/2025 15:42:45 Mitteleuropäische Normalzeit : Information : Checking if 'Microsoft.VisualStudio.Debugger.BrokeredServices.SymbolLocator.SymbolLocatorService+Factory' implements System.IAsyncDisposable.
01/21/2025 15:42:45 Mitteleuropäische Normalzeit : Information : Checking if 'Microsoft.VisualStudio.Debugger.BrokeredServices.SymbolLocator.SymbolLocatorService+Factory' implements System.IDisposable.
01/21/2025 15:42:49 Mitteleuropäische Normalzeit : Information : hubHostClr read: Content-Length: 1034

{"jsonrpc":"2.0","id":7,"method":"StartServiceAsync","params":[{"name":"Microsoft.VisualStudio.Debugger.SymbolLocatorService","host":"dotnet","hostId":"C94B8CFE-E3FD-4BAF-A941-2866DBB566FE","serviceBaseDirectory":"/Users/MacBook/.vscode/extensions/ms-dotnettools.csdevkit-1.15.34-darwin-arm64/components/VSDebugCore/platforms/darwin-arm64/node_modules/@microsoft/visualstudio-debugger-devkit.darwin-arm64","entryPoint":{"assemblyPath":"/Users/MacBook/.vscode/extensions/ms-dotnettools.csdevkit-1.15.34-darwin-arm64/components/VSDebugCore/platforms/darwin-arm64/node_modules/@microsoft/visualstudio-debugger-devkit.darwin-arm64/Microsoft.VisualStudio.Debugger.DevKit.dll","fullClassName":"Microsoft.VisualStudio.Debugger.BrokeredServices.SymbolLocator.SymbolLocatorService+Factory"}},{"ActivationArguments":{"__servicehub__ServiceHubRemoteServiceBrokerPipeName":"/Users/MacBook/.ServiceHub/481e10c951/2245c33bbf","__servicehub__RequestedServiceVersion":"0.1"},"ClientCredentials":{},"ClientCulture":"de-AT","ClientUICulture":"en-US"}]}
01/21/2025 15:42:49 Mitteleuropäische Normalzeit : Information : CLR host received start request for service 'Microsoft.VisualStudio.Debugger.SymbolLocatorService'
01/21/2025 15:42:49 Mitteleuropäische Normalzeit : Information : Loading service module assembly '/Users/MacBook/.vscode/extensions/ms-dotnettools.csdevkit-1.15.34-darwin-arm64/components/VSDebugCore/platforms/darwin-arm64/node_modules/@microsoft/visualstudio-debugger-devkit.darwin-arm64/Microsoft.VisualStudio.Debugger.DevKit.dll' from '/Users/MacBook/.vscode/extensions/ms-dotnettools.csdevkit-1.15.34-darwin-arm64/components/VSDebugCore/platforms/darwin-arm64/node_modules/@microsoft/visualstudio-debugger-devkit.darwin-arm64'
01/21/2025 15:42:49 Mitteleuropäische Normalzeit : Information : Starting service module 'Microsoft.VisualStudio.Debugger.SymbolLocatorService'. Class: Microsoft.VisualStudio.Debugger.BrokeredServices.SymbolLocator.SymbolLocatorService+Factory, Supported Version: 
01/21/2025 15:42:49 Mitteleuropäische Normalzeit : Information : Started service 'Microsoft.VisualStudio.Debugger.SymbolLocatorService'. Pipe name: /Users/MacBook/.ServiceHub/481e10c951/ecf4f915a6, Supported Version: 
01/21/2025 15:42:49 Mitteleuropäische Normalzeit : Information : hubHostClr write: Content-Length: 84

{"jsonrpc":"2.0","id":7,"result":"/Users/MacBook/.ServiceHub/481e10c951/ecf4f915a6"}
01/21/2025 15:42:49 Mitteleuropäische Normalzeit : Information : A new client connected to CLR service module 'Microsoft.VisualStudio.Debugger.SymbolLocatorService'
01/21/2025 15:42:49 Mitteleuropäische Normalzeit : Information : Found FactoryVersion=Version2 for service : Microsoft.VisualStudio.Debugger.SymbolLocatorService.
01/21/2025 15:42:49 Mitteleuropäische Normalzeit : Information : Service 'Microsoft.VisualStudio.Debugger.BrokeredServices.SymbolLocator.SymbolLocatorService+Factory' implements IServiceHubServiceFactory. Creating factory instance and caching it.
01/21/2025 15:42:49 Mitteleuropäische Normalzeit : Information : Creating service Microsoft.VisualStudio.Debugger.BrokeredServices.SymbolLocator.SymbolLocatorService+Factory from factory with FactoryVersion=Version2 and ClientRequestedVersion=0.1.
01/21/2025 15:42:49 Mitteleuropäische Normalzeit : Information : Setting up RPC connection for service 'Microsoft.VisualStudio.Debugger.BrokeredServices.SymbolLocator.SymbolLocatorService+Factory' from factory
01/21/2025 15:42:49 Mitteleuropäische Normalzeit : Information : Completed RPC connection setup for service 'Microsoft.VisualStudio.Debugger.BrokeredServices.SymbolLocator.SymbolLocatorService+Factory' from factory
01/21/2025 15:42:49 Mitteleuropäische Normalzeit : Information : Checking if 'Microsoft.VisualStudio.Debugger.BrokeredServices.SymbolLocator.SymbolLocatorService+Factory' implements Microsoft.VisualStudio.Threading.IAsyncDisposable.
01/21/2025 15:42:49 Mitteleuropäische Normalzeit : Information : Checking if 'Microsoft.VisualStudio.Debugger.BrokeredServices.SymbolLocator.SymbolLocatorService+Factory' implements System.IAsyncDisposable.
01/21/2025 15:42:49 Mitteleuropäische Normalzeit : Information : Checking if 'Microsoft.VisualStudio.Debugger.BrokeredServices.SymbolLocator.SymbolLocatorService+Factory' implements System.IDisposable.
01/21/2025 15:42:49 Mitteleuropäische Normalzeit : Information : hubHostClr read: Content-Length: 997

{"jsonrpc":"2.0","id":8,"method":"StartServiceAsync","params":[{"name":"Microsoft.VisualStudio.Debugger.SourceLinkService","host":"dotnet","hostId":"C94B8CFE-E3FD-4BAF-A941-2866DBB566FE","serviceBaseDirectory":"/Users/MacBook/.vscode/extensions/ms-dotnettools.csdevkit-1.15.34-darwin-arm64/components/VSDebugCore/platforms/darwin-arm64/node_modules/@microsoft/visualstudio-debugger-devkit.darwin-arm64","entryPoint":{"assemblyPath":"/Users/MacBook/.vscode/extensions/ms-dotnettools.csdevkit-1.15.34-darwin-arm64/components/VSDebugCore/platforms/darwin-arm64/node_modules/@microsoft/visualstudio-debugger-devkit.darwin-arm64/Microsoft.VisualStudio.Debugger.DevKit.dll","fullClassName":"Microsoft.VisualStudio.Debugger.SourceLinkService+Factory"}},{"ActivationArguments":{"__servicehub__ServiceHubRemoteServiceBrokerPipeName":"/Users/MacBook/.ServiceHub/481e10c951/2a627c7f08","__servicehub__RequestedServiceVersion":"0.1"},"ClientCredentials":{},"ClientCulture":"de-AT","ClientUICulture":"en-US"}]}
01/21/2025 15:42:49 Mitteleuropäische Normalzeit : Information : CLR host received start request for service 'Microsoft.VisualStudio.Debugger.SourceLinkService'
01/21/2025 15:42:49 Mitteleuropäische Normalzeit : Information : Loading service module assembly '/Users/MacBook/.vscode/extensions/ms-dotnettools.csdevkit-1.15.34-darwin-arm64/components/VSDebugCore/platforms/darwin-arm64/node_modules/@microsoft/visualstudio-debugger-devkit.darwin-arm64/Microsoft.VisualStudio.Debugger.DevKit.dll' from '/Users/MacBook/.vscode/extensions/ms-dotnettools.csdevkit-1.15.34-darwin-arm64/components/VSDebugCore/platforms/darwin-arm64/node_modules/@microsoft/visualstudio-debugger-devkit.darwin-arm64'
01/21/2025 15:42:49 Mitteleuropäische Normalzeit : Information : Starting service module 'Microsoft.VisualStudio.Debugger.SourceLinkService'. Class: Microsoft.VisualStudio.Debugger.SourceLinkService+Factory, Supported Version: 
01/21/2025 15:42:49 Mitteleuropäische Normalzeit : Information : Started service 'Microsoft.VisualStudio.Debugger.SourceLinkService'. Pipe name: /Users/MacBook/.ServiceHub/481e10c951/50b25675b5, Supported Version: 
01/21/2025 15:42:49 Mitteleuropäische Normalzeit : Information : hubHostClr write: Content-Length: 84

{"jsonrpc":"2.0","id":8,"result":"/Users/MacBook/.ServiceHub/481e10c951/50b25675b5"}
01/21/2025 15:42:49 Mitteleuropäische Normalzeit : Information : A new client connected to CLR service module 'Microsoft.VisualStudio.Debugger.SourceLinkService'
01/21/2025 15:42:49 Mitteleuropäische Normalzeit : Information : Found FactoryVersion=Version2 for service : Microsoft.VisualStudio.Debugger.SourceLinkService.
01/21/2025 15:42:49 Mitteleuropäische Normalzeit : Information : Service 'Microsoft.VisualStudio.Debugger.SourceLinkService+Factory' implements IServiceHubServiceFactory. Creating factory instance and caching it.
01/21/2025 15:42:49 Mitteleuropäische Normalzeit : Information : Creating service Microsoft.VisualStudio.Debugger.SourceLinkService+Factory from factory with FactoryVersion=Version2 and ClientRequestedVersion=0.1.
01/21/2025 15:42:49 Mitteleuropäische Normalzeit : Information : Setting up RPC connection for service 'Microsoft.VisualStudio.Debugger.SourceLinkService+Factory' from factory
01/21/2025 15:42:49 Mitteleuropäische Normalzeit : Information : Completed RPC connection setup for service 'Microsoft.VisualStudio.Debugger.SourceLinkService+Factory' from factory
01/21/2025 15:42:50 Mitteleuropäische Normalzeit : Information : Checking if 'Microsoft.VisualStudio.Debugger.SourceLinkService+Factory' implements Microsoft.VisualStudio.Threading.IAsyncDisposable.
01/21/2025 15:42:50 Mitteleuropäische Normalzeit : Information : Checking if 'Microsoft.VisualStudio.Debugger.SourceLinkService+Factory' implements System.IAsyncDisposable.
01/21/2025 15:42:50 Mitteleuropäische Normalzeit : Information : Checking if 'Microsoft.VisualStudio.Debugger.SourceLinkService+Factory' implements System.IDisposable.
01/21/2025 16:01:50 Mitteleuropäische Normalzeit : Information : hubHostClr read: Content-Length: 1034

{"jsonrpc":"2.0","id":9,"method":"StartServiceAsync","params":[{"name":"Microsoft.VisualStudio.Debugger.SymbolLocatorService","host":"dotnet","hostId":"C94B8CFE-E3FD-4BAF-A941-2866DBB566FE","serviceBaseDirectory":"/Users/MacBook/.vscode/extensions/ms-dotnettools.csdevkit-1.15.34-darwin-arm64/components/VSDebugCore/platforms/darwin-arm64/node_modules/@microsoft/visualstudio-debugger-devkit.darwin-arm64","entryPoint":{"assemblyPath":"/Users/MacBook/.vscode/extensions/ms-dotnettools.csdevkit-1.15.34-darwin-arm64/components/VSDebugCore/platforms/darwin-arm64/node_modules/@microsoft/visualstudio-debugger-devkit.darwin-arm64/Microsoft.VisualStudio.Debugger.DevKit.dll","fullClassName":"Microsoft.VisualStudio.Debugger.BrokeredServices.SymbolLocator.SymbolLocatorService+Factory"}},{"ActivationArguments":{"__servicehub__ServiceHubRemoteServiceBrokerPipeName":"/Users/MacBook/.ServiceHub/481e10c951/1ea7703b57","__servicehub__RequestedServiceVersion":"0.1"},"ClientCredentials":{},"ClientCulture":"de-AT","ClientUICulture":"en-US"}]}
01/21/2025 16:01:50 Mitteleuropäische Normalzeit : Information : CLR host received start request for service 'Microsoft.VisualStudio.Debugger.SymbolLocatorService'
01/21/2025 16:01:50 Mitteleuropäische Normalzeit : Information : Loading service module assembly '/Users/MacBook/.vscode/extensions/ms-dotnettools.csdevkit-1.15.34-darwin-arm64/components/VSDebugCore/platforms/darwin-arm64/node_modules/@microsoft/visualstudio-debugger-devkit.darwin-arm64/Microsoft.VisualStudio.Debugger.DevKit.dll' from '/Users/MacBook/.vscode/extensions/ms-dotnettools.csdevkit-1.15.34-darwin-arm64/components/VSDebugCore/platforms/darwin-arm64/node_modules/@microsoft/visualstudio-debugger-devkit.darwin-arm64'
01/21/2025 16:01:50 Mitteleuropäische Normalzeit : Information : Starting service module 'Microsoft.VisualStudio.Debugger.SymbolLocatorService'. Class: Microsoft.VisualStudio.Debugger.BrokeredServices.SymbolLocator.SymbolLocatorService+Factory, Supported Version: 
01/21/2025 16:01:50 Mitteleuropäische Normalzeit : Information : Started service 'Microsoft.VisualStudio.Debugger.SymbolLocatorService'. Pipe name: /Users/MacBook/.ServiceHub/481e10c951/383ba3c408, Supported Version: 
01/21/2025 16:01:50 Mitteleuropäische Normalzeit : Information : hubHostClr write: Content-Length: 84

{"jsonrpc":"2.0","id":9,"result":"/Users/MacBook/.ServiceHub/481e10c951/383ba3c408"}
01/21/2025 16:01:50 Mitteleuropäische Normalzeit : Information : A new client connected to CLR service module 'Microsoft.VisualStudio.Debugger.SymbolLocatorService'
01/21/2025 16:01:50 Mitteleuropäische Normalzeit : Information : Found FactoryVersion=Version2 for service : Microsoft.VisualStudio.Debugger.SymbolLocatorService.
01/21/2025 16:01:50 Mitteleuropäische Normalzeit : Information : Service 'Microsoft.VisualStudio.Debugger.BrokeredServices.SymbolLocator.SymbolLocatorService+Factory' implements IServiceHubServiceFactory. Creating factory instance and caching it.
01/21/2025 16:01:50 Mitteleuropäische Normalzeit : Information : Creating service Microsoft.VisualStudio.Debugger.BrokeredServices.SymbolLocator.SymbolLocatorService+Factory from factory with FactoryVersion=Version2 and ClientRequestedVersion=0.1.
01/21/2025 16:01:50 Mitteleuropäische Normalzeit : Information : Setting up RPC connection for service 'Microsoft.VisualStudio.Debugger.BrokeredServices.SymbolLocator.SymbolLocatorService+Factory' from factory
01/21/2025 16:01:50 Mitteleuropäische Normalzeit : Information : Completed RPC connection setup for service 'Microsoft.VisualStudio.Debugger.BrokeredServices.SymbolLocator.SymbolLocatorService+Factory' from factory
01/21/2025 16:01:50 Mitteleuropäische Normalzeit : Information : Checking if 'Microsoft.VisualStudio.Debugger.BrokeredServices.SymbolLocator.SymbolLocatorService+Factory' implements Microsoft.VisualStudio.Threading.IAsyncDisposable.
01/21/2025 16:01:50 Mitteleuropäische Normalzeit : Information : Checking if 'Microsoft.VisualStudio.Debugger.BrokeredServices.SymbolLocator.SymbolLocatorService+Factory' implements System.IAsyncDisposable.
01/21/2025 16:01:50 Mitteleuropäische Normalzeit : Information : Checking if 'Microsoft.VisualStudio.Debugger.BrokeredServices.SymbolLocator.SymbolLocatorService+Factory' implements System.IDisposable.
01/21/2025 16:02:05 Mitteleuropäische Normalzeit : Information : hubHostClr read: Content-Length: 998

{"jsonrpc":"2.0","id":10,"method":"StartServiceAsync","params":[{"name":"Microsoft.VisualStudio.Debugger.SourceLinkService","host":"dotnet","hostId":"C94B8CFE-E3FD-4BAF-A941-2866DBB566FE","serviceBaseDirectory":"/Users/MacBook/.vscode/extensions/ms-dotnettools.csdevkit-1.15.34-darwin-arm64/components/VSDebugCore/platforms/darwin-arm64/node_modules/@microsoft/visualstudio-debugger-devkit.darwin-arm64","entryPoint":{"assemblyPath":"/Users/MacBook/.vscode/extensions/ms-dotnettools.csdevkit-1.15.34-darwin-arm64/components/VSDebugCore/platforms/darwin-arm64/node_modules/@microsoft/visualstudio-debugger-devkit.darwin-arm64/Microsoft.VisualStudio.Debugger.DevKit.dll","fullClassName":"Microsoft.VisualStudio.Debugger.SourceLinkService+Factory"}},{"ActivationArguments":{"__servicehub__ServiceHubRemoteServiceBrokerPipeName":"/Users/MacBook/.ServiceHub/481e10c951/6a27bb3faf","__servicehub__RequestedServiceVersion":"0.1"},"ClientCredentials":{},"ClientCulture":"de-AT","ClientUICulture":"en-US"}]}
01/21/2025 16:02:05 Mitteleuropäische Normalzeit : Information : CLR host received start request for service 'Microsoft.VisualStudio.Debugger.SourceLinkService'
01/21/2025 16:02:05 Mitteleuropäische Normalzeit : Information : Loading service module assembly '/Users/MacBook/.vscode/extensions/ms-dotnettools.csdevkit-1.15.34-darwin-arm64/components/VSDebugCore/platforms/darwin-arm64/node_modules/@microsoft/visualstudio-debugger-devkit.darwin-arm64/Microsoft.VisualStudio.Debugger.DevKit.dll' from '/Users/MacBook/.vscode/extensions/ms-dotnettools.csdevkit-1.15.34-darwin-arm64/components/VSDebugCore/platforms/darwin-arm64/node_modules/@microsoft/visualstudio-debugger-devkit.darwin-arm64'
01/21/2025 16:02:05 Mitteleuropäische Normalzeit : Information : Starting service module 'Microsoft.VisualStudio.Debugger.SourceLinkService'. Class: Microsoft.VisualStudio.Debugger.SourceLinkService+Factory, Supported Version: 
01/21/2025 16:02:05 Mitteleuropäische Normalzeit : Information : Started service 'Microsoft.VisualStudio.Debugger.SourceLinkService'. Pipe name: /Users/MacBook/.ServiceHub/481e10c951/457e3180d0, Supported Version: 
01/21/2025 16:02:05 Mitteleuropäische Normalzeit : Information : hubHostClr write: Content-Length: 85

{"jsonrpc":"2.0","id":10,"result":"/Users/MacBook/.ServiceHub/481e10c951/457e3180d0"}
01/21/2025 16:02:05 Mitteleuropäische Normalzeit : Information : A new client connected to CLR service module 'Microsoft.VisualStudio.Debugger.SourceLinkService'
01/21/2025 16:02:05 Mitteleuropäische Normalzeit : Information : Found FactoryVersion=Version2 for service : Microsoft.VisualStudio.Debugger.SourceLinkService.
01/21/2025 16:02:05 Mitteleuropäische Normalzeit : Information : Service 'Microsoft.VisualStudio.Debugger.SourceLinkService+Factory' implements IServiceHubServiceFactory. Creating factory instance and caching it.
01/21/2025 16:02:05 Mitteleuropäische Normalzeit : Information : Creating service Microsoft.VisualStudio.Debugger.SourceLinkService+Factory from factory with FactoryVersion=Version2 and ClientRequestedVersion=0.1.
01/21/2025 16:02:05 Mitteleuropäische Normalzeit : Information : Setting up RPC connection for service 'Microsoft.VisualStudio.Debugger.SourceLinkService+Factory' from factory
01/21/2025 16:02:05 Mitteleuropäische Normalzeit : Information : Completed RPC connection setup for service 'Microsoft.VisualStudio.Debugger.SourceLinkService+Factory' from factory
01/21/2025 16:02:05 Mitteleuropäische Normalzeit : Information : Checking if 'Microsoft.VisualStudio.Debugger.SourceLinkService+Factory' implements Microsoft.VisualStudio.Threading.IAsyncDisposable.
01/21/2025 16:02:05 Mitteleuropäische Normalzeit : Information : Checking if 'Microsoft.VisualStudio.Debugger.SourceLinkService+Factory' implements System.IAsyncDisposable.
01/21/2025 16:02:05 Mitteleuropäische Normalzeit : Information : Checking if 'Microsoft.VisualStudio.Debugger.SourceLinkService+Factory' implements System.IDisposable.
01/21/2025 16:07:44 Mitteleuropäische Normalzeit : Information : hubHostClr read: Content-Length: 1035

{"jsonrpc":"2.0","id":11,"method":"StartServiceAsync","params":[{"name":"Microsoft.VisualStudio.Debugger.SymbolLocatorService","host":"dotnet","hostId":"C94B8CFE-E3FD-4BAF-A941-2866DBB566FE","serviceBaseDirectory":"/Users/MacBook/.vscode/extensions/ms-dotnettools.csdevkit-1.15.34-darwin-arm64/components/VSDebugCore/platforms/darwin-arm64/node_modules/@microsoft/visualstudio-debugger-devkit.darwin-arm64","entryPoint":{"assemblyPath":"/Users/MacBook/.vscode/extensions/ms-dotnettools.csdevkit-1.15.34-darwin-arm64/components/VSDebugCore/platforms/darwin-arm64/node_modules/@microsoft/visualstudio-debugger-devkit.darwin-arm64/Microsoft.VisualStudio.Debugger.DevKit.dll","fullClassName":"Microsoft.VisualStudio.Debugger.BrokeredServices.SymbolLocator.SymbolLocatorService+Factory"}},{"ActivationArguments":{"__servicehub__ServiceHubRemoteServiceBrokerPipeName":"/Users/MacBook/.ServiceHub/481e10c951/4da01e6156","__servicehub__RequestedServiceVersion":"0.1"},"ClientCredentials":{},"ClientCulture":"de-AT","ClientUICulture":"en-US"}]}
01/21/2025 16:07:44 Mitteleuropäische Normalzeit : Information : CLR host received start request for service 'Microsoft.VisualStudio.Debugger.SymbolLocatorService'
01/21/2025 16:07:44 Mitteleuropäische Normalzeit : Information : Loading service module assembly '/Users/MacBook/.vscode/extensions/ms-dotnettools.csdevkit-1.15.34-darwin-arm64/components/VSDebugCore/platforms/darwin-arm64/node_modules/@microsoft/visualstudio-debugger-devkit.darwin-arm64/Microsoft.VisualStudio.Debugger.DevKit.dll' from '/Users/MacBook/.vscode/extensions/ms-dotnettools.csdevkit-1.15.34-darwin-arm64/components/VSDebugCore/platforms/darwin-arm64/node_modules/@microsoft/visualstudio-debugger-devkit.darwin-arm64'
01/21/2025 16:07:44 Mitteleuropäische Normalzeit : Information : Starting service module 'Microsoft.VisualStudio.Debugger.SymbolLocatorService'. Class: Microsoft.VisualStudio.Debugger.BrokeredServices.SymbolLocator.SymbolLocatorService+Factory, Supported Version: 
01/21/2025 16:07:44 Mitteleuropäische Normalzeit : Information : Started service 'Microsoft.VisualStudio.Debugger.SymbolLocatorService'. Pipe name: /Users/MacBook/.ServiceHub/481e10c951/48d9aa2d0d, Supported Version: 
01/21/2025 16:07:44 Mitteleuropäische Normalzeit : Information : hubHostClr write: Content-Length: 85

{"jsonrpc":"2.0","id":11,"result":"/Users/MacBook/.ServiceHub/481e10c951/48d9aa2d0d"}
01/21/2025 16:07:44 Mitteleuropäische Normalzeit : Information : A new client connected to CLR service module 'Microsoft.VisualStudio.Debugger.SymbolLocatorService'
01/21/2025 16:07:44 Mitteleuropäische Normalzeit : Information : Found FactoryVersion=Version2 for service : Microsoft.VisualStudio.Debugger.SymbolLocatorService.
01/21/2025 16:07:44 Mitteleuropäische Normalzeit : Information : Service 'Microsoft.VisualStudio.Debugger.BrokeredServices.SymbolLocator.SymbolLocatorService+Factory' implements IServiceHubServiceFactory. Creating factory instance and caching it.
01/21/2025 16:07:44 Mitteleuropäische Normalzeit : Information : Creating service Microsoft.VisualStudio.Debugger.BrokeredServices.SymbolLocator.SymbolLocatorService+Factory from factory with FactoryVersion=Version2 and ClientRequestedVersion=0.1.
01/21/2025 16:07:44 Mitteleuropäische Normalzeit : Information : Setting up RPC connection for service 'Microsoft.VisualStudio.Debugger.BrokeredServices.SymbolLocator.SymbolLocatorService+Factory' from factory
01/21/2025 16:07:44 Mitteleuropäische Normalzeit : Information : Completed RPC connection setup for service 'Microsoft.VisualStudio.Debugger.BrokeredServices.SymbolLocator.SymbolLocatorService+Factory' from factory
01/21/2025 16:07:44 Mitteleuropäische Normalzeit : Information : Checking if 'Microsoft.VisualStudio.Debugger.BrokeredServices.SymbolLocator.SymbolLocatorService+Factory' implements Microsoft.VisualStudio.Threading.IAsyncDisposable.
01/21/2025 16:07:44 Mitteleuropäische Normalzeit : Information : Checking if 'Microsoft.VisualStudio.Debugger.BrokeredServices.SymbolLocator.SymbolLocatorService+Factory' implements System.IAsyncDisposable.
01/21/2025 16:07:44 Mitteleuropäische Normalzeit : Information : Checking if 'Microsoft.VisualStudio.Debugger.BrokeredServices.SymbolLocator.SymbolLocatorService+Factory' implements System.IDisposable.
01/21/2025 17:24:25 Mitteleuropäische Normalzeit : Information : Checking if 'Microsoft.VisualStudio.TestWindow.VSCode.Service.TestWindowVSCodeServiceFactory' implements Microsoft.VisualStudio.Threading.IAsyncDisposable.
01/21/2025 17:24:25 Mitteleuropäische Normalzeit : Information : Checking if 'Microsoft.VisualStudio.TestWindow.VSCode.Service.TestWindowVSCodeServiceFactory' implements System.IAsyncDisposable.
01/21/2025 17:24:25 Mitteleuropäische Normalzeit : Information : Checking if 'Microsoft.VisualStudio.TestWindow.VSCode.Service.TestWindowVSCodeServiceFactory' implements System.IDisposable.
01/21/2025 17:24:26 Mitteleuropäische Normalzeit : Information : Checking if 'Microsoft.VisualStudio.TestWindow.VSCode.ProjectSystemProvider.Service.ProjectSystemProviderServiceFactory' implements Microsoft.VisualStudio.Threading.IAsyncDisposable.
01/21/2025 17:24:26 Mitteleuropäische Normalzeit : Information : Checking if 'Microsoft.VisualStudio.TestWindow.VSCode.ProjectSystemProvider.Service.ProjectSystemProviderServiceFactory' implements System.IAsyncDisposable.
01/21/2025 17:24:26 Mitteleuropäische Normalzeit : Information : Checking if 'Microsoft.VisualStudio.TestWindow.VSCode.ProjectSystemProvider.Service.ProjectSystemProviderServiceFactory' implements System.IDisposable.
01/21/2025 17:24:26 Mitteleuropäische Normalzeit : Information : hubHostClr write: Content-Length: 108

{"jsonrpc":"2.0","method":"HostServicesEndedAsync","params":["dotnet$C94B8CFE-E3FD-4BAF-A941-2866DBB566FE"]}
01/21/2025 17:24:26 Mitteleuropäische Normalzeit : Information : Checking if 'Microsoft.VisualStudio.Debugger.HotReloadSessionNotificationService+Factory' implements Microsoft.VisualStudio.Threading.IAsyncDisposable.
01/21/2025 17:24:26 Mitteleuropäische Normalzeit : Information : Checking if 'Microsoft.VisualStudio.Debugger.HotReloadSessionNotificationService+Factory' implements System.IAsyncDisposable.
01/21/2025 17:24:26 Mitteleuropäische Normalzeit : Information : Checking if 'Microsoft.VisualStudio.Debugger.HotReloadSessionNotificationService+Factory' implements System.IDisposable.
01/21/2025 17:24:36 Mitteleuropäische Normalzeit : Information : hubHostClr read: Content-Length: 58

{"jsonrpc":"2.0","id":12,"method":"ExitAsync","params":[]}
01/21/2025 17:24:36 Mitteleuropäische Normalzeit : Information : Exit command received. Exiting CLR host
01/21/2025 17:24:36 Mitteleuropäische Normalzeit : Information : hubHostClr write: Content-Length: 39

{"jsonrpc":"2.0","id":12,"result":null}
01/21/2025 17:24:36 Mitteleuropäische Normalzeit : Information : hubHostClr JSON RPC has been disposed
01/21/2025 17:24:36 Mitteleuropäische Normalzeit : Information : hubHostClr read: end of stream
