03/24/2025 09:39:32 Mitteleuropäische Normalzeit : Information : Local timezone is (UTC+01:00) Mitteleuropäische Zeit (Wien)
03/24/2025 09:39:32 Mitteleuropäische Normalzeit : Information : Added local RPC method "getPipe" -> Microsoft.VisualStudio.Utilities.ServiceBroker.GlobalBrokeredServiceContainer+View.GetPipeAsync(ServiceMoniker, ServiceActivationOptions, CancellationToken) (Microsoft.VisualStudio.Utilities.ServiceBroker.GlobalBrokeredServiceContainer+View)
03/24/2025 09:39:32 Mitteleuropäische Normalzeit : Information : Added local RPC method "getProxy" -> Microsoft.VisualStudio.Utilities.ServiceBroker.GlobalBrokeredServiceContainer+View.GetProxyAsync(ServiceRpcDescriptor, ServiceActivationOptions, CancellationToken) (Microsoft.VisualStudio.Utilities.ServiceBroker.GlobalBrokeredServiceContainer+View)
03/24/2025 09:39:32 Mitteleuropäische Normalzeit : Information : Added local RPC method "handshake" -> Microsoft.VisualStudio.Utilities.ServiceBroker.GlobalBrokeredServiceContainer+View.HandshakeAsync(ServiceBrokerClientMetadata, CancellationToken) (Microsoft.VisualStudio.Utilities.ServiceBroker.GlobalBrokeredServiceContainer+View)
03/24/2025 09:39:32 Mitteleuropäische Normalzeit : Information : Added local RPC method "requestServiceChannel" -> Microsoft.VisualStudio.Utilities.ServiceBroker.GlobalBrokeredServiceContainer+View.RequestServiceChannelAsync(ServiceMoniker, ServiceActivationOptions, CancellationToken) (Microsoft.VisualStudio.Utilities.ServiceBroker.GlobalBrokeredServiceContainer+View)
03/24/2025 09:39:32 Mitteleuropäische Normalzeit : Information : Added local RPC method "cancelServiceRequest" -> Microsoft.VisualStudio.Utilities.ServiceBroker.GlobalBrokeredServiceContainer+View.CancelServiceRequestAsync(Guid) (Microsoft.VisualStudio.Utilities.ServiceBroker.GlobalBrokeredServiceContainer+View)
03/24/2025 09:39:32 Mitteleuropäische Normalzeit : Information : Added local RPC method "getPipe" -> Microsoft.VisualStudio.Utilities.ServiceBroker.GlobalBrokeredServiceContainer+View.GetPipeAsync(ServiceMoniker, ServiceActivationOptions, CancellationToken) (Microsoft.VisualStudio.Utilities.ServiceBroker.GlobalBrokeredServiceContainer+View)
03/24/2025 09:39:32 Mitteleuropäische Normalzeit : Information : Added local RPC method "getProxy" -> Microsoft.VisualStudio.Utilities.ServiceBroker.GlobalBrokeredServiceContainer+View.GetProxyAsync(ServiceRpcDescriptor, ServiceActivationOptions, CancellationToken) (Microsoft.VisualStudio.Utilities.ServiceBroker.GlobalBrokeredServiceContainer+View)
03/24/2025 09:39:32 Mitteleuropäische Normalzeit : Information : Added local RPC method "handshake" -> Microsoft.VisualStudio.Utilities.ServiceBroker.GlobalBrokeredServiceContainer+View.HandshakeAsync(ServiceBrokerClientMetadata, CancellationToken) (Microsoft.VisualStudio.Utilities.ServiceBroker.GlobalBrokeredServiceContainer+View)
03/24/2025 09:39:32 Mitteleuropäische Normalzeit : Information : Added local RPC method "requestServiceChannel" -> Microsoft.VisualStudio.Utilities.ServiceBroker.GlobalBrokeredServiceContainer+View.RequestServiceChannelAsync(ServiceMoniker, ServiceActivationOptions, CancellationToken) (Microsoft.VisualStudio.Utilities.ServiceBroker.GlobalBrokeredServiceContainer+View)
03/24/2025 09:39:32 Mitteleuropäische Normalzeit : Information : Added local RPC method "cancelServiceRequest" -> Microsoft.VisualStudio.Utilities.ServiceBroker.GlobalBrokeredServiceContainer+View.CancelServiceRequestAsync(Guid) (Microsoft.VisualStudio.Utilities.ServiceBroker.GlobalBrokeredServiceContainer+View)
03/24/2025 09:39:32 Mitteleuropäische Normalzeit: Information : 2 :Listening for events from Microsoft.VisualStudio.Utilities.ServiceBroker.GlobalBrokeredServiceContainer+View.AvailabilityChanged to raise notification.
03/24/2025 09:39:32 Mitteleuropäische Normalzeit: Information : 3 :Listening started.
03/24/2025 09:39:32 Mitteleuropäische Normalzeit: Information : 7 :{"id":2,"method":"handshake"}
03/24/2025 09:39:32 Mitteleuropäische Normalzeit: Information : 6 :Received request "2" for method "handshake".
03/24/2025 09:39:32 Mitteleuropäische Normalzeit: Information : 9 :Invoking Microsoft.VisualStudio.Utilities.ServiceBroker.GlobalBrokeredServiceContainer+View.HandshakeAsync(ServiceBrokerClientMetadata, CancellationToken)
03/24/2025 09:39:32 Mitteleuropäische Normalzeit : Start : handshake
03/24/2025 09:39:32 Mitteleuropäische Normalzeit : Stop : handshake
03/24/2025 09:39:32 Mitteleuropäische Normalzeit: Information : 8 :{"id":2}
03/24/2025 09:39:32 Mitteleuropäische Normalzeit: Information : 7 :{"id":3,"method":"requestServiceChannel"}
03/24/2025 09:39:32 Mitteleuropäische Normalzeit: Information : 6 :Received request "3" for method "requestServiceChannel".
03/24/2025 09:39:32 Mitteleuropäische Normalzeit: Information : 9 :Invoking Microsoft.VisualStudio.Utilities.ServiceBroker.GlobalBrokeredServiceContainer+View.RequestServiceChannelAsync(ServiceMoniker, ServiceActivationOptions, CancellationToken)
03/24/2025 09:39:32 Mitteleuropäische Normalzeit : Start : requestServiceChannel
03/24/2025 09:39:32 Mitteleuropäische Normalzeit : Stop : requestServiceChannel
03/24/2025 09:39:32 Mitteleuropäische Normalzeit: Information : 8 :{"id":3}
03/24/2025 09:39:32 Mitteleuropäische Normalzeit: Information : 7 :{"id":4,"method":"requestServiceChannel"}
03/24/2025 09:39:32 Mitteleuropäische Normalzeit: Information : 6 :Received request "4" for method "requestServiceChannel".
03/24/2025 09:39:32 Mitteleuropäische Normalzeit: Information : 9 :Invoking Microsoft.VisualStudio.Utilities.ServiceBroker.GlobalBrokeredServiceContainer+View.RequestServiceChannelAsync(ServiceMoniker, ServiceActivationOptions, CancellationToken)
03/24/2025 09:39:32 Mitteleuropäische Normalzeit : Start : requestServiceChannel
03/24/2025 09:39:32 Mitteleuropäische Normalzeit: Information : 7 :{"id":5,"method":"requestServiceChannel"}
03/24/2025 09:39:32 Mitteleuropäische Normalzeit: Information : 6 :Received request "5" for method "requestServiceChannel".
03/24/2025 09:39:32 Mitteleuropäische Normalzeit: Information : 9 :Invoking Microsoft.VisualStudio.Utilities.ServiceBroker.GlobalBrokeredServiceContainer+View.RequestServiceChannelAsync(ServiceMoniker, ServiceActivationOptions, CancellationToken)
03/24/2025 09:39:32 Mitteleuropäische Normalzeit : Start : requestServiceChannel
03/24/2025 09:39:32 Mitteleuropäische Normalzeit : Stop : requestServiceChannel
03/24/2025 09:39:32 Mitteleuropäische Normalzeit: Information : 8 :{"id":4}
03/24/2025 09:39:32 Mitteleuropäische Normalzeit : Stop : requestServiceChannel
03/24/2025 09:39:32 Mitteleuropäische Normalzeit: Information : 8 :{"id":5}
03/24/2025 09:39:33 Mitteleuropäische Normalzeit: Information : 7 :{"id":6,"method":"requestServiceChannel"}
03/24/2025 09:39:33 Mitteleuropäische Normalzeit: Information : 6 :Received request "6" for method "requestServiceChannel".
03/24/2025 09:39:33 Mitteleuropäische Normalzeit: Information : 9 :Invoking Microsoft.VisualStudio.Utilities.ServiceBroker.GlobalBrokeredServiceContainer+View.RequestServiceChannelAsync(ServiceMoniker, ServiceActivationOptions, CancellationToken)
03/24/2025 09:39:33 Mitteleuropäische Normalzeit : Start : requestServiceChannel
03/24/2025 09:39:33 Mitteleuropäische Normalzeit : Stop : requestServiceChannel
03/24/2025 09:39:33 Mitteleuropäische Normalzeit: Information : 8 :{"id":6}
03/24/2025 09:39:33 Mitteleuropäische Normalzeit: Information : 7 :{"id":7,"method":"requestServiceChannel"}
03/24/2025 09:39:33 Mitteleuropäische Normalzeit: Information : 6 :Received request "7" for method "requestServiceChannel".
03/24/2025 09:39:33 Mitteleuropäische Normalzeit: Information : 9 :Invoking Microsoft.VisualStudio.Utilities.ServiceBroker.GlobalBrokeredServiceContainer+View.RequestServiceChannelAsync(ServiceMoniker, ServiceActivationOptions, CancellationToken)
03/24/2025 09:39:33 Mitteleuropäische Normalzeit : Start : requestServiceChannel
03/24/2025 09:39:33 Mitteleuropäische Normalzeit : Stop : requestServiceChannel
03/24/2025 09:39:33 Mitteleuropäische Normalzeit: Information : 8 :{"id":7}
03/24/2025 09:39:33 Mitteleuropäische Normalzeit: Information : 7 :{"id":8,"method":"requestServiceChannel"}
03/24/2025 09:39:33 Mitteleuropäische Normalzeit: Information : 6 :Received request "8" for method "requestServiceChannel".
03/24/2025 09:39:33 Mitteleuropäische Normalzeit: Information : 9 :Invoking Microsoft.VisualStudio.Utilities.ServiceBroker.GlobalBrokeredServiceContainer+View.RequestServiceChannelAsync(ServiceMoniker, ServiceActivationOptions, CancellationToken)
03/24/2025 09:39:33 Mitteleuropäische Normalzeit : Transfer : Transfer, relatedActivityId=8cf75e33-613a-4135-8d5f-380f81ed81b2
03/24/2025 09:39:33 Mitteleuropäische Normalzeit : Start : requestServiceChannel
03/24/2025 09:39:33 Mitteleuropäische Normalzeit : Stop : requestServiceChannel
03/24/2025 09:39:33 Mitteleuropäische Normalzeit : Transfer : Transfer, relatedActivityId=3c5061f0-b0c9-4954-aa96-fe2ade14dc23
03/24/2025 09:39:33 Mitteleuropäische Normalzeit: Information : 8 :{"id":8}
03/24/2025 09:39:35 Mitteleuropäische Normalzeit: Information : 7 :{"id":9,"method":"requestServiceChannel"}
03/24/2025 09:39:35 Mitteleuropäische Normalzeit: Information : 6 :Received request "9" for method "requestServiceChannel".
03/24/2025 09:39:35 Mitteleuropäische Normalzeit: Information : 9 :Invoking Microsoft.VisualStudio.Utilities.ServiceBroker.GlobalBrokeredServiceContainer+View.RequestServiceChannelAsync(ServiceMoniker, ServiceActivationOptions, CancellationToken)
03/24/2025 09:39:35 Mitteleuropäische Normalzeit : Start : requestServiceChannel
03/24/2025 09:39:35 Mitteleuropäische Normalzeit : Stop : requestServiceChannel
03/24/2025 09:39:35 Mitteleuropäische Normalzeit: Information : 8 :{"id":9}
03/24/2025 09:39:35 Mitteleuropäische Normalzeit: Information : 7 :{"id":10,"method":"requestServiceChannel"}
03/24/2025 09:39:35 Mitteleuropäische Normalzeit: Information : 6 :Received request "10" for method "requestServiceChannel".
03/24/2025 09:39:35 Mitteleuropäische Normalzeit: Information : 9 :Invoking Microsoft.VisualStudio.Utilities.ServiceBroker.GlobalBrokeredServiceContainer+View.RequestServiceChannelAsync(ServiceMoniker, ServiceActivationOptions, CancellationToken)
03/24/2025 09:39:35 Mitteleuropäische Normalzeit : Start : requestServiceChannel
03/24/2025 09:39:35 Mitteleuropäische Normalzeit: Information : 7 :{"id":11,"method":"requestServiceChannel"}
03/24/2025 09:39:35 Mitteleuropäische Normalzeit: Information : 6 :Received request "11" for method "requestServiceChannel".
03/24/2025 09:39:35 Mitteleuropäische Normalzeit: Information : 9 :Invoking Microsoft.VisualStudio.Utilities.ServiceBroker.GlobalBrokeredServiceContainer+View.RequestServiceChannelAsync(ServiceMoniker, ServiceActivationOptions, CancellationToken)
03/24/2025 09:39:35 Mitteleuropäische Normalzeit : Start : requestServiceChannel
03/24/2025 09:39:35 Mitteleuropäische Normalzeit : Stop : requestServiceChannel
03/24/2025 09:39:35 Mitteleuropäische Normalzeit: Information : 8 :{"id":11}
03/24/2025 09:39:35 Mitteleuropäische Normalzeit : Stop : requestServiceChannel
03/24/2025 09:39:35 Mitteleuropäische Normalzeit: Information : 8 :{"id":10}
03/24/2025 09:39:37 Mitteleuropäische Normalzeit: Information : 7 :{"id":12,"method":"requestServiceChannel"}
03/24/2025 09:39:37 Mitteleuropäische Normalzeit: Information : 6 :Received request "12" for method "requestServiceChannel".
03/24/2025 09:39:37 Mitteleuropäische Normalzeit: Information : 9 :Invoking Microsoft.VisualStudio.Utilities.ServiceBroker.GlobalBrokeredServiceContainer+View.RequestServiceChannelAsync(ServiceMoniker, ServiceActivationOptions, CancellationToken)
03/24/2025 09:39:37 Mitteleuropäische Normalzeit : Start : requestServiceChannel
03/24/2025 09:39:37 Mitteleuropäische Normalzeit : Stop : requestServiceChannel
03/24/2025 09:39:37 Mitteleuropäische Normalzeit: Information : 8 :{"id":12}
03/24/2025 09:39:37 Mitteleuropäische Normalzeit: Information : 7 :{"id":13,"method":"requestServiceChannel"}
03/24/2025 09:39:37 Mitteleuropäische Normalzeit: Information : 6 :Received request "13" for method "requestServiceChannel".
03/24/2025 09:39:37 Mitteleuropäische Normalzeit: Information : 9 :Invoking Microsoft.VisualStudio.Utilities.ServiceBroker.GlobalBrokeredServiceContainer+View.RequestServiceChannelAsync(ServiceMoniker, ServiceActivationOptions, CancellationToken)
03/24/2025 09:39:37 Mitteleuropäische Normalzeit : Start : requestServiceChannel
03/24/2025 09:39:37 Mitteleuropäische Normalzeit : Stop : requestServiceChannel
03/24/2025 09:39:37 Mitteleuropäische Normalzeit: Information : 8 :{"id":13}
