01/20/2025 21:24:30 Mitteleuropäische Normalzeit : Information : Local timezone is (UTC+01:00) Mitteleuropäische Zeit (Wien)
01/20/2025 21:24:30 Mitteleuropäische Normalzeit : Information : Added local RPC method "getPipe" -> Microsoft.VisualStudio.Utilities.ServiceBroker.GlobalBrokeredServiceContainer+View.GetPipeAsync(ServiceMoniker, ServiceActivationOptions, CancellationToken) (Microsoft.VisualStudio.Utilities.ServiceBroker.GlobalBrokeredServiceContainer+View)
01/20/2025 21:24:30 Mitteleuropäische Normalzeit : Information : Added local RPC method "getProxy" -> Microsoft.VisualStudio.Utilities.ServiceBroker.GlobalBrokeredServiceContainer+View.GetProxyAsync(ServiceRpcDescriptor, ServiceActivationOptions, CancellationToken) (Microsoft.VisualStudio.Utilities.ServiceBroker.GlobalBrokeredServiceContainer+View)
01/20/2025 21:24:30 Mitteleuropäische Normalzeit : Information : Added local RPC method "handshake" -> Microsoft.VisualStudio.Utilities.ServiceBroker.GlobalBrokeredServiceContainer+View.HandshakeAsync(ServiceBrokerClientMetadata, CancellationToken) (Microsoft.VisualStudio.Utilities.ServiceBroker.GlobalBrokeredServiceContainer+View)
01/20/2025 21:24:30 Mitteleuropäische Normalzeit : Information : Added local RPC method "requestServiceChannel" -> Microsoft.VisualStudio.Utilities.ServiceBroker.GlobalBrokeredServiceContainer+View.RequestServiceChannelAsync(ServiceMoniker, ServiceActivationOptions, CancellationToken) (Microsoft.VisualStudio.Utilities.ServiceBroker.GlobalBrokeredServiceContainer+View)
01/20/2025 21:24:30 Mitteleuropäische Normalzeit : Information : Added local RPC method "cancelServiceRequest" -> Microsoft.VisualStudio.Utilities.ServiceBroker.GlobalBrokeredServiceContainer+View.CancelServiceRequestAsync(Guid) (Microsoft.VisualStudio.Utilities.ServiceBroker.GlobalBrokeredServiceContainer+View)
01/20/2025 21:24:30 Mitteleuropäische Normalzeit : Information : Added local RPC method "getPipe" -> Microsoft.VisualStudio.Utilities.ServiceBroker.GlobalBrokeredServiceContainer+View.GetPipeAsync(ServiceMoniker, ServiceActivationOptions, CancellationToken) (Microsoft.VisualStudio.Utilities.ServiceBroker.GlobalBrokeredServiceContainer+View)
01/20/2025 21:24:30 Mitteleuropäische Normalzeit : Information : Added local RPC method "getProxy" -> Microsoft.VisualStudio.Utilities.ServiceBroker.GlobalBrokeredServiceContainer+View.GetProxyAsync(ServiceRpcDescriptor, ServiceActivationOptions, CancellationToken) (Microsoft.VisualStudio.Utilities.ServiceBroker.GlobalBrokeredServiceContainer+View)
01/20/2025 21:24:30 Mitteleuropäische Normalzeit : Information : Added local RPC method "handshake" -> Microsoft.VisualStudio.Utilities.ServiceBroker.GlobalBrokeredServiceContainer+View.HandshakeAsync(ServiceBrokerClientMetadata, CancellationToken) (Microsoft.VisualStudio.Utilities.ServiceBroker.GlobalBrokeredServiceContainer+View)
01/20/2025 21:24:30 Mitteleuropäische Normalzeit : Information : Added local RPC method "requestServiceChannel" -> Microsoft.VisualStudio.Utilities.ServiceBroker.GlobalBrokeredServiceContainer+View.RequestServiceChannelAsync(ServiceMoniker, ServiceActivationOptions, CancellationToken) (Microsoft.VisualStudio.Utilities.ServiceBroker.GlobalBrokeredServiceContainer+View)
01/20/2025 21:24:30 Mitteleuropäische Normalzeit : Information : Added local RPC method "cancelServiceRequest" -> Microsoft.VisualStudio.Utilities.ServiceBroker.GlobalBrokeredServiceContainer+View.CancelServiceRequestAsync(Guid) (Microsoft.VisualStudio.Utilities.ServiceBroker.GlobalBrokeredServiceContainer+View)
01/20/2025 21:24:30 Mitteleuropäische Normalzeit: Information : 2 :Listening for events from Microsoft.VisualStudio.Utilities.ServiceBroker.GlobalBrokeredServiceContainer+View.AvailabilityChanged to raise notification.
01/20/2025 21:24:30 Mitteleuropäische Normalzeit: Information : 3 :Listening started.
01/20/2025 21:24:30 Mitteleuropäische Normalzeit: Information : 7 :{"id":2,"method":"handshake"}
01/20/2025 21:24:30 Mitteleuropäische Normalzeit: Information : 6 :Received request "2" for method "handshake".
01/20/2025 21:24:30 Mitteleuropäische Normalzeit: Information : 9 :Invoking Microsoft.VisualStudio.Utilities.ServiceBroker.GlobalBrokeredServiceContainer+View.HandshakeAsync(ServiceBrokerClientMetadata, CancellationToken)
01/20/2025 21:24:30 Mitteleuropäische Normalzeit : Start : handshake
01/20/2025 21:24:30 Mitteleuropäische Normalzeit : Stop : handshake
01/20/2025 21:24:30 Mitteleuropäische Normalzeit: Information : 8 :{"id":2}
01/20/2025 21:24:30 Mitteleuropäische Normalzeit: Information : 7 :{"id":3,"method":"requestServiceChannel"}
01/20/2025 21:24:30 Mitteleuropäische Normalzeit: Information : 6 :Received request "3" for method "requestServiceChannel".
01/20/2025 21:24:30 Mitteleuropäische Normalzeit: Information : 9 :Invoking Microsoft.VisualStudio.Utilities.ServiceBroker.GlobalBrokeredServiceContainer+View.RequestServiceChannelAsync(ServiceMoniker, ServiceActivationOptions, CancellationToken)
01/20/2025 21:24:30 Mitteleuropäische Normalzeit : Start : requestServiceChannel
01/20/2025 21:24:30 Mitteleuropäische Normalzeit : Stop : requestServiceChannel
01/20/2025 21:24:30 Mitteleuropäische Normalzeit: Information : 8 :{"id":3}
01/20/2025 21:24:30 Mitteleuropäische Normalzeit: Information : 7 :{"id":4,"method":"requestServiceChannel"}
01/20/2025 21:24:30 Mitteleuropäische Normalzeit: Information : 6 :Received request "4" for method "requestServiceChannel".
01/20/2025 21:24:30 Mitteleuropäische Normalzeit: Information : 9 :Invoking Microsoft.VisualStudio.Utilities.ServiceBroker.GlobalBrokeredServiceContainer+View.RequestServiceChannelAsync(ServiceMoniker, ServiceActivationOptions, CancellationToken)
01/20/2025 21:24:30 Mitteleuropäische Normalzeit : Transfer : Transfer, relatedActivityId=cb7d20d3-ba89-4ea3-bd59-35578cf4739e
01/20/2025 21:24:30 Mitteleuropäische Normalzeit : Start : requestServiceChannel
01/20/2025 21:24:30 Mitteleuropäische Normalzeit : Stop : requestServiceChannel
01/20/2025 21:24:30 Mitteleuropäische Normalzeit : Transfer : Transfer, relatedActivityId=fa1f3e9c-0820-4e63-904e-db63902b35d0
01/20/2025 21:24:30 Mitteleuropäische Normalzeit: Information : 8 :{"id":4}
01/20/2025 21:24:30 Mitteleuropäische Normalzeit: Information : 7 :{"id":5,"method":"requestServiceChannel"}
01/20/2025 21:24:30 Mitteleuropäische Normalzeit: Information : 6 :Received request "5" for method "requestServiceChannel".
01/20/2025 21:24:30 Mitteleuropäische Normalzeit: Information : 9 :Invoking Microsoft.VisualStudio.Utilities.ServiceBroker.GlobalBrokeredServiceContainer+View.RequestServiceChannelAsync(ServiceMoniker, ServiceActivationOptions, CancellationToken)
01/20/2025 21:24:30 Mitteleuropäische Normalzeit : Transfer : Transfer, relatedActivityId=ca314452-3fe5-4811-93fb-0335f436126a
01/20/2025 21:24:30 Mitteleuropäische Normalzeit : Start : requestServiceChannel
01/20/2025 21:24:30 Mitteleuropäische Normalzeit : Stop : requestServiceChannel
01/20/2025 21:24:30 Mitteleuropäische Normalzeit : Transfer : Transfer, relatedActivityId=fa1f3e9c-0820-4e63-904e-db63902b35d0
01/20/2025 21:24:30 Mitteleuropäische Normalzeit: Information : 8 :{"id":5}
