01/21/2025 17:24:43 Mitteleuropäische Normalzeit : Information : Local timezone is (UTC+01:00) Mitteleuropäische Zeit (Wien)
01/21/2025 17:24:44 Mitteleuropäische Normalzeit : Information : Service Hub .NET service module host started. Host id: dotnet.projectSystem$C94B8CFE-E3FD-4BAF-A941-2866DBB566FE. Controller pipe: net.pipe://927013DC0D. PID: 92730
01/21/2025 17:24:44 Mitteleuropäische Normalzeit : Information : hubHostClr read: Content-Length: 116

{"jsonrpc":"2.0","id":2,"method":"InitializeHostAsync","params":[{"HostsRootDirectory":".","AppConfigFallback":""}]}
01/21/2025 17:24:44 Mitteleuropäische Normalzeit : Information : hubHostClr write: Content-Length: 93

{"jsonrpc":"2.0","id":2,"result":"dotnet.projectSystem$C94B8CFE-E3FD-4BAF-A941-2866DBB566FE"}
01/21/2025 17:24:44 Mitteleuropäische Normalzeit : Information : hubHostClr read: Content-Length: 993

{"jsonrpc":"2.0","id":3,"method":"StartServiceAsync","params":[{"name":"Microsoft.VisualStudio.LaunchConfigurationService","host":"dotnet.projectSystem","hostId":"C94B8CFE-E3FD-4BAF-A941-2866DBB566FE","serviceBaseDirectory":"/Users/MacBook/.vscode/extensions/ms-dotnettools.csdevkit-1.15.34-darwin-arm64/components/CPS/platforms/darwin-arm64/node_modules/@microsoft/visualstudio-projectsystem-server.darwin-arm64","entryPoint":{"assemblyPath":"/Users/MacBook/.vscode/extensions/ms-dotnettools.csdevkit-1.15.34-darwin-arm64/components/CPS/platforms/darwin-arm64/node_modules/@microsoft/visualstudio-projectsystem-server.darwin-arm64/Microsoft.VisualStudio.ProjectSystem.Server.Implementation.dll","fullClassName":"Microsoft.VisualStudio.ProjectSystem.Server.LaunchConfigurationServiceFactory"}},{"ActivationArguments":{"__servicehub__ServiceHubRemoteServiceBrokerPipeName":"/Users/MacBook/.ServiceHub/57d5b9e605/194f259748"},"ClientCredentials":{},"ClientCulture":"de","ClientUICulture":"de"}]}Content-Length: 1058

{"jsonrpc":"2.0","id":4,"method":"StartServiceAsync","params":[{"name":"Microsoft.VisualStudio.ProjectSystem.Query.Remoting.QueryExecutionService","host":"dotnet.projectSystem","hostId":"C94B8CFE-E3FD-4BAF-A941-2866DBB566FE","serviceBaseDirectory":"/Users/MacBook/.vscode/extensions/ms-dotnettools.csdevkit-1.15.34-darwin-arm64/components/CPS/platforms/darwin-arm64/node_modules/@microsoft/visualstudio-projectsystem-server.darwin-arm64","entryPoint":{"assemblyPath":"/Users/MacBook/.vscode/extensions/ms-dotnettools.csdevkit-1.15.34-darwin-arm64/components/CPS/platforms/darwin-arm64/node_modules/@microsoft/visualstudio-projectsystem-server.darwin-arm64/Microsoft.VisualStudio.ProjectSystem.Server.Implementation.dll","fullClassName":"Microsoft.VisualStudio.ProjectSystem.Server.QueryExecutionServiceFactory"}},{"ActivationArguments":{"__servicehub__ServiceHubRemoteServiceBrokerPipeName":"/Users/MacBook/.ServiceHub/57d5b9e605/7f4277281f","__servicehub__RequestedServiceVersion":"0.3"},"ClientCredentials":{},"ClientCulture":"de","ClientUICulture":"de"}]}Content-Length: 1069

{"jsonrpc":"2.0","id":5,"method":"StartServiceAsync","params":[{"name":"Microsoft.VisualStudio.ProjectSystem.ProjectInitializationStatusService","host":"dotnet.projectSystem","hostId":"C94B8CFE-E3FD-4BAF-A941-2866DBB566FE","serviceBaseDirectory":"/Users/MacBook/.vscode/extensions/ms-dotnettools.csdevkit-1.15.34-darwin-arm64/components/CPS/platforms/darwin-arm64/node_modules/@microsoft/visualstudio-projectsystem-server.darwin-arm64","entryPoint":{"assemblyPath":"/Users/MacBook/.vscode/extensions/ms-dotnettools.csdevkit-1.15.34-darwin-arm64/components/CPS/platforms/darwin-arm64/node_modules/@microsoft/visualstudio-projectsystem-server.darwin-arm64/Microsoft.VisualStudio.ProjectSystem.Server.Implementation.dll","fullClassName":"Microsoft.VisualStudio.ProjectSystem.Server.ProjectInitializationStatusServiceFactory"}},{"ActivationArguments":{"__servicehub__ServiceHubRemoteServiceBrokerPipeName":"/Users/MacBook/.ServiceHub/57d5b9e605/9d6e9a0912","__servicehub__RequestedServiceVersion":"0.1"},"ClientCredentials":{},"ClientCulture":"de","ClientUICulture":"de"}]}Content-Length: 1039

{"jsonrpc":"2.0","id":6,"method":"StartServiceAsync","params":[{"name":"Microsoft.VisualStudio.ProjectSystem.ProjectTreeProvider","host":"dotnet.projectSystem","hostId":"C94B8CFE-E3FD-4BAF-A941-2866DBB566FE","serviceBaseDirectory":"/Users/MacBook/.vscode/extensions/ms-dotnettools.csdevkit-1.15.34-darwin-arm64/components/CPS/platforms/darwin-arm64/node_modules/@microsoft/visualstudio-projectsystem-server.darwin-arm64","entryPoint":{"assemblyPath":"/Users/MacBook/.vscode/extensions/ms-dotnettools.csdevkit-1.15.34-darwin-arm64/components/CPS/platforms/darwin-arm64/node_modules/@microsoft/visualstudio-projectsystem-server.darwin-arm64/Microsoft.VisualStudio.ProjectSystem.Server.Implementation.dll","fullClassName":"Microsoft.VisualStudio.ProjectSystem.Server.ProjectTreeProviderFactory"}},{"ActivationArguments":{"__servicehub__ServiceHubRemoteServiceBrokerPipeName":"/Users/M
01/21/2025 17:24:44 Mitteleuropäische Normalzeit : Information : hubHostClr read: acBook/.ServiceHub/57d5b9e605/efbdb36671","__servicehub__RequestedServiceVersion":"0.1"},"ClientCredentials":{},"ClientCulture":"de","ClientUICulture":"de"}]}
01/21/2025 17:24:44 Mitteleuropäische Normalzeit : Information : CLR host received start request for service 'Microsoft.VisualStudio.LaunchConfigurationService'
01/21/2025 17:24:44 Mitteleuropäische Normalzeit : Information : Loading service module assembly '/Users/MacBook/.vscode/extensions/ms-dotnettools.csdevkit-1.15.34-darwin-arm64/components/CPS/platforms/darwin-arm64/node_modules/@microsoft/visualstudio-projectsystem-server.darwin-arm64/Microsoft.VisualStudio.ProjectSystem.Server.Implementation.dll' from '/Users/MacBook/.vscode/extensions/ms-dotnettools.csdevkit-1.15.34-darwin-arm64/components/CPS/platforms/darwin-arm64/node_modules/@microsoft/visualstudio-projectsystem-server.darwin-arm64'
01/21/2025 17:24:44 Mitteleuropäische Normalzeit : Information : Starting service module 'Microsoft.VisualStudio.LaunchConfigurationService'. Class: Microsoft.VisualStudio.ProjectSystem.Server.LaunchConfigurationServiceFactory, Supported Version: 
01/21/2025 17:24:44 Mitteleuropäische Normalzeit : Information : Started service 'Microsoft.VisualStudio.LaunchConfigurationService'. Pipe name: /Users/MacBook/.ServiceHub/57d5b9e605/ed7eee44a6, Supported Version: 
01/21/2025 17:24:44 Mitteleuropäische Normalzeit : Information : CLR host received start request for service 'Microsoft.VisualStudio.ProjectSystem.Query.Remoting.QueryExecutionService'
01/21/2025 17:24:44 Mitteleuropäische Normalzeit : Information : hubHostClr write: Content-Length: 84

{"jsonrpc":"2.0","id":3,"result":"/Users/MacBook/.ServiceHub/57d5b9e605/ed7eee44a6"}
01/21/2025 17:24:44 Mitteleuropäische Normalzeit : Information : Loading service module assembly '/Users/MacBook/.vscode/extensions/ms-dotnettools.csdevkit-1.15.34-darwin-arm64/components/CPS/platforms/darwin-arm64/node_modules/@microsoft/visualstudio-projectsystem-server.darwin-arm64/Microsoft.VisualStudio.ProjectSystem.Server.Implementation.dll' from '/Users/MacBook/.vscode/extensions/ms-dotnettools.csdevkit-1.15.34-darwin-arm64/components/CPS/platforms/darwin-arm64/node_modules/@microsoft/visualstudio-projectsystem-server.darwin-arm64'
01/21/2025 17:24:44 Mitteleuropäische Normalzeit : Information : Starting service module 'Microsoft.VisualStudio.ProjectSystem.Query.Remoting.QueryExecutionService'. Class: Microsoft.VisualStudio.ProjectSystem.Server.QueryExecutionServiceFactory, Supported Version: 
01/21/2025 17:24:44 Mitteleuropäische Normalzeit : Information : Started service 'Microsoft.VisualStudio.ProjectSystem.Query.Remoting.QueryExecutionService'. Pipe name: /Users/MacBook/.ServiceHub/57d5b9e605/b4edd2d9fa, Supported Version: 
01/21/2025 17:24:44 Mitteleuropäische Normalzeit : Information : CLR host received start request for service 'Microsoft.VisualStudio.ProjectSystem.ProjectInitializationStatusService'
01/21/2025 17:24:44 Mitteleuropäische Normalzeit : Information : Loading service module assembly '/Users/MacBook/.vscode/extensions/ms-dotnettools.csdevkit-1.15.34-darwin-arm64/components/CPS/platforms/darwin-arm64/node_modules/@microsoft/visualstudio-projectsystem-server.darwin-arm64/Microsoft.VisualStudio.ProjectSystem.Server.Implementation.dll' from '/Users/MacBook/.vscode/extensions/ms-dotnettools.csdevkit-1.15.34-darwin-arm64/components/CPS/platforms/darwin-arm64/node_modules/@microsoft/visualstudio-projectsystem-server.darwin-arm64'
01/21/2025 17:24:44 Mitteleuropäische Normalzeit : Information : Starting service module 'Microsoft.VisualStudio.ProjectSystem.ProjectInitializationStatusService'. Class: Microsoft.VisualStudio.ProjectSystem.Server.ProjectInitializationStatusServiceFactory, Supported Version: 
01/21/2025 17:24:44 Mitteleuropäische Normalzeit : Information : Started service 'Microsoft.VisualStudio.ProjectSystem.ProjectInitializationStatusService'. Pipe name: /Users/MacBook/.ServiceHub/57d5b9e605/d16591cbd9, Supported Version: 
01/21/2025 17:24:44 Mitteleuropäische Normalzeit : Information : CLR host received start request for service 'Microsoft.VisualStudio.ProjectSystem.ProjectTreeProvider'
01/21/2025 17:24:44 Mitteleuropäische Normalzeit : Information : Loading service module assembly '/Users/MacBook/.vscode/extensions/ms-dotnettools.csdevkit-1.15.34-darwin-arm64/components/CPS/platforms/darwin-arm64/node_modules/@microsoft/visualstudio-projectsystem-server.darwin-arm64/Microsoft.VisualStudio.ProjectSystem.Server.Implementation.dll' from '/Users/MacBook/.vscode/extensions/ms-dotnettools.csdevkit-1.15.34-darwin-arm64/components/CPS/platforms/darwin-arm64/node_modules/@microsoft/visualstudio-projectsystem-server.darwin-arm64'
01/21/2025 17:24:44 Mitteleuropäische Normalzeit : Information : Starting service module 'Microsoft.VisualStudio.ProjectSystem.ProjectTreeProvider'. Class: Microsoft.VisualStudio.ProjectSystem.Server.ProjectTreeProviderFactory, Supported Version: 
01/21/2025 17:24:44 Mitteleuropäische Normalzeit : Information : Started service 'Microsoft.VisualStudio.ProjectSystem.ProjectTreeProvider'. Pipe name: /Users/MacBook/.ServiceHub/57d5b9e605/1f15a8aab2, Supported Version: 
01/21/2025 17:24:44 Mitteleuropäische Normalzeit : Information : hubHostClr write: Content-Length: 84

{"jsonrpc":"2.0","id":4,"result":"/Users/MacBook/.ServiceHub/57d5b9e605/b4edd2d9fa"}Content-Length: 84

{"jsonrpc":"2.0","id":5,"result":"/Users/MacBook/.ServiceHub/57d5b9e605/d16591cbd9"}Content-Length: 84

{"jsonrpc":"2.0","id":6,"result":"/Users/MacBook/.ServiceHub/57d5b9e605/1f15a8aab2"}
01/21/2025 17:24:44 Mitteleuropäische Normalzeit : Information : A new client connected to CLR service module 'Microsoft.VisualStudio.ProjectSystem.ProjectInitializationStatusService'
01/21/2025 17:24:44 Mitteleuropäische Normalzeit : Information : A new client connected to CLR service module 'Microsoft.VisualStudio.ProjectSystem.ProjectTreeProvider'
01/21/2025 17:24:44 Mitteleuropäische Normalzeit : Information : A new client connected to CLR service module 'Microsoft.VisualStudio.LaunchConfigurationService'
01/21/2025 17:24:44 Mitteleuropäische Normalzeit : Information : A new client connected to CLR service module 'Microsoft.VisualStudio.ProjectSystem.Query.Remoting.QueryExecutionService'
01/21/2025 17:24:44 Mitteleuropäische Normalzeit : Information : hubHostClr write: Content-Length: 124

{"jsonrpc":"2.0","method":"HostServicesStartedAsync","params":["dotnet.projectSystem$C94B8CFE-E3FD-4BAF-A941-2866DBB566FE"]}
01/21/2025 17:24:44 Mitteleuropäische Normalzeit : Information : Found FactoryVersion=Version2 for service : Microsoft.VisualStudio.ProjectSystem.ProjectTreeProvider.
01/21/2025 17:24:44 Mitteleuropäische Normalzeit : Information : Service 'Microsoft.VisualStudio.ProjectSystem.Server.ProjectTreeProviderFactory' implements IServiceHubServiceFactory. Creating factory instance and caching it.
01/21/2025 17:24:44 Mitteleuropäische Normalzeit : Information : Found FactoryVersion=Version2 for service : Microsoft.VisualStudio.ProjectSystem.Query.Remoting.QueryExecutionService.
01/21/2025 17:24:44 Mitteleuropäische Normalzeit : Information : Service 'Microsoft.VisualStudio.ProjectSystem.Server.QueryExecutionServiceFactory' implements IServiceHubServiceFactory. Creating factory instance and caching it.
01/21/2025 17:24:44 Mitteleuropäische Normalzeit : Information : Found FactoryVersion=Version2 for service : Microsoft.VisualStudio.LaunchConfigurationService.
01/21/2025 17:24:44 Mitteleuropäische Normalzeit : Information : Service 'Microsoft.VisualStudio.ProjectSystem.Server.LaunchConfigurationServiceFactory' implements IServiceHubServiceFactory. Creating factory instance and caching it.
01/21/2025 17:24:44 Mitteleuropäische Normalzeit : Information : Found FactoryVersion=Version2 for service : Microsoft.VisualStudio.ProjectSystem.ProjectInitializationStatusService.
01/21/2025 17:24:44 Mitteleuropäische Normalzeit : Information : Service 'Microsoft.VisualStudio.ProjectSystem.Server.ProjectInitializationStatusServiceFactory' implements IServiceHubServiceFactory. Creating factory instance and caching it.
01/21/2025 17:24:44 Mitteleuropäische Normalzeit : Information : Creating service Microsoft.VisualStudio.ProjectSystem.Server.LaunchConfigurationServiceFactory from factory with FactoryVersion=Version2 and ClientRequestedVersion=.
01/21/2025 17:24:44 Mitteleuropäische Normalzeit : Information : Creating service Microsoft.VisualStudio.ProjectSystem.Server.ProjectTreeProviderFactory from factory with FactoryVersion=Version2 and ClientRequestedVersion=0.1.
01/21/2025 17:24:44 Mitteleuropäische Normalzeit : Information : Creating service Microsoft.VisualStudio.ProjectSystem.Server.ProjectInitializationStatusServiceFactory from factory with FactoryVersion=Version2 and ClientRequestedVersion=0.1.
01/21/2025 17:24:44 Mitteleuropäische Normalzeit : Information : Creating service Microsoft.VisualStudio.ProjectSystem.Server.QueryExecutionServiceFactory from factory with FactoryVersion=Version2 and ClientRequestedVersion=0.3.
01/21/2025 17:24:44 Mitteleuropäische Normalzeit : Information : Setting up RPC connection for service 'Microsoft.VisualStudio.ProjectSystem.Server.LaunchConfigurationServiceFactory' from factory
01/21/2025 17:24:44 Mitteleuropäische Normalzeit : Information : Setting up RPC connection for service 'Microsoft.VisualStudio.ProjectSystem.Server.ProjectTreeProviderFactory' from factory
01/21/2025 17:24:44 Mitteleuropäische Normalzeit : Information : Setting up RPC connection for service 'Microsoft.VisualStudio.ProjectSystem.Server.QueryExecutionServiceFactory' from factory
01/21/2025 17:24:44 Mitteleuropäische Normalzeit : Information : Setting up RPC connection for service 'Microsoft.VisualStudio.ProjectSystem.Server.ProjectInitializationStatusServiceFactory' from factory
01/21/2025 17:24:45 Mitteleuropäische Normalzeit : Information : hubHostClr read: Content-Length: 1037

{"jsonrpc":"2.0","id":7,"method":"StartServiceAsync","params":[{"name":"Microsoft.VisualStudio.ProjectSystem.CompositionService","host":"dotnet.projectSystem","hostId":"C94B8CFE-E3FD-4BAF-A941-2866DBB566FE","serviceBaseDirectory":"/Users/MacBook/.vscode/extensions/ms-dotnettools.csdevkit-1.15.34-darwin-arm64/components/CPS/platforms/darwin-arm64/node_modules/@microsoft/visualstudio-projectsystem-server.darwin-arm64","entryPoint":{"assemblyPath":"/Users/MacBook/.vscode/extensions/ms-dotnettools.csdevkit-1.15.34-darwin-arm64/components/CPS/platforms/darwin-arm64/node_modules/@microsoft/visualstudio-projectsystem-server.darwin-arm64/Microsoft.VisualStudio.ProjectSystem.Server.Implementation.dll","fullClassName":"Microsoft.VisualStudio.ProjectSystem.Server.CompositionServiceFactory"}},{"ActivationArguments":{"__servicehub__ServiceHubRemoteServiceBrokerPipeName":"/Users/MacBook/.ServiceHub/57d5b9e605/165f2117f7","__servicehub__RequestedServiceVersion":"0.1"},"ClientCredentials":{},"ClientCulture":"de","ClientUICulture":"de"}]}
01/21/2025 17:24:45 Mitteleuropäische Normalzeit : Information : CLR host received start request for service 'Microsoft.VisualStudio.ProjectSystem.CompositionService'
01/21/2025 17:24:45 Mitteleuropäische Normalzeit : Information : Loading service module assembly '/Users/MacBook/.vscode/extensions/ms-dotnettools.csdevkit-1.15.34-darwin-arm64/components/CPS/platforms/darwin-arm64/node_modules/@microsoft/visualstudio-projectsystem-server.darwin-arm64/Microsoft.VisualStudio.ProjectSystem.Server.Implementation.dll' from '/Users/MacBook/.vscode/extensions/ms-dotnettools.csdevkit-1.15.34-darwin-arm64/components/CPS/platforms/darwin-arm64/node_modules/@microsoft/visualstudio-projectsystem-server.darwin-arm64'
01/21/2025 17:24:45 Mitteleuropäische Normalzeit : Information : Starting service module 'Microsoft.VisualStudio.ProjectSystem.CompositionService'. Class: Microsoft.VisualStudio.ProjectSystem.Server.CompositionServiceFactory, Supported Version: 
01/21/2025 17:24:45 Mitteleuropäische Normalzeit : Information : Started service 'Microsoft.VisualStudio.ProjectSystem.CompositionService'. Pipe name: /Users/MacBook/.ServiceHub/57d5b9e605/f356577bdd, Supported Version: 
01/21/2025 17:24:45 Mitteleuropäische Normalzeit : Information : hubHostClr write: Content-Length: 84

{"jsonrpc":"2.0","id":7,"result":"/Users/MacBook/.ServiceHub/57d5b9e605/f356577bdd"}
01/21/2025 17:24:45 Mitteleuropäische Normalzeit : Information : A new client connected to CLR service module 'Microsoft.VisualStudio.ProjectSystem.CompositionService'
01/21/2025 17:24:45 Mitteleuropäische Normalzeit : Information : Found FactoryVersion=Version2 for service : Microsoft.VisualStudio.ProjectSystem.CompositionService.
01/21/2025 17:24:45 Mitteleuropäische Normalzeit : Information : Service 'Microsoft.VisualStudio.ProjectSystem.Server.CompositionServiceFactory' implements IServiceHubServiceFactory. Creating factory instance and caching it.
01/21/2025 17:24:45 Mitteleuropäische Normalzeit : Information : Creating service Microsoft.VisualStudio.ProjectSystem.Server.CompositionServiceFactory from factory with FactoryVersion=Version2 and ClientRequestedVersion=0.1.
01/21/2025 17:24:45 Mitteleuropäische Normalzeit : Information : Setting up RPC connection for service 'Microsoft.VisualStudio.ProjectSystem.Server.CompositionServiceFactory' from factory
01/21/2025 17:24:45 Mitteleuropäische Normalzeit : Information : hubHostClr read: Content-Length: 1058

{"jsonrpc":"2.0","id":8,"method":"StartServiceAsync","params":[{"name":"Microsoft.VisualStudio.ProjectSystem.Query.Remoting.QueryExecutionService","host":"dotnet.projectSystem","hostId":"C94B8CFE-E3FD-4BAF-A941-2866DBB566FE","serviceBaseDirectory":"/Users/MacBook/.vscode/extensions/ms-dotnettools.csdevkit-1.15.34-darwin-arm64/components/CPS/platforms/darwin-arm64/node_modules/@microsoft/visualstudio-projectsystem-server.darwin-arm64","entryPoint":{"assemblyPath":"/Users/MacBook/.vscode/extensions/ms-dotnettools.csdevkit-1.15.34-darwin-arm64/components/CPS/platforms/darwin-arm64/node_modules/@microsoft/visualstudio-projectsystem-server.darwin-arm64/Microsoft.VisualStudio.ProjectSystem.Server.Implementation.dll","fullClassName":"Microsoft.VisualStudio.ProjectSystem.Server.QueryExecutionServiceFactory"}},{"ActivationArguments":{"__servicehub__ServiceHubRemoteServiceBrokerPipeName":"/Users/MacBook/.ServiceHub/57d5b9e605/3281066414","__servicehub__RequestedServiceVersion":"0.3"},"ClientCredentials":{},"ClientCulture":"de","ClientUICulture":"de"}]}
01/21/2025 17:24:45 Mitteleuropäische Normalzeit : Information : CLR host received start request for service 'Microsoft.VisualStudio.ProjectSystem.Query.Remoting.QueryExecutionService'
01/21/2025 17:24:45 Mitteleuropäische Normalzeit : Information : Loading service module assembly '/Users/MacBook/.vscode/extensions/ms-dotnettools.csdevkit-1.15.34-darwin-arm64/components/CPS/platforms/darwin-arm64/node_modules/@microsoft/visualstudio-projectsystem-server.darwin-arm64/Microsoft.VisualStudio.ProjectSystem.Server.Implementation.dll' from '/Users/MacBook/.vscode/extensions/ms-dotnettools.csdevkit-1.15.34-darwin-arm64/components/CPS/platforms/darwin-arm64/node_modules/@microsoft/visualstudio-projectsystem-server.darwin-arm64'
01/21/2025 17:24:45 Mitteleuropäische Normalzeit : Information : Starting service module 'Microsoft.VisualStudio.ProjectSystem.Query.Remoting.QueryExecutionService'. Class: Microsoft.VisualStudio.ProjectSystem.Server.QueryExecutionServiceFactory, Supported Version: 
01/21/2025 17:24:45 Mitteleuropäische Normalzeit : Information : Started service 'Microsoft.VisualStudio.ProjectSystem.Query.Remoting.QueryExecutionService'. Pipe name: /Users/MacBook/.ServiceHub/57d5b9e605/90f010567e, Supported Version: 
01/21/2025 17:24:45 Mitteleuropäische Normalzeit : Information : hubHostClr write: Content-Length: 84

{"jsonrpc":"2.0","id":8,"result":"/Users/MacBook/.ServiceHub/57d5b9e605/90f010567e"}
01/21/2025 17:24:45 Mitteleuropäische Normalzeit : Information : A new client connected to CLR service module 'Microsoft.VisualStudio.ProjectSystem.Query.Remoting.QueryExecutionService'
01/21/2025 17:24:45 Mitteleuropäische Normalzeit : Information : Found IServiceHubServiceFactory in cache. Creating instance from the factory.
01/21/2025 17:24:45 Mitteleuropäische Normalzeit : Information : Creating service Microsoft.VisualStudio.ProjectSystem.Server.QueryExecutionServiceFactory from factory with FactoryVersion=Version2 and ClientRequestedVersion=0.3.
01/21/2025 17:24:45 Mitteleuropäische Normalzeit : Information : Setting up RPC connection for service 'Microsoft.VisualStudio.ProjectSystem.Server.QueryExecutionServiceFactory' from factory
01/21/2025 17:24:45 Mitteleuropäische Normalzeit : Information : Completed RPC connection setup for service 'Microsoft.VisualStudio.ProjectSystem.Server.CompositionServiceFactory' from factory
01/21/2025 17:24:45 Mitteleuropäische Normalzeit : Information : Completed RPC connection setup for service 'Microsoft.VisualStudio.ProjectSystem.Server.LaunchConfigurationServiceFactory' from factory
01/21/2025 17:24:45 Mitteleuropäische Normalzeit : Information : Completed RPC connection setup for service 'Microsoft.VisualStudio.ProjectSystem.Server.ProjectInitializationStatusServiceFactory' from factory
01/21/2025 17:24:45 Mitteleuropäische Normalzeit : Information : Completed RPC connection setup for service 'Microsoft.VisualStudio.ProjectSystem.Server.ProjectTreeProviderFactory' from factory
01/21/2025 17:24:45 Mitteleuropäische Normalzeit : Information : Completed RPC connection setup for service 'Microsoft.VisualStudio.ProjectSystem.Server.QueryExecutionServiceFactory' from factory
01/21/2025 17:24:45 Mitteleuropäische Normalzeit : Information : Completed RPC connection setup for service 'Microsoft.VisualStudio.ProjectSystem.Server.QueryExecutionServiceFactory' from factory
01/21/2025 17:24:45 Mitteleuropäische Normalzeit : Information : Checking if 'Microsoft.VisualStudio.ProjectSystem.Server.CompositionServiceFactory' implements Microsoft.VisualStudio.Threading.IAsyncDisposable.
01/21/2025 17:24:45 Mitteleuropäische Normalzeit : Information : Checking if 'Microsoft.VisualStudio.ProjectSystem.Server.CompositionServiceFactory' implements System.IAsyncDisposable.
01/21/2025 17:24:45 Mitteleuropäische Normalzeit : Information : Checking if 'Microsoft.VisualStudio.ProjectSystem.Server.CompositionServiceFactory' implements System.IDisposable.
01/21/2025 17:24:46 Mitteleuropäische Normalzeit : Information : hubHostClr read: Content-Length: 1038

{"jsonrpc":"2.0","id":9,"method":"StartServiceAsync","params":[{"name":"Microsoft.VisualStudio.CpsProjectIconSourceService","host":"dotnet.projectSystem","hostId":"C94B8CFE-E3FD-4BAF-A941-2866DBB566FE","serviceBaseDirectory":"/Users/MacBook/.vscode/extensions/ms-dotnettools.csdevkit-1.15.34-darwin-arm64/components/CPS/platforms/darwin-arm64/node_modules/@microsoft/visualstudio-projectsystem-server.darwin-arm64","entryPoint":{"assemblyPath":"/Users/MacBook/.vscode/extensions/ms-dotnettools.csdevkit-1.15.34-darwin-arm64/components/CPS/platforms/darwin-arm64/node_modules/@microsoft/visualstudio-projectsystem-server.darwin-arm64/Microsoft.VisualStudio.ProjectSystem.Server.Implementation.dll","fullClassName":"Microsoft.VisualStudio.ProjectSystem.Server.ProjectIconSourceServiceFactory"}},{"ActivationArguments":{"__servicehub__ServiceHubRemoteServiceBrokerPipeName":"/Users/MacBook/.ServiceHub/57d5b9e605/051d92ec98","__servicehub__RequestedServiceVersion":"0.1"},"ClientCredentials":{},"ClientCulture":"de","ClientUICulture":"de"}]}
01/21/2025 17:24:46 Mitteleuropäische Normalzeit : Information : CLR host received start request for service 'Microsoft.VisualStudio.CpsProjectIconSourceService'
01/21/2025 17:24:46 Mitteleuropäische Normalzeit : Information : Loading service module assembly '/Users/MacBook/.vscode/extensions/ms-dotnettools.csdevkit-1.15.34-darwin-arm64/components/CPS/platforms/darwin-arm64/node_modules/@microsoft/visualstudio-projectsystem-server.darwin-arm64/Microsoft.VisualStudio.ProjectSystem.Server.Implementation.dll' from '/Users/MacBook/.vscode/extensions/ms-dotnettools.csdevkit-1.15.34-darwin-arm64/components/CPS/platforms/darwin-arm64/node_modules/@microsoft/visualstudio-projectsystem-server.darwin-arm64'
01/21/2025 17:24:46 Mitteleuropäische Normalzeit : Information : Starting service module 'Microsoft.VisualStudio.CpsProjectIconSourceService'. Class: Microsoft.VisualStudio.ProjectSystem.Server.ProjectIconSourceServiceFactory, Supported Version: 
01/21/2025 17:24:46 Mitteleuropäische Normalzeit : Information : Started service 'Microsoft.VisualStudio.CpsProjectIconSourceService'. Pipe name: /Users/MacBook/.ServiceHub/57d5b9e605/ddc38e0e95, Supported Version: 
01/21/2025 17:24:46 Mitteleuropäische Normalzeit : Information : hubHostClr write: Content-Length: 84

{"jsonrpc":"2.0","id":9,"result":"/Users/MacBook/.ServiceHub/57d5b9e605/ddc38e0e95"}
01/21/2025 17:24:46 Mitteleuropäische Normalzeit : Information : A new client connected to CLR service module 'Microsoft.VisualStudio.CpsProjectIconSourceService'
01/21/2025 17:24:46 Mitteleuropäische Normalzeit : Information : Found FactoryVersion=Version2 for service : Microsoft.VisualStudio.CpsProjectIconSourceService.
01/21/2025 17:24:46 Mitteleuropäische Normalzeit : Information : Service 'Microsoft.VisualStudio.ProjectSystem.Server.ProjectIconSourceServiceFactory' implements IServiceHubServiceFactory. Creating factory instance and caching it.
01/21/2025 17:24:46 Mitteleuropäische Normalzeit : Information : Creating service Microsoft.VisualStudio.ProjectSystem.Server.ProjectIconSourceServiceFactory from factory with FactoryVersion=Version2 and ClientRequestedVersion=0.1.
01/21/2025 17:24:46 Mitteleuropäische Normalzeit : Information : Setting up RPC connection for service 'Microsoft.VisualStudio.ProjectSystem.Server.ProjectIconSourceServiceFactory' from factory
01/21/2025 17:24:46 Mitteleuropäische Normalzeit : Information : Completed RPC connection setup for service 'Microsoft.VisualStudio.ProjectSystem.Server.ProjectIconSourceServiceFactory' from factory
01/21/2025 17:24:47 Mitteleuropäische Normalzeit : Information : hubHostClr read: Content-Length: 1070

{"jsonrpc":"2.0","id":10,"method":"StartServiceAsync","params":[{"name":"Microsoft.VisualStudio.ProjectSystem.ProjectInitializationStatusService","host":"dotnet.projectSystem","hostId":"C94B8CFE-E3FD-4BAF-A941-2866DBB566FE","serviceBaseDirectory":"/Users/MacBook/.vscode/extensions/ms-dotnettools.csdevkit-1.15.34-darwin-arm64/components/CPS/platforms/darwin-arm64/node_modules/@microsoft/visualstudio-projectsystem-server.darwin-arm64","entryPoint":{"assemblyPath":"/Users/MacBook/.vscode/extensions/ms-dotnettools.csdevkit-1.15.34-darwin-arm64/components/CPS/platforms/darwin-arm64/node_modules/@microsoft/visualstudio-projectsystem-server.darwin-arm64/Microsoft.VisualStudio.ProjectSystem.Server.Implementation.dll","fullClassName":"Microsoft.VisualStudio.ProjectSystem.Server.ProjectInitializationStatusServiceFactory"}},{"ActivationArguments":{"__servicehub__ServiceHubRemoteServiceBrokerPipeName":"/Users/MacBook/.ServiceHub/57d5b9e605/be7858a0a9","__servicehub__RequestedServiceVersion":"0.1"},"ClientCredentials":{},"ClientCulture":"de","ClientUICulture":"de"}]}
01/21/2025 17:24:47 Mitteleuropäische Normalzeit : Information : CLR host received start request for service 'Microsoft.VisualStudio.ProjectSystem.ProjectInitializationStatusService'
01/21/2025 17:24:47 Mitteleuropäische Normalzeit : Information : Loading service module assembly '/Users/MacBook/.vscode/extensions/ms-dotnettools.csdevkit-1.15.34-darwin-arm64/components/CPS/platforms/darwin-arm64/node_modules/@microsoft/visualstudio-projectsystem-server.darwin-arm64/Microsoft.VisualStudio.ProjectSystem.Server.Implementation.dll' from '/Users/MacBook/.vscode/extensions/ms-dotnettools.csdevkit-1.15.34-darwin-arm64/components/CPS/platforms/darwin-arm64/node_modules/@microsoft/visualstudio-projectsystem-server.darwin-arm64'
01/21/2025 17:24:47 Mitteleuropäische Normalzeit : Information : Starting service module 'Microsoft.VisualStudio.ProjectSystem.ProjectInitializationStatusService'. Class: Microsoft.VisualStudio.ProjectSystem.Server.ProjectInitializationStatusServiceFactory, Supported Version: 
01/21/2025 17:24:47 Mitteleuropäische Normalzeit : Information : Started service 'Microsoft.VisualStudio.ProjectSystem.ProjectInitializationStatusService'. Pipe name: /Users/MacBook/.ServiceHub/57d5b9e605/1852b41ba4, Supported Version: 
01/21/2025 17:24:47 Mitteleuropäische Normalzeit : Information : hubHostClr write: Content-Length: 85

{"jsonrpc":"2.0","id":10,"result":"/Users/MacBook/.ServiceHub/57d5b9e605/1852b41ba4"}
01/21/2025 17:24:47 Mitteleuropäische Normalzeit : Information : A new client connected to CLR service module 'Microsoft.VisualStudio.ProjectSystem.ProjectInitializationStatusService'
01/21/2025 17:24:47 Mitteleuropäische Normalzeit : Information : Found IServiceHubServiceFactory in cache. Creating instance from the factory.
01/21/2025 17:24:47 Mitteleuropäische Normalzeit : Information : Creating service Microsoft.VisualStudio.ProjectSystem.Server.ProjectInitializationStatusServiceFactory from factory with FactoryVersion=Version2 and ClientRequestedVersion=0.1.
01/21/2025 17:24:47 Mitteleuropäische Normalzeit : Information : Setting up RPC connection for service 'Microsoft.VisualStudio.ProjectSystem.Server.ProjectInitializationStatusServiceFactory' from factory
01/21/2025 17:24:47 Mitteleuropäische Normalzeit : Information : Completed RPC connection setup for service 'Microsoft.VisualStudio.ProjectSystem.Server.ProjectInitializationStatusServiceFactory' from factory
01/21/2025 22:41:05 Mitteleuropäische Normalzeit : Information : hubHostClr read: Content-Length: 994

{"jsonrpc":"2.0","id":11,"method":"StartServiceAsync","params":[{"name":"Microsoft.VisualStudio.LaunchConfigurationService","host":"dotnet.projectSystem","hostId":"C94B8CFE-E3FD-4BAF-A941-2866DBB566FE","serviceBaseDirectory":"/Users/MacBook/.vscode/extensions/ms-dotnettools.csdevkit-1.15.34-darwin-arm64/components/CPS/platforms/darwin-arm64/node_modules/@microsoft/visualstudio-projectsystem-server.darwin-arm64","entryPoint":{"assemblyPath":"/Users/MacBook/.vscode/extensions/ms-dotnettools.csdevkit-1.15.34-darwin-arm64/components/CPS/platforms/darwin-arm64/node_modules/@microsoft/visualstudio-projectsystem-server.darwin-arm64/Microsoft.VisualStudio.ProjectSystem.Server.Implementation.dll","fullClassName":"Microsoft.VisualStudio.ProjectSystem.Server.LaunchConfigurationServiceFactory"}},{"ActivationArguments":{"__servicehub__ServiceHubRemoteServiceBrokerPipeName":"/Users/MacBook/.ServiceHub/57d5b9e605/a750af3924"},"ClientCredentials":{},"ClientCulture":"de","ClientUICulture":"de"}]}
01/21/2025 22:41:05 Mitteleuropäische Normalzeit : Information : CLR host received start request for service 'Microsoft.VisualStudio.LaunchConfigurationService'
01/21/2025 22:41:05 Mitteleuropäische Normalzeit : Information : Loading service module assembly '/Users/MacBook/.vscode/extensions/ms-dotnettools.csdevkit-1.15.34-darwin-arm64/components/CPS/platforms/darwin-arm64/node_modules/@microsoft/visualstudio-projectsystem-server.darwin-arm64/Microsoft.VisualStudio.ProjectSystem.Server.Implementation.dll' from '/Users/MacBook/.vscode/extensions/ms-dotnettools.csdevkit-1.15.34-darwin-arm64/components/CPS/platforms/darwin-arm64/node_modules/@microsoft/visualstudio-projectsystem-server.darwin-arm64'
01/21/2025 22:41:05 Mitteleuropäische Normalzeit : Information : Starting service module 'Microsoft.VisualStudio.LaunchConfigurationService'. Class: Microsoft.VisualStudio.ProjectSystem.Server.LaunchConfigurationServiceFactory, Supported Version: 
01/21/2025 22:41:05 Mitteleuropäische Normalzeit : Information : Started service 'Microsoft.VisualStudio.LaunchConfigurationService'. Pipe name: /Users/MacBook/.ServiceHub/57d5b9e605/20d0491f3d, Supported Version: 
01/21/2025 22:41:05 Mitteleuropäische Normalzeit : Information : hubHostClr write: Content-Length: 85

{"jsonrpc":"2.0","id":11,"result":"/Users/MacBook/.ServiceHub/57d5b9e605/20d0491f3d"}
01/21/2025 22:41:05 Mitteleuropäische Normalzeit : Information : A new client connected to CLR service module 'Microsoft.VisualStudio.LaunchConfigurationService'
01/21/2025 22:41:05 Mitteleuropäische Normalzeit : Information : Found IServiceHubServiceFactory in cache. Creating instance from the factory.
01/21/2025 22:41:05 Mitteleuropäische Normalzeit : Information : Creating service Microsoft.VisualStudio.ProjectSystem.Server.LaunchConfigurationServiceFactory from factory with FactoryVersion=Version2 and ClientRequestedVersion=.
01/21/2025 22:41:05 Mitteleuropäische Normalzeit : Information : Setting up RPC connection for service 'Microsoft.VisualStudio.ProjectSystem.Server.LaunchConfigurationServiceFactory' from factory
01/21/2025 22:41:05 Mitteleuropäische Normalzeit : Information : Completed RPC connection setup for service 'Microsoft.VisualStudio.ProjectSystem.Server.LaunchConfigurationServiceFactory' from factory
01/22/2025 13:43:21 Mitteleuropäische Normalzeit : Information : hubHostClr read: Content-Length: 994

{"jsonrpc":"2.0","id":12,"method":"StartServiceAsync","params":[{"name":"Microsoft.VisualStudio.LaunchConfigurationService","host":"dotnet.projectSystem","hostId":"C94B8CFE-E3FD-4BAF-A941-2866DBB566FE","serviceBaseDirectory":"/Users/MacBook/.vscode/extensions/ms-dotnettools.csdevkit-1.15.34-darwin-arm64/components/CPS/platforms/darwin-arm64/node_modules/@microsoft/visualstudio-projectsystem-server.darwin-arm64","entryPoint":{"assemblyPath":"/Users/MacBook/.vscode/extensions/ms-dotnettools.csdevkit-1.15.34-darwin-arm64/components/CPS/platforms/darwin-arm64/node_modules/@microsoft/visualstudio-projectsystem-server.darwin-arm64/Microsoft.VisualStudio.ProjectSystem.Server.Implementation.dll","fullClassName":"Microsoft.VisualStudio.ProjectSystem.Server.LaunchConfigurationServiceFactory"}},{"ActivationArguments":{"__servicehub__ServiceHubRemoteServiceBrokerPipeName":"/Users/MacBook/.ServiceHub/57d5b9e605/7456437d8d"},"ClientCredentials":{},"ClientCulture":"de","ClientUICulture":"de"}]}
01/22/2025 13:43:21 Mitteleuropäische Normalzeit : Information : CLR host received start request for service 'Microsoft.VisualStudio.LaunchConfigurationService'
01/22/2025 13:43:21 Mitteleuropäische Normalzeit : Information : Loading service module assembly '/Users/MacBook/.vscode/extensions/ms-dotnettools.csdevkit-1.15.34-darwin-arm64/components/CPS/platforms/darwin-arm64/node_modules/@microsoft/visualstudio-projectsystem-server.darwin-arm64/Microsoft.VisualStudio.ProjectSystem.Server.Implementation.dll' from '/Users/MacBook/.vscode/extensions/ms-dotnettools.csdevkit-1.15.34-darwin-arm64/components/CPS/platforms/darwin-arm64/node_modules/@microsoft/visualstudio-projectsystem-server.darwin-arm64'
01/22/2025 13:43:21 Mitteleuropäische Normalzeit : Information : Starting service module 'Microsoft.VisualStudio.LaunchConfigurationService'. Class: Microsoft.VisualStudio.ProjectSystem.Server.LaunchConfigurationServiceFactory, Supported Version: 
01/22/2025 13:43:21 Mitteleuropäische Normalzeit : Information : Started service 'Microsoft.VisualStudio.LaunchConfigurationService'. Pipe name: /Users/MacBook/.ServiceHub/57d5b9e605/d44e955a85, Supported Version: 
01/22/2025 13:43:21 Mitteleuropäische Normalzeit : Information : hubHostClr write: Content-Length: 85

{"jsonrpc":"2.0","id":12,"result":"/Users/MacBook/.ServiceHub/57d5b9e605/d44e955a85"}
01/22/2025 13:43:21 Mitteleuropäische Normalzeit : Information : A new client connected to CLR service module 'Microsoft.VisualStudio.LaunchConfigurationService'
01/22/2025 13:43:21 Mitteleuropäische Normalzeit : Information : Found IServiceHubServiceFactory in cache. Creating instance from the factory.
01/22/2025 13:43:21 Mitteleuropäische Normalzeit : Information : Creating service Microsoft.VisualStudio.ProjectSystem.Server.LaunchConfigurationServiceFactory from factory with FactoryVersion=Version2 and ClientRequestedVersion=.
01/22/2025 13:43:21 Mitteleuropäische Normalzeit : Information : Setting up RPC connection for service 'Microsoft.VisualStudio.ProjectSystem.Server.LaunchConfigurationServiceFactory' from factory
01/22/2025 13:43:21 Mitteleuropäische Normalzeit : Information : Completed RPC connection setup for service 'Microsoft.VisualStudio.ProjectSystem.Server.LaunchConfigurationServiceFactory' from factory
01/22/2025 14:06:43 Mitteleuropäische Normalzeit : Information : hubHostClr read: Content-Length: 994

{"jsonrpc":"2.0","id":13,"method":"StartServiceAsync","params":[{"name":"Microsoft.VisualStudio.LaunchConfigurationService","host":"dotnet.projectSystem","hostId":"C94B8CFE-E3FD-4BAF-A941-2866DBB566FE","serviceBaseDirectory":"/Users/MacBook/.vscode/extensions/ms-dotnettools.csdevkit-1.15.34-darwin-arm64/components/CPS/platforms/darwin-arm64/node_modules/@microsoft/visualstudio-projectsystem-server.darwin-arm64","entryPoint":{"assemblyPath":"/Users/MacBook/.vscode/extensions/ms-dotnettools.csdevkit-1.15.34-darwin-arm64/components/CPS/platforms/darwin-arm64/node_modules/@microsoft/visualstudio-projectsystem-server.darwin-arm64/Microsoft.VisualStudio.ProjectSystem.Server.Implementation.dll","fullClassName":"Microsoft.VisualStudio.ProjectSystem.Server.LaunchConfigurationServiceFactory"}},{"ActivationArguments":{"__servicehub__ServiceHubRemoteServiceBrokerPipeName":"/Users/MacBook/.ServiceHub/57d5b9e605/0c3ca1831a"},"ClientCredentials":{},"ClientCulture":"de","ClientUICulture":"de"}]}
01/22/2025 14:06:43 Mitteleuropäische Normalzeit : Information : CLR host received start request for service 'Microsoft.VisualStudio.LaunchConfigurationService'
01/22/2025 14:06:43 Mitteleuropäische Normalzeit : Information : Loading service module assembly '/Users/MacBook/.vscode/extensions/ms-dotnettools.csdevkit-1.15.34-darwin-arm64/components/CPS/platforms/darwin-arm64/node_modules/@microsoft/visualstudio-projectsystem-server.darwin-arm64/Microsoft.VisualStudio.ProjectSystem.Server.Implementation.dll' from '/Users/MacBook/.vscode/extensions/ms-dotnettools.csdevkit-1.15.34-darwin-arm64/components/CPS/platforms/darwin-arm64/node_modules/@microsoft/visualstudio-projectsystem-server.darwin-arm64'
01/22/2025 14:06:43 Mitteleuropäische Normalzeit : Information : Starting service module 'Microsoft.VisualStudio.LaunchConfigurationService'. Class: Microsoft.VisualStudio.ProjectSystem.Server.LaunchConfigurationServiceFactory, Supported Version: 
01/22/2025 14:06:43 Mitteleuropäische Normalzeit : Information : Started service 'Microsoft.VisualStudio.LaunchConfigurationService'. Pipe name: /Users/MacBook/.ServiceHub/57d5b9e605/6139474169, Supported Version: 
01/22/2025 14:06:43 Mitteleuropäische Normalzeit : Information : hubHostClr write: Content-Length: 85

{"jsonrpc":"2.0","id":13,"result":"/Users/MacBook/.ServiceHub/57d5b9e605/6139474169"}
01/22/2025 14:06:43 Mitteleuropäische Normalzeit : Information : A new client connected to CLR service module 'Microsoft.VisualStudio.LaunchConfigurationService'
01/22/2025 14:06:43 Mitteleuropäische Normalzeit : Information : Found IServiceHubServiceFactory in cache. Creating instance from the factory.
01/22/2025 14:06:43 Mitteleuropäische Normalzeit : Information : Creating service Microsoft.VisualStudio.ProjectSystem.Server.LaunchConfigurationServiceFactory from factory with FactoryVersion=Version2 and ClientRequestedVersion=.
01/22/2025 14:06:43 Mitteleuropäische Normalzeit : Information : Setting up RPC connection for service 'Microsoft.VisualStudio.ProjectSystem.Server.LaunchConfigurationServiceFactory' from factory
01/22/2025 14:06:43 Mitteleuropäische Normalzeit : Information : Completed RPC connection setup for service 'Microsoft.VisualStudio.ProjectSystem.Server.LaunchConfigurationServiceFactory' from factory
01/22/2025 14:06:45 Mitteleuropäische Normalzeit : Information : Checking if 'Microsoft.VisualStudio.ProjectSystem.Server.ProjectTreeProviderFactory' implements Microsoft.VisualStudio.Threading.IAsyncDisposable.
01/22/2025 14:06:45 Mitteleuropäische Normalzeit : Information : Checking if 'Microsoft.VisualStudio.ProjectSystem.Server.ProjectTreeProviderFactory' implements System.IAsyncDisposable.
01/22/2025 14:06:45 Mitteleuropäische Normalzeit : Information : Checking if 'Microsoft.VisualStudio.ProjectSystem.Server.ProjectTreeProviderFactory' implements System.IDisposable.
01/22/2025 14:06:45 Mitteleuropäische Normalzeit : Information : Checking if 'Microsoft.VisualStudio.ProjectSystem.Server.LaunchConfigurationServiceFactory' implements Microsoft.VisualStudio.Threading.IAsyncDisposable.
01/22/2025 14:06:45 Mitteleuropäische Normalzeit : Information : Checking if 'Microsoft.VisualStudio.ProjectSystem.Server.LaunchConfigurationServiceFactory' implements System.IAsyncDisposable.
01/22/2025 14:06:45 Mitteleuropäische Normalzeit : Information : Checking if 'Microsoft.VisualStudio.ProjectSystem.Server.LaunchConfigurationServiceFactory' implements System.IDisposable.
01/22/2025 14:06:45 Mitteleuropäische Normalzeit : Information : Checking if 'Microsoft.VisualStudio.ProjectSystem.Server.ProjectInitializationStatusServiceFactory' implements Microsoft.VisualStudio.Threading.IAsyncDisposable.
01/22/2025 14:06:45 Mitteleuropäische Normalzeit : Information : Checking if 'Microsoft.VisualStudio.ProjectSystem.Server.ProjectInitializationStatusServiceFactory' implements System.IAsyncDisposable.
01/22/2025 14:06:45 Mitteleuropäische Normalzeit : Information : Checking if 'Microsoft.VisualStudio.ProjectSystem.Server.ProjectInitializationStatusServiceFactory' implements System.IDisposable.
01/22/2025 14:06:45 Mitteleuropäische Normalzeit : Information : hubHostClr read: Content-Length: 58

{"jsonrpc":"2.0","id":14,"method":"ExitAsync","params":[]}
01/22/2025 14:06:45 Mitteleuropäische Normalzeit : Information : Exit command received. Exiting CLR host
01/22/2025 14:06:45 Mitteleuropäische Normalzeit : Information : hubHostClr write: Content-Length: 39

{"jsonrpc":"2.0","id":14,"result":null}
01/22/2025 14:06:45 Mitteleuropäische Normalzeit : Information : hubHostClr JSON RPC has been disposed
01/22/2025 14:06:45 Mitteleuropäische Normalzeit : Information : hubHostClr read: end of stream
01/22/2025 14:06:45 Mitteleuropäische Normalzeit : Information : Checking if 'Microsoft.VisualStudio.ProjectSystem.Server.QueryExecutionServiceFactory' implements Microsoft.VisualStudio.Threading.IAsyncDisposable.
01/22/2025 14:06:45 Mitteleuropäische Normalzeit : Information : Checking if 'Microsoft.VisualStudio.ProjectSystem.Server.QueryExecutionServiceFactory' implements System.IAsyncDisposable.
01/22/2025 14:06:45 Mitteleuropäische Normalzeit : Information : Checking if 'Microsoft.VisualStudio.ProjectSystem.Server.QueryExecutionServiceFactory' implements System.IDisposable.
01/22/2025 14:06:45 Mitteleuropäische Normalzeit : Information : Checking if 'Microsoft.VisualStudio.ProjectSystem.Server.ProjectIconSourceServiceFactory' implements Microsoft.VisualStudio.Threading.IAsyncDisposable.
01/22/2025 14:06:45 Mitteleuropäische Normalzeit : Information : Checking if 'Microsoft.VisualStudio.ProjectSystem.Server.ProjectIconSourceServiceFactory' implements System.IAsyncDisposable.
01/22/2025 14:06:45 Mitteleuropäische Normalzeit : Information : Checking if 'Microsoft.VisualStudio.ProjectSystem.Server.ProjectIconSourceServiceFactory' implements System.IDisposable.
