01/22/2025 06:20:13 Mitteleuropäische Normalzeit : Information : Local timezone is (UTC+01:00) Mitteleuropäische Zeit (Wien)
01/22/2025 06:20:13 Mitteleuropäische Normalzeit : Information : Added local RPC method "getPipe" -> Microsoft.VisualStudio.Utilities.ServiceBroker.GlobalBrokeredServiceContainer+View.GetPipeAsync(ServiceMoniker, ServiceActivationOptions, CancellationToken) (Microsoft.VisualStudio.Utilities.ServiceBroker.GlobalBrokeredServiceContainer+View)
01/22/2025 06:20:13 Mitteleuropäische Normalzeit : Information : Added local RPC method "getProxy" -> Microsoft.VisualStudio.Utilities.ServiceBroker.GlobalBrokeredServiceContainer+View.GetProxyAsync(ServiceRpcDescriptor, ServiceActivationOptions, CancellationToken) (Microsoft.VisualStudio.Utilities.ServiceBroker.GlobalBrokeredServiceContainer+View)
01/22/2025 06:20:13 Mitteleuropäische Normalzeit : Information : Added local RPC method "handshake" -> Microsoft.VisualStudio.Utilities.ServiceBroker.GlobalBrokeredServiceContainer+View.HandshakeAsync(ServiceBrokerClientMetadata, CancellationToken) (Microsoft.VisualStudio.Utilities.ServiceBroker.GlobalBrokeredServiceContainer+View)
01/22/2025 06:20:13 Mitteleuropäische Normalzeit : Information : Added local RPC method "requestServiceChannel" -> Microsoft.VisualStudio.Utilities.ServiceBroker.GlobalBrokeredServiceContainer+View.RequestServiceChannelAsync(ServiceMoniker, ServiceActivationOptions, CancellationToken) (Microsoft.VisualStudio.Utilities.ServiceBroker.GlobalBrokeredServiceContainer+View)
01/22/2025 06:20:13 Mitteleuropäische Normalzeit : Information : Added local RPC method "cancelServiceRequest" -> Microsoft.VisualStudio.Utilities.ServiceBroker.GlobalBrokeredServiceContainer+View.CancelServiceRequestAsync(Guid) (Microsoft.VisualStudio.Utilities.ServiceBroker.GlobalBrokeredServiceContainer+View)
01/22/2025 06:20:13 Mitteleuropäische Normalzeit : Information : Added local RPC method "getPipe" -> Microsoft.VisualStudio.Utilities.ServiceBroker.GlobalBrokeredServiceContainer+View.GetPipeAsync(ServiceMoniker, ServiceActivationOptions, CancellationToken) (Microsoft.VisualStudio.Utilities.ServiceBroker.GlobalBrokeredServiceContainer+View)
01/22/2025 06:20:13 Mitteleuropäische Normalzeit : Information : Added local RPC method "getProxy" -> Microsoft.VisualStudio.Utilities.ServiceBroker.GlobalBrokeredServiceContainer+View.GetProxyAsync(ServiceRpcDescriptor, ServiceActivationOptions, CancellationToken) (Microsoft.VisualStudio.Utilities.ServiceBroker.GlobalBrokeredServiceContainer+View)
01/22/2025 06:20:13 Mitteleuropäische Normalzeit : Information : Added local RPC method "handshake" -> Microsoft.VisualStudio.Utilities.ServiceBroker.GlobalBrokeredServiceContainer+View.HandshakeAsync(ServiceBrokerClientMetadata, CancellationToken) (Microsoft.VisualStudio.Utilities.ServiceBroker.GlobalBrokeredServiceContainer+View)
01/22/2025 06:20:13 Mitteleuropäische Normalzeit : Information : Added local RPC method "requestServiceChannel" -> Microsoft.VisualStudio.Utilities.ServiceBroker.GlobalBrokeredServiceContainer+View.RequestServiceChannelAsync(ServiceMoniker, ServiceActivationOptions, CancellationToken) (Microsoft.VisualStudio.Utilities.ServiceBroker.GlobalBrokeredServiceContainer+View)
01/22/2025 06:20:13 Mitteleuropäische Normalzeit : Information : Added local RPC method "cancelServiceRequest" -> Microsoft.VisualStudio.Utilities.ServiceBroker.GlobalBrokeredServiceContainer+View.CancelServiceRequestAsync(Guid) (Microsoft.VisualStudio.Utilities.ServiceBroker.GlobalBrokeredServiceContainer+View)
01/22/2025 06:20:13 Mitteleuropäische Normalzeit: Information : 2 :Listening for events from Microsoft.VisualStudio.Utilities.ServiceBroker.GlobalBrokeredServiceContainer+View.AvailabilityChanged to raise notification.
01/22/2025 06:20:13 Mitteleuropäische Normalzeit: Information : 3 :Listening started.
01/22/2025 06:20:13 Mitteleuropäische Normalzeit: Information : 7 :{"id":2,"method":"handshake"}
01/22/2025 06:20:13 Mitteleuropäische Normalzeit: Information : 6 :Received request "2" for method "handshake".
01/22/2025 06:20:13 Mitteleuropäische Normalzeit: Information : 9 :Invoking Microsoft.VisualStudio.Utilities.ServiceBroker.GlobalBrokeredServiceContainer+View.HandshakeAsync(ServiceBrokerClientMetadata, CancellationToken)
01/22/2025 06:20:13 Mitteleuropäische Normalzeit : Start : handshake
01/22/2025 06:20:13 Mitteleuropäische Normalzeit : Stop : handshake
01/22/2025 06:20:13 Mitteleuropäische Normalzeit: Information : 8 :{"id":2}
01/22/2025 06:20:13 Mitteleuropäische Normalzeit: Information : 7 :{"id":3,"method":"requestServiceChannel"}
01/22/2025 06:20:13 Mitteleuropäische Normalzeit: Information : 6 :Received request "3" for method "requestServiceChannel".
01/22/2025 06:20:13 Mitteleuropäische Normalzeit: Information : 9 :Invoking Microsoft.VisualStudio.Utilities.ServiceBroker.GlobalBrokeredServiceContainer+View.RequestServiceChannelAsync(ServiceMoniker, ServiceActivationOptions, CancellationToken)
01/22/2025 06:20:13 Mitteleuropäische Normalzeit : Start : requestServiceChannel
01/22/2025 06:20:13 Mitteleuropäische Normalzeit : Stop : requestServiceChannel
01/22/2025 06:20:13 Mitteleuropäische Normalzeit: Information : 8 :{"id":3}
01/22/2025 06:20:13 Mitteleuropäische Normalzeit: Information : 7 :{"id":4,"method":"requestServiceChannel"}
01/22/2025 06:20:13 Mitteleuropäische Normalzeit: Information : 6 :Received request "4" for method "requestServiceChannel".
01/22/2025 06:20:13 Mitteleuropäische Normalzeit: Information : 9 :Invoking Microsoft.VisualStudio.Utilities.ServiceBroker.GlobalBrokeredServiceContainer+View.RequestServiceChannelAsync(ServiceMoniker, ServiceActivationOptions, CancellationToken)
01/22/2025 06:20:13 Mitteleuropäische Normalzeit : Transfer : Transfer, relatedActivityId=59ceb82c-1fe5-4435-96dd-74abe41f4ab1
01/22/2025 06:20:13 Mitteleuropäische Normalzeit : Start : requestServiceChannel
01/22/2025 06:20:13 Mitteleuropäische Normalzeit : Stop : requestServiceChannel
01/22/2025 06:20:13 Mitteleuropäische Normalzeit : Transfer : Transfer, relatedActivityId=2314f635-a043-40ae-89be-c958038da29e
01/22/2025 06:20:13 Mitteleuropäische Normalzeit: Information : 8 :{"id":4}
01/22/2025 06:20:13 Mitteleuropäische Normalzeit: Information : 7 :{"id":5,"method":"requestServiceChannel"}
01/22/2025 06:20:13 Mitteleuropäische Normalzeit: Information : 6 :Received request "5" for method "requestServiceChannel".
01/22/2025 06:20:13 Mitteleuropäische Normalzeit: Information : 9 :Invoking Microsoft.VisualStudio.Utilities.ServiceBroker.GlobalBrokeredServiceContainer+View.RequestServiceChannelAsync(ServiceMoniker, ServiceActivationOptions, CancellationToken)
01/22/2025 06:20:13 Mitteleuropäische Normalzeit : Transfer : Transfer, relatedActivityId=dcdad91c-690f-4a49-93a2-ca11e250c17c
01/22/2025 06:20:13 Mitteleuropäische Normalzeit : Start : requestServiceChannel
01/22/2025 06:20:13 Mitteleuropäische Normalzeit : Stop : requestServiceChannel
01/22/2025 06:20:13 Mitteleuropäische Normalzeit : Transfer : Transfer, relatedActivityId=2314f635-a043-40ae-89be-c958038da29e
01/22/2025 06:20:13 Mitteleuropäische Normalzeit: Information : 8 :{"id":5}
