01/21/2025 17:24:45 Mitteleuropäische Normalzeit : Information : Local timezone is (UTC+01:00) Mitteleuropäische Zeit (Wien)
01/21/2025 17:24:45 Mitteleuropäische Normalzeit : Information : Added local RPC method "getPipe" -> Microsoft.VisualStudio.Utilities.ServiceBroker.GlobalBrokeredServiceContainer+View.GetPipeAsync(ServiceMoniker, ServiceActivationOptions, CancellationToken) (Microsoft.VisualStudio.Utilities.ServiceBroker.GlobalBrokeredServiceContainer+View)
01/21/2025 17:24:45 Mitteleuropäische Normalzeit : Information : Added local RPC method "getProxy" -> Microsoft.VisualStudio.Utilities.ServiceBroker.GlobalBrokeredServiceContainer+View.GetProxyAsync(ServiceRpcDescriptor, ServiceActivationOptions, CancellationToken) (Microsoft.VisualStudio.Utilities.ServiceBroker.GlobalBrokeredServiceContainer+View)
01/21/2025 17:24:45 Mitteleuropäische Normalzeit : Information : Added local RPC method "handshake" -> Microsoft.VisualStudio.Utilities.ServiceBroker.GlobalBrokeredServiceContainer+View.HandshakeAsync(ServiceBrokerClientMetadata, CancellationToken) (Microsoft.VisualStudio.Utilities.ServiceBroker.GlobalBrokeredServiceContainer+View)
01/21/2025 17:24:45 Mitteleuropäische Normalzeit : Information : Added local RPC method "requestServiceChannel" -> Microsoft.VisualStudio.Utilities.ServiceBroker.GlobalBrokeredServiceContainer+View.RequestServiceChannelAsync(ServiceMoniker, ServiceActivationOptions, CancellationToken) (Microsoft.VisualStudio.Utilities.ServiceBroker.GlobalBrokeredServiceContainer+View)
01/21/2025 17:24:45 Mitteleuropäische Normalzeit : Information : Added local RPC method "cancelServiceRequest" -> Microsoft.VisualStudio.Utilities.ServiceBroker.GlobalBrokeredServiceContainer+View.CancelServiceRequestAsync(Guid) (Microsoft.VisualStudio.Utilities.ServiceBroker.GlobalBrokeredServiceContainer+View)
01/21/2025 17:24:45 Mitteleuropäische Normalzeit : Information : Added local RPC method "getPipe" -> Microsoft.VisualStudio.Utilities.ServiceBroker.GlobalBrokeredServiceContainer+View.GetPipeAsync(ServiceMoniker, ServiceActivationOptions, CancellationToken) (Microsoft.VisualStudio.Utilities.ServiceBroker.GlobalBrokeredServiceContainer+View)
01/21/2025 17:24:45 Mitteleuropäische Normalzeit : Information : Added local RPC method "getProxy" -> Microsoft.VisualStudio.Utilities.ServiceBroker.GlobalBrokeredServiceContainer+View.GetProxyAsync(ServiceRpcDescriptor, ServiceActivationOptions, CancellationToken) (Microsoft.VisualStudio.Utilities.ServiceBroker.GlobalBrokeredServiceContainer+View)
01/21/2025 17:24:45 Mitteleuropäische Normalzeit : Information : Added local RPC method "handshake" -> Microsoft.VisualStudio.Utilities.ServiceBroker.GlobalBrokeredServiceContainer+View.HandshakeAsync(ServiceBrokerClientMetadata, CancellationToken) (Microsoft.VisualStudio.Utilities.ServiceBroker.GlobalBrokeredServiceContainer+View)
01/21/2025 17:24:45 Mitteleuropäische Normalzeit : Information : Added local RPC method "requestServiceChannel" -> Microsoft.VisualStudio.Utilities.ServiceBroker.GlobalBrokeredServiceContainer+View.RequestServiceChannelAsync(ServiceMoniker, ServiceActivationOptions, CancellationToken) (Microsoft.VisualStudio.Utilities.ServiceBroker.GlobalBrokeredServiceContainer+View)
01/21/2025 17:24:45 Mitteleuropäische Normalzeit : Information : Added local RPC method "cancelServiceRequest" -> Microsoft.VisualStudio.Utilities.ServiceBroker.GlobalBrokeredServiceContainer+View.CancelServiceRequestAsync(Guid) (Microsoft.VisualStudio.Utilities.ServiceBroker.GlobalBrokeredServiceContainer+View)
01/21/2025 17:24:45 Mitteleuropäische Normalzeit: Information : 2 :Listening for events from Microsoft.VisualStudio.Utilities.ServiceBroker.GlobalBrokeredServiceContainer+View.AvailabilityChanged to raise notification.
01/21/2025 17:24:45 Mitteleuropäische Normalzeit: Information : 3 :Listening started.
01/21/2025 17:24:45 Mitteleuropäische Normalzeit: Information : 7 :{"id":2,"method":"handshake"}
01/21/2025 17:24:45 Mitteleuropäische Normalzeit: Information : 6 :Received request "2" for method "handshake".
01/21/2025 17:24:45 Mitteleuropäische Normalzeit: Information : 9 :Invoking Microsoft.VisualStudio.Utilities.ServiceBroker.GlobalBrokeredServiceContainer+View.HandshakeAsync(ServiceBrokerClientMetadata, CancellationToken)
01/21/2025 17:24:45 Mitteleuropäische Normalzeit : Start : handshake
01/21/2025 17:24:45 Mitteleuropäische Normalzeit : Stop : handshake
01/21/2025 17:24:45 Mitteleuropäische Normalzeit: Information : 8 :{"id":2}
01/21/2025 17:24:45 Mitteleuropäische Normalzeit: Information : 7 :{"id":3,"method":"requestServiceChannel"}
01/21/2025 17:24:45 Mitteleuropäische Normalzeit: Information : 6 :Received request "3" for method "requestServiceChannel".
01/21/2025 17:24:45 Mitteleuropäische Normalzeit: Information : 9 :Invoking Microsoft.VisualStudio.Utilities.ServiceBroker.GlobalBrokeredServiceContainer+View.RequestServiceChannelAsync(ServiceMoniker, ServiceActivationOptions, CancellationToken)
01/21/2025 17:24:45 Mitteleuropäische Normalzeit : Start : requestServiceChannel
01/21/2025 17:24:45 Mitteleuropäische Normalzeit : Stop : requestServiceChannel
01/21/2025 17:24:45 Mitteleuropäische Normalzeit: Information : 8 :{"id":3}
01/21/2025 17:24:45 Mitteleuropäische Normalzeit: Information : 7 :{"id":4,"method":"requestServiceChannel"}
01/21/2025 17:24:45 Mitteleuropäische Normalzeit: Information : 6 :Received request "4" for method "requestServiceChannel".
01/21/2025 17:24:45 Mitteleuropäische Normalzeit: Information : 9 :Invoking Microsoft.VisualStudio.Utilities.ServiceBroker.GlobalBrokeredServiceContainer+View.RequestServiceChannelAsync(ServiceMoniker, ServiceActivationOptions, CancellationToken)
01/21/2025 17:24:45 Mitteleuropäische Normalzeit : Start : requestServiceChannel
01/21/2025 17:24:45 Mitteleuropäische Normalzeit: Information : 7 :{"id":5,"method":"requestServiceChannel"}
01/21/2025 17:24:45 Mitteleuropäische Normalzeit: Information : 6 :Received request "5" for method "requestServiceChannel".
01/21/2025 17:24:45 Mitteleuropäische Normalzeit: Information : 9 :Invoking Microsoft.VisualStudio.Utilities.ServiceBroker.GlobalBrokeredServiceContainer+View.RequestServiceChannelAsync(ServiceMoniker, ServiceActivationOptions, CancellationToken)
01/21/2025 17:24:45 Mitteleuropäische Normalzeit : Start : requestServiceChannel
01/21/2025 17:24:45 Mitteleuropäische Normalzeit : Stop : requestServiceChannel
01/21/2025 17:24:45 Mitteleuropäische Normalzeit: Information : 8 :{"id":4}
01/21/2025 17:24:45 Mitteleuropäische Normalzeit : Stop : requestServiceChannel
01/21/2025 17:24:45 Mitteleuropäische Normalzeit: Information : 8 :{"id":5}
01/21/2025 17:24:46 Mitteleuropäische Normalzeit: Information : 7 :{"id":6,"method":"requestServiceChannel"}
01/21/2025 17:24:46 Mitteleuropäische Normalzeit: Information : 6 :Received request "6" for method "requestServiceChannel".
01/21/2025 17:24:46 Mitteleuropäische Normalzeit: Information : 9 :Invoking Microsoft.VisualStudio.Utilities.ServiceBroker.GlobalBrokeredServiceContainer+View.RequestServiceChannelAsync(ServiceMoniker, ServiceActivationOptions, CancellationToken)
01/21/2025 17:24:46 Mitteleuropäische Normalzeit : Start : requestServiceChannel
01/21/2025 17:24:46 Mitteleuropäische Normalzeit : Stop : requestServiceChannel
01/21/2025 17:24:46 Mitteleuropäische Normalzeit: Information : 8 :{"id":6}
01/21/2025 17:24:46 Mitteleuropäische Normalzeit: Information : 7 :{"id":7,"method":"requestServiceChannel"}
01/21/2025 17:24:46 Mitteleuropäische Normalzeit: Information : 6 :Received request "7" for method "requestServiceChannel".
01/21/2025 17:24:46 Mitteleuropäische Normalzeit: Information : 9 :Invoking Microsoft.VisualStudio.Utilities.ServiceBroker.GlobalBrokeredServiceContainer+View.RequestServiceChannelAsync(ServiceMoniker, ServiceActivationOptions, CancellationToken)
01/21/2025 17:24:46 Mitteleuropäische Normalzeit : Start : requestServiceChannel
01/21/2025 17:24:46 Mitteleuropäische Normalzeit : Stop : requestServiceChannel
01/21/2025 17:24:46 Mitteleuropäische Normalzeit: Information : 8 :{"id":7}
01/21/2025 17:24:46 Mitteleuropäische Normalzeit: Information : 7 :{"id":8,"method":"requestServiceChannel"}
01/21/2025 17:24:46 Mitteleuropäische Normalzeit: Information : 6 :Received request "8" for method "requestServiceChannel".
01/21/2025 17:24:46 Mitteleuropäische Normalzeit: Information : 9 :Invoking Microsoft.VisualStudio.Utilities.ServiceBroker.GlobalBrokeredServiceContainer+View.RequestServiceChannelAsync(ServiceMoniker, ServiceActivationOptions, CancellationToken)
01/21/2025 17:24:46 Mitteleuropäische Normalzeit : Transfer : Transfer, relatedActivityId=b5410863-0d22-48c7-8670-04b570ceb23a
01/21/2025 17:24:46 Mitteleuropäische Normalzeit : Start : requestServiceChannel
01/21/2025 17:24:46 Mitteleuropäische Normalzeit : Stop : requestServiceChannel
01/21/2025 17:24:46 Mitteleuropäische Normalzeit : Transfer : Transfer, relatedActivityId=ae86ce98-c36f-4684-abd7-47ee71f37d8b
01/21/2025 17:24:46 Mitteleuropäische Normalzeit: Information : 8 :{"id":8}
01/21/2025 17:24:47 Mitteleuropäische Normalzeit: Information : 7 :{"id":9,"method":"requestServiceChannel"}
01/21/2025 17:24:47 Mitteleuropäische Normalzeit: Information : 6 :Received request "9" for method "requestServiceChannel".
01/21/2025 17:24:47 Mitteleuropäische Normalzeit: Information : 9 :Invoking Microsoft.VisualStudio.Utilities.ServiceBroker.GlobalBrokeredServiceContainer+View.RequestServiceChannelAsync(ServiceMoniker, ServiceActivationOptions, CancellationToken)
01/21/2025 17:24:47 Mitteleuropäische Normalzeit : Start : requestServiceChannel
01/21/2025 17:24:47 Mitteleuropäische Normalzeit : Stop : requestServiceChannel
01/21/2025 17:24:47 Mitteleuropäische Normalzeit: Information : 8 :{"id":9}
01/21/2025 17:24:47 Mitteleuropäische Normalzeit: Information : 7 :{"id":10,"method":"requestServiceChannel"}
01/21/2025 17:24:47 Mitteleuropäische Normalzeit: Information : 6 :Received request "10" for method "requestServiceChannel".
01/21/2025 17:24:47 Mitteleuropäische Normalzeit: Information : 9 :Invoking Microsoft.VisualStudio.Utilities.ServiceBroker.GlobalBrokeredServiceContainer+View.RequestServiceChannelAsync(ServiceMoniker, ServiceActivationOptions, CancellationToken)
01/21/2025 17:24:47 Mitteleuropäische Normalzeit : Start : requestServiceChannel
01/21/2025 17:24:47 Mitteleuropäische Normalzeit: Information : 7 :{"id":11,"method":"requestServiceChannel"}
01/21/2025 17:24:47 Mitteleuropäische Normalzeit: Information : 6 :Received request "11" for method "requestServiceChannel".
01/21/2025 17:24:47 Mitteleuropäische Normalzeit: Information : 9 :Invoking Microsoft.VisualStudio.Utilities.ServiceBroker.GlobalBrokeredServiceContainer+View.RequestServiceChannelAsync(ServiceMoniker, ServiceActivationOptions, CancellationToken)
01/21/2025 17:24:47 Mitteleuropäische Normalzeit : Start : requestServiceChannel
01/21/2025 17:24:47 Mitteleuropäische Normalzeit : Stop : requestServiceChannel
01/21/2025 17:24:47 Mitteleuropäische Normalzeit: Information : 8 :{"id":11}
01/21/2025 17:24:47 Mitteleuropäische Normalzeit : Stop : requestServiceChannel
01/21/2025 17:24:47 Mitteleuropäische Normalzeit: Information : 8 :{"id":10}
01/21/2025 17:24:49 Mitteleuropäische Normalzeit: Information : 7 :{"id":12,"method":"requestServiceChannel"}
01/21/2025 17:24:49 Mitteleuropäische Normalzeit: Information : 6 :Received request "12" for method "requestServiceChannel".
01/21/2025 17:24:49 Mitteleuropäische Normalzeit: Information : 9 :Invoking Microsoft.VisualStudio.Utilities.ServiceBroker.GlobalBrokeredServiceContainer+View.RequestServiceChannelAsync(ServiceMoniker, ServiceActivationOptions, CancellationToken)
01/21/2025 17:24:49 Mitteleuropäische Normalzeit : Start : requestServiceChannel
01/21/2025 17:24:49 Mitteleuropäische Normalzeit : Stop : requestServiceChannel
01/21/2025 17:24:49 Mitteleuropäische Normalzeit: Information : 8 :{"id":12}
01/21/2025 17:24:50 Mitteleuropäische Normalzeit: Information : 7 :{"id":13,"method":"requestServiceChannel"}
01/21/2025 17:24:50 Mitteleuropäische Normalzeit: Information : 6 :Received request "13" for method "requestServiceChannel".
01/21/2025 17:24:50 Mitteleuropäische Normalzeit: Information : 9 :Invoking Microsoft.VisualStudio.Utilities.ServiceBroker.GlobalBrokeredServiceContainer+View.RequestServiceChannelAsync(ServiceMoniker, ServiceActivationOptions, CancellationToken)
01/21/2025 17:24:50 Mitteleuropäische Normalzeit : Start : requestServiceChannel
01/21/2025 17:24:50 Mitteleuropäische Normalzeit : Stop : requestServiceChannel
01/21/2025 17:24:50 Mitteleuropäische Normalzeit: Information : 8 :{"id":13}
