01/22/2025 06:27:17 Mitteleuropäische Normalzeit : Information : Local timezone is (UTC+01:00) Mitteleuropäische Zeit (Wien)
01/22/2025 06:27:17 Mitteleuropäische Normalzeit : Information : Added local RPC method "getPipe" -> Microsoft.VisualStudio.Utilities.ServiceBroker.GlobalBrokeredServiceContainer+View.GetPipeAsync(ServiceMoniker, ServiceActivationOptions, CancellationToken) (Microsoft.VisualStudio.Utilities.ServiceBroker.GlobalBrokeredServiceContainer+View)
01/22/2025 06:27:17 Mitteleuropäische Normalzeit : Information : Added local RPC method "getProxy" -> Microsoft.VisualStudio.Utilities.ServiceBroker.GlobalBrokeredServiceContainer+View.GetProxyAsync(ServiceRpcDescriptor, ServiceActivationOptions, CancellationToken) (Microsoft.VisualStudio.Utilities.ServiceBroker.GlobalBrokeredServiceContainer+View)
01/22/2025 06:27:17 Mitteleuropäische Normalzeit : Information : Added local RPC method "handshake" -> Microsoft.VisualStudio.Utilities.ServiceBroker.GlobalBrokeredServiceContainer+View.HandshakeAsync(ServiceBrokerClientMetadata, CancellationToken) (Microsoft.VisualStudio.Utilities.ServiceBroker.GlobalBrokeredServiceContainer+View)
01/22/2025 06:27:17 Mitteleuropäische Normalzeit : Information : Added local RPC method "requestServiceChannel" -> Microsoft.VisualStudio.Utilities.ServiceBroker.GlobalBrokeredServiceContainer+View.RequestServiceChannelAsync(ServiceMoniker, ServiceActivationOptions, CancellationToken) (Microsoft.VisualStudio.Utilities.ServiceBroker.GlobalBrokeredServiceContainer+View)
01/22/2025 06:27:17 Mitteleuropäische Normalzeit : Information : Added local RPC method "cancelServiceRequest" -> Microsoft.VisualStudio.Utilities.ServiceBroker.GlobalBrokeredServiceContainer+View.CancelServiceRequestAsync(Guid) (Microsoft.VisualStudio.Utilities.ServiceBroker.GlobalBrokeredServiceContainer+View)
01/22/2025 06:27:17 Mitteleuropäische Normalzeit : Information : Added local RPC method "getPipe" -> Microsoft.VisualStudio.Utilities.ServiceBroker.GlobalBrokeredServiceContainer+View.GetPipeAsync(ServiceMoniker, ServiceActivationOptions, CancellationToken) (Microsoft.VisualStudio.Utilities.ServiceBroker.GlobalBrokeredServiceContainer+View)
01/22/2025 06:27:17 Mitteleuropäische Normalzeit : Information : Added local RPC method "getProxy" -> Microsoft.VisualStudio.Utilities.ServiceBroker.GlobalBrokeredServiceContainer+View.GetProxyAsync(ServiceRpcDescriptor, ServiceActivationOptions, CancellationToken) (Microsoft.VisualStudio.Utilities.ServiceBroker.GlobalBrokeredServiceContainer+View)
01/22/2025 06:27:17 Mitteleuropäische Normalzeit : Information : Added local RPC method "handshake" -> Microsoft.VisualStudio.Utilities.ServiceBroker.GlobalBrokeredServiceContainer+View.HandshakeAsync(ServiceBrokerClientMetadata, CancellationToken) (Microsoft.VisualStudio.Utilities.ServiceBroker.GlobalBrokeredServiceContainer+View)
01/22/2025 06:27:17 Mitteleuropäische Normalzeit : Information : Added local RPC method "requestServiceChannel" -> Microsoft.VisualStudio.Utilities.ServiceBroker.GlobalBrokeredServiceContainer+View.RequestServiceChannelAsync(ServiceMoniker, ServiceActivationOptions, CancellationToken) (Microsoft.VisualStudio.Utilities.ServiceBroker.GlobalBrokeredServiceContainer+View)
01/22/2025 06:27:17 Mitteleuropäische Normalzeit : Information : Added local RPC method "cancelServiceRequest" -> Microsoft.VisualStudio.Utilities.ServiceBroker.GlobalBrokeredServiceContainer+View.CancelServiceRequestAsync(Guid) (Microsoft.VisualStudio.Utilities.ServiceBroker.GlobalBrokeredServiceContainer+View)
01/22/2025 06:27:17 Mitteleuropäische Normalzeit: Information : 2 :Listening for events from Microsoft.VisualStudio.Utilities.ServiceBroker.GlobalBrokeredServiceContainer+View.AvailabilityChanged to raise notification.
01/22/2025 06:27:17 Mitteleuropäische Normalzeit: Information : 3 :Listening started.
01/22/2025 06:27:17 Mitteleuropäische Normalzeit: Information : 7 :{"id":2,"method":"handshake"}
01/22/2025 06:27:17 Mitteleuropäische Normalzeit: Information : 6 :Received request "2" for method "handshake".
01/22/2025 06:27:17 Mitteleuropäische Normalzeit: Information : 9 :Invoking Microsoft.VisualStudio.Utilities.ServiceBroker.GlobalBrokeredServiceContainer+View.HandshakeAsync(ServiceBrokerClientMetadata, CancellationToken)
01/22/2025 06:27:17 Mitteleuropäische Normalzeit : Start : handshake
01/22/2025 06:27:17 Mitteleuropäische Normalzeit : Stop : handshake
01/22/2025 06:27:17 Mitteleuropäische Normalzeit: Information : 8 :{"id":2}
01/22/2025 06:27:17 Mitteleuropäische Normalzeit: Information : 7 :{"id":3,"method":"requestServiceChannel"}
01/22/2025 06:27:17 Mitteleuropäische Normalzeit: Information : 6 :Received request "3" for method "requestServiceChannel".
01/22/2025 06:27:17 Mitteleuropäische Normalzeit: Information : 9 :Invoking Microsoft.VisualStudio.Utilities.ServiceBroker.GlobalBrokeredServiceContainer+View.RequestServiceChannelAsync(ServiceMoniker, ServiceActivationOptions, CancellationToken)
01/22/2025 06:27:17 Mitteleuropäische Normalzeit : Start : requestServiceChannel
01/22/2025 06:27:17 Mitteleuropäische Normalzeit : Stop : requestServiceChannel
01/22/2025 06:27:17 Mitteleuropäische Normalzeit: Information : 8 :{"id":3}
01/22/2025 06:27:17 Mitteleuropäische Normalzeit: Information : 7 :{"id":4,"method":"requestServiceChannel"}
01/22/2025 06:27:17 Mitteleuropäische Normalzeit: Information : 6 :Received request "4" for method "requestServiceChannel".
01/22/2025 06:27:17 Mitteleuropäische Normalzeit: Information : 9 :Invoking Microsoft.VisualStudio.Utilities.ServiceBroker.GlobalBrokeredServiceContainer+View.RequestServiceChannelAsync(ServiceMoniker, ServiceActivationOptions, CancellationToken)
01/22/2025 06:27:17 Mitteleuropäische Normalzeit : Transfer : Transfer, relatedActivityId=7acf7aba-f8a0-4138-abf7-1c9ad7a0ad17
01/22/2025 06:27:17 Mitteleuropäische Normalzeit : Start : requestServiceChannel
01/22/2025 06:27:17 Mitteleuropäische Normalzeit : Stop : requestServiceChannel
01/22/2025 06:27:17 Mitteleuropäische Normalzeit : Transfer : Transfer, relatedActivityId=ae734032-ec3a-4019-8862-0e2942fe7573
01/22/2025 06:27:17 Mitteleuropäische Normalzeit: Information : 8 :{"id":4}
01/22/2025 06:27:17 Mitteleuropäische Normalzeit: Information : 7 :{"id":5,"method":"requestServiceChannel"}
01/22/2025 06:27:17 Mitteleuropäische Normalzeit: Information : 6 :Received request "5" for method "requestServiceChannel".
01/22/2025 06:27:17 Mitteleuropäische Normalzeit: Information : 9 :Invoking Microsoft.VisualStudio.Utilities.ServiceBroker.GlobalBrokeredServiceContainer+View.RequestServiceChannelAsync(ServiceMoniker, ServiceActivationOptions, CancellationToken)
01/22/2025 06:27:17 Mitteleuropäische Normalzeit : Transfer : Transfer, relatedActivityId=bed23eba-dafd-4b50-98f5-425cb2e52e06
01/22/2025 06:27:17 Mitteleuropäische Normalzeit : Start : requestServiceChannel
01/22/2025 06:27:17 Mitteleuropäische Normalzeit : Stop : requestServiceChannel
01/22/2025 06:27:17 Mitteleuropäische Normalzeit : Transfer : Transfer, relatedActivityId=ae734032-ec3a-4019-8862-0e2942fe7573
01/22/2025 06:27:17 Mitteleuropäische Normalzeit: Information : 8 :{"id":5}
