02/17/2025 17:34:26 Mitteleuropäische Normalzeit : Information : Local timezone is (UTC+01:00) Mitteleuropäische Zeit (Wien)
02/17/2025 17:34:28 Mitteleuropäische Normalzeit : Information : VsHubClient-hubController write: Content-Length: 109

{"jsonrpc":"2.0","id":2,"method":"UpdateClientInfoAsync","params":[{"clientName":"VsHubClient","pid":52784}]}
02/17/2025 17:34:28 Mitteleuropäische Normalzeit : Information : VsHubClient-hubController read: Content-Length: 443

{"jsonrpc":"2.0","id":2,"result":{"ClientWatchServerName":"net.pipe://5280361FAC","ControllerConfig":{"Executable":"/Users/MacBook/.vscode/extensions/ms-dotnettools.csdevkit-1.16.6-darwin-arm64/components/vs-green-server/platforms/darwin-arm64/node_modules/@microsoft/servicehub-controller-net60.darwin-arm64/Microsoft.ServiceHub.Controller","Args":["a140ddaaf0"],"PipeName":"a140ddaaf0"},"HostsConfig":{"RootDir":".","AppConfigFallback":""}}}
02/17/2025 17:34:28 Mitteleuropäische Normalzeit : Information : Connected to Hub Controller's client watch 'net.pipe://5280361FAC
02/17/2025 17:34:29 Mitteleuropäische Normalzeit : Information : VsHubClient-hubController write: Content-Length: 109

{"jsonrpc":"2.0","id":2,"method":"UpdateClientInfoAsync","params":[{"clientName":"VsHubClient","pid":52784}]}
02/17/2025 17:34:29 Mitteleuropäische Normalzeit : Information : VsHubClient-hubController read: Content-Length: 443

{"jsonrpc":"2.0","id":2,"result":{"ClientWatchServerName":"net.pipe://5280361FAC","ControllerConfig":{"Executable":"/Users/MacBook/.vscode/extensions/ms-dotnettools.csdevkit-1.16.6-darwin-arm64/components/vs-green-server/platforms/darwin-arm64/node_modules/@microsoft/servicehub-controller-net60.darwin-arm64/Microsoft.ServiceHub.Controller","Args":["a140ddaaf0"],"PipeName":"a140ddaaf0"},"HostsConfig":{"RootDir":".","AppConfigFallback":""}}}
02/17/2025 17:34:29 Mitteleuropäische Normalzeit : Information : VsHubClient-hubController write: Content-Length: 14242


02/17/2025 17:34:29 Mitteleuropäische Normalzeit : Information : VsHubClient-hubController write: {"jsonrpc":"2.0","id":3,"method":"RegisterServicesAsync","params":[{"Microsoft.VisualStudio.CpsProjectIconSourceService":{"host":"dotnet.projectSystem","hostId":"C94B8CFE-E3FD-4BAF-A941-2866DBB566FE","serviceBaseDirectory":"/Users/MacBook/.vscode/extensions/ms-dotnettools.csdevkit-1.16.6-darwin-arm64/components/CPS/platforms/darwin-arm64/node_modules/@microsoft/visualstudio-projectsystem-server.darwin-arm64","entryPoint":{"assemblyPath":"/Users/MacBook/.vscode/extensions/ms-dotnettools.csdevkit-1.16.6-darwin-arm64/components/CPS/platforms/darwin-arm64/node_modules/@microsoft/visualstudio-projectsystem-server.darwin-arm64/Microsoft.VisualStudio.ProjectSystem.Server.Implementation.dll","fullClassName":"Microsoft.VisualStudio.ProjectSystem.Server.ProjectIconSourceServiceFactory"}},"Microsoft.VisualStudio.LaunchConfigurationService":{"host":"dotnet.projectSystem","hostId":"C94B8CFE-E3FD-4BAF-A941-2866DBB566FE","serviceBaseDirectory":"/Users/MacBook/.vscode/extensions/ms-dotnettools.csdevkit-1.16.6-darwin-arm64/components/CPS/platforms/darwin-arm64/node_modules/@microsoft/visualstudio-projectsystem-server.darwin-arm64","entryPoint":{"assemblyPath":"/Users/MacBook/.vscode/extensions/ms-dotnettools.csdevkit-1.16.6-darwin-arm64/components/CPS/platforms/darwin-arm64/node_modules/@microsoft/visualstudio-projectsystem-server.darwin-arm64/Microsoft.VisualStudio.ProjectSystem.Server.Implementation.dll","fullClassName":"Microsoft.VisualStudio.ProjectSystem.Server.LaunchConfigurationServiceFactory"}},"Microsoft.VisualStudio.ProjectSystem.CompositionService":{"host":"dotnet.projectSystem","hostId":"C94B8CFE-E3FD-4BAF-A941-2866DBB566FE","serviceBaseDirectory":"/Users/MacBook/.vscode/extensions/ms-dotnettools.csdevkit-1.16.6-darwin-arm64/components/CPS/platforms/darwin-arm64/node_modules/@microsoft/visualstudio-projectsystem-server.darwin-arm64","entryPoint":{"assemblyPath":"/Users/MacBook/.vscode/extensions/ms-dotnettools.csdevkit-1.16.6-darwin-arm64/components/CPS/platforms/darwin-arm64/node_modules/@microsoft/visualstudio-projectsystem-server.darwin-arm64/Microsoft.VisualStudio.ProjectSystem.Server.Implementation.dll","fullClassName":"Microsoft.VisualStudio.ProjectSystem.Server.CompositionServiceFactory"}},"Microsoft.VisualStudio.ProjectSystem.ProjectInitializationStatusService":{"host":"dotnet.projectSystem","hostId":"C94B8CFE-E3FD-4BAF-A941-2866DBB566FE","serviceBaseDirectory":"/Users/MacBook/.vscode/extensions/ms-dotnettools.csdevkit-1.16.6-darwin-arm64/components/CPS/platforms/darwin-arm64/node_modules/@microsoft/visualstudio-projectsystem-server.darwin-arm64","entryPoint":{"assemblyPath":"/Users/MacBook/.vscode/extensions/ms-dotnettools.csdevkit-1.16.6-darwin-arm64/components/CPS/platforms/darwin-arm64/node_modules/@microsoft/visualstudio-projectsystem-server.darwin-arm64/Microsoft.VisualStudio.ProjectSystem.Server.Implementation.dll","fullClassName":"Microsoft.VisualStudio.ProjectSystem.Server.ProjectInitializationStatusServiceFactory"}},"Microsoft.VisualStudio.ProjectSystem.ProjectTreeProvider":{"host":"dotnet.projectSystem","hostId":"C94B8CFE-E3FD-4BAF-A941-2866DBB566FE","serviceBaseDirectory":"/Users/MacBook/.vscode/extensions/ms-dotnettools.csdevkit-1.16.6-darwin-arm64/components/CPS/platforms/darwin-arm64/node_modules/@microsoft/visualstudio-projectsystem-server.darwin-arm64","entryPoint":{"assemblyPath":"/Users/MacBook/.vscode/extensions/ms-dotnettools.csdevkit-1.16.6-darwin-arm64/components/CPS/platforms/darwin-arm64/node_modules/@microsoft/visualstudio-projectsystem-server.darwin-arm64/Microsoft.VisualStudio.ProjectSystem.Server.Implementation.dll","fullClassName":"Microsoft.VisualStudio.ProjectSystem.Server.ProjectTreeProviderFactory"}},"Microsoft.VisualStudio.ProjectSystem.Query.Remoting.QueryExecutionService":{"host":"dotnet.projectSystem","hostId":"C94B8CFE-E3FD-4BAF-A941-2866DBB566FE","serviceBaseDirectory":"/Users/MacBook/.vscode/extensions/ms-dotnettools.csdevkit-1.16.6-darwin-arm64/components/CPS/platforms/darwin-arm64/node_modules/@microsoft/visualstudio-projectsystem-server.darwin-arm64","entryPoint":{"assemblyPath":"/Users/MacBook/.vscode/extensions/ms-dotnettools.csdevkit-1.16.6-darwin-arm64/components/CPS/platforms/darwin-arm64/node_modules/@microsoft/visualstudio-projectsystem-server.darwin-arm64/Microsoft.VisualStudio.ProjectSystem.Server.Implementation.dll","fullClassName":"Microsoft.VisualStudio.ProjectSystem.Server.QueryExecutionServiceFactory"}},"Microsoft.VisualStudio.Debugger.AspireSessionSynchronizeService":{"host":"dotnet","hostId":"C94B8CFE-E3FD-4BAF-A941-2866DBB566FE","serviceBaseDirectory":"/Users/MacBook/.vscode/extensions/ms-dotnettools.csdevkit-1.16.6-darwin-arm64/components/VSDebugCore/platforms/darwin-arm64/node_modules/@microsoft/visualstudio-debugger-devkit.darwin-arm64","entryPoint":{"assemblyPath":"/Users/MacBook/.vscode/extensions/ms-dotnettools.csdevkit-1.16.6-darwin-arm64/components/VSDebugCore/platforms/darwin-arm64/node_modules/@microsoft/visualstudio-debugger-devkit.darwin-arm64/Microsoft.VisualStudio.Debugger.DevKit.dll","fullClassName":"Microsoft.VisualStudio.Debugger.AspireSessionSynchronizeService+Factory"}},"Microsoft.VisualStudio.Debugger.GenericHotReloadAgentManagerService":{"host":"dotnet","hostId":"C94B8CFE-E3FD-4BAF-A941-2866DBB566FE","serviceBaseDirectory":"/Users/MacBook/.vscode/extensions/ms-dotnettools.csdevkit-1.16.6-darwin-arm64/components/VSDebugCore/platforms/darwin-arm64/node_modules/@microsoft/visualstudio-debugger-devkit.darwin-arm64","entryPoint":{"assemblyPath":"/Users/MacBook/.vscode/extensions/ms-dotnettools.csdevkit-1.16.6-darwin-arm64/components/VSDebugCore/platforms/darwin-arm64/node_modules/@microsoft/visualstudio-debugger-devkit.darwin-arm64/Microsoft.VisualStudio.Debugger.DevKit.dll","fullClassName":"Microsoft.VisualStudio.Debugger.GenericHotReloadAgentManagerService+Factory"}},"Microsoft.VisualStudio.Debugger.HotReloadClientService":{"host":"dotnet","hostId":"C94B8CFE-E3FD-4BAF-A941-2866DBB566FE","serviceBaseDirectory":"/Users/MacBook/.vscode/extensions/ms-dotnettools.csdevkit-1.16.6-darwin-arm64/components/VSDebugCore/platforms/darwin-arm64/node_modules/@microsoft/visualstudio-debugger-devkit.darwin-arm64","entryPoint":{"assemblyPath":"/Users/MacBook/.vscode/extensions/ms-dotnettools.csdevkit-1.16.6-darwin-arm64/components/VSDebugCore/platforms/darwin-arm64/node_modules/@microsoft/visualstudio-debugger-devkit.darwin-arm64/Microsoft.VisualStudio.Debugger.DevKit.dll","fullClassName":"Microsoft.VisualStudio.Debugger.HotReloadClientService+Factory"}},"Microsoft.VisualStudio.Debugger.HotReloadSessionNotificationService":{"host":"dotnet","hostId":"C94B8CFE-E3FD-4BAF-A941-2866DBB566FE","serviceBaseDirectory":"/Users/MacBook/.vscode/extensions/ms-dotnettools.csdevkit-1.16.6-darwin-arm64/components/VSDebugCore/platforms/darwin-arm64/node_modules/@microsoft/visualstudio-debugger-devkit.darwin-arm64","entryPoint":{"assemblyPath":"/Users/MacBook/.vscode/extensions/ms-dotnettools.csdevkit-1.16.6-darwin-arm64/components/VSDebugCore/platforms/darwin-arm64/node_modules/@microsoft/visualstudio-debugger-devkit.darwin-arm64/Microsoft.VisualStudio.Debugger.DevKit.dll","fullClassName":"Microsoft.VisualStudio.Debugger.HotReloadSessionNotificationService+Factory"}},"Microsoft.VisualStudio.Debugger.ManagedEditAndContinueCsDevKitEngineService2":{"host":"dotnet","hostId":"C94B8CFE-E3FD-4BAF-A941-2866DBB566FE","serviceBaseDirectory":"/Users/MacBook/.vscode/extensions/ms-dotnettools.csdevkit-1.16.6-darwin-arm64/components/VSDebugCore/platforms/darwin-arm64/node_modules/@microsoft/visualstudio-debugger-devkit.darwin-arm64","entryPoint":{"assemblyPath":"/Users/MacBook/.vscode/extensions/ms-dotnettools.csdevkit-1.16.6-darwin-arm64/components/VSDebugCore/platforms/darwin-arm64/node_modules/@microsoft/visualstudio-debugger-devkit.darwin-arm64/Microsoft.VisualStudio.Debugger.DevKit.dll","fullClassName":"Microsoft.VisualStudio.Debugger.ManagedEditAndContinueCsDevKitEngineService+Factory"}},"Microsoft.VisualStudio.Debugger.ManagedEditAndContinueRemoteDebuggerService2":{"host":"dotnet","hostId":"C94B8CFE-E3FD-4BAF-A941-2866DBB566FE","serviceBaseDirectory":"/Users/MacBook/.vscode/extensions/ms-dotnettools.csdevkit-1.16.6-darwin-arm64/components/VSDebugCore/platforms/darwin-arm64/node_modules/@microsoft/visualstudio-debugger-devkit.darwin-arm64","entryPoint":{"assemblyPath":"/Users/MacBook/.vscode/extensions/ms-dotnettools.csdevkit-1.16.6-darwin-arm64/components/VSDebugCore/platforms/darwin-arm64/node_modules/@microsoft/visualstudio-debugger-devkit.darwin-arm64/Microsoft.VisualStudio.Debugger.DevKit.dll","fullClassName":"Microsoft.VisualStudio.Debugger.ManagedEditAndContinueRemoteDebuggerService+Factory"}},"Microsoft.VisualStudio.Debugger.ManagedHotReloadAgentManagerService":{"host":"dotnet","hostId":"C94B8CFE-E3FD-4BAF-A941-2866DBB566FE","serviceBaseDirectory":"/Users/MacBook/.vscode/extensions/ms-dotnettools.csdevkit-1.16.6-darwin-arm64/components/VSDebugCore/platforms/darwin-arm64/node_modules/@microsoft/visualstudio-debugger-devkit.darwin-arm64","entryPoint":{"assemblyPath":"/Users/MacBook/.vscode/extensions/ms-dotnettools.csdevkit-1.16.6-darwin-arm64/components/VSDebugCore/platforms/darwin-arm64/node_modules/@microsoft/visualstudio-debugger-devkit.darwin-arm64/Microsoft.VisualStudio.Debugger.DevKit.dll","fullClassName":"Microsoft.VisualStudio.Debugger.ManagedHotReloadAgentManagerService+Factory"}},"Microsoft.VisualStudio.Debugger.ManagedHotReloadService":{"host":"dotnet","hostId":"C94B8CFE-E3FD-4BAF-A941-2866DBB566FE","serviceBaseDirectory":"/Users/MacBook/.vscode/extensions/ms-dotnettools.csdevkit-1.16.6-darwin-arm64/components/VSDebugCore/platforms/darwin-arm64/node_modules/@microsoft/visualstudio-debugger-devkit.darwin-arm64","entryPoint":{"assemblyPath":"/Users/MacBook/.vscode/extensions/ms-dotnettools.csdevkit-1.16.6-darwin-arm64/components/VSDebugCore/platforms/darwin-arm64/node_modules/@microsoft/visualstudio-debugger-devkit.darwin-arm64/Microsoft.VisualStudio.Debugger.DevKit.dll","fullClassName":"Microsoft.VisualStudio.Debugger.ManagedHotReloadService+Factory"}},"Microsoft.VisualStudio.Debugger.SourceLinkService":{"host":"dotnet","hostId":"C94B8CFE-E3FD-4BAF-A941-2866DBB566FE","serviceBaseDirectory":"/Users/MacBook/.vscode/extensions/ms-dotnettools.csdevkit-1.16.6-darwin-arm64/components/VSDebugCore/platforms/darwin-arm64/node_modules/@microsoft/visualstudio-debugger-devkit.darwin-arm64","entryPoint":{"assemblyPath":"/Users/MacBook/.vscode/extensions/ms-dotnettools.csdevkit-1.16.6-darwin-arm64/components/VSDebugCore/platforms/darwin-arm64/node_modules/@microsoft/visualstudio-debugger-devkit.darwin-arm64/Microsoft.VisualStudio.Debugger.DevKit.dll","fullClassName":"Microsoft.VisualStudio.Debugger.SourceLinkService+Factory"}},"Microsoft.VisualStudio.Debugger.SymbolLocatorService":{"host":"dotnet","hostId":"C94B8CFE-E3FD-4BAF-A941-2866DBB566FE","serviceBaseDirectory":"/Users/MacBook/.vscode/extensions/ms-dotnettools.csdevkit-1.16.6-darwin-arm64/components/VSDebugCore/platforms/darwin-arm64/node_modules/@microsoft/visualstudio-debugger-devkit.darwin-arm64","entryPoint":{"assemblyPath":"/Users/MacBook/.vscode/extensions/ms-dotnettools.csdevkit-1.16.6-darwin-arm64/components/VSDebugCore/platforms/darwin-arm64/node_modules/@microsoft/visualstudio-debugger-devkit.darwin-arm64/Microsoft.VisualStudio.Debugger.DevKit.dll","fullClassName":"Microsoft.VisualStudio.Debugger.BrokeredServices.SymbolLocator.SymbolLocatorService+Factory"}},"Microsoft.VisualStudio.TestWindow.VSCode.ProjectSystemProvider.Service":{"host":"dotnet","hostId":"C94B8CFE-E3FD-4BAF-A941-2866DBB566FE","serviceBaseDirectory":"/Users/MacBook/.vscode/extensions/ms-dotnettools.csdevkit-1.16.6-darwin-arm64/components/VSUnitTesting/platforms/darwin-arm64/node_modules/@microsoft/visualstudio-testwindow-vscode-service.darwin-arm64","entryPoint":{"assemblyPath":"/Users/MacBook/.vscode/extensions/ms-dotnettools.csdevkit-1.16.6-darwin-arm64/components/VSUnitTesting/platforms/darwin-arm64/node_modules/@microsoft/visualstudio-testwindow-vscode-service.darwin-arm64/Microsoft.VisualStudio.TestWindow.VSCode.Service.dll","fullClassName":"Microsoft.VisualStudio.TestWindow.VSCode.ProjectSystemProvider.Service.ProjectSystemProviderServiceFactory"}},"Microsoft.VisualStudio.TestWindow.VSCode.Service":{"host":"dotnet","hostId":"C94B8CFE-E3FD-4BAF-A941-2866DBB566FE","serviceBaseDirectory":"/Users/MacBook/.vscode/extensions/ms-dotnettools.csdevkit-1.16.6-darwin-arm64/components/VSUnitTesting/platforms/darwin-arm64/node_modules/@microsoft/visualstudio-testwindow-vscode-service.darwin-arm64","entryPoint":{"assemblyPath":"/Users/MacBook/.vscode/extensions/ms-dotnettools.csdevkit-1.16.6-darwin-arm64/components/VSUnitTesting/platforms/darwin-arm64/node_modules/@microsoft/visualstudio-testwindow-vscode-service.darwin-arm64/Microsoft.VisualStudio.TestWindow.VSCode.Service.dll","fullClassName":"Microsoft.VisualStudio.TestWindow.VSCode.Service.TestWindowVSCodeServiceFactory"}},"Microsoft.VisualStudio.AspireServer":{"host":"dotnet.aspireServer","hostId":"C94B8CFE-E3FD-4BAF-A941-2866DBB566FE","serviceBaseDirectory":"/Users/MacBook/.vscode/extensions/ms-dotnettools.csdevkit-1.16.6-darwin-arm64/components/WebTools/node_modules/@microsoft/vscode.webtools/Services","entryPoint":{"assemblyPath":"/Users/MacBook/.vscode/extensions/ms-dotnettools.csdevkit-1.16.6-darwin-arm64/components/WebTools/node_modules/@microsoft/vscode.webtools/Services/Microsoft.WebTools.AspireServer.dll","fullClassName":"Microsoft.WebTools.AspireServer.ServiceFactory"}},"Microsoft.VisualStudio.Debugger.AspireService":{"host":"dotnet.projectSystem","hostId":"C94B8CFE-E3FD-4BAF-A941-2866DBB566FE","serviceBaseDirectory":"/Users/MacBook/.vscode/extensions/ms-dotnettools.csdevkit-1.16.6-darwin-arm64/components/WebTools/node_modules/@microsoft/vscode.webtools/Services","entryPoint":{"assemblyPath":"/Users/MacBook/.vscode/extensions/ms-dotnettools.csdevkit-1.16.6-darwin-arm64/components/WebTools/node_modules/@microsoft/vscode.webtools/Services/Microsoft.WebTools.Aspire.VSCode.Services.dll","fullClassName":"Microsoft.WebTools.Aspire.VSCode.Services.ServiceFactory"},"friendServices":["Microsoft.VisualStudio.ProjectSystem.CompositionService"]}}]}
02/17/2025 17:34:29 Mitteleuropäische Normalzeit : Information : VsHubClient-hubController read: Content-Length: 38

{"jsonrpc":"2.0","id":3,"result":null}
02/17/2025 17:34:29 Mitteleuropäische Normalzeit : Information : VsHubClient-hubController write: Content-Length: 367

{"jsonrpc":"2.0","id":3,"method":"requestServiceChannel","params":[{"Name":"Microsoft.VisualStudio.Debugger.HotReloadSessionNotificationService","Version":"0.1"},{"ActivationArguments":{"__servicehub__ServiceHubRemoteServiceBrokerPipeName":"/Users/MacBook/.ServiceHub/a140ddaaf0/5fe4107a15"},"ClientCredentials":{},"ClientCulture":"de-AT","ClientUICulture":"en-US"}]}
02/17/2025 17:34:29 Mitteleuropäische Normalzeit : Information : VsHubClient-hubController write: Content-Length: 109

{"jsonrpc":"2.0","id":2,"method":"UpdateClientInfoAsync","params":[{"clientName":"VsHubClient","pid":52784}]}
02/17/2025 17:34:29 Mitteleuropäische Normalzeit : Information : VsHubClient-hubController read: Content-Length: 443

{"jsonrpc":"2.0","id":2,"result":{"ClientWatchServerName":"net.pipe://5280361FAC","ControllerConfig":{"Executable":"/Users/MacBook/.vscode/extensions/ms-dotnettools.csdevkit-1.16.6-darwin-arm64/components/vs-green-server/platforms/darwin-arm64/node_modules/@microsoft/servicehub-controller-net60.darwin-arm64/Microsoft.ServiceHub.Controller","Args":["a140ddaaf0"],"PipeName":"a140ddaaf0"},"HostsConfig":{"RootDir":".","AppConfigFallback":""}}}
02/17/2025 17:34:29 Mitteleuropäische Normalzeit : Information : VsHubClient-hubController write: Content-Length: 2246

{"jsonrpc":"2.0","id":3,"method":"RegisterServicesAsync","params":[{"Microsoft.VisualStudio.ProjectSystem.DebugTargetFrameworkService":{"host":"dotnet.projectSystem","hostId":"C94B8CFE-E3FD-4BAF-A941-2866DBB566FE","serviceBaseDirectory":"/Users/MacBook/.vscode/extensions/ms-dotnettools.csdevkit-1.16.6-darwin-arm64/components/dotnet-project-system-vscode/node_modules/@microsoft/vscode.projectsystem.managed/Services","entryPoint":{"assemblyPath":"/Users/MacBook/.vscode/extensions/ms-dotnettools.csdevkit-1.16.6-darwin-arm64/components/dotnet-project-system-vscode/node_modules/@microsoft/vscode.projectsystem.managed/Services/Microsoft.ProjectSystem.Managed.VSCode.Services.dll","fullClassName":"Microsoft.VisualStudio.ProjectSystem.Services.DebugTargetFrameworkServiceFactory"},"friendServices":["Microsoft.VisualStudio.ProjectSystem.CompositionService"]},"Microsoft.VisualStudio.ProjectQueryTestService":{"host":"dotnet","hostId":"C94B8CFE-E3FD-4BAF-A941-2866DBB566FE","serviceBaseDirectory":"/Users/MacBook/.vscode/extensions/ms-dotnettools.csdevkit-1.16.6-darwin-arm64/components/vs-green-server/platforms/darwin-arm64/node_modules/@microsoft/visualstudio-server-samples-sayhello.darwin-arm64","entryPoint":{"assemblyPath":"/Users/MacBook/.vscode/extensions/ms-dotnettools.csdevkit-1.16.6-darwin-arm64/components/vs-green-server/platforms/darwin-arm64/node_modules/@microsoft/visualstudio-server-samples-sayhello.darwin-arm64/Microsoft.VisualStudio.Samples.SayHello.dll","fullClassName":"Microsoft.VisualStudio.Samples.SayHello.ProjectQueryTestServiceFactory"}},"helloServiceHubDotNetHost":{"host":"dotnet","hostId":"C94B8CFE-E3FD-4BAF-A941-2866DBB566FE","serviceBaseDirectory":"/Users/MacBook/.vscode/extensions/ms-dotnettools.csdevkit-1.16.6-darwin-arm64/components/vs-green-server/platforms/darwin-arm64/node_modules/@microsoft/visualstudio-server-samples-sayhello.darwin-arm64","entryPoint":{"assemblyPath":"/Users/MacBook/.vscode/extensions/ms-dotnettools.csdevkit-1.16.6-darwin-arm64/components/vs-green-server/platforms/darwin-arm64/node_modules/@microsoft/visualstudio-server-samples-sayhello.darwin-arm64/Microsoft.VisualStudio.Samples.SayHello.dll","fullClassName":"Microsoft.VisualStudio.Samples.SayHello.HelloWorldFactory"}}}]}
02/17/2025 17:34:29 Mitteleuropäische Normalzeit : Information : VsHubClient-hubController read: Content-Length: 38

{"jsonrpc":"2.0","id":3,"result":null}
02/17/2025 17:34:29 Mitteleuropäische Normalzeit : Information : VsHubClient-hubController write: Content-Length: 350

{"jsonrpc":"2.0","id":4,"method":"requestServiceChannel","params":[{"Name":"Microsoft.VisualStudio.ProjectSystem.ProjectTreeProvider","Version":"0.1"},{"ActivationArguments":{"__servicehub__ServiceHubRemoteServiceBrokerPipeName":"/Users/MacBook/.ServiceHub/a140ddaaf0/8ac36d1383"},"ClientCredentials":{},"ClientCulture":"de","ClientUICulture":"de"}]}
02/17/2025 17:34:29 Mitteleuropäische Normalzeit : Information : VsHubClient-hubController write: Content-Length: 342

{"jsonrpc":"2.0","id":5,"method":"requestServiceChannel","params":[{"Name":"Microsoft.VisualStudio.TestWindow.VSCode.Service","Version":"0.1"},{"ActivationArguments":{"__servicehub__ServiceHubRemoteServiceBrokerPipeName":"/Users/MacBook/.ServiceHub/a140ddaaf0/6c782837bf"},"ClientCredentials":{},"ClientCulture":"de","ClientUICulture":"de"}]}
02/17/2025 17:34:29 Mitteleuropäische Normalzeit : Information : VsHubClient-hubController write: Content-Length: 327

{"jsonrpc":"2.0","id":6,"method":"requestServiceChannel","params":[{"Name":"Microsoft.VisualStudio.LaunchConfigurationService"},{"ActivationArguments":{"__servicehub__ServiceHubRemoteServiceBrokerPipeName":"/Users/MacBook/.ServiceHub/a140ddaaf0/b2558f4bd1"},"ClientCredentials":{},"ClientCulture":"de","ClientUICulture":"de"}]}
02/17/2025 17:34:30 Mitteleuropäische Normalzeit : Information : VsHubClient-hubController read: Content-Length: 164

{"jsonrpc":"2.0","id":5,"result":{"RequestId":"3e23d0cb-5af1-4b26-ae71-aca6c9c4acbe","PipeName":"/Users/MacBook/.ServiceHub/a140ddaaf0/7de7c4d3d6","IsEmpty":false}}Content-Length: 164

{"jsonrpc":"2.0","id":3,"result":{"RequestId":"6acbb8b1-f9c9-43f5-8149-aeba653a8615","PipeName":"/Users/MacBook/.ServiceHub/a140ddaaf0/e498d03c66","IsEmpty":false}}
02/17/2025 17:34:30 Mitteleuropäische Normalzeit : Information : Disposing ServiceBroker server '/Users/MacBook/.ServiceHub/a140ddaaf0/5fe4107a15'.
02/17/2025 17:34:30 Mitteleuropäische Normalzeit : Information : Disposing ServiceBroker server '/Users/MacBook/.ServiceHub/a140ddaaf0/6c782837bf'.
02/17/2025 17:34:30 Mitteleuropäische Normalzeit : Information : Microsoft.VisualStudio.Debugger.HotReloadSessionNotificationService-RemoteServiceBrokerServer read: Content-Length: 194

{"jsonrpc":"2.0","id":2,"method":"handshake","params":[{"supportedConnections":"IpcPipe","localServiceHost":{"operatingSystem":2,"processArchitecture":3,"runtime":2,"runtimeVersion":"8.0.11"}}]}
02/17/2025 17:34:30 Mitteleuropäische Normalzeit : Information : Microsoft.VisualStudio.TestWindow.VSCode.Service-RemoteServiceBrokerServer read: Content-Length: 194

{"jsonrpc":"2.0","id":2,"method":"handshake","params":[{"supportedConnections":"IpcPipe","localServiceHost":{"operatingSystem":2,"processArchitecture":3,"runtime":2,"runtimeVersion":"8.0.11"}}]}
02/17/2025 17:34:30 Mitteleuropäische Normalzeit : Information : Microsoft.VisualStudio.Debugger.HotReloadSessionNotificationService-RemoteServiceBrokerServer write: Content-Length: 38

{"jsonrpc":"2.0","id":2,"result":null}
02/17/2025 17:34:30 Mitteleuropäische Normalzeit : Information : Microsoft.VisualStudio.TestWindow.VSCode.Service-RemoteServiceBrokerServer write: Content-Length: 38

{"jsonrpc":"2.0","id":2,"result":null}
02/17/2025 17:34:31 Mitteleuropäische Normalzeit : Information : Microsoft.VisualStudio.TestWindow.VSCode.Service-RemoteServiceBrokerServer read: Content-Length: 177

{"jsonrpc":"2.0","id":3,"method":"requestServiceChannel","params":[{"name":"Microsoft.ServiceHub.Framework.AuthorizationService"},{"clientCulture":"de","clientUICulture":"de"}]}
02/17/2025 17:34:31 Mitteleuropäische Normalzeit : Information : Microsoft.VisualStudio.Debugger.HotReloadSessionNotificationService-RemoteServiceBrokerServer read: Content-Length: 183

{"jsonrpc":"2.0","id":3,"method":"requestServiceChannel","params":[{"name":"Microsoft.ServiceHub.Framework.AuthorizationService"},{"clientCulture":"de-AT","clientUICulture":"en-US"}]}
02/17/2025 17:34:31 Mitteleuropäische Normalzeit : Information : Microsoft.VisualStudio.TestWindow.VSCode.Service-RemoteServiceBrokerServer write: Content-Length: 181

{"jsonrpc":"2.0","id":3,"result":{"requestId":"e158c4fd-f430-476f-80b3-2a98bc175391","pipeName":"/var/folders/3l/2l1z4wws21v3mv848wtg85jc0000gn/T/0e360ce844d44e84bcee5f61aa1110cc"}}
02/17/2025 17:34:31 Mitteleuropäische Normalzeit : Information : Microsoft.VisualStudio.Debugger.HotReloadSessionNotificationService-RemoteServiceBrokerServer write: Content-Length: 181

{"jsonrpc":"2.0","id":3,"result":{"requestId":"7d4bc2e9-7d80-416a-a8e2-50cceaf11cd0","pipeName":"/var/folders/3l/2l1z4wws21v3mv848wtg85jc0000gn/T/a80307ef05e24b84ae137b2eefa078ec"}}
02/17/2025 17:34:31 Mitteleuropäische Normalzeit : Information : VsHubClient-hubController read: Content-Length: 164

{"jsonrpc":"2.0","id":4,"result":{"RequestId":"f3410d37-a5c0-4696-9af8-3cc41983ff83","PipeName":"/Users/MacBook/.ServiceHub/a140ddaaf0/3eed89f206","IsEmpty":false}}Content-Length: 164

{"jsonrpc":"2.0","id":6,"result":{"RequestId":"5d0c51e7-8ba9-4d4d-88ca-d6125ac54c1e","PipeName":"/Users/MacBook/.ServiceHub/a140ddaaf0/954715ee5f","IsEmpty":false}}
02/17/2025 17:34:31 Mitteleuropäische Normalzeit : Information : VsHubClient-hubController write: Content-Length: 364

{"jsonrpc":"2.0","id":7,"method":"requestServiceChannel","params":[{"Name":"Microsoft.VisualStudio.TestWindow.VSCode.ProjectSystemProvider.Service","Version":"0.1"},{"ActivationArguments":{"__servicehub__ServiceHubRemoteServiceBrokerPipeName":"/Users/MacBook/.ServiceHub/a140ddaaf0/257394a2e3"},"ClientCredentials":{},"ClientCulture":"de","ClientUICulture":"de"}]}
02/17/2025 17:34:31 Mitteleuropäische Normalzeit : Information : VsHubClient-hubController read: Content-Length: 164

{"jsonrpc":"2.0","id":7,"result":{"RequestId":"52b6d5a2-5232-4beb-8643-4722954d836e","PipeName":"/Users/MacBook/.ServiceHub/a140ddaaf0/d7abb571da","IsEmpty":false}}
02/17/2025 17:34:31 Mitteleuropäische Normalzeit : Information : Disposing ServiceBroker server '/Users/MacBook/.ServiceHub/a140ddaaf0/257394a2e3'.
02/17/2025 17:34:31 Mitteleuropäische Normalzeit : Information : Microsoft.VisualStudio.TestWindow.VSCode.ProjectSystemProvider.Service-RemoteServiceBrokerServer read: Content-Length: 194

{"jsonrpc":"2.0","id":2,"method":"handshake","params":[{"supportedConnections":"IpcPipe","localServiceHost":{"operatingSystem":2,"processArchitecture":3,"runtime":2,"runtimeVersion":"8.0.11"}}]}
02/17/2025 17:34:31 Mitteleuropäische Normalzeit : Information : Disposing ServiceBroker server '/Users/MacBook/.ServiceHub/a140ddaaf0/8ac36d1383'.
02/17/2025 17:34:31 Mitteleuropäische Normalzeit : Information : Microsoft.VisualStudio.TestWindow.VSCode.ProjectSystemProvider.Service-RemoteServiceBrokerServer write: Content-Length: 38

{"jsonrpc":"2.0","id":2,"result":null}
02/17/2025 17:34:31 Mitteleuropäische Normalzeit : Information : Disposing ServiceBroker server '/Users/MacBook/.ServiceHub/a140ddaaf0/b2558f4bd1'.
02/17/2025 17:34:31 Mitteleuropäische Normalzeit : Information : Microsoft.VisualStudio.TestWindow.VSCode.ProjectSystemProvider.Service-RemoteServiceBrokerServer read: Content-Length: 177

{"jsonrpc":"2.0","id":3,"method":"requestServiceChannel","params":[{"name":"Microsoft.ServiceHub.Framework.AuthorizationService"},{"clientCulture":"de","clientUICulture":"de"}]}
02/17/2025 17:34:31 Mitteleuropäische Normalzeit : Information : Microsoft.VisualStudio.TestWindow.VSCode.ProjectSystemProvider.Service-RemoteServiceBrokerServer write: Content-Length: 181

{"jsonrpc":"2.0","id":3,"result":{"requestId":"75a3606b-aa5e-453a-93d8-51e62b42d912","pipeName":"/var/folders/3l/2l1z4wws21v3mv848wtg85jc0000gn/T/7cb799709f3a4d3ea1e5eb3419c87541"}}
02/17/2025 17:34:31 Mitteleuropäische Normalzeit : Information : Microsoft.VisualStudio.TestWindow.VSCode.ProjectSystemProvider.Service-RemoteServiceBrokerServer read: Content-Length: 287

{"jsonrpc":"2.0","id":4,"method":"requestServiceChannel","params":[{"name":"Microsoft.VisualStudio.ProjectSystem.Query.Remoting.QueryExecutionService","version":"0.3"},{"clientCulture":"de","clientUICulture":"de"}],"traceparent":"00-cd52ba292f45e64abf89082ecd442e23-06343549e65eef4c-00"}
02/17/2025 17:34:31 Mitteleuropäische Normalzeit : Information : VsHubClient-hubController write: Content-Length: 367

{"jsonrpc":"2.0","id":8,"method":"requestServiceChannel","params":[{"Name":"Microsoft.VisualStudio.ProjectSystem.Query.Remoting.QueryExecutionService","Version":"0.3"},{"ActivationArguments":{"__servicehub__ServiceHubRemoteServiceBrokerPipeName":"/Users/MacBook/.ServiceHub/a140ddaaf0/ceffa1a598"},"ClientCredentials":{},"ClientCulture":"de","ClientUICulture":"de"}]}
02/17/2025 17:34:31 Mitteleuropäische Normalzeit : Information : VsHubClient-hubController read: Content-Length: 164

{"jsonrpc":"2.0","id":8,"result":{"RequestId":"e047a3c4-6413-4640-b2c1-eb7a3d299658","PipeName":"/Users/MacBook/.ServiceHub/a140ddaaf0/345ee90b24","IsEmpty":false}}
02/17/2025 17:34:31 Mitteleuropäische Normalzeit : Information : Microsoft.VisualStudio.TestWindow.VSCode.ProjectSystemProvider.Service-RemoteServiceBrokerServer write: Content-Length: 148

{"jsonrpc":"2.0","id":4,"result":{"requestId":"e047a3c4-6413-4640-b2c1-eb7a3d299658","pipeName":"/Users/MacBook/.ServiceHub/a140ddaaf0/345ee90b24"}}
02/17/2025 17:34:31 Mitteleuropäische Normalzeit : Information : Disposing ServiceBroker server '/Users/MacBook/.ServiceHub/a140ddaaf0/ceffa1a598'.
02/17/2025 17:34:31 Mitteleuropäische Normalzeit : Information : Microsoft.VisualStudio.ProjectSystem.Query.Remoting.QueryExecutionService-RemoteServiceBrokerServer read: Content-Length: 193

{"jsonrpc":"2.0","id":2,"method":"handshake","params":[{"supportedConnections":"IpcPipe","localServiceHost":{"operatingSystem":2,"processArchitecture":3,"runtime":2,"runtimeVersion":"9.0.1"}}]}
02/17/2025 17:34:31 Mitteleuropäische Normalzeit : Information : Microsoft.VisualStudio.LaunchConfigurationService-RemoteServiceBrokerServer read: Content-Length: 193

{"jsonrpc":"2.0","id":2,"method":"handshake","params":[{"supportedConnections":"IpcPipe","localServiceHost":{"operatingSystem":2,"processArchitecture":3,"runtime":2,"runtimeVersion":"9.0.1"}}]}
02/17/2025 17:34:31 Mitteleuropäische Normalzeit : Information : Microsoft.VisualStudio.ProjectSystem.ProjectTreeProvider-RemoteServiceBrokerServer read: Content-Length: 193

{"jsonrpc":"2.0","id":2,"method":"handshake","params":[{"supportedConnections":"IpcPipe","localServiceHost":{"operatingSystem":2,"processArchitecture":3,"runtime":2,"runtimeVersion":"9.0.1"}}]}
02/17/2025 17:34:31 Mitteleuropäische Normalzeit : Information : Microsoft.VisualStudio.ProjectSystem.Query.Remoting.QueryExecutionService-RemoteServiceBrokerServer write: Content-Length: 38

{"jsonrpc":"2.0","id":2,"result":null}
02/17/2025 17:34:31 Mitteleuropäische Normalzeit : Information : Microsoft.VisualStudio.LaunchConfigurationService-RemoteServiceBrokerServer write: Content-Length: 38

{"jsonrpc":"2.0","id":2,"result":null}
02/17/2025 17:34:31 Mitteleuropäische Normalzeit : Information : Microsoft.VisualStudio.ProjectSystem.ProjectTreeProvider-RemoteServiceBrokerServer write: Content-Length: 38

{"jsonrpc":"2.0","id":2,"result":null}
02/17/2025 17:34:31 Mitteleuropäische Normalzeit : Information : Microsoft.VisualStudio.LaunchConfigurationService-RemoteServiceBrokerServer read: Content-Length: 177

{"jsonrpc":"2.0","id":3,"method":"requestServiceChannel","params":[{"name":"Microsoft.ServiceHub.Framework.AuthorizationService"},{"clientCulture":"de","clientUICulture":"de"}]}
02/17/2025 17:34:31 Mitteleuropäische Normalzeit : Information : Microsoft.VisualStudio.ProjectSystem.ProjectTreeProvider-RemoteServiceBrokerServer read: Content-Length: 177

{"jsonrpc":"2.0","id":3,"method":"requestServiceChannel","params":[{"name":"Microsoft.ServiceHub.Framework.AuthorizationService"},{"clientCulture":"de","clientUICulture":"de"}]}
02/17/2025 17:34:31 Mitteleuropäische Normalzeit : Information : Microsoft.VisualStudio.ProjectSystem.Query.Remoting.QueryExecutionService-RemoteServiceBrokerServer read: Content-Length: 177

{"jsonrpc":"2.0","id":3,"method":"requestServiceChannel","params":[{"name":"Microsoft.ServiceHub.Framework.AuthorizationService"},{"clientCulture":"de","clientUICulture":"de"}]}
02/17/2025 17:34:31 Mitteleuropäische Normalzeit : Information : Microsoft.VisualStudio.LaunchConfigurationService-RemoteServiceBrokerServer write: Content-Length: 181

{"jsonrpc":"2.0","id":3,"result":{"requestId":"01d75f1f-581d-4467-9163-5f25582afd42","pipeName":"/var/folders/3l/2l1z4wws21v3mv848wtg85jc0000gn/T/7d2711551c1942c2ab91c8fcb4f947d7"}}
02/17/2025 17:34:31 Mitteleuropäische Normalzeit : Information : Microsoft.VisualStudio.ProjectSystem.ProjectTreeProvider-RemoteServiceBrokerServer write: Content-Length: 181

{"jsonrpc":"2.0","id":3,"result":{"requestId":"2a5a0c46-4774-4ec2-b075-ceb046f2253c","pipeName":"/var/folders/3l/2l1z4wws21v3mv848wtg85jc0000gn/T/e6fca5717e174ea3956bae6107161b01"}}
02/17/2025 17:34:31 Mitteleuropäische Normalzeit : Information : Microsoft.VisualStudio.ProjectSystem.Query.Remoting.QueryExecutionService-RemoteServiceBrokerServer write: Content-Length: 181

{"jsonrpc":"2.0","id":3,"result":{"requestId":"a94ed1a4-6890-4d34-9c1e-4906765e6fbd","pipeName":"/var/folders/3l/2l1z4wws21v3mv848wtg85jc0000gn/T/49ea0312d26d4f77b46a67ed8f6ed432"}}
02/17/2025 17:34:32 Mitteleuropäische Normalzeit : Information : Microsoft.VisualStudio.LaunchConfigurationService-RemoteServiceBrokerServer read: Content-Length: 197

{"jsonrpc":"2.0","id":4,"method":"requestServiceChannel","params":[{"name":"Microsoft.VisualStudio.ProjectSystem.CompositionService","version":"0.1"},{"clientCulture":"de","clientUICulture":"de"}]}
02/17/2025 17:34:32 Mitteleuropäische Normalzeit : Information : VsHubClient-hubController write: Content-Length: 349

{"jsonrpc":"2.0","id":9,"method":"requestServiceChannel","params":[{"Name":"Microsoft.VisualStudio.ProjectSystem.CompositionService","Version":"0.1"},{"ActivationArguments":{"__servicehub__ServiceHubRemoteServiceBrokerPipeName":"/Users/MacBook/.ServiceHub/a140ddaaf0/5cfbd045e1"},"ClientCredentials":{},"ClientCulture":"de","ClientUICulture":"de"}]}
02/17/2025 17:34:32 Mitteleuropäische Normalzeit : Information : VsHubClient-hubController read: Content-Length: 164

{"jsonrpc":"2.0","id":9,"result":{"RequestId":"ece8be8e-017b-4686-a8e3-8a63924b832f","PipeName":"/Users/MacBook/.ServiceHub/a140ddaaf0/d51a8ac5de","IsEmpty":false}}
02/17/2025 17:34:32 Mitteleuropäische Normalzeit : Information : Microsoft.VisualStudio.LaunchConfigurationService-RemoteServiceBrokerServer write: Content-Length: 148

{"jsonrpc":"2.0","id":4,"result":{"requestId":"ece8be8e-017b-4686-a8e3-8a63924b832f","pipeName":"/Users/MacBook/.ServiceHub/a140ddaaf0/d51a8ac5de"}}
02/17/2025 17:34:32 Mitteleuropäische Normalzeit : Information : Disposing ServiceBroker server '/Users/MacBook/.ServiceHub/a140ddaaf0/5cfbd045e1'.
02/17/2025 17:34:32 Mitteleuropäische Normalzeit : Information : Microsoft.VisualStudio.ProjectSystem.CompositionService-RemoteServiceBrokerServer read: Content-Length: 193

{"jsonrpc":"2.0","id":2,"method":"handshake","params":[{"supportedConnections":"IpcPipe","localServiceHost":{"operatingSystem":2,"processArchitecture":3,"runtime":2,"runtimeVersion":"9.0.1"}}]}
02/17/2025 17:34:32 Mitteleuropäische Normalzeit : Information : Microsoft.VisualStudio.ProjectSystem.CompositionService-RemoteServiceBrokerServer write: Content-Length: 38

{"jsonrpc":"2.0","id":2,"result":null}
02/17/2025 17:34:32 Mitteleuropäische Normalzeit : Information : Microsoft.VisualStudio.ProjectSystem.CompositionService-RemoteServiceBrokerServer read: Content-Length: 177

{"jsonrpc":"2.0","id":3,"method":"requestServiceChannel","params":[{"name":"Microsoft.ServiceHub.Framework.AuthorizationService"},{"clientCulture":"de","clientUICulture":"de"}]}
02/17/2025 17:34:32 Mitteleuropäische Normalzeit : Information : Microsoft.VisualStudio.ProjectSystem.CompositionService-RemoteServiceBrokerServer write: Content-Length: 181

{"jsonrpc":"2.0","id":3,"result":{"requestId":"7f259bb7-7ffc-4d18-8657-24bebe6272d8","pipeName":"/var/folders/3l/2l1z4wws21v3mv848wtg85jc0000gn/T/e36e61a930c547228734a666d74860a8"}}
02/17/2025 17:34:32 Mitteleuropäische Normalzeit : Information : Microsoft.VisualStudio.ProjectSystem.CompositionService-RemoteServiceBrokerServer read: Content-Length: 188

{"jsonrpc":"2.0","id":4,"method":"requestServiceChannel","params":[{"name":"Microsoft.VisualStudio.ComponentExportsService","version":"0.1"},{"clientCulture":"de","clientUICulture":"de"}]}
02/17/2025 17:34:32 Mitteleuropäische Normalzeit : Information : Microsoft.VisualStudio.ProjectSystem.CompositionService-RemoteServiceBrokerServer write: Content-Length: 181

{"jsonrpc":"2.0","id":4,"result":{"requestId":"8b4f3d4a-492d-4e7c-aba4-a00b9c7d2585","pipeName":"/var/folders/3l/2l1z4wws21v3mv848wtg85jc0000gn/T/13b6e7b3f288402cbeb73e8acc96ee55"}}
02/17/2025 17:34:32 Mitteleuropäische Normalzeit : Information : Microsoft.VisualStudio.ProjectSystem.CompositionService-RemoteServiceBrokerServer read: Content-Length: 191

{"jsonrpc":"2.0","id":5,"method":"requestServiceChannel","params":[{"name":"Microsoft.VisualStudio.NoDelay.EnvironmentService","version":"0.1"},{"clientCulture":"de","clientUICulture":"de"}]}
02/17/2025 17:34:32 Mitteleuropäische Normalzeit : Information : Microsoft.VisualStudio.ProjectSystem.CompositionService-RemoteServiceBrokerServer write: Content-Length: 181

{"jsonrpc":"2.0","id":5,"result":{"requestId":"3bf2fb17-84a9-4122-8fec-79853097bbbf","pipeName":"/var/folders/3l/2l1z4wws21v3mv848wtg85jc0000gn/T/bc1d62059b1b4dc8a7499df867af11b2"}}
02/17/2025 17:48:57 Mitteleuropäische Normalzeit : Information : VsHubClient-hubController write: Content-Length: 328

{"jsonrpc":"2.0","id":10,"method":"requestServiceChannel","params":[{"Name":"Microsoft.VisualStudio.LaunchConfigurationService"},{"ActivationArguments":{"__servicehub__ServiceHubRemoteServiceBrokerPipeName":"/Users/MacBook/.ServiceHub/a140ddaaf0/2abf552328"},"ClientCredentials":{},"ClientCulture":"de","ClientUICulture":"de"}]}
02/17/2025 17:48:57 Mitteleuropäische Normalzeit : Information : VsHubClient-hubController write: Content-Length: 368

{"jsonrpc":"2.0","id":11,"method":"requestServiceChannel","params":[{"Name":"Microsoft.VisualStudio.ProjectSystem.Query.Remoting.QueryExecutionService","Version":"0.3"},{"ActivationArguments":{"__servicehub__ServiceHubRemoteServiceBrokerPipeName":"/Users/MacBook/.ServiceHub/a140ddaaf0/44658f1fb0"},"ClientCredentials":{},"ClientCulture":"de","ClientUICulture":"de"}]}
02/17/2025 17:48:57 Mitteleuropäische Normalzeit : Information : VsHubClient-hubController read: Content-Length: 165

{"jsonrpc":"2.0","id":11,"result":{"RequestId":"2def4380-9124-4d27-b917-fa66b0c4cbd7","PipeName":"/Users/MacBook/.ServiceHub/a140ddaaf0/ccbec6a1b6","IsEmpty":false}}Content-Length: 165

{"jsonrpc":"2.0","id":10,"result":{"RequestId":"a1feeddf-2992-4179-868c-0e08f33cbf73","PipeName":"/Users/MacBook/.ServiceHub/a140ddaaf0/57034efe03","IsEmpty":false}}
02/17/2025 17:48:57 Mitteleuropäische Normalzeit : Information : Disposing ServiceBroker server '/Users/MacBook/.ServiceHub/a140ddaaf0/2abf552328'.
02/17/2025 17:48:57 Mitteleuropäische Normalzeit : Information : Disposing ServiceBroker server '/Users/MacBook/.ServiceHub/a140ddaaf0/44658f1fb0'.
02/17/2025 17:48:57 Mitteleuropäische Normalzeit : Information : Microsoft.VisualStudio.ProjectSystem.Query.Remoting.QueryExecutionService-RemoteServiceBrokerServer read: Content-Length: 193

{"jsonrpc":"2.0","id":2,"method":"handshake","params":[{"supportedConnections":"IpcPipe","localServiceHost":{"operatingSystem":2,"processArchitecture":3,"runtime":2,"runtimeVersion":"9.0.1"}}]}
02/17/2025 17:48:57 Mitteleuropäische Normalzeit : Information : Microsoft.VisualStudio.LaunchConfigurationService-RemoteServiceBrokerServer read: Content-Length: 193

{"jsonrpc":"2.0","id":2,"method":"handshake","params":[{"supportedConnections":"IpcPipe","localServiceHost":{"operatingSystem":2,"processArchitecture":3,"runtime":2,"runtimeVersion":"9.0.1"}}]}
02/17/2025 17:48:57 Mitteleuropäische Normalzeit : Information : Microsoft.VisualStudio.ProjectSystem.Query.Remoting.QueryExecutionService-RemoteServiceBrokerServer write: Content-Length: 38

{"jsonrpc":"2.0","id":2,"result":null}
02/17/2025 17:48:57 Mitteleuropäische Normalzeit : Information : Microsoft.VisualStudio.LaunchConfigurationService-RemoteServiceBrokerServer write: Content-Length: 38

{"jsonrpc":"2.0","id":2,"result":null}
02/17/2025 17:48:57 Mitteleuropäische Normalzeit : Information : Microsoft.VisualStudio.ProjectSystem.Query.Remoting.QueryExecutionService-RemoteServiceBrokerServer read: Content-Length: 177

{"jsonrpc":"2.0","id":3,"method":"requestServiceChannel","params":[{"name":"Microsoft.ServiceHub.Framework.AuthorizationService"},{"clientCulture":"de","clientUICulture":"de"}]}
02/17/2025 17:48:57 Mitteleuropäische Normalzeit : Information : Microsoft.VisualStudio.LaunchConfigurationService-RemoteServiceBrokerServer read: Content-Length: 177

{"jsonrpc":"2.0","id":3,"method":"requestServiceChannel","params":[{"name":"Microsoft.ServiceHub.Framework.AuthorizationService"},{"clientCulture":"de","clientUICulture":"de"}]}
02/17/2025 17:48:57 Mitteleuropäische Normalzeit : Information : Microsoft.VisualStudio.LaunchConfigurationService-RemoteServiceBrokerServer write: Content-Length: 181

{"jsonrpc":"2.0","id":3,"result":{"requestId":"db6a8bc4-780c-479c-8dca-b0993c30009e","pipeName":"/var/folders/3l/2l1z4wws21v3mv848wtg85jc0000gn/T/ff6f5d1b078146a388a505b7c09b4246"}}
02/17/2025 17:48:57 Mitteleuropäische Normalzeit : Information : Microsoft.VisualStudio.ProjectSystem.Query.Remoting.QueryExecutionService-RemoteServiceBrokerServer write: Content-Length: 181

{"jsonrpc":"2.0","id":3,"result":{"requestId":"563aa4b2-6316-40a6-b032-bc58b4a1878b","pipeName":"/var/folders/3l/2l1z4wws21v3mv848wtg85jc0000gn/T/6ad1e1223b334690a8f599f3735d355d"}}
02/17/2025 17:48:59 Mitteleuropäische Normalzeit : Information : VsHubClient-hubController JSON RPC has been disposed
02/17/2025 17:48:59 Mitteleuropäische Normalzeit : Information : VsHubClient-hubController read: end of stream
