01/21/2025 00:34:04 Mitteleuropäische Normalzeit : Information : Local timezone is (UTC+01:00) Mitteleuropäische Zeit (Wien)
01/21/2025 00:34:05 Mitteleuropäische Normalzeit : Information : Service Hub .NET service module host started. Host id: dotnet$C94B8CFE-E3FD-4BAF-A941-2866DBB566FE. Controller pipe: net.pipe://91270A1D81. PID: 91346
01/21/2025 00:34:05 Mitteleuropäische Normalzeit : Information : hubHostClr read: Content-Length: 116

{"jsonrpc":"2.0","id":2,"method":"InitializeHostAsync","params":[{"HostsRootDirectory":".","AppConfigFallback":""}]}
01/21/2025 00:34:05 Mitteleuropäische Normalzeit : Information : hubHostClr write: Content-Length: 79

{"jsonrpc":"2.0","id":2,"result":"dotnet$C94B8CFE-E3FD-4BAF-A941-2866DBB566FE"}
01/21/2025 00:34:05 Mitteleuropäische Normalzeit : Information : hubHostClr read: Content-Length: 1046

{"jsonrpc":"2.0","id":3,"method":"StartServiceAsync","params":[{"name":"Microsoft.VisualStudio.TestWindow.VSCode.Service","host":"dotnet","hostId":"C94B8CFE-E3FD-4BAF-A941-2866DBB566FE","serviceBaseDirectory":"/Users/MacBook/.vscode/extensions/ms-dotnettools.csdevkit-1.15.34-darwin-arm64/components/VSUnitTesting/platforms/darwin-arm64/node_modules/@microsoft/visualstudio-testwindow-vscode-service.darwin-arm64","entryPoint":{"assemblyPath":"/Users/MacBook/.vscode/extensions/ms-dotnettools.csdevkit-1.15.34-darwin-arm64/components/VSUnitTesting/platforms/darwin-arm64/node_modules/@microsoft/visualstudio-testwindow-vscode-service.darwin-arm64/Microsoft.VisualStudio.TestWindow.VSCode.Service.dll","fullClassName":"Microsoft.VisualStudio.TestWindow.VSCode.Service.TestWindowVSCodeServiceFactory"}},{"ActivationArguments":{"__servicehub__ServiceHubRemoteServiceBrokerPipeName":"/Users/MacBook/.ServiceHub/b7b932bee6/80d0c62df3","__servicehub__RequestedServiceVersion":"0.1"},"ClientCredentials":{},"ClientCulture":"de","ClientUICulture":"de"}]}
01/21/2025 00:34:05 Mitteleuropäische Normalzeit : Information : hubHostClr read: Content-Length: 1033

{"jsonrpc":"2.0","id":4,"method":"StartServiceAsync","params":[{"name":"Microsoft.VisualStudio.Debugger.HotReloadSessionNotificationService","host":"dotnet","hostId":"C94B8CFE-E3FD-4BAF-A941-2866DBB566FE","serviceBaseDirectory":"/Users/MacBook/.vscode/extensions/ms-dotnettools.csdevkit-1.15.34-darwin-arm64/components/VSDebugCore/platforms/darwin-arm64/node_modules/@microsoft/visualstudio-debugger-devkit.darwin-arm64","entryPoint":{"assemblyPath":"/Users/MacBook/.vscode/extensions/ms-dotnettools.csdevkit-1.15.34-darwin-arm64/components/VSDebugCore/platforms/darwin-arm64/node_modules/@microsoft/visualstudio-debugger-devkit.darwin-arm64/Microsoft.VisualStudio.Debugger.DevKit.dll","fullClassName":"Microsoft.VisualStudio.Debugger.HotReloadSessionNotificationService+Factory"}},{"ActivationArguments":{"__servicehub__ServiceHubRemoteServiceBrokerPipeName":"/Users/MacBook/.ServiceHub/b7b932bee6/b1c6c4db77","__servicehub__RequestedServiceVersion":"0.1"},"ClientCredentials":{},"ClientCulture":"de-AT","ClientUICulture":"en-US"}]}
01/21/2025 00:34:05 Mitteleuropäische Normalzeit : Information : CLR host received start request for service 'Microsoft.VisualStudio.TestWindow.VSCode.Service'
01/21/2025 00:34:05 Mitteleuropäische Normalzeit : Information : Loading service module assembly '/Users/MacBook/.vscode/extensions/ms-dotnettools.csdevkit-1.15.34-darwin-arm64/components/VSUnitTesting/platforms/darwin-arm64/node_modules/@microsoft/visualstudio-testwindow-vscode-service.darwin-arm64/Microsoft.VisualStudio.TestWindow.VSCode.Service.dll' from '/Users/MacBook/.vscode/extensions/ms-dotnettools.csdevkit-1.15.34-darwin-arm64/components/VSUnitTesting/platforms/darwin-arm64/node_modules/@microsoft/visualstudio-testwindow-vscode-service.darwin-arm64'
01/21/2025 00:34:05 Mitteleuropäische Normalzeit : Information : Starting service module 'Microsoft.VisualStudio.TestWindow.VSCode.Service'. Class: Microsoft.VisualStudio.TestWindow.VSCode.Service.TestWindowVSCodeServiceFactory, Supported Version: 
01/21/2025 00:34:05 Mitteleuropäische Normalzeit : Information : Started service 'Microsoft.VisualStudio.TestWindow.VSCode.Service'. Pipe name: /Users/MacBook/.ServiceHub/b7b932bee6/27706d0406, Supported Version: 
01/21/2025 00:34:05 Mitteleuropäische Normalzeit : Information : CLR host received start request for service 'Microsoft.VisualStudio.Debugger.HotReloadSessionNotificationService'
01/21/2025 00:34:05 Mitteleuropäische Normalzeit : Information : hubHostClr write: Content-Length: 84

{"jsonrpc":"2.0","id":3,"result":"/Users/MacBook/.ServiceHub/b7b932bee6/27706d0406"}
01/21/2025 00:34:05 Mitteleuropäische Normalzeit : Information : Loading service module assembly '/Users/MacBook/.vscode/extensions/ms-dotnettools.csdevkit-1.15.34-darwin-arm64/components/VSDebugCore/platforms/darwin-arm64/node_modules/@microsoft/visualstudio-debugger-devkit.darwin-arm64/Microsoft.VisualStudio.Debugger.DevKit.dll' from '/Users/MacBook/.vscode/extensions/ms-dotnettools.csdevkit-1.15.34-darwin-arm64/components/VSDebugCore/platforms/darwin-arm64/node_modules/@microsoft/visualstudio-debugger-devkit.darwin-arm64'
01/21/2025 00:34:05 Mitteleuropäische Normalzeit : Information : Starting service module 'Microsoft.VisualStudio.Debugger.HotReloadSessionNotificationService'. Class: Microsoft.VisualStudio.Debugger.HotReloadSessionNotificationService+Factory, Supported Version: 
01/21/2025 00:34:05 Mitteleuropäische Normalzeit : Information : Started service 'Microsoft.VisualStudio.Debugger.HotReloadSessionNotificationService'. Pipe name: /Users/MacBook/.ServiceHub/b7b932bee6/47c272b11d, Supported Version: 
01/21/2025 00:34:05 Mitteleuropäische Normalzeit : Information : hubHostClr write: Content-Length: 84

{"jsonrpc":"2.0","id":4,"result":"/Users/MacBook/.ServiceHub/b7b932bee6/47c272b11d"}
01/21/2025 00:34:05 Mitteleuropäische Normalzeit : Information : A new client connected to CLR service module 'Microsoft.VisualStudio.TestWindow.VSCode.Service'
01/21/2025 00:34:05 Mitteleuropäische Normalzeit : Information : hubHostClr write: Content-Length: 110

{"jsonrpc":"2.0","method":"HostServicesStartedAsync","params":["dotnet$C94B8CFE-E3FD-4BAF-A941-2866DBB566FE"]}
01/21/2025 00:34:05 Mitteleuropäische Normalzeit : Information : Found FactoryVersion=Version2 for service : Microsoft.VisualStudio.TestWindow.VSCode.Service.
01/21/2025 00:34:05 Mitteleuropäische Normalzeit : Information : Service 'Microsoft.VisualStudio.TestWindow.VSCode.Service.TestWindowVSCodeServiceFactory' implements IServiceHubServiceFactory. Creating factory instance and caching it.
01/21/2025 00:34:05 Mitteleuropäische Normalzeit : Information : A new client connected to CLR service module 'Microsoft.VisualStudio.Debugger.HotReloadSessionNotificationService'
01/21/2025 00:34:05 Mitteleuropäische Normalzeit : Information : Found FactoryVersion=Version2 for service : Microsoft.VisualStudio.Debugger.HotReloadSessionNotificationService.
01/21/2025 00:34:05 Mitteleuropäische Normalzeit : Information : Service 'Microsoft.VisualStudio.Debugger.HotReloadSessionNotificationService+Factory' implements IServiceHubServiceFactory. Creating factory instance and caching it.
01/21/2025 00:34:05 Mitteleuropäische Normalzeit : Information : Creating service Microsoft.VisualStudio.Debugger.HotReloadSessionNotificationService+Factory from factory with FactoryVersion=Version2 and ClientRequestedVersion=0.1.
01/21/2025 00:34:05 Mitteleuropäische Normalzeit : Information : Setting up RPC connection for service 'Microsoft.VisualStudio.Debugger.HotReloadSessionNotificationService+Factory' from factory
01/21/2025 00:34:05 Mitteleuropäische Normalzeit : Information : Creating service Microsoft.VisualStudio.TestWindow.VSCode.Service.TestWindowVSCodeServiceFactory from factory with FactoryVersion=Version2 and ClientRequestedVersion=0.1.
01/21/2025 00:34:05 Mitteleuropäische Normalzeit : Information : Setting up RPC connection for service 'Microsoft.VisualStudio.TestWindow.VSCode.Service.TestWindowVSCodeServiceFactory' from factory
01/21/2025 00:34:05 Mitteleuropäische Normalzeit : Information : Completed RPC connection setup for service 'Microsoft.VisualStudio.TestWindow.VSCode.Service.TestWindowVSCodeServiceFactory' from factory
01/21/2025 00:34:05 Mitteleuropäische Normalzeit : Information : Completed RPC connection setup for service 'Microsoft.VisualStudio.Debugger.HotReloadSessionNotificationService+Factory' from factory
01/21/2025 00:34:06 Mitteleuropäische Normalzeit : Information : hubHostClr read: Content-Length: 1095

{"jsonrpc":"2.0","id":5,"method":"StartServiceAsync","params":[{"name":"Microsoft.VisualStudio.TestWindow.VSCode.ProjectSystemProvider.Service","host":"dotnet","hostId":"C94B8CFE-E3FD-4BAF-A941-2866DBB566FE","serviceBaseDirectory":"/Users/MacBook/.vscode/extensions/ms-dotnettools.csdevkit-1.15.34-darwin-arm64/components/VSUnitTesting/platforms/darwin-arm64/node_modules/@microsoft/visualstudio-testwindow-vscode-service.darwin-arm64","entryPoint":{"assemblyPath":"/Users/MacBook/.vscode/extensions/ms-dotnettools.csdevkit-1.15.34-darwin-arm64/components/VSUnitTesting/platforms/darwin-arm64/node_modules/@microsoft/visualstudio-testwindow-vscode-service.darwin-arm64/Microsoft.VisualStudio.TestWindow.VSCode.Service.dll","fullClassName":"Microsoft.VisualStudio.TestWindow.VSCode.ProjectSystemProvider.Service.ProjectSystemProviderServiceFactory"}},{"ActivationArguments":{"__servicehub__ServiceHubRemoteServiceBrokerPipeName":"/Users/MacBook/.ServiceHub/b7b932bee6/c28c0925bd","__servicehub__RequestedServiceVersion":"0.1"},"ClientCredentials":{},"ClientCulture":"de","ClientUICulture":"de"}]}
01/21/2025 00:34:06 Mitteleuropäische Normalzeit : Information : CLR host received start request for service 'Microsoft.VisualStudio.TestWindow.VSCode.ProjectSystemProvider.Service'
01/21/2025 00:34:06 Mitteleuropäische Normalzeit : Information : Loading service module assembly '/Users/MacBook/.vscode/extensions/ms-dotnettools.csdevkit-1.15.34-darwin-arm64/components/VSUnitTesting/platforms/darwin-arm64/node_modules/@microsoft/visualstudio-testwindow-vscode-service.darwin-arm64/Microsoft.VisualStudio.TestWindow.VSCode.Service.dll' from '/Users/MacBook/.vscode/extensions/ms-dotnettools.csdevkit-1.15.34-darwin-arm64/components/VSUnitTesting/platforms/darwin-arm64/node_modules/@microsoft/visualstudio-testwindow-vscode-service.darwin-arm64'
01/21/2025 00:34:06 Mitteleuropäische Normalzeit : Information : Starting service module 'Microsoft.VisualStudio.TestWindow.VSCode.ProjectSystemProvider.Service'. Class: Microsoft.VisualStudio.TestWindow.VSCode.ProjectSystemProvider.Service.ProjectSystemProviderServiceFactory, Supported Version: 
01/21/2025 00:34:06 Mitteleuropäische Normalzeit : Information : Started service 'Microsoft.VisualStudio.TestWindow.VSCode.ProjectSystemProvider.Service'. Pipe name: /Users/MacBook/.ServiceHub/b7b932bee6/68aa299fba, Supported Version: 
01/21/2025 00:34:06 Mitteleuropäische Normalzeit : Information : hubHostClr write: Content-Length: 84

{"jsonrpc":"2.0","id":5,"result":"/Users/MacBook/.ServiceHub/b7b932bee6/68aa299fba"}
01/21/2025 00:34:06 Mitteleuropäische Normalzeit : Information : A new client connected to CLR service module 'Microsoft.VisualStudio.TestWindow.VSCode.ProjectSystemProvider.Service'
01/21/2025 00:34:06 Mitteleuropäische Normalzeit : Information : Found FactoryVersion=Version2 for service : Microsoft.VisualStudio.TestWindow.VSCode.ProjectSystemProvider.Service.
01/21/2025 00:34:06 Mitteleuropäische Normalzeit : Information : Service 'Microsoft.VisualStudio.TestWindow.VSCode.ProjectSystemProvider.Service.ProjectSystemProviderServiceFactory' implements IServiceHubServiceFactory. Creating factory instance and caching it.
01/21/2025 00:34:06 Mitteleuropäische Normalzeit : Information : Creating service Microsoft.VisualStudio.TestWindow.VSCode.ProjectSystemProvider.Service.ProjectSystemProviderServiceFactory from factory with FactoryVersion=Version2 and ClientRequestedVersion=0.1.
01/21/2025 00:34:06 Mitteleuropäische Normalzeit : Information : Setting up RPC connection for service 'Microsoft.VisualStudio.TestWindow.VSCode.ProjectSystemProvider.Service.ProjectSystemProviderServiceFactory' from factory
01/21/2025 00:34:06 Mitteleuropäische Normalzeit : Information : Completed RPC connection setup for service 'Microsoft.VisualStudio.TestWindow.VSCode.ProjectSystemProvider.Service.ProjectSystemProviderServiceFactory' from factory
01/21/2025 11:52:07 Mitteleuropäische Normalzeit : Information : Checking if 'Microsoft.VisualStudio.TestWindow.VSCode.Service.TestWindowVSCodeServiceFactory' implements Microsoft.VisualStudio.Threading.IAsyncDisposable.
01/21/2025 11:52:07 Mitteleuropäische Normalzeit : Information : Checking if 'Microsoft.VisualStudio.TestWindow.VSCode.Service.TestWindowVSCodeServiceFactory' implements System.IAsyncDisposable.
01/21/2025 11:52:07 Mitteleuropäische Normalzeit : Information : Checking if 'Microsoft.VisualStudio.TestWindow.VSCode.Service.TestWindowVSCodeServiceFactory' implements System.IDisposable.
01/21/2025 11:52:07 Mitteleuropäische Normalzeit : Information : Checking if 'Microsoft.VisualStudio.TestWindow.VSCode.ProjectSystemProvider.Service.ProjectSystemProviderServiceFactory' implements Microsoft.VisualStudio.Threading.IAsyncDisposable.
01/21/2025 11:52:07 Mitteleuropäische Normalzeit : Information : Checking if 'Microsoft.VisualStudio.TestWindow.VSCode.ProjectSystemProvider.Service.ProjectSystemProviderServiceFactory' implements System.IAsyncDisposable.
01/21/2025 11:52:07 Mitteleuropäische Normalzeit : Information : Checking if 'Microsoft.VisualStudio.TestWindow.VSCode.ProjectSystemProvider.Service.ProjectSystemProviderServiceFactory' implements System.IDisposable.
01/21/2025 11:52:07 Mitteleuropäische Normalzeit : Information : Checking if 'Microsoft.VisualStudio.Debugger.HotReloadSessionNotificationService+Factory' implements Microsoft.VisualStudio.Threading.IAsyncDisposable.
01/21/2025 11:52:07 Mitteleuropäische Normalzeit : Information : Checking if 'Microsoft.VisualStudio.Debugger.HotReloadSessionNotificationService+Factory' implements System.IAsyncDisposable.
01/21/2025 11:52:07 Mitteleuropäische Normalzeit : Information : Checking if 'Microsoft.VisualStudio.Debugger.HotReloadSessionNotificationService+Factory' implements System.IDisposable.
01/21/2025 11:52:07 Mitteleuropäische Normalzeit : Information : hubHostClr write: Content-Length: 108

{"jsonrpc":"2.0","method":"HostServicesEndedAsync","params":["dotnet$C94B8CFE-E3FD-4BAF-A941-2866DBB566FE"]}
01/21/2025 11:52:07 Mitteleuropäische Normalzeit : Information : hubHostClr read: Content-Length: 57

{"jsonrpc":"2.0","id":6,"method":"ExitAsync","params":[]}
01/21/2025 11:52:07 Mitteleuropäische Normalzeit : Information : Exit command received. Exiting CLR host
01/21/2025 11:52:07 Mitteleuropäische Normalzeit : Information : hubHostClr write: Content-Length: 38

{"jsonrpc":"2.0","id":6,"result":null}
01/21/2025 11:52:07 Mitteleuropäische Normalzeit : Information : hubHostClr JSON RPC has been disposed
01/21/2025 11:52:07 Mitteleuropäische Normalzeit : Information : hubHostClr read: end of stream
